[2021-06-07 07:49:54,098] {taskinstance.py:851} INFO - Dependencies all met for <TaskInstance: forex_data_pipeline.spark_submit_job 2021-06-06T00:00:00+00:00 [queued]>
[2021-06-07 07:49:54,127] {taskinstance.py:851} INFO - Dependencies all met for <TaskInstance: forex_data_pipeline.spark_submit_job 2021-06-06T00:00:00+00:00 [queued]>
[2021-06-07 07:49:54,129] {taskinstance.py:1042} INFO - 
--------------------------------------------------------------------------------
[2021-06-07 07:49:54,130] {taskinstance.py:1043} INFO - Starting attempt 2 of 3
[2021-06-07 07:49:54,130] {taskinstance.py:1044} INFO - 
--------------------------------------------------------------------------------
[2021-06-07 07:49:54,141] {taskinstance.py:1063} INFO - Executing <Task(SparkSubmitOperator): spark_submit_job> on 2021-06-06T00:00:00+00:00
[2021-06-07 07:49:54,145] {standard_task_runner.py:52} INFO - Started process 232 to run task
[2021-06-07 07:49:54,152] {standard_task_runner.py:76} INFO - Running: ['airflow', 'tasks', 'run', 'forex_data_pipeline', 'spark_submit_job', '2021-06-06T00:00:00+00:00', '--job-id', '70', '--pool', 'default_pool', '--raw', '--subdir', 'DAGS_FOLDER/dag_spark.py', '--cfg-path', '/tmp/tmpwfyyid0v', '--error-file', '/tmp/tmpu10feo2z']
[2021-06-07 07:49:54,154] {standard_task_runner.py:77} INFO - Job 70: Subtask spark_submit_job
[2021-06-07 07:49:54,226] {logging_mixin.py:104} INFO - Running <TaskInstance: forex_data_pipeline.spark_submit_job 2021-06-06T00:00:00+00:00 [running]> on host 72eec67484fb
[2021-06-07 07:49:54,306] {taskinstance.py:1257} INFO - Exporting the following env vars:
AIRFLOW_CTX_DAG_EMAIL=admin@localhost.com
AIRFLOW_CTX_DAG_OWNER=airflow
AIRFLOW_CTX_DAG_ID=forex_data_pipeline
AIRFLOW_CTX_TASK_ID=spark_submit_job
AIRFLOW_CTX_EXECUTION_DATE=2021-06-06T00:00:00+00:00
AIRFLOW_CTX_DAG_RUN_ID=scheduled__2021-06-06T00:00:00+00:00
[2021-06-07 07:49:54,327] {base.py:74} INFO - Using connection to: id: spark_conn. Host: spark://spark-master, Port: 7077, Schema: , Login: marcelo, Password: XXXXXXXX, extra: None
[2021-06-07 07:49:54,330] {spark_submit.py:364} INFO - Spark-Submit cmd: spark-submit --master spark://spark-master:7077 --conf spark.master=spark://spark-master:7077 --num-executors 1 --total-executor-cores 1 --executor-cores 1 --executor-memory 2g --driver-memory 2g --name airflow-spark1 /opt/airflow/dags/test.py
[2021-06-07 07:49:56,512] {spark_submit.py:526} INFO - WARNING: An illegal reflective access operation has occurred
[2021-06-07 07:49:56,514] {spark_submit.py:526} INFO - WARNING: Illegal reflective access by org.apache.spark.unsafe.Platform (file:/home/airflow/.local/lib/python3.7/site-packages/pyspark/jars/spark-unsafe_2.12-3.0.0.jar) to constructor java.nio.DirectByteBuffer(long,int)
[2021-06-07 07:49:56,515] {spark_submit.py:526} INFO - WARNING: Please consider reporting this to the maintainers of org.apache.spark.unsafe.Platform
[2021-06-07 07:49:56,516] {spark_submit.py:526} INFO - WARNING: Use --illegal-access=warn to enable warnings of further illegal reflective access operations
[2021-06-07 07:49:56,518] {spark_submit.py:526} INFO - WARNING: All illegal access operations will be denied in a future release
[2021-06-07 07:49:57,290] {spark_submit.py:526} INFO - 21/06/07 07:49:57 WARN NativeCodeLoader: Unable to load native-hadoop library for your platform... using builtin-java classes where applicable
[2021-06-07 07:49:58,500] {spark_submit.py:526} INFO - Using Spark's default log4j profile: org/apache/spark/log4j-defaults.properties
[2021-06-07 07:49:58,527] {spark_submit.py:526} INFO - 21/06/07 07:49:58 INFO SparkContext: Running Spark version 3.0.0
[2021-06-07 07:49:58,725] {spark_submit.py:526} INFO - 21/06/07 07:49:58 INFO ResourceUtils: ==============================================================
[2021-06-07 07:49:58,742] {spark_submit.py:526} INFO - 21/06/07 07:49:58 INFO ResourceUtils: Resources for spark.driver:
[2021-06-07 07:49:58,743] {spark_submit.py:526} INFO - 
[2021-06-07 07:49:58,745] {spark_submit.py:526} INFO - 21/06/07 07:49:58 INFO ResourceUtils: ==============================================================
[2021-06-07 07:49:58,746] {spark_submit.py:526} INFO - 21/06/07 07:49:58 INFO SparkContext: Submitted application: pyspark-4
[2021-06-07 07:49:58,918] {spark_submit.py:526} INFO - 21/06/07 07:49:58 INFO SecurityManager: Changing view acls to: airflow
[2021-06-07 07:49:58,920] {spark_submit.py:526} INFO - 21/06/07 07:49:58 INFO SecurityManager: Changing modify acls to: airflow
[2021-06-07 07:49:58,922] {spark_submit.py:526} INFO - 21/06/07 07:49:58 INFO SecurityManager: Changing view acls groups to:
[2021-06-07 07:49:58,924] {spark_submit.py:526} INFO - 21/06/07 07:49:58 INFO SecurityManager: Changing modify acls groups to:
[2021-06-07 07:49:58,925] {spark_submit.py:526} INFO - 21/06/07 07:49:58 INFO SecurityManager: SecurityManager: authentication disabled; ui acls disabled; users  with view permissions: Set(airflow); groups with view permissions: Set(); users  with modify permissions: Set(airflow); groups with modify permissions: Set()
[2021-06-07 07:49:59,346] {spark_submit.py:526} INFO - 21/06/07 07:49:59 INFO Utils: Successfully started service 'sparkDriver' on port 43213.
[2021-06-07 07:49:59,389] {spark_submit.py:526} INFO - 21/06/07 07:49:59 INFO SparkEnv: Registering MapOutputTracker
[2021-06-07 07:49:59,443] {spark_submit.py:526} INFO - 21/06/07 07:49:59 INFO SparkEnv: Registering BlockManagerMaster
[2021-06-07 07:49:59,469] {spark_submit.py:526} INFO - 21/06/07 07:49:59 INFO BlockManagerMasterEndpoint: Using org.apache.spark.storage.DefaultTopologyMapper for getting topology information
[2021-06-07 07:49:59,470] {spark_submit.py:526} INFO - 21/06/07 07:49:59 INFO BlockManagerMasterEndpoint: BlockManagerMasterEndpoint up
[2021-06-07 07:49:59,477] {spark_submit.py:526} INFO - 21/06/07 07:49:59 INFO SparkEnv: Registering BlockManagerMasterHeartbeat
[2021-06-07 07:49:59,497] {spark_submit.py:526} INFO - 21/06/07 07:49:59 INFO DiskBlockManager: Created local directory at /tmp/blockmgr-d16be2d1-c34a-49c4-8b64-5a1ce1a41e6b
[2021-06-07 07:49:59,527] {spark_submit.py:526} INFO - 21/06/07 07:49:59 INFO MemoryStore: MemoryStore started with capacity 1048.8 MiB
[2021-06-07 07:49:59,551] {spark_submit.py:526} INFO - 21/06/07 07:49:59 INFO SparkEnv: Registering OutputCommitCoordinator
[2021-06-07 07:49:59,971] {spark_submit.py:526} INFO - 21/06/07 07:49:59 INFO Utils: Successfully started service 'SparkUI' on port 4040.
[2021-06-07 07:50:00,183] {spark_submit.py:526} INFO - 21/06/07 07:50:00 INFO SparkUI: Bound SparkUI to 0.0.0.0, and started at http://72eec67484fb:4040
[2021-06-07 07:50:00,991] {spark_submit.py:526} INFO - 21/06/07 07:50:00 INFO StandaloneAppClient$ClientEndpoint: Connecting to master spark://spark-master:7077...
[2021-06-07 07:50:01,151] {spark_submit.py:526} INFO - 21/06/07 07:50:01 INFO TransportClientFactory: Successfully created connection to spark-master/172.21.0.6:7077 after 119 ms (0 ms spent in bootstraps)
[2021-06-07 07:50:01,786] {spark_submit.py:526} INFO - 21/06/07 07:50:01 INFO StandaloneSchedulerBackend: Connected to Spark cluster with app ID app-20210607075001-0000
[2021-06-07 07:50:01,811] {spark_submit.py:526} INFO - 21/06/07 07:50:01 INFO Utils: Successfully started service 'org.apache.spark.network.netty.NettyBlockTransferService' on port 44951.
[2021-06-07 07:50:01,818] {spark_submit.py:526} INFO - 21/06/07 07:50:01 INFO NettyBlockTransferService: Server created on 72eec67484fb:44951
[2021-06-07 07:50:01,819] {spark_submit.py:526} INFO - 21/06/07 07:50:01 INFO BlockManager: Using org.apache.spark.storage.RandomBlockReplicationPolicy for block replication policy
[2021-06-07 07:50:01,835] {spark_submit.py:526} INFO - 21/06/07 07:50:01 INFO BlockManagerMaster: Registering BlockManager BlockManagerId(driver, 72eec67484fb, 44951, None)
[2021-06-07 07:50:01,844] {spark_submit.py:526} INFO - 21/06/07 07:50:01 INFO BlockManagerMasterEndpoint: Registering block manager 72eec67484fb:44951 with 1048.8 MiB RAM, BlockManagerId(driver, 72eec67484fb, 44951, None)
[2021-06-07 07:50:01,852] {spark_submit.py:526} INFO - 21/06/07 07:50:01 INFO BlockManagerMaster: Registered BlockManager BlockManagerId(driver, 72eec67484fb, 44951, None)
[2021-06-07 07:50:01,855] {spark_submit.py:526} INFO - 21/06/07 07:50:01 INFO BlockManager: Initialized BlockManager: BlockManagerId(driver, 72eec67484fb, 44951, None)
[2021-06-07 07:50:01,969] {spark_submit.py:526} INFO - 21/06/07 07:50:01 INFO StandaloneAppClient$ClientEndpoint: Executor added: app-20210607075001-0000/0 on worker-20210607074701-172.21.0.8-44855 (172.21.0.8:44855) with 1 core(s)
[2021-06-07 07:50:01,985] {spark_submit.py:526} INFO - 21/06/07 07:50:01 INFO StandaloneSchedulerBackend: Granted executor ID app-20210607075001-0000/0 on hostPort 172.21.0.8:44855 with 1 core(s), 2.0 GiB RAM
[2021-06-07 07:50:02,347] {spark_submit.py:526} INFO - 21/06/07 07:50:02 INFO StandaloneSchedulerBackend: SchedulerBackend is ready for scheduling beginning after reached minRegisteredResourcesRatio: 0.0
[2021-06-07 07:50:02,494] {spark_submit.py:526} INFO - 21/06/07 07:50:02 INFO StandaloneAppClient$ClientEndpoint: Executor updated: app-20210607075001-0000/0 is now RUNNING
[2021-06-07 07:50:03,318] {spark_submit.py:526} INFO - 21/06/07 07:50:03 INFO SharedState: Setting hive.metastore.warehouse.dir ('null') to the value of spark.sql.warehouse.dir ('file:/opt/airflow/spark-warehouse').
[2021-06-07 07:50:03,320] {spark_submit.py:526} INFO - 21/06/07 07:50:03 INFO SharedState: Warehouse path is 'file:/opt/airflow/spark-warehouse'.
[2021-06-07 07:50:04,960] {spark_submit.py:526} INFO - ESTOY AQUI¿¿
[2021-06-07 07:50:06,330] {spark_submit.py:526} INFO - 21/06/07 07:50:06 INFO ResourceProfile: Default ResourceProfile created, executor resources: Map(cores -> name: cores, amount: 1, script: , vendor: , memory -> name: memory, amount: 2048, script: , vendor: ), task resources: Map(cpus -> name: cpus, amount: 1.0)
[2021-06-07 07:50:07,563] {spark_submit.py:526} INFO - 21/06/07 07:50:07 INFO CoarseGrainedSchedulerBackend$DriverEndpoint: Registered executor NettyRpcEndpointRef(spark-client://Executor) (172.21.0.8:47966) with ID 0
[2021-06-07 07:50:08,084] {spark_submit.py:526} INFO - 21/06/07 07:50:08 INFO BlockManagerMasterEndpoint: Registering block manager 172.21.0.8:35329 with 912.3 MiB RAM, BlockManagerId(0, 172.21.0.8, 35329, None)
[2021-06-07 07:50:09,926] {spark_submit.py:526} INFO - 21/06/07 07:50:09 INFO CodeGenerator: Code generated in 330.331123 ms
[2021-06-07 07:50:09,983] {spark_submit.py:526} INFO - 21/06/07 07:50:09 INFO SparkContext: Starting job: showString at NativeMethodAccessorImpl.java:0
[2021-06-07 07:50:10,007] {spark_submit.py:526} INFO - 21/06/07 07:50:10 INFO DAGScheduler: Got job 0 (showString at NativeMethodAccessorImpl.java:0) with 1 output partitions
[2021-06-07 07:50:10,049] {spark_submit.py:526} INFO - 21/06/07 07:50:10 INFO DAGScheduler: Final stage: ResultStage 0 (showString at NativeMethodAccessorImpl.java:0)
[2021-06-07 07:50:10,055] {spark_submit.py:526} INFO - 21/06/07 07:50:10 INFO DAGScheduler: Parents of final stage: List()
[2021-06-07 07:50:10,059] {spark_submit.py:526} INFO - 21/06/07 07:50:10 INFO DAGScheduler: Missing parents: List()
[2021-06-07 07:50:10,067] {spark_submit.py:526} INFO - 21/06/07 07:50:10 INFO DAGScheduler: Submitting ResultStage 0 (MapPartitionsRDD[6] at showString at NativeMethodAccessorImpl.java:0), which has no missing parents
[2021-06-07 07:50:10,552] {spark_submit.py:526} INFO - 21/06/07 07:50:10 INFO MemoryStore: Block broadcast_0 stored as values in memory (estimated size 11.3 KiB, free 1048.8 MiB)
[2021-06-07 07:50:10,626] {spark_submit.py:526} INFO - 21/06/07 07:50:10 INFO MemoryStore: Block broadcast_0_piece0 stored as bytes in memory (estimated size 5.9 KiB, free 1048.8 MiB)
[2021-06-07 07:50:10,631] {spark_submit.py:526} INFO - 21/06/07 07:50:10 INFO BlockManagerInfo: Added broadcast_0_piece0 in memory on 72eec67484fb:44951 (size: 5.9 KiB, free: 1048.8 MiB)
[2021-06-07 07:50:10,636] {spark_submit.py:526} INFO - 21/06/07 07:50:10 INFO SparkContext: Created broadcast 0 from broadcast at DAGScheduler.scala:1200
[2021-06-07 07:50:10,652] {spark_submit.py:526} INFO - 21/06/07 07:50:10 INFO DAGScheduler: Submitting 1 missing tasks from ResultStage 0 (MapPartitionsRDD[6] at showString at NativeMethodAccessorImpl.java:0) (first 15 tasks are for partitions Vector(0))
[2021-06-07 07:50:10,653] {spark_submit.py:526} INFO - 21/06/07 07:50:10 INFO TaskSchedulerImpl: Adding task set 0.0 with 1 tasks
[2021-06-07 07:50:10,818] {spark_submit.py:526} INFO - 21/06/07 07:50:10 INFO TaskSetManager: Starting task 0.0 in stage 0.0 (TID 0, 172.21.0.8, executor 0, partition 0, PROCESS_LOCAL, 7372 bytes)
[2021-06-07 07:50:11,644] {spark_submit.py:526} INFO - 21/06/07 07:50:11 INFO BlockManagerInfo: Added broadcast_0_piece0 in memory on 172.21.0.8:35329 (size: 5.9 KiB, free: 912.3 MiB)
[2021-06-07 07:50:15,390] {spark_submit.py:526} INFO - 21/06/07 07:50:15 INFO TaskSetManager: Finished task 0.0 in stage 0.0 (TID 0) in 4626 ms on 172.21.0.8 (executor 0) (1/1)
[2021-06-07 07:50:15,395] {spark_submit.py:526} INFO - 21/06/07 07:50:15 INFO TaskSchedulerImpl: Removed TaskSet 0.0, whose tasks have all completed, from pool
[2021-06-07 07:50:15,403] {spark_submit.py:526} INFO - 21/06/07 07:50:15 INFO PythonAccumulatorV2: Connected to AccumulatorServer at host: 127.0.0.1 port: 34519
[2021-06-07 07:50:15,414] {spark_submit.py:526} INFO - 21/06/07 07:50:15 INFO DAGScheduler: ResultStage 0 (showString at NativeMethodAccessorImpl.java:0) finished in 5.337 s
[2021-06-07 07:50:15,422] {spark_submit.py:526} INFO - 21/06/07 07:50:15 INFO DAGScheduler: Job 0 is finished. Cancelling potential speculative or zombie tasks for this job
[2021-06-07 07:50:15,423] {spark_submit.py:526} INFO - 21/06/07 07:50:15 INFO TaskSchedulerImpl: Killing all running tasks in stage 0: Stage finished
[2021-06-07 07:50:15,431] {spark_submit.py:526} INFO - 21/06/07 07:50:15 INFO DAGScheduler: Job 0 finished: showString at NativeMethodAccessorImpl.java:0, took 5.469629 s
[2021-06-07 07:50:15,463] {spark_submit.py:526} INFO - 21/06/07 07:50:15 INFO SparkContext: Starting job: showString at NativeMethodAccessorImpl.java:0
[2021-06-07 07:50:15,464] {spark_submit.py:526} INFO - 21/06/07 07:50:15 INFO DAGScheduler: Got job 1 (showString at NativeMethodAccessorImpl.java:0) with 1 output partitions
[2021-06-07 07:50:15,466] {spark_submit.py:526} INFO - 21/06/07 07:50:15 INFO DAGScheduler: Final stage: ResultStage 1 (showString at NativeMethodAccessorImpl.java:0)
[2021-06-07 07:50:15,467] {spark_submit.py:526} INFO - 21/06/07 07:50:15 INFO DAGScheduler: Parents of final stage: List()
[2021-06-07 07:50:15,468] {spark_submit.py:526} INFO - 21/06/07 07:50:15 INFO DAGScheduler: Missing parents: List()
[2021-06-07 07:50:15,469] {spark_submit.py:526} INFO - 21/06/07 07:50:15 INFO DAGScheduler: Submitting ResultStage 1 (MapPartitionsRDD[6] at showString at NativeMethodAccessorImpl.java:0), which has no missing parents
[2021-06-07 07:50:15,473] {spark_submit.py:526} INFO - 21/06/07 07:50:15 INFO MemoryStore: Block broadcast_1 stored as values in memory (estimated size 11.3 KiB, free 1048.8 MiB)
[2021-06-07 07:50:15,476] {spark_submit.py:526} INFO - 21/06/07 07:50:15 INFO MemoryStore: Block broadcast_1_piece0 stored as bytes in memory (estimated size 5.9 KiB, free 1048.8 MiB)
[2021-06-07 07:50:15,477] {spark_submit.py:526} INFO - 21/06/07 07:50:15 INFO BlockManagerInfo: Added broadcast_1_piece0 in memory on 72eec67484fb:44951 (size: 5.9 KiB, free: 1048.8 MiB)
[2021-06-07 07:50:15,478] {spark_submit.py:526} INFO - 21/06/07 07:50:15 INFO SparkContext: Created broadcast 1 from broadcast at DAGScheduler.scala:1200
[2021-06-07 07:50:15,480] {spark_submit.py:526} INFO - 21/06/07 07:50:15 INFO DAGScheduler: Submitting 1 missing tasks from ResultStage 1 (MapPartitionsRDD[6] at showString at NativeMethodAccessorImpl.java:0) (first 15 tasks are for partitions Vector(1))
[2021-06-07 07:50:15,480] {spark_submit.py:526} INFO - 21/06/07 07:50:15 INFO TaskSchedulerImpl: Adding task set 1.0 with 1 tasks
[2021-06-07 07:50:15,482] {spark_submit.py:526} INFO - 21/06/07 07:50:15 INFO TaskSetManager: Starting task 0.0 in stage 1.0 (TID 1, 172.21.0.8, executor 0, partition 1, PROCESS_LOCAL, 7372 bytes)
[2021-06-07 07:50:15,503] {spark_submit.py:526} INFO - 21/06/07 07:50:15 INFO BlockManagerInfo: Added broadcast_1_piece0 in memory on 172.21.0.8:35329 (size: 5.9 KiB, free: 912.3 MiB)
[2021-06-07 07:50:15,531] {spark_submit.py:526} INFO - 21/06/07 07:50:15 INFO TaskSetManager: Finished task 0.0 in stage 1.0 (TID 1) in 49 ms on 172.21.0.8 (executor 0) (1/1)
[2021-06-07 07:50:15,532] {spark_submit.py:526} INFO - 21/06/07 07:50:15 INFO TaskSchedulerImpl: Removed TaskSet 1.0, whose tasks have all completed, from pool
[2021-06-07 07:50:15,533] {spark_submit.py:526} INFO - 21/06/07 07:50:15 INFO DAGScheduler: ResultStage 1 (showString at NativeMethodAccessorImpl.java:0) finished in 0.066 s
[2021-06-07 07:50:15,534] {spark_submit.py:526} INFO - 21/06/07 07:50:15 INFO DAGScheduler: Job 1 is finished. Cancelling potential speculative or zombie tasks for this job
[2021-06-07 07:50:15,535] {spark_submit.py:526} INFO - 21/06/07 07:50:15 INFO TaskSchedulerImpl: Killing all running tasks in stage 1: Stage finished
[2021-06-07 07:50:15,536] {spark_submit.py:526} INFO - 21/06/07 07:50:15 INFO DAGScheduler: Job 1 finished: showString at NativeMethodAccessorImpl.java:0, took 0.073098 s
[2021-06-07 07:50:15,581] {spark_submit.py:526} INFO - 21/06/07 07:50:15 INFO CodeGenerator: Code generated in 22.540392 ms
[2021-06-07 07:50:15,604] {spark_submit.py:526} INFO - +---+-----+
[2021-06-07 07:50:15,605] {spark_submit.py:526} INFO - | id|label|
[2021-06-07 07:50:15,606] {spark_submit.py:526} INFO - +---+-----+
[2021-06-07 07:50:15,608] {spark_submit.py:526} INFO - |  1|  foo|
[2021-06-07 07:50:15,608] {spark_submit.py:526} INFO - |  2|  bar|
[2021-06-07 07:50:15,611] {spark_submit.py:526} INFO - +---+-----+
[2021-06-07 07:50:15,627] {spark_submit.py:526} INFO - 
[2021-06-07 07:50:15,627] {spark_submit.py:526} INFO - None
[2021-06-07 07:50:15,678] {spark_submit.py:526} INFO - 21/06/07 07:50:15 INFO SparkContext: Invoking stop() from shutdown hook
[2021-06-07 07:50:15,687] {spark_submit.py:526} INFO - 21/06/07 07:50:15 INFO SparkUI: Stopped Spark web UI at http://72eec67484fb:4040
[2021-06-07 07:50:15,692] {spark_submit.py:526} INFO - 21/06/07 07:50:15 INFO StandaloneSchedulerBackend: Shutting down all executors
[2021-06-07 07:50:15,692] {spark_submit.py:526} INFO - 21/06/07 07:50:15 INFO CoarseGrainedSchedulerBackend$DriverEndpoint: Asking each executor to shut down
[2021-06-07 07:50:15,734] {spark_submit.py:526} INFO - 21/06/07 07:50:15 INFO MapOutputTrackerMasterEndpoint: MapOutputTrackerMasterEndpoint stopped!
[2021-06-07 07:50:15,752] {spark_submit.py:526} INFO - 21/06/07 07:50:15 INFO MemoryStore: MemoryStore cleared
[2021-06-07 07:50:15,754] {spark_submit.py:526} INFO - 21/06/07 07:50:15 INFO BlockManager: BlockManager stopped
[2021-06-07 07:50:15,766] {spark_submit.py:526} INFO - 21/06/07 07:50:15 INFO BlockManagerMaster: BlockManagerMaster stopped
[2021-06-07 07:50:15,778] {spark_submit.py:526} INFO - 21/06/07 07:50:15 INFO OutputCommitCoordinator$OutputCommitCoordinatorEndpoint: OutputCommitCoordinator stopped!
[2021-06-07 07:50:15,814] {spark_submit.py:526} INFO - 21/06/07 07:50:15 INFO SparkContext: Successfully stopped SparkContext
[2021-06-07 07:50:15,816] {spark_submit.py:526} INFO - 21/06/07 07:50:15 INFO ShutdownHookManager: Shutdown hook called
[2021-06-07 07:50:15,817] {spark_submit.py:526} INFO - 21/06/07 07:50:15 INFO ShutdownHookManager: Deleting directory /tmp/spark-d3f698ee-0a39-4ea4-b99a-1343a5ae6b10
[2021-06-07 07:50:15,824] {spark_submit.py:526} INFO - 21/06/07 07:50:15 INFO ShutdownHookManager: Deleting directory /tmp/spark-e6a5badd-0fd8-498d-95b9-a93d007f8fba/pyspark-80671283-fcbd-49dd-9cd4-e2697ebc9de6
[2021-06-07 07:50:15,829] {spark_submit.py:526} INFO - 21/06/07 07:50:15 INFO ShutdownHookManager: Deleting directory /tmp/spark-e6a5badd-0fd8-498d-95b9-a93d007f8fba
[2021-06-07 07:50:16,343] {taskinstance.py:1166} INFO - Marking task as SUCCESS. dag_id=forex_data_pipeline, task_id=spark_submit_job, execution_date=20210606T000000, start_date=20210607T074954, end_date=20210607T075016
[2021-06-07 07:50:16,399] {taskinstance.py:1220} INFO - 0 downstream tasks scheduled from follow-on schedule check
[2021-06-07 07:50:16,439] {local_task_job.py:146} INFO - Task exited with return code 0
