[2021-06-06 15:30:26,390] {taskinstance.py:851} INFO - Dependencies all met for <TaskInstance: forex_data_pipeline.spark_submit_job 2021-06-05T00:00:00+00:00 [queued]>
[2021-06-06 15:30:26,461] {taskinstance.py:851} INFO - Dependencies all met for <TaskInstance: forex_data_pipeline.spark_submit_job 2021-06-05T00:00:00+00:00 [queued]>
[2021-06-06 15:30:26,468] {taskinstance.py:1042} INFO - 
--------------------------------------------------------------------------------
[2021-06-06 15:30:26,474] {taskinstance.py:1043} INFO - Starting attempt 1 of 2
[2021-06-06 15:30:26,477] {taskinstance.py:1044} INFO - 
--------------------------------------------------------------------------------
[2021-06-06 15:30:26,515] {taskinstance.py:1063} INFO - Executing <Task(SparkSubmitOperator): spark_submit_job> on 2021-06-05T00:00:00+00:00
[2021-06-06 15:30:26,528] {standard_task_runner.py:52} INFO - Started process 220 to run task
[2021-06-06 15:30:26,536] {standard_task_runner.py:76} INFO - Running: ['airflow', 'tasks', 'run', 'forex_data_pipeline', 'spark_submit_job', '2021-06-05T00:00:00+00:00', '--job-id', '33', '--pool', 'default_pool', '--raw', '--subdir', 'DAGS_FOLDER/dag_spark.py', '--cfg-path', '/tmp/tmpl6ic98_7', '--error-file', '/tmp/tmpj8vic759']
[2021-06-06 15:30:26,540] {standard_task_runner.py:77} INFO - Job 33: Subtask spark_submit_job
[2021-06-06 15:30:26,683] {logging_mixin.py:104} INFO - Running <TaskInstance: forex_data_pipeline.spark_submit_job 2021-06-05T00:00:00+00:00 [running]> on host 5b1a5e9e3fee
[2021-06-06 15:30:26,856] {taskinstance.py:1257} INFO - Exporting the following env vars:
AIRFLOW_CTX_DAG_EMAIL=admin@localhost.com
AIRFLOW_CTX_DAG_OWNER=airflow
AIRFLOW_CTX_DAG_ID=forex_data_pipeline
AIRFLOW_CTX_TASK_ID=spark_submit_job
AIRFLOW_CTX_EXECUTION_DATE=2021-06-05T00:00:00+00:00
AIRFLOW_CTX_DAG_RUN_ID=scheduled__2021-06-05T00:00:00+00:00
[2021-06-06 15:30:26,922] {base.py:74} INFO - Using connection to: id: spark_conn. Host: spark://spark-master, Port: 7077, Schema: , Login: marcelo, Password: XXXXXXXX, extra: None
[2021-06-06 15:30:26,926] {spark_submit.py:364} INFO - Spark-Submit cmd: spark-submit --master spark://spark-master:7077 --conf master=spark://spark-master:7077 --num-executors 1 --total-executor-cores 1 --executor-cores 1 --executor-memory 512m --driver-memory 512m --name airflow-spark /opt/airflow/dags/test.py
[2021-06-06 15:30:32,879] {spark_submit.py:526} INFO - Warning: Ignoring non-Spark config property: master
[2021-06-06 15:30:33,286] {spark_submit.py:526} INFO - WARNING: An illegal reflective access operation has occurred
[2021-06-06 15:30:33,288] {spark_submit.py:526} INFO - WARNING: Illegal reflective access by org.apache.spark.unsafe.Platform (file:/home/airflow/.local/lib/python3.7/site-packages/pyspark/jars/spark-unsafe_2.12-3.1.2.jar) to constructor java.nio.DirectByteBuffer(long,int)
[2021-06-06 15:30:33,290] {spark_submit.py:526} INFO - WARNING: Please consider reporting this to the maintainers of org.apache.spark.unsafe.Platform
[2021-06-06 15:30:33,291] {spark_submit.py:526} INFO - WARNING: Use --illegal-access=warn to enable warnings of further illegal reflective access operations
[2021-06-06 15:30:33,292] {spark_submit.py:526} INFO - WARNING: All illegal access operations will be denied in a future release
[2021-06-06 15:30:34,713] {spark_submit.py:526} INFO - 21/06/06 15:30:34 WARN NativeCodeLoader: Unable to load native-hadoop library for your platform... using builtin-java classes where applicable
[2021-06-06 15:30:36,601] {spark_submit.py:526} INFO - Using Spark's default log4j profile: org/apache/spark/log4j-defaults.properties
[2021-06-06 15:30:36,622] {spark_submit.py:526} INFO - 21/06/06 15:30:36 INFO SparkContext: Running Spark version 3.1.2
[2021-06-06 15:30:36,722] {spark_submit.py:526} INFO - 21/06/06 15:30:36 INFO ResourceUtils: ==============================================================
[2021-06-06 15:30:36,723] {spark_submit.py:526} INFO - 21/06/06 15:30:36 INFO ResourceUtils: No custom resources configured for spark.driver.
[2021-06-06 15:30:36,725] {spark_submit.py:526} INFO - 21/06/06 15:30:36 INFO ResourceUtils: ==============================================================
[2021-06-06 15:30:36,727] {spark_submit.py:526} INFO - 21/06/06 15:30:36 INFO SparkContext: Submitted application: pyspark-run4
[2021-06-06 15:30:36,777] {spark_submit.py:526} INFO - 21/06/06 15:30:36 INFO ResourceProfile: Default ResourceProfile created, executor resources: Map(cores -> name: cores, amount: 1, script: , vendor: , memory -> name: memory, amount: 1024, script: , vendor: , offHeap -> name: offHeap, amount: 0, script: , vendor: ), task resources: Map(cpus -> name: cpus, amount: 1.0)
[2021-06-06 15:30:36,806] {spark_submit.py:526} INFO - 21/06/06 15:30:36 INFO ResourceProfile: Limiting resource is cpus at 1 tasks per executor
[2021-06-06 15:30:36,812] {spark_submit.py:526} INFO - 21/06/06 15:30:36 INFO ResourceProfileManager: Added ResourceProfile id: 0
[2021-06-06 15:30:36,961] {spark_submit.py:526} INFO - 21/06/06 15:30:36 INFO SecurityManager: Changing view acls to: airflow
[2021-06-06 15:30:36,964] {spark_submit.py:526} INFO - 21/06/06 15:30:36 INFO SecurityManager: Changing modify acls to: airflow
[2021-06-06 15:30:36,966] {spark_submit.py:526} INFO - 21/06/06 15:30:36 INFO SecurityManager: Changing view acls groups to:
[2021-06-06 15:30:36,967] {spark_submit.py:526} INFO - 21/06/06 15:30:36 INFO SecurityManager: Changing modify acls groups to:
[2021-06-06 15:30:36,969] {spark_submit.py:526} INFO - 21/06/06 15:30:36 INFO SecurityManager: SecurityManager: authentication disabled; ui acls disabled; users  with view permissions: Set(airflow); groups with view permissions: Set(); users  with modify permissions: Set(airflow); groups with modify permissions: Set()
[2021-06-06 15:30:37,794] {spark_submit.py:526} INFO - 21/06/06 15:30:37 INFO Utils: Successfully started service 'sparkDriver' on port 42319.
[2021-06-06 15:30:37,865] {spark_submit.py:526} INFO - 21/06/06 15:30:37 INFO SparkEnv: Registering MapOutputTracker
[2021-06-06 15:30:37,926] {spark_submit.py:526} INFO - 21/06/06 15:30:37 INFO SparkEnv: Registering BlockManagerMaster
[2021-06-06 15:30:37,980] {spark_submit.py:526} INFO - 21/06/06 15:30:37 INFO BlockManagerMasterEndpoint: Using org.apache.spark.storage.DefaultTopologyMapper for getting topology information
[2021-06-06 15:30:37,982] {spark_submit.py:526} INFO - 21/06/06 15:30:37 INFO BlockManagerMasterEndpoint: BlockManagerMasterEndpoint up
[2021-06-06 15:30:37,995] {spark_submit.py:526} INFO - 21/06/06 15:30:37 INFO SparkEnv: Registering BlockManagerMasterHeartbeat
[2021-06-06 15:30:38,033] {spark_submit.py:526} INFO - 21/06/06 15:30:38 INFO DiskBlockManager: Created local directory at /tmp/blockmgr-ddef3ea5-06cb-4070-8343-c40fb0eb7769
[2021-06-06 15:30:38,083] {spark_submit.py:526} INFO - 21/06/06 15:30:38 INFO MemoryStore: MemoryStore started with capacity 127.2 MiB
[2021-06-06 15:30:38,130] {spark_submit.py:526} INFO - 21/06/06 15:30:38 INFO SparkEnv: Registering OutputCommitCoordinator
[2021-06-06 15:30:39,082] {spark_submit.py:526} INFO - 21/06/06 15:30:39 INFO Utils: Successfully started service 'SparkUI' on port 4040.
[2021-06-06 15:30:39,273] {spark_submit.py:526} INFO - 21/06/06 15:30:39 INFO SparkUI: Bound SparkUI to 0.0.0.0, and started at http://5b1a5e9e3fee:4040
[2021-06-06 15:30:39,774] {spark_submit.py:526} INFO - 21/06/06 15:30:39 INFO StandaloneAppClient$ClientEndpoint: Connecting to master spark://spark-master:7077...
[2021-06-06 15:30:40,039] {spark_submit.py:526} INFO - 21/06/06 15:30:40 WARN StandaloneAppClient$ClientEndpoint: Failed to connect to master spark-master:7077
[2021-06-06 15:30:40,041] {spark_submit.py:526} INFO - org.apache.spark.SparkException: Exception thrown in awaitResult:
[2021-06-06 15:30:40,042] {spark_submit.py:526} INFO - at org.apache.spark.util.ThreadUtils$.awaitResult(ThreadUtils.scala:301)
[2021-06-06 15:30:40,043] {spark_submit.py:526} INFO - at org.apache.spark.rpc.RpcTimeout.awaitResult(RpcTimeout.scala:75)
[2021-06-06 15:30:40,044] {spark_submit.py:526} INFO - at org.apache.spark.rpc.RpcEnv.setupEndpointRefByURI(RpcEnv.scala:101)
[2021-06-06 15:30:40,045] {spark_submit.py:526} INFO - at org.apache.spark.rpc.RpcEnv.setupEndpointRef(RpcEnv.scala:109)
[2021-06-06 15:30:40,046] {spark_submit.py:526} INFO - at org.apache.spark.deploy.client.StandaloneAppClient$ClientEndpoint$$anon$1.run(StandaloneAppClient.scala:107)
[2021-06-06 15:30:40,047] {spark_submit.py:526} INFO - at java.base/java.util.concurrent.Executors$RunnableAdapter.call(Executors.java:515)
[2021-06-06 15:30:40,048] {spark_submit.py:526} INFO - at java.base/java.util.concurrent.FutureTask.run(FutureTask.java:264)
[2021-06-06 15:30:40,049] {spark_submit.py:526} INFO - at java.base/java.util.concurrent.ThreadPoolExecutor.runWorker(ThreadPoolExecutor.java:1128)
[2021-06-06 15:30:40,050] {spark_submit.py:526} INFO - at java.base/java.util.concurrent.ThreadPoolExecutor$Worker.run(ThreadPoolExecutor.java:628)
[2021-06-06 15:30:40,052] {spark_submit.py:526} INFO - at java.base/java.lang.Thread.run(Thread.java:829)
[2021-06-06 15:30:40,052] {spark_submit.py:526} INFO - Caused by: java.io.IOException: Failed to connect to spark-master:7077
[2021-06-06 15:30:40,053] {spark_submit.py:526} INFO - at org.apache.spark.network.client.TransportClientFactory.createClient(TransportClientFactory.java:287)
[2021-06-06 15:30:40,054] {spark_submit.py:526} INFO - at org.apache.spark.network.client.TransportClientFactory.createClient(TransportClientFactory.java:218)
[2021-06-06 15:30:40,055] {spark_submit.py:526} INFO - at org.apache.spark.network.client.TransportClientFactory.createClient(TransportClientFactory.java:230)
[2021-06-06 15:30:40,056] {spark_submit.py:526} INFO - at org.apache.spark.rpc.netty.NettyRpcEnv.createClient(NettyRpcEnv.scala:204)
[2021-06-06 15:30:40,057] {spark_submit.py:526} INFO - at org.apache.spark.rpc.netty.Outbox$$anon$1.call(Outbox.scala:202)
[2021-06-06 15:30:40,058] {spark_submit.py:526} INFO - at org.apache.spark.rpc.netty.Outbox$$anon$1.call(Outbox.scala:198)
[2021-06-06 15:30:40,059] {spark_submit.py:526} INFO - ... 4 more
[2021-06-06 15:30:40,060] {spark_submit.py:526} INFO - Caused by: java.net.UnknownHostException: spark-master
[2021-06-06 15:30:40,062] {spark_submit.py:526} INFO - at java.base/java.net.InetAddress$CachedAddresses.get(InetAddress.java:797)
[2021-06-06 15:30:40,063] {spark_submit.py:526} INFO - at java.base/java.net.InetAddress.getAllByName0(InetAddress.java:1509)
[2021-06-06 15:30:40,064] {spark_submit.py:526} INFO - at java.base/java.net.InetAddress.getAllByName(InetAddress.java:1368)
[2021-06-06 15:30:40,065] {spark_submit.py:526} INFO - at java.base/java.net.InetAddress.getAllByName(InetAddress.java:1302)
[2021-06-06 15:30:40,066] {spark_submit.py:526} INFO - at java.base/java.net.InetAddress.getByName(InetAddress.java:1252)
[2021-06-06 15:30:40,067] {spark_submit.py:526} INFO - at io.netty.util.internal.SocketUtils$8.run(SocketUtils.java:156)
[2021-06-06 15:30:40,069] {spark_submit.py:526} INFO - at io.netty.util.internal.SocketUtils$8.run(SocketUtils.java:153)
[2021-06-06 15:30:40,069] {spark_submit.py:526} INFO - at java.base/java.security.AccessController.doPrivileged(Native Method)
[2021-06-06 15:30:40,071] {spark_submit.py:526} INFO - at io.netty.util.internal.SocketUtils.addressByName(SocketUtils.java:153)
[2021-06-06 15:30:40,072] {spark_submit.py:526} INFO - at io.netty.resolver.DefaultNameResolver.doResolve(DefaultNameResolver.java:41)
[2021-06-06 15:30:40,073] {spark_submit.py:526} INFO - at io.netty.resolver.SimpleNameResolver.resolve(SimpleNameResolver.java:61)
[2021-06-06 15:30:40,075] {spark_submit.py:526} INFO - at io.netty.resolver.SimpleNameResolver.resolve(SimpleNameResolver.java:53)
[2021-06-06 15:30:40,079] {spark_submit.py:526} INFO - at io.netty.resolver.InetSocketAddressResolver.doResolve(InetSocketAddressResolver.java:55)
[2021-06-06 15:30:40,080] {spark_submit.py:526} INFO - at io.netty.resolver.InetSocketAddressResolver.doResolve(InetSocketAddressResolver.java:31)
[2021-06-06 15:30:40,082] {spark_submit.py:526} INFO - at io.netty.resolver.AbstractAddressResolver.resolve(AbstractAddressResolver.java:106)
[2021-06-06 15:30:40,084] {spark_submit.py:526} INFO - at io.netty.bootstrap.Bootstrap.doResolveAndConnect0(Bootstrap.java:206)
[2021-06-06 15:30:40,086] {spark_submit.py:526} INFO - at io.netty.bootstrap.Bootstrap.access$000(Bootstrap.java:46)
[2021-06-06 15:30:40,087] {spark_submit.py:526} INFO - at io.netty.bootstrap.Bootstrap$1.operationComplete(Bootstrap.java:180)
[2021-06-06 15:30:40,088] {spark_submit.py:526} INFO - at io.netty.bootstrap.Bootstrap$1.operationComplete(Bootstrap.java:166)
[2021-06-06 15:30:40,090] {spark_submit.py:526} INFO - at io.netty.util.concurrent.DefaultPromise.notifyListener0(DefaultPromise.java:577)
[2021-06-06 15:30:40,091] {spark_submit.py:526} INFO - at io.netty.util.concurrent.DefaultPromise.notifyListenersNow(DefaultPromise.java:551)
[2021-06-06 15:30:40,094] {spark_submit.py:526} INFO - at io.netty.util.concurrent.DefaultPromise.notifyListeners(DefaultPromise.java:490)
[2021-06-06 15:30:40,096] {spark_submit.py:526} INFO - at io.netty.util.concurrent.DefaultPromise.setValue0(DefaultPromise.java:615)
[2021-06-06 15:30:40,097] {spark_submit.py:526} INFO - at io.netty.util.concurrent.DefaultPromise.setSuccess0(DefaultPromise.java:604)
[2021-06-06 15:30:40,098] {spark_submit.py:526} INFO - at io.netty.util.concurrent.DefaultPromise.trySuccess(DefaultPromise.java:104)
[2021-06-06 15:30:40,100] {spark_submit.py:526} INFO - at io.netty.channel.DefaultChannelPromise.trySuccess(DefaultChannelPromise.java:84)
[2021-06-06 15:30:40,101] {spark_submit.py:526} INFO - at io.netty.channel.AbstractChannel$AbstractUnsafe.safeSetSuccess(AbstractChannel.java:984)
[2021-06-06 15:30:40,102] {spark_submit.py:526} INFO - at io.netty.channel.AbstractChannel$AbstractUnsafe.register0(AbstractChannel.java:504)
[2021-06-06 15:30:40,103] {spark_submit.py:526} INFO - at io.netty.channel.AbstractChannel$AbstractUnsafe.access$200(AbstractChannel.java:417)
[2021-06-06 15:30:40,104] {spark_submit.py:526} INFO - at io.netty.channel.AbstractChannel$AbstractUnsafe$1.run(AbstractChannel.java:474)
[2021-06-06 15:30:40,106] {spark_submit.py:526} INFO - at io.netty.util.concurrent.AbstractEventExecutor.safeExecute(AbstractEventExecutor.java:164)
[2021-06-06 15:30:40,108] {spark_submit.py:526} INFO - at io.netty.util.concurrent.SingleThreadEventExecutor.runAllTasks(SingleThreadEventExecutor.java:472)
[2021-06-06 15:30:40,109] {spark_submit.py:526} INFO - at io.netty.channel.nio.NioEventLoop.run(NioEventLoop.java:500)
[2021-06-06 15:30:40,110] {spark_submit.py:526} INFO - at io.netty.util.concurrent.SingleThreadEventExecutor$4.run(SingleThreadEventExecutor.java:989)
[2021-06-06 15:30:40,111] {spark_submit.py:526} INFO - at io.netty.util.internal.ThreadExecutorMap$2.run(ThreadExecutorMap.java:74)
[2021-06-06 15:30:40,112] {spark_submit.py:526} INFO - at io.netty.util.concurrent.FastThreadLocalRunnable.run(FastThreadLocalRunnable.java:30)
[2021-06-06 15:30:40,114] {spark_submit.py:526} INFO - ... 1 more
[2021-06-06 15:30:59,777] {spark_submit.py:526} INFO - 21/06/06 15:30:59 INFO StandaloneAppClient$ClientEndpoint: Connecting to master spark://spark-master:7077...
[2021-06-06 15:30:59,803] {spark_submit.py:526} INFO - 21/06/06 15:30:59 WARN StandaloneAppClient$ClientEndpoint: Failed to connect to master spark-master:7077
[2021-06-06 15:30:59,805] {spark_submit.py:526} INFO - org.apache.spark.SparkException: Exception thrown in awaitResult:
[2021-06-06 15:30:59,806] {spark_submit.py:526} INFO - at org.apache.spark.util.ThreadUtils$.awaitResult(ThreadUtils.scala:301)
[2021-06-06 15:30:59,808] {spark_submit.py:526} INFO - at org.apache.spark.rpc.RpcTimeout.awaitResult(RpcTimeout.scala:75)
[2021-06-06 15:30:59,809] {spark_submit.py:526} INFO - at org.apache.spark.rpc.RpcEnv.setupEndpointRefByURI(RpcEnv.scala:101)
[2021-06-06 15:30:59,811] {spark_submit.py:526} INFO - at org.apache.spark.rpc.RpcEnv.setupEndpointRef(RpcEnv.scala:109)
[2021-06-06 15:30:59,812] {spark_submit.py:526} INFO - at org.apache.spark.deploy.client.StandaloneAppClient$ClientEndpoint$$anon$1.run(StandaloneAppClient.scala:107)
[2021-06-06 15:30:59,813] {spark_submit.py:526} INFO - at java.base/java.util.concurrent.Executors$RunnableAdapter.call(Executors.java:515)
[2021-06-06 15:30:59,816] {spark_submit.py:526} INFO - at java.base/java.util.concurrent.FutureTask.run(FutureTask.java:264)
[2021-06-06 15:30:59,823] {spark_submit.py:526} INFO - at java.base/java.util.concurrent.ThreadPoolExecutor.runWorker(ThreadPoolExecutor.java:1128)
[2021-06-06 15:30:59,824] {spark_submit.py:526} INFO - at java.base/java.util.concurrent.ThreadPoolExecutor$Worker.run(ThreadPoolExecutor.java:628)
[2021-06-06 15:30:59,826] {spark_submit.py:526} INFO - at java.base/java.lang.Thread.run(Thread.java:829)
[2021-06-06 15:30:59,827] {spark_submit.py:526} INFO - Caused by: java.io.IOException: Failed to connect to spark-master:7077
[2021-06-06 15:30:59,828] {spark_submit.py:526} INFO - at org.apache.spark.network.client.TransportClientFactory.createClient(TransportClientFactory.java:287)
[2021-06-06 15:30:59,830] {spark_submit.py:526} INFO - at org.apache.spark.network.client.TransportClientFactory.createClient(TransportClientFactory.java:218)
[2021-06-06 15:30:59,831] {spark_submit.py:526} INFO - at org.apache.spark.network.client.TransportClientFactory.createClient(TransportClientFactory.java:230)
[2021-06-06 15:30:59,832] {spark_submit.py:526} INFO - at org.apache.spark.rpc.netty.NettyRpcEnv.createClient(NettyRpcEnv.scala:204)
[2021-06-06 15:30:59,833] {spark_submit.py:526} INFO - at org.apache.spark.rpc.netty.Outbox$$anon$1.call(Outbox.scala:202)
[2021-06-06 15:30:59,835] {spark_submit.py:526} INFO - at org.apache.spark.rpc.netty.Outbox$$anon$1.call(Outbox.scala:198)
[2021-06-06 15:30:59,836] {spark_submit.py:526} INFO - ... 4 more
[2021-06-06 15:30:59,838] {spark_submit.py:526} INFO - Caused by: java.net.UnknownHostException: spark-master
[2021-06-06 15:30:59,838] {spark_submit.py:526} INFO - at java.base/java.net.InetAddress$CachedAddresses.get(InetAddress.java:797)
[2021-06-06 15:30:59,840] {spark_submit.py:526} INFO - at java.base/java.net.InetAddress.getAllByName0(InetAddress.java:1509)
[2021-06-06 15:30:59,841] {spark_submit.py:526} INFO - at java.base/java.net.InetAddress.getAllByName(InetAddress.java:1368)
[2021-06-06 15:30:59,842] {spark_submit.py:526} INFO - at java.base/java.net.InetAddress.getAllByName(InetAddress.java:1302)
[2021-06-06 15:30:59,843] {spark_submit.py:526} INFO - at java.base/java.net.InetAddress.getByName(InetAddress.java:1252)
[2021-06-06 15:30:59,846] {spark_submit.py:526} INFO - at io.netty.util.internal.SocketUtils$8.run(SocketUtils.java:156)
[2021-06-06 15:30:59,848] {spark_submit.py:526} INFO - at io.netty.util.internal.SocketUtils$8.run(SocketUtils.java:153)
[2021-06-06 15:30:59,849] {spark_submit.py:526} INFO - at java.base/java.security.AccessController.doPrivileged(Native Method)
[2021-06-06 15:30:59,851] {spark_submit.py:526} INFO - at io.netty.util.internal.SocketUtils.addressByName(SocketUtils.java:153)
[2021-06-06 15:30:59,852] {spark_submit.py:526} INFO - at io.netty.resolver.DefaultNameResolver.doResolve(DefaultNameResolver.java:41)
[2021-06-06 15:30:59,854] {spark_submit.py:526} INFO - at io.netty.resolver.SimpleNameResolver.resolve(SimpleNameResolver.java:61)
[2021-06-06 15:30:59,855] {spark_submit.py:526} INFO - at io.netty.resolver.SimpleNameResolver.resolve(SimpleNameResolver.java:53)
[2021-06-06 15:30:59,856] {spark_submit.py:526} INFO - at io.netty.resolver.InetSocketAddressResolver.doResolve(InetSocketAddressResolver.java:55)
[2021-06-06 15:30:59,857] {spark_submit.py:526} INFO - at io.netty.resolver.InetSocketAddressResolver.doResolve(InetSocketAddressResolver.java:31)
[2021-06-06 15:30:59,859] {spark_submit.py:526} INFO - at io.netty.resolver.AbstractAddressResolver.resolve(AbstractAddressResolver.java:106)
[2021-06-06 15:30:59,861] {spark_submit.py:526} INFO - at io.netty.bootstrap.Bootstrap.doResolveAndConnect0(Bootstrap.java:206)
[2021-06-06 15:30:59,863] {spark_submit.py:526} INFO - at io.netty.bootstrap.Bootstrap.access$000(Bootstrap.java:46)
[2021-06-06 15:30:59,865] {spark_submit.py:526} INFO - at io.netty.bootstrap.Bootstrap$1.operationComplete(Bootstrap.java:180)
[2021-06-06 15:30:59,866] {spark_submit.py:526} INFO - at io.netty.bootstrap.Bootstrap$1.operationComplete(Bootstrap.java:166)
[2021-06-06 15:30:59,867] {spark_submit.py:526} INFO - at io.netty.util.concurrent.DefaultPromise.notifyListener0(DefaultPromise.java:577)
[2021-06-06 15:30:59,869] {spark_submit.py:526} INFO - at io.netty.util.concurrent.DefaultPromise.notifyListenersNow(DefaultPromise.java:551)
[2021-06-06 15:30:59,870] {spark_submit.py:526} INFO - at io.netty.util.concurrent.DefaultPromise.notifyListeners(DefaultPromise.java:490)
[2021-06-06 15:30:59,871] {spark_submit.py:526} INFO - at io.netty.util.concurrent.DefaultPromise.setValue0(DefaultPromise.java:615)
[2021-06-06 15:30:59,872] {spark_submit.py:526} INFO - at io.netty.util.concurrent.DefaultPromise.setSuccess0(DefaultPromise.java:604)
[2021-06-06 15:30:59,874] {spark_submit.py:526} INFO - at io.netty.util.concurrent.DefaultPromise.trySuccess(DefaultPromise.java:104)
[2021-06-06 15:30:59,876] {spark_submit.py:526} INFO - at io.netty.channel.DefaultChannelPromise.trySuccess(DefaultChannelPromise.java:84)
[2021-06-06 15:30:59,877] {spark_submit.py:526} INFO - at io.netty.channel.AbstractChannel$AbstractUnsafe.safeSetSuccess(AbstractChannel.java:984)
[2021-06-06 15:30:59,879] {spark_submit.py:526} INFO - at io.netty.channel.AbstractChannel$AbstractUnsafe.register0(AbstractChannel.java:504)
[2021-06-06 15:30:59,881] {spark_submit.py:526} INFO - at io.netty.channel.AbstractChannel$AbstractUnsafe.access$200(AbstractChannel.java:417)
[2021-06-06 15:30:59,882] {spark_submit.py:526} INFO - at io.netty.channel.AbstractChannel$AbstractUnsafe$1.run(AbstractChannel.java:474)
[2021-06-06 15:30:59,883] {spark_submit.py:526} INFO - at io.netty.util.concurrent.AbstractEventExecutor.safeExecute(AbstractEventExecutor.java:164)
[2021-06-06 15:30:59,885] {spark_submit.py:526} INFO - at io.netty.util.concurrent.SingleThreadEventExecutor.runAllTasks(SingleThreadEventExecutor.java:472)
[2021-06-06 15:30:59,886] {spark_submit.py:526} INFO - at io.netty.channel.nio.NioEventLoop.run(NioEventLoop.java:500)
[2021-06-06 15:30:59,888] {spark_submit.py:526} INFO - at io.netty.util.concurrent.SingleThreadEventExecutor$4.run(SingleThreadEventExecutor.java:989)
[2021-06-06 15:30:59,889] {spark_submit.py:526} INFO - at io.netty.util.internal.ThreadExecutorMap$2.run(ThreadExecutorMap.java:74)
[2021-06-06 15:30:59,891] {spark_submit.py:526} INFO - at io.netty.util.concurrent.FastThreadLocalRunnable.run(FastThreadLocalRunnable.java:30)
[2021-06-06 15:30:59,892] {spark_submit.py:526} INFO - ... 1 more
[2021-06-06 15:31:19,757] {spark_submit.py:526} INFO - 21/06/06 15:31:19 INFO StandaloneAppClient$ClientEndpoint: Connecting to master spark://spark-master:7077...
[2021-06-06 15:31:19,857] {spark_submit.py:526} INFO - 21/06/06 15:31:19 WARN StandaloneAppClient$ClientEndpoint: Failed to connect to master spark-master:7077
[2021-06-06 15:31:19,868] {spark_submit.py:526} INFO - org.apache.spark.SparkException: Exception thrown in awaitResult:
[2021-06-06 15:31:19,871] {spark_submit.py:526} INFO - at org.apache.spark.util.ThreadUtils$.awaitResult(ThreadUtils.scala:301)
[2021-06-06 15:31:19,875] {spark_submit.py:526} INFO - at org.apache.spark.rpc.RpcTimeout.awaitResult(RpcTimeout.scala:75)
[2021-06-06 15:31:19,877] {spark_submit.py:526} INFO - at org.apache.spark.rpc.RpcEnv.setupEndpointRefByURI(RpcEnv.scala:101)
[2021-06-06 15:31:19,880] {spark_submit.py:526} INFO - at org.apache.spark.rpc.RpcEnv.setupEndpointRef(RpcEnv.scala:109)
[2021-06-06 15:31:19,882] {spark_submit.py:526} INFO - at org.apache.spark.deploy.client.StandaloneAppClient$ClientEndpoint$$anon$1.run(StandaloneAppClient.scala:107)
[2021-06-06 15:31:19,884] {spark_submit.py:526} INFO - at java.base/java.util.concurrent.Executors$RunnableAdapter.call(Executors.java:515)
[2021-06-06 15:31:19,886] {spark_submit.py:526} INFO - at java.base/java.util.concurrent.FutureTask.run(FutureTask.java:264)
[2021-06-06 15:31:19,888] {spark_submit.py:526} INFO - at java.base/java.util.concurrent.ThreadPoolExecutor.runWorker(ThreadPoolExecutor.java:1128)
[2021-06-06 15:31:19,894] {spark_submit.py:526} INFO - at java.base/java.util.concurrent.ThreadPoolExecutor$Worker.run(ThreadPoolExecutor.java:628)
[2021-06-06 15:31:19,896] {spark_submit.py:526} INFO - at java.base/java.lang.Thread.run(Thread.java:829)
[2021-06-06 15:31:19,899] {spark_submit.py:526} INFO - Caused by: java.io.IOException: Failed to connect to spark-master:7077
[2021-06-06 15:31:19,901] {spark_submit.py:526} INFO - at org.apache.spark.network.client.TransportClientFactory.createClient(TransportClientFactory.java:287)
[2021-06-06 15:31:19,903] {spark_submit.py:526} INFO - at org.apache.spark.network.client.TransportClientFactory.createClient(TransportClientFactory.java:218)
[2021-06-06 15:31:19,905] {spark_submit.py:526} INFO - at org.apache.spark.network.client.TransportClientFactory.createClient(TransportClientFactory.java:230)
[2021-06-06 15:31:19,908] {spark_submit.py:526} INFO - at org.apache.spark.rpc.netty.NettyRpcEnv.createClient(NettyRpcEnv.scala:204)
[2021-06-06 15:31:19,911] {spark_submit.py:526} INFO - at org.apache.spark.rpc.netty.Outbox$$anon$1.call(Outbox.scala:202)
[2021-06-06 15:31:19,914] {spark_submit.py:526} INFO - at org.apache.spark.rpc.netty.Outbox$$anon$1.call(Outbox.scala:198)
[2021-06-06 15:31:19,915] {spark_submit.py:526} INFO - ... 4 more
[2021-06-06 15:31:19,917] {spark_submit.py:526} INFO - Caused by: java.net.UnknownHostException: spark-master
[2021-06-06 15:31:19,918] {spark_submit.py:526} INFO - at java.base/java.net.InetAddress$CachedAddresses.get(InetAddress.java:797)
[2021-06-06 15:31:19,921] {spark_submit.py:526} INFO - at java.base/java.net.InetAddress.getAllByName0(InetAddress.java:1509)
[2021-06-06 15:31:19,925] {spark_submit.py:526} INFO - at java.base/java.net.InetAddress.getAllByName(InetAddress.java:1368)
[2021-06-06 15:31:19,926] {spark_submit.py:526} INFO - at java.base/java.net.InetAddress.getAllByName(InetAddress.java:1302)
[2021-06-06 15:31:19,928] {spark_submit.py:526} INFO - at java.base/java.net.InetAddress.getByName(InetAddress.java:1252)
[2021-06-06 15:31:19,929] {spark_submit.py:526} INFO - at io.netty.util.internal.SocketUtils$8.run(SocketUtils.java:156)
[2021-06-06 15:31:19,930] {spark_submit.py:526} INFO - at io.netty.util.internal.SocketUtils$8.run(SocketUtils.java:153)
[2021-06-06 15:31:19,933] {spark_submit.py:526} INFO - at java.base/java.security.AccessController.doPrivileged(Native Method)
[2021-06-06 15:31:19,936] {spark_submit.py:526} INFO - at io.netty.util.internal.SocketUtils.addressByName(SocketUtils.java:153)
[2021-06-06 15:31:19,937] {spark_submit.py:526} INFO - at io.netty.resolver.DefaultNameResolver.doResolve(DefaultNameResolver.java:41)
[2021-06-06 15:31:19,939] {spark_submit.py:526} INFO - at io.netty.resolver.SimpleNameResolver.resolve(SimpleNameResolver.java:61)
[2021-06-06 15:31:19,943] {spark_submit.py:526} INFO - at io.netty.resolver.SimpleNameResolver.resolve(SimpleNameResolver.java:53)
[2021-06-06 15:31:19,944] {spark_submit.py:526} INFO - at io.netty.resolver.InetSocketAddressResolver.doResolve(InetSocketAddressResolver.java:55)
[2021-06-06 15:31:19,945] {spark_submit.py:526} INFO - at io.netty.resolver.InetSocketAddressResolver.doResolve(InetSocketAddressResolver.java:31)
[2021-06-06 15:31:19,947] {spark_submit.py:526} INFO - at io.netty.resolver.AbstractAddressResolver.resolve(AbstractAddressResolver.java:106)
[2021-06-06 15:31:19,949] {spark_submit.py:526} INFO - at io.netty.bootstrap.Bootstrap.doResolveAndConnect0(Bootstrap.java:206)
[2021-06-06 15:31:19,951] {spark_submit.py:526} INFO - at io.netty.bootstrap.Bootstrap.access$000(Bootstrap.java:46)
[2021-06-06 15:31:19,952] {spark_submit.py:526} INFO - at io.netty.bootstrap.Bootstrap$1.operationComplete(Bootstrap.java:180)
[2021-06-06 15:31:19,954] {spark_submit.py:526} INFO - at io.netty.bootstrap.Bootstrap$1.operationComplete(Bootstrap.java:166)
[2021-06-06 15:31:19,956] {spark_submit.py:526} INFO - at io.netty.util.concurrent.DefaultPromise.notifyListener0(DefaultPromise.java:577)
[2021-06-06 15:31:19,958] {spark_submit.py:526} INFO - at io.netty.util.concurrent.DefaultPromise.notifyListenersNow(DefaultPromise.java:551)
[2021-06-06 15:31:19,959] {spark_submit.py:526} INFO - at io.netty.util.concurrent.DefaultPromise.notifyListeners(DefaultPromise.java:490)
[2021-06-06 15:31:19,963] {spark_submit.py:526} INFO - at io.netty.util.concurrent.DefaultPromise.setValue0(DefaultPromise.java:615)
[2021-06-06 15:31:19,965] {spark_submit.py:526} INFO - at io.netty.util.concurrent.DefaultPromise.setSuccess0(DefaultPromise.java:604)
[2021-06-06 15:31:19,966] {spark_submit.py:526} INFO - at io.netty.util.concurrent.DefaultPromise.trySuccess(DefaultPromise.java:104)
[2021-06-06 15:31:19,969] {spark_submit.py:526} INFO - at io.netty.channel.DefaultChannelPromise.trySuccess(DefaultChannelPromise.java:84)
[2021-06-06 15:31:19,971] {spark_submit.py:526} INFO - at io.netty.channel.AbstractChannel$AbstractUnsafe.safeSetSuccess(AbstractChannel.java:984)
[2021-06-06 15:31:19,973] {spark_submit.py:526} INFO - at io.netty.channel.AbstractChannel$AbstractUnsafe.register0(AbstractChannel.java:504)
[2021-06-06 15:31:19,974] {spark_submit.py:526} INFO - at io.netty.channel.AbstractChannel$AbstractUnsafe.access$200(AbstractChannel.java:417)
[2021-06-06 15:31:19,975] {spark_submit.py:526} INFO - at io.netty.channel.AbstractChannel$AbstractUnsafe$1.run(AbstractChannel.java:474)
[2021-06-06 15:31:19,977] {spark_submit.py:526} INFO - at io.netty.util.concurrent.AbstractEventExecutor.safeExecute(AbstractEventExecutor.java:164)
[2021-06-06 15:31:19,979] {spark_submit.py:526} INFO - at io.netty.util.concurrent.SingleThreadEventExecutor.runAllTasks(SingleThreadEventExecutor.java:472)
[2021-06-06 15:31:19,980] {spark_submit.py:526} INFO - at io.netty.channel.nio.NioEventLoop.run(NioEventLoop.java:500)
[2021-06-06 15:31:19,982] {spark_submit.py:526} INFO - at io.netty.util.concurrent.SingleThreadEventExecutor$4.run(SingleThreadEventExecutor.java:989)
[2021-06-06 15:31:19,983] {spark_submit.py:526} INFO - at io.netty.util.internal.ThreadExecutorMap$2.run(ThreadExecutorMap.java:74)
[2021-06-06 15:31:19,985] {spark_submit.py:526} INFO - at io.netty.util.concurrent.FastThreadLocalRunnable.run(FastThreadLocalRunnable.java:30)
[2021-06-06 15:31:19,986] {spark_submit.py:526} INFO - ... 1 more
[2021-06-06 15:31:39,746] {spark_submit.py:526} INFO - 21/06/06 15:31:39 ERROR StandaloneSchedulerBackend: Application has been killed. Reason: All masters are unresponsive! Giving up.
[2021-06-06 15:31:39,751] {spark_submit.py:526} INFO - 21/06/06 15:31:39 WARN StandaloneSchedulerBackend: Application ID is not initialized yet.
[2021-06-06 15:31:39,794] {spark_submit.py:526} INFO - 21/06/06 15:31:39 INFO Utils: Successfully started service 'org.apache.spark.network.netty.NettyBlockTransferService' on port 44335.
[2021-06-06 15:31:39,797] {spark_submit.py:526} INFO - 21/06/06 15:31:39 INFO NettyBlockTransferService: Server created on 5b1a5e9e3fee:44335
[2021-06-06 15:31:39,814] {spark_submit.py:526} INFO - 21/06/06 15:31:39 INFO BlockManager: Using org.apache.spark.storage.RandomBlockReplicationPolicy for block replication policy
[2021-06-06 15:31:39,855] {spark_submit.py:526} INFO - 21/06/06 15:31:39 INFO SparkUI: Stopped Spark web UI at http://5b1a5e9e3fee:4040
[2021-06-06 15:31:39,890] {spark_submit.py:526} INFO - 21/06/06 15:31:39 INFO StandaloneSchedulerBackend: Shutting down all executors
[2021-06-06 15:31:39,954] {spark_submit.py:526} INFO - 21/06/06 15:31:39 INFO CoarseGrainedSchedulerBackend$DriverEndpoint: Asking each executor to shut down
[2021-06-06 15:31:39,975] {spark_submit.py:526} INFO - 21/06/06 15:31:39 INFO BlockManagerMaster: Registering BlockManager BlockManagerId(driver, 5b1a5e9e3fee, 44335, None)
[2021-06-06 15:31:39,991] {spark_submit.py:526} INFO - 21/06/06 15:31:39 INFO BlockManagerMasterEndpoint: Registering block manager 5b1a5e9e3fee:44335 with 127.2 MiB RAM, BlockManagerId(driver, 5b1a5e9e3fee, 44335, None)
[2021-06-06 15:31:40,007] {spark_submit.py:526} INFO - 21/06/06 15:31:40 INFO BlockManagerMaster: Registered BlockManager BlockManagerId(driver, 5b1a5e9e3fee, 44335, None)
[2021-06-06 15:31:40,011] {spark_submit.py:526} INFO - 21/06/06 15:31:40 INFO BlockManager: Initialized BlockManager: BlockManagerId(driver, 5b1a5e9e3fee, 44335, None)
[2021-06-06 15:31:40,038] {spark_submit.py:526} INFO - 21/06/06 15:31:40 WARN StandaloneAppClient$ClientEndpoint: Drop UnregisterApplication(null) because has not yet connected to master
[2021-06-06 15:31:40,189] {spark_submit.py:526} INFO - 21/06/06 15:31:40 INFO MapOutputTrackerMasterEndpoint: MapOutputTrackerMasterEndpoint stopped!
[2021-06-06 15:31:40,351] {spark_submit.py:526} INFO - 21/06/06 15:31:40 INFO MemoryStore: MemoryStore cleared
[2021-06-06 15:31:40,353] {spark_submit.py:526} INFO - 21/06/06 15:31:40 INFO BlockManager: BlockManager stopped
[2021-06-06 15:31:40,374] {spark_submit.py:526} INFO - 21/06/06 15:31:40 INFO BlockManagerMaster: BlockManagerMaster stopped
[2021-06-06 15:31:40,382] {spark_submit.py:526} INFO - 21/06/06 15:31:40 INFO OutputCommitCoordinator$OutputCommitCoordinatorEndpoint: OutputCommitCoordinator stopped!
[2021-06-06 15:31:40,430] {spark_submit.py:526} INFO - 21/06/06 15:31:40 INFO SparkContext: Successfully stopped SparkContext
[2021-06-06 15:31:40,744] {spark_submit.py:526} INFO - 21/06/06 15:31:40 ERROR SparkContext: Error initializing SparkContext.
[2021-06-06 15:31:40,745] {spark_submit.py:526} INFO - java.lang.IllegalArgumentException: requirement failed: Can only call getServletHandlers on a running MetricsSystem
[2021-06-06 15:31:40,748] {spark_submit.py:526} INFO - at scala.Predef$.require(Predef.scala:281)
[2021-06-06 15:31:40,749] {spark_submit.py:526} INFO - at org.apache.spark.metrics.MetricsSystem.getServletHandlers(MetricsSystem.scala:92)
[2021-06-06 15:31:40,751] {spark_submit.py:526} INFO - at org.apache.spark.SparkContext.<init>(SparkContext.scala:597)
[2021-06-06 15:31:40,753] {spark_submit.py:526} INFO - at org.apache.spark.api.java.JavaSparkContext.<init>(JavaSparkContext.scala:58)
[2021-06-06 15:31:40,754] {spark_submit.py:526} INFO - at java.base/jdk.internal.reflect.NativeConstructorAccessorImpl.newInstance0(Native Method)
[2021-06-06 15:31:40,756] {spark_submit.py:526} INFO - at java.base/jdk.internal.reflect.NativeConstructorAccessorImpl.newInstance(NativeConstructorAccessorImpl.java:62)
[2021-06-06 15:31:40,757] {spark_submit.py:526} INFO - at java.base/jdk.internal.reflect.DelegatingConstructorAccessorImpl.newInstance(DelegatingConstructorAccessorImpl.java:45)
[2021-06-06 15:31:40,759] {spark_submit.py:526} INFO - at java.base/java.lang.reflect.Constructor.newInstance(Constructor.java:490)
[2021-06-06 15:31:40,760] {spark_submit.py:526} INFO - at py4j.reflection.MethodInvoker.invoke(MethodInvoker.java:247)
[2021-06-06 15:31:40,762] {spark_submit.py:526} INFO - at py4j.reflection.ReflectionEngine.invoke(ReflectionEngine.java:357)
[2021-06-06 15:31:40,763] {spark_submit.py:526} INFO - at py4j.Gateway.invoke(Gateway.java:238)
[2021-06-06 15:31:40,765] {spark_submit.py:526} INFO - at py4j.commands.ConstructorCommand.invokeConstructor(ConstructorCommand.java:80)
[2021-06-06 15:31:40,766] {spark_submit.py:526} INFO - at py4j.commands.ConstructorCommand.execute(ConstructorCommand.java:69)
[2021-06-06 15:31:40,767] {spark_submit.py:526} INFO - at py4j.GatewayConnection.run(GatewayConnection.java:238)
[2021-06-06 15:31:40,769] {spark_submit.py:526} INFO - at java.base/java.lang.Thread.run(Thread.java:829)
[2021-06-06 15:31:40,770] {spark_submit.py:526} INFO - 21/06/06 15:31:40 INFO SparkContext: SparkContext already stopped.
[2021-06-06 15:31:40,772] {spark_submit.py:526} INFO - Traceback (most recent call last):
[2021-06-06 15:31:40,774] {spark_submit.py:526} INFO - File "/opt/airflow/dags/test.py", line 6, in <module>
[2021-06-06 15:31:40,775] {spark_submit.py:526} INFO - .config("spark.executor.memory", "1G")
[2021-06-06 15:31:40,777] {spark_submit.py:526} INFO - File "/home/airflow/.local/lib/python3.7/site-packages/pyspark/python/lib/pyspark.zip/pyspark/sql/session.py", line 228, in getOrCreate
[2021-06-06 15:31:40,778] {spark_submit.py:526} INFO - File "/home/airflow/.local/lib/python3.7/site-packages/pyspark/python/lib/pyspark.zip/pyspark/context.py", line 384, in getOrCreate
[2021-06-06 15:31:40,779] {spark_submit.py:526} INFO - File "/home/airflow/.local/lib/python3.7/site-packages/pyspark/python/lib/pyspark.zip/pyspark/context.py", line 147, in __init__
[2021-06-06 15:31:40,781] {spark_submit.py:526} INFO - File "/home/airflow/.local/lib/python3.7/site-packages/pyspark/python/lib/pyspark.zip/pyspark/context.py", line 209, in _do_init
[2021-06-06 15:31:40,782] {spark_submit.py:526} INFO - File "/home/airflow/.local/lib/python3.7/site-packages/pyspark/python/lib/pyspark.zip/pyspark/context.py", line 321, in _initialize_context
[2021-06-06 15:31:40,784] {spark_submit.py:526} INFO - File "/home/airflow/.local/lib/python3.7/site-packages/pyspark/python/lib/py4j-0.10.9-src.zip/py4j/java_gateway.py", line 1569, in __call__
[2021-06-06 15:31:40,785] {spark_submit.py:526} INFO - File "/home/airflow/.local/lib/python3.7/site-packages/pyspark/python/lib/py4j-0.10.9-src.zip/py4j/protocol.py", line 328, in get_return_value
[2021-06-06 15:31:40,787] {spark_submit.py:526} INFO - py4j.protocol.Py4JJavaError: An error occurred while calling None.org.apache.spark.api.java.JavaSparkContext.
[2021-06-06 15:31:40,789] {spark_submit.py:526} INFO - : java.lang.IllegalArgumentException: requirement failed: Can only call getServletHandlers on a running MetricsSystem
[2021-06-06 15:31:40,790] {spark_submit.py:526} INFO - at scala.Predef$.require(Predef.scala:281)
[2021-06-06 15:31:40,792] {spark_submit.py:526} INFO - at org.apache.spark.metrics.MetricsSystem.getServletHandlers(MetricsSystem.scala:92)
[2021-06-06 15:31:40,793] {spark_submit.py:526} INFO - at org.apache.spark.SparkContext.<init>(SparkContext.scala:597)
[2021-06-06 15:31:40,794] {spark_submit.py:526} INFO - at org.apache.spark.api.java.JavaSparkContext.<init>(JavaSparkContext.scala:58)
[2021-06-06 15:31:40,795] {spark_submit.py:526} INFO - at java.base/jdk.internal.reflect.NativeConstructorAccessorImpl.newInstance0(Native Method)
[2021-06-06 15:31:40,797] {spark_submit.py:526} INFO - at java.base/jdk.internal.reflect.NativeConstructorAccessorImpl.newInstance(NativeConstructorAccessorImpl.java:62)
[2021-06-06 15:31:40,798] {spark_submit.py:526} INFO - at java.base/jdk.internal.reflect.DelegatingConstructorAccessorImpl.newInstance(DelegatingConstructorAccessorImpl.java:45)
[2021-06-06 15:31:40,799] {spark_submit.py:526} INFO - at java.base/java.lang.reflect.Constructor.newInstance(Constructor.java:490)
[2021-06-06 15:31:40,801] {spark_submit.py:526} INFO - at py4j.reflection.MethodInvoker.invoke(MethodInvoker.java:247)
[2021-06-06 15:31:40,802] {spark_submit.py:526} INFO - at py4j.reflection.ReflectionEngine.invoke(ReflectionEngine.java:357)
[2021-06-06 15:31:40,803] {spark_submit.py:526} INFO - at py4j.Gateway.invoke(Gateway.java:238)
[2021-06-06 15:31:40,804] {spark_submit.py:526} INFO - at py4j.commands.ConstructorCommand.invokeConstructor(ConstructorCommand.java:80)
[2021-06-06 15:31:40,805] {spark_submit.py:526} INFO - at py4j.commands.ConstructorCommand.execute(ConstructorCommand.java:69)
[2021-06-06 15:31:40,807] {spark_submit.py:526} INFO - at py4j.GatewayConnection.run(GatewayConnection.java:238)
[2021-06-06 15:31:40,808] {spark_submit.py:526} INFO - at java.base/java.lang.Thread.run(Thread.java:829)
[2021-06-06 15:31:40,809] {spark_submit.py:526} INFO - 
[2021-06-06 15:31:40,854] {spark_submit.py:526} INFO - 21/06/06 15:31:40 INFO ShutdownHookManager: Shutdown hook called
[2021-06-06 15:31:40,856] {spark_submit.py:526} INFO - 21/06/06 15:31:40 INFO ShutdownHookManager: Deleting directory /tmp/spark-c2f51640-eed5-4d01-80eb-163ee02fbde4
[2021-06-06 15:31:40,865] {spark_submit.py:526} INFO - 21/06/06 15:31:40 INFO ShutdownHookManager: Deleting directory /tmp/spark-e5132e79-8763-4d53-9d39-dee94788f799
[2021-06-06 15:31:41,101] {taskinstance.py:1455} ERROR - Cannot execute: spark-submit --master spark://spark-master:7077 --conf master=spark://spark-master:7077 --num-executors 1 --total-executor-cores 1 --executor-cores 1 --executor-memory 512m --driver-memory 512m --name airflow-spark /opt/airflow/dags/test.py. Error code is: 1.
Traceback (most recent call last):
  File "/home/airflow/.local/lib/python3.7/site-packages/airflow/models/taskinstance.py", line 1112, in _run_raw_task
    self._prepare_and_execute_task_with_callbacks(context, task)
  File "/home/airflow/.local/lib/python3.7/site-packages/airflow/models/taskinstance.py", line 1285, in _prepare_and_execute_task_with_callbacks
    result = self._execute_task(context, task_copy)
  File "/home/airflow/.local/lib/python3.7/site-packages/airflow/models/taskinstance.py", line 1315, in _execute_task
    result = task_copy.execute(context=context)
  File "/home/airflow/.local/lib/python3.7/site-packages/airflow/providers/apache/spark/operators/spark_submit.py", line 183, in execute
    self._hook.submit(self._application)
  File "/home/airflow/.local/lib/python3.7/site-packages/airflow/providers/apache/spark/hooks/spark_submit.py", line 455, in submit
    self._mask_cmd(spark_submit_cmd), returncode
airflow.exceptions.AirflowException: Cannot execute: spark-submit --master spark://spark-master:7077 --conf master=spark://spark-master:7077 --num-executors 1 --total-executor-cores 1 --executor-cores 1 --executor-memory 512m --driver-memory 512m --name airflow-spark /opt/airflow/dags/test.py. Error code is: 1.
[2021-06-06 15:31:41,127] {taskinstance.py:1503} INFO - Marking task as UP_FOR_RETRY. dag_id=forex_data_pipeline, task_id=spark_submit_job, execution_date=20210605T000000, start_date=20210606T153026, end_date=20210606T153141
[2021-06-06 15:31:41,265] {local_task_job.py:146} INFO - Task exited with return code 1
