[2021-06-06 16:17:01,525] {taskinstance.py:851} INFO - Dependencies all met for <TaskInstance: forex_data_pipeline.spark_submit_job 2021-06-05T00:00:00+00:00 [queued]>
[2021-06-06 16:17:01,611] {taskinstance.py:851} INFO - Dependencies all met for <TaskInstance: forex_data_pipeline.spark_submit_job 2021-06-05T00:00:00+00:00 [queued]>
[2021-06-06 16:17:01,615] {taskinstance.py:1042} INFO - 
--------------------------------------------------------------------------------
[2021-06-06 16:17:01,625] {taskinstance.py:1043} INFO - Starting attempt 10 of 11
[2021-06-06 16:17:01,632] {taskinstance.py:1044} INFO - 
--------------------------------------------------------------------------------
[2021-06-06 16:17:01,675] {taskinstance.py:1063} INFO - Executing <Task(SparkSubmitOperator): spark_submit_job> on 2021-06-05T00:00:00+00:00
[2021-06-06 16:17:01,691] {standard_task_runner.py:52} INFO - Started process 3723 to run task
[2021-06-06 16:17:01,718] {standard_task_runner.py:76} INFO - Running: ['airflow', 'tasks', 'run', 'forex_data_pipeline', 'spark_submit_job', '2021-06-05T00:00:00+00:00', '--job-id', '42', '--pool', 'default_pool', '--raw', '--subdir', 'DAGS_FOLDER/dag_spark.py', '--cfg-path', '/tmp/tmpuyhyho2d', '--error-file', '/tmp/tmpjyw7iyka']
[2021-06-06 16:17:01,732] {standard_task_runner.py:77} INFO - Job 42: Subtask spark_submit_job
[2021-06-06 16:17:02,088] {logging_mixin.py:104} INFO - Running <TaskInstance: forex_data_pipeline.spark_submit_job 2021-06-05T00:00:00+00:00 [running]> on host 5b1a5e9e3fee
[2021-06-06 16:17:02,381] {taskinstance.py:1257} INFO - Exporting the following env vars:
AIRFLOW_CTX_DAG_EMAIL=admin@localhost.com
AIRFLOW_CTX_DAG_OWNER=airflow
AIRFLOW_CTX_DAG_ID=forex_data_pipeline
AIRFLOW_CTX_TASK_ID=spark_submit_job
AIRFLOW_CTX_EXECUTION_DATE=2021-06-05T00:00:00+00:00
AIRFLOW_CTX_DAG_RUN_ID=scheduled__2021-06-05T00:00:00+00:00
[2021-06-06 16:17:02,429] {base.py:74} INFO - Using connection to: id: spark_conn. Host: spark://spark-master, Port: 7077, Schema: , Login: marcelo, Password: XXXXXXXX, extra: None
[2021-06-06 16:17:02,434] {spark_submit.py:364} INFO - Spark-Submit cmd: spark-submit --master spark://spark-master:7077 --executor-memory 2g --name arrow-spark /opt/airflow/dags/test.py
[2021-06-06 16:17:14,013] {spark_submit.py:526} INFO - WARNING: An illegal reflective access operation has occurred
[2021-06-06 16:17:14,761] {spark_submit.py:526} INFO - WARNING: Illegal reflective access by org.apache.spark.unsafe.Platform (file:/home/airflow/.local/lib/python3.7/site-packages/pyspark/jars/spark-unsafe_2.12-3.1.2.jar) to constructor java.nio.DirectByteBuffer(long,int)
[2021-06-06 16:17:14,806] {spark_submit.py:526} INFO - WARNING: Please consider reporting this to the maintainers of org.apache.spark.unsafe.Platform
[2021-06-06 16:17:14,810] {spark_submit.py:526} INFO - WARNING: Use --illegal-access=warn to enable warnings of further illegal reflective access operations
[2021-06-06 16:17:14,820] {spark_submit.py:526} INFO - WARNING: All illegal access operations will be denied in a future release
[2021-06-06 16:17:16,350] {spark_submit.py:526} INFO - 21/06/06 16:17:16 WARN NativeCodeLoader: Unable to load native-hadoop library for your platform... using builtin-java classes where applicable
[2021-06-06 16:17:21,502] {spark_submit.py:526} INFO - Using Spark's default log4j profile: org/apache/spark/log4j-defaults.properties
[2021-06-06 16:17:21,599] {spark_submit.py:526} INFO - 21/06/06 16:17:21 INFO SparkContext: Running Spark version 3.1.2
[2021-06-06 16:17:22,473] {spark_submit.py:526} INFO - 21/06/06 16:17:22 INFO ResourceUtils: ==============================================================
[2021-06-06 16:17:22,519] {spark_submit.py:526} INFO - 21/06/06 16:17:22 INFO ResourceUtils: No custom resources configured for spark.driver.
[2021-06-06 16:17:22,566] {spark_submit.py:526} INFO - 21/06/06 16:17:22 INFO ResourceUtils: ==============================================================
[2021-06-06 16:17:22,574] {spark_submit.py:526} INFO - 21/06/06 16:17:22 INFO SparkContext: Submitted application: Forex processing
[2021-06-06 16:17:22,806] {spark_submit.py:526} INFO - 21/06/06 16:17:22 INFO ResourceProfile: Default ResourceProfile created, executor resources: Map(cores -> name: cores, amount: 1, script: , vendor: , memory -> name: memory, amount: 2048, script: , vendor: , offHeap -> name: offHeap, amount: 0, script: , vendor: ), task resources: Map(cpus -> name: cpus, amount: 1.0)
[2021-06-06 16:17:22,888] {spark_submit.py:526} INFO - 21/06/06 16:17:22 INFO ResourceProfile: Limiting resource is cpu
[2021-06-06 16:17:22,943] {spark_submit.py:526} INFO - 21/06/06 16:17:22 INFO ResourceProfileManager: Added ResourceProfile id: 0
[2021-06-06 16:17:23,520] {spark_submit.py:526} INFO - 21/06/06 16:17:23 INFO SecurityManager: Changing view acls to: airflow
[2021-06-06 16:17:23,553] {spark_submit.py:526} INFO - 21/06/06 16:17:23 INFO SecurityManager: Changing modify acls to: airflow
[2021-06-06 16:17:23,577] {spark_submit.py:526} INFO - 21/06/06 16:17:23 INFO SecurityManager: Changing view acls groups to:
[2021-06-06 16:17:23,592] {spark_submit.py:526} INFO - 21/06/06 16:17:23 INFO SecurityManager: Changing modify acls groups to:
[2021-06-06 16:17:23,602] {spark_submit.py:526} INFO - 21/06/06 16:17:23 INFO SecurityManager: SecurityManager: authentication disabled; ui acls disabled; users  with view permissions: Set(airflow); groups with view permissions: Set(); users  with modify permissions: Set(airflow); groups with modify permissions: Set()
[2021-06-06 16:17:25,764] {spark_submit.py:526} INFO - 21/06/06 16:17:25 INFO Utils: Successfully started service 'sparkDriver' on port 44481.
[2021-06-06 16:17:26,016] {spark_submit.py:526} INFO - 21/06/06 16:17:26 INFO SparkEnv: Registering MapOutputTracker
[2021-06-06 16:17:26,167] {spark_submit.py:526} INFO - 21/06/06 16:17:26 INFO SparkEnv: Registering BlockManagerMaster
[2021-06-06 16:17:26,278] {spark_submit.py:526} INFO - 21/06/06 16:17:26 INFO BlockManagerMasterEndpoint: Using org.apache.spark.storage.DefaultTopologyMapper for getting topology information
[2021-06-06 16:17:26,284] {spark_submit.py:526} INFO - 21/06/06 16:17:26 INFO BlockManagerMasterEndpoint: BlockManagerMasterEndpoint up
[2021-06-06 16:17:26,301] {spark_submit.py:526} INFO - 21/06/06 16:17:26 INFO SparkEnv: Registering BlockManagerMasterHeartbeat
[2021-06-06 16:17:26,351] {spark_submit.py:526} INFO - 21/06/06 16:17:26 INFO DiskBlockManager: Created local directory at /tmp/blockmgr-9306a169-71cc-4771-ba40-d3e90979dfec
[2021-06-06 16:17:26,423] {spark_submit.py:526} INFO - 21/06/06 16:17:26 INFO MemoryStore: MemoryStore started with capacity 434.4 MiB
[2021-06-06 16:17:26,485] {spark_submit.py:526} INFO - 21/06/06 16:17:26 INFO SparkEnv: Registering OutputCommitCoordinator
[2021-06-06 16:17:27,707] {spark_submit.py:526} INFO - 21/06/06 16:17:27 INFO Utils: Successfully started service 'SparkUI' on port 4040.
[2021-06-06 16:17:27,987] {spark_submit.py:526} INFO - 21/06/06 16:17:27 INFO SparkUI: Bound SparkUI to 0.0.0.0, and started at http://5b1a5e9e3fee:4040
[2021-06-06 16:17:29,569] {spark_submit.py:526} INFO - 21/06/06 16:17:29 INFO StandaloneAppClient$ClientEndpoint: Connecting to master spark://spark-master:7077...
[2021-06-06 16:17:29,847] {spark_submit.py:526} INFO - 21/06/06 16:17:29 INFO TransportClientFactory: Successfully created connection to spark-master/172.21.0.9:7077 after 145 ms (0 ms spent in bootstraps)
[2021-06-06 16:17:30,769] {spark_submit.py:526} INFO - 21/06/06 16:17:30 INFO StandaloneSchedulerBackend: Connected to Spark cluster with app ID app-20210606161730-0007
[2021-06-06 16:17:30,800] {spark_submit.py:526} INFO - 21/06/06 16:17:30 INFO Utils: Successfully started service 'org.apache.spark.network.netty.NettyBlockTransferService' on port 44953.
[2021-06-06 16:17:30,814] {spark_submit.py:526} INFO - 21/06/06 16:17:30 INFO NettyBlockTransferService: Server created on 5b1a5e9e3fee:44953
[2021-06-06 16:17:30,816] {spark_submit.py:526} INFO - 21/06/06 16:17:30 INFO BlockManager: Using org.apache.spark.storage.RandomBlockReplicationPolicy for block replication policy
[2021-06-06 16:17:30,849] {spark_submit.py:526} INFO - 21/06/06 16:17:30 INFO BlockManagerMaster: Registering BlockManager BlockManagerId(driver, 5b1a5e9e3fee, 44953, None)
[2021-06-06 16:17:30,878] {spark_submit.py:526} INFO - 21/06/06 16:17:30 INFO BlockManagerMasterEndpoint: Registering block manager 5b1a5e9e3fee:44953 with 434.4 MiB RAM, BlockManagerId(driver, 5b1a5e9e3fee, 44953, None)
[2021-06-06 16:17:30,895] {spark_submit.py:526} INFO - 21/06/06 16:17:30 INFO BlockManagerMaster: Registered BlockManager BlockManagerId(driver, 5b1a5e9e3fee, 44953, None)
[2021-06-06 16:17:30,902] {spark_submit.py:526} INFO - 21/06/06 16:17:30 INFO BlockManager: Initialized BlockManager: BlockManagerId(driver, 5b1a5e9e3fee, 44953, None)
[2021-06-06 16:17:32,244] {spark_submit.py:526} INFO - 21/06/06 16:17:32 INFO StandaloneSchedulerBackend: SchedulerBackend is ready for scheduling beginning after reached minRegisteredResourcesRatio: 0.0
[2021-06-06 16:17:33,872] {spark_submit.py:526} INFO - 21/06/06 16:17:33 INFO SharedState: Setting hive.metastore.warehouse.dir ('null') to the value of spark.sql.warehouse.dir ('/opt/airflow/spark-warehouse').
[2021-06-06 16:17:33,902] {spark_submit.py:526} INFO - 21/06/06 16:17:33 INFO SharedState: Warehouse path is '/opt/airflow/spark-warehouse'.
[2021-06-06 16:17:58,497] {spark_submit.py:526} INFO - 21/06/06 16:17:58 INFO CodeGenerator: Code generated in 1363.254642 ms
[2021-06-06 16:17:58,801] {spark_submit.py:526} INFO - 21/06/06 16:17:58 INFO SparkContext: Starting job: showString at NativeMethodAccessorImpl.java:0
[2021-06-06 16:17:58,923] {spark_submit.py:526} INFO - 21/06/06 16:17:58 INFO DAGScheduler: Got job 0 (showString at NativeMethodAccessorImpl.java:0) with 1 output partitions
[2021-06-06 16:17:58,974] {spark_submit.py:526} INFO - 21/06/06 16:17:58 INFO DAGScheduler: Final stage: ResultStage 0 (showString at NativeMethodAccessorImpl.java:0)
[2021-06-06 16:17:59,021] {spark_submit.py:526} INFO - 21/06/06 16:17:58 INFO DAGScheduler: Parents of final stage: List()
[2021-06-06 16:17:59,068] {spark_submit.py:526} INFO - 21/06/06 16:17:58 INFO DAGScheduler: Missing parents: List()
[2021-06-06 16:17:59,079] {spark_submit.py:526} INFO - 21/06/06 16:17:58 INFO DAGScheduler: Submitting ResultStage 0 (MapPartitionsRDD[6] at showString at NativeMethodAccessorImpl.java:0), which has no missing parents
[2021-06-06 16:17:59,989] {spark_submit.py:526} INFO - 21/06/06 16:17:59 INFO MemoryStore: Block broadcast_0 stored as values in memory (estimated size 11.1 KiB, free 434.4 MiB)
[2021-06-06 16:18:00,219] {spark_submit.py:526} INFO - 21/06/06 16:18:00 INFO MemoryStore: Block broadcast_0_piece0 stored as bytes in memory (estimated size 5.8 KiB, free 434.4 MiB)
[2021-06-06 16:18:00,333] {spark_submit.py:526} INFO - 21/06/06 16:18:00 INFO BlockManagerInfo: Added broadcast_0_piece0 in memory on 5b1a5e9e3fee:44953 (size: 5.8 KiB, free: 434.4 MiB)
[2021-06-06 16:18:00,353] {spark_submit.py:526} INFO - 21/06/06 16:18:00 INFO SparkContext: Created broadcast 0 from broadcast at DAGScheduler.scala:1388
[2021-06-06 16:18:00,474] {spark_submit.py:526} INFO - 21/06/06 16:18:00 INFO DAGScheduler: Submitting 1 missing tasks from ResultStage 0 (MapPartitionsRDD[6] at showString at NativeMethodAccessorImpl.java:0) (first 15 tasks are for partitions Vector(0))
[2021-06-06 16:18:00,489] {spark_submit.py:526} INFO - 21/06/06 16:18:00 INFO TaskSchedulerImpl: Adding task set 0.0 with 1 tasks resource profile 0
[2021-06-06 16:18:15,639] {spark_submit.py:526} INFO - 21/06/06 16:18:15 WARN TaskSchedulerImpl: Initial job has not accepted any resources; check your cluster UI to ensure that workers are registered and have sufficient resources
[2021-06-06 16:18:30,638] {spark_submit.py:526} INFO - 21/06/06 16:18:30 WARN TaskSchedulerImpl: Initial job has not accepted any resources; check your cluster UI to ensure that workers are registered and have sufficient resources
[2021-06-06 16:18:45,656] {spark_submit.py:526} INFO - 21/06/06 16:18:45 WARN TaskSchedulerImpl: Initial job has not accepted any resources; check your cluster UI to ensure that workers are registered and have sufficient resources
[2021-06-06 16:19:00,639] {spark_submit.py:526} INFO - 21/06/06 16:19:00 WARN TaskSchedulerImpl: Initial job has not accepted any resources; check your cluster UI to ensure that workers are registered and have sufficient resources
[2021-06-06 16:19:15,639] {spark_submit.py:526} INFO - 21/06/06 16:19:15 WARN TaskSchedulerImpl: Initial job has not accepted any resources; check your cluster UI to ensure that workers are registered and have sufficient resources
[2021-06-06 16:19:30,685] {spark_submit.py:526} INFO - 21/06/06 16:19:30 WARN TaskSchedulerImpl: Initial job has not accepted any resources; check your cluster UI to ensure that workers are registered and have sufficient resources
[2021-06-06 16:19:45,640] {spark_submit.py:526} INFO - 21/06/06 16:19:45 WARN TaskSchedulerImpl: Initial job has not accepted any resources; check your cluster UI to ensure that workers are registered and have sufficient resources
[2021-06-06 16:20:00,648] {spark_submit.py:526} INFO - 21/06/06 16:20:00 WARN TaskSchedulerImpl: Initial job has not accepted any resources; check your cluster UI to ensure that workers are registered and have sufficient resources
[2021-06-06 16:20:15,638] {spark_submit.py:526} INFO - 21/06/06 16:20:15 WARN TaskSchedulerImpl: Initial job has not accepted any resources; check your cluster UI to ensure that workers are registered and have sufficient resources
[2021-06-06 16:20:30,639] {spark_submit.py:526} INFO - 21/06/06 16:20:30 WARN TaskSchedulerImpl: Initial job has not accepted any resources; check your cluster UI to ensure that workers are registered and have sufficient resources
[2021-06-06 16:20:45,681] {spark_submit.py:526} INFO - 21/06/06 16:20:45 WARN TaskSchedulerImpl: Initial job has not accepted any resources; check your cluster UI to ensure that workers are registered and have sufficient resources
[2021-06-06 16:21:00,654] {spark_submit.py:526} INFO - 21/06/06 16:21:00 WARN TaskSchedulerImpl: Initial job has not accepted any resources; check your cluster UI to ensure that workers are registered and have sufficient resources
[2021-06-06 16:21:15,640] {spark_submit.py:526} INFO - 21/06/06 16:21:15 WARN TaskSchedulerImpl: Initial job has not accepted any resources; check your cluster UI to ensure that workers are registered and have sufficient resources
[2021-06-06 16:21:30,639] {spark_submit.py:526} INFO - 21/06/06 16:21:30 WARN TaskSchedulerImpl: Initial job has not accepted any resources; check your cluster UI to ensure that workers are registered and have sufficient resources
[2021-06-06 16:21:45,640] {spark_submit.py:526} INFO - 21/06/06 16:21:45 WARN TaskSchedulerImpl: Initial job has not accepted any resources; check your cluster UI to ensure that workers are registered and have sufficient resources
[2021-06-06 16:22:00,638] {spark_submit.py:526} INFO - 21/06/06 16:22:00 WARN TaskSchedulerImpl: Initial job has not accepted any resources; check your cluster UI to ensure that workers are registered and have sufficient resources
[2021-06-06 16:22:15,726] {spark_submit.py:526} INFO - 21/06/06 16:22:15 WARN TaskSchedulerImpl: Initial job has not accepted any resources; check your cluster UI to ensure that workers are registered and have sufficient resources
[2021-06-06 16:22:15,618] {local_task_job.py:77} ERROR - Received SIGTERM. Terminating subprocesses
[2021-06-06 16:22:16,057] {process_utils.py:100} INFO - Sending Signals.SIGTERM to GPID 3723
[2021-06-06 16:22:16,338] {taskinstance.py:1239} ERROR - Received SIGTERM. Terminating subprocesses.
[2021-06-06 16:22:16,585] {spark_submit.py:657} INFO - Sending kill signal to spark-submit
