[2021-06-06 16:43:41,288] {taskinstance.py:851} INFO - Dependencies all met for <TaskInstance: forex_data_pipeline.spark_submit_job 2021-06-05T00:00:00+00:00 [queued]>
[2021-06-06 16:43:41,357] {taskinstance.py:851} INFO - Dependencies all met for <TaskInstance: forex_data_pipeline.spark_submit_job 2021-06-05T00:00:00+00:00 [queued]>
[2021-06-06 16:43:41,370] {taskinstance.py:1042} INFO - 
--------------------------------------------------------------------------------
[2021-06-06 16:43:41,374] {taskinstance.py:1043} INFO - Starting attempt 12 of 13
[2021-06-06 16:43:41,380] {taskinstance.py:1044} INFO - 
--------------------------------------------------------------------------------
[2021-06-06 16:43:41,451] {taskinstance.py:1063} INFO - Executing <Task(SparkSubmitOperator): spark_submit_job> on 2021-06-05T00:00:00+00:00
[2021-06-06 16:43:41,466] {standard_task_runner.py:52} INFO - Started process 941 to run task
[2021-06-06 16:43:41,517] {standard_task_runner.py:76} INFO - Running: ['airflow', 'tasks', 'run', 'forex_data_pipeline', 'spark_submit_job', '2021-06-05T00:00:00+00:00', '--job-id', '45', '--pool', 'default_pool', '--raw', '--subdir', 'DAGS_FOLDER/dag_spark.py', '--cfg-path', '/tmp/tmp7u683avl', '--error-file', '/tmp/tmpid1yr8ek']
[2021-06-06 16:43:41,595] {standard_task_runner.py:77} INFO - Job 45: Subtask spark_submit_job
[2021-06-06 16:43:42,170] {logging_mixin.py:104} INFO - Running <TaskInstance: forex_data_pipeline.spark_submit_job 2021-06-05T00:00:00+00:00 [running]> on host 72eec67484fb
[2021-06-06 16:43:42,846] {taskinstance.py:1257} INFO - Exporting the following env vars:
AIRFLOW_CTX_DAG_EMAIL=admin@localhost.com
AIRFLOW_CTX_DAG_OWNER=airflow
AIRFLOW_CTX_DAG_ID=forex_data_pipeline
AIRFLOW_CTX_TASK_ID=spark_submit_job
AIRFLOW_CTX_EXECUTION_DATE=2021-06-05T00:00:00+00:00
AIRFLOW_CTX_DAG_RUN_ID=scheduled__2021-06-05T00:00:00+00:00
[2021-06-06 16:43:42,951] {base.py:74} INFO - Using connection to: id: spark_conn. Host: spark://spark-master, Port: 7077, Schema: , Login: marcelo, Password: XXXXXXXX, extra: None
[2021-06-06 16:43:42,976] {spark_submit.py:364} INFO - Spark-Submit cmd: spark-submit --master spark://spark-master:7077 --conf spark.master=spark://spark-master:7077 --conf spark.dynamicAllocation.enabled=false --conf spark.shuffle.service.enabled=false --num-executors 1 --total-executor-cores 1 --executor-cores 1 --executor-memory 2g --driver-memory 2g --name airflow-spark1 /opt/airflow/dags/test.py
[2021-06-06 16:43:59,539] {spark_submit.py:526} INFO - WARNING: An illegal reflective access operation has occurred
[2021-06-06 16:43:59,560] {spark_submit.py:526} INFO - WARNING: Illegal reflective access by org.apache.spark.unsafe.Platform (file:/home/airflow/.local/lib/python3.7/site-packages/pyspark/jars/spark-unsafe_2.12-3.1.2.jar) to constructor java.nio.DirectByteBuffer(long,int)
[2021-06-06 16:43:59,588] {spark_submit.py:526} INFO - WARNING: Please consider reporting this to the maintainers of org.apache.spark.unsafe.Platform
[2021-06-06 16:43:59,592] {spark_submit.py:526} INFO - WARNING: Use --illegal-access=warn to enable warnings of further illegal reflective access operations
[2021-06-06 16:43:59,622] {spark_submit.py:526} INFO - WARNING: All illegal access operations will be denied in a future release
[2021-06-06 16:44:05,105] {spark_submit.py:526} INFO - 21/06/06 16:44:05 WARN NativeCodeLoader: Unable to load native-hadoop library for your platform... using builtin-java classes where applicable
[2021-06-06 16:44:12,247] {spark_submit.py:526} INFO - Using Spark's default log4j profile: org/apache/spark/log4j-defaults.properties
[2021-06-06 16:44:12,369] {spark_submit.py:526} INFO - 21/06/06 16:44:12 INFO SparkContext: Running Spark version 3.1.2
[2021-06-06 16:44:12,968] {spark_submit.py:526} INFO - 21/06/06 16:44:12 INFO ResourceUtils: ==============================================================
[2021-06-06 16:44:13,029] {spark_submit.py:526} INFO - 21/06/06 16:44:12 INFO ResourceUtils: No custom resources configured for spark.driver.
[2021-06-06 16:44:13,037] {spark_submit.py:526} INFO - 21/06/06 16:44:13 INFO ResourceUtils: ==============================================================
[2021-06-06 16:44:13,046] {spark_submit.py:526} INFO - 21/06/06 16:44:13 INFO SparkContext: Submitted application: Forex processing
[2021-06-06 16:44:13,377] {spark_submit.py:526} INFO - 21/06/06 16:44:13 INFO ResourceProfile: Default ResourceProfile created, executor resources: Map(cores -> name: cores, amount: 1, script: , vendor: , memory -> name: memory, amount: 2048, script: , vendor: , offHeap -> name: offHeap, amount: 0, script: , vendor: ), task resources: Map(cpus -> name: cpus, amount: 1.0)
[2021-06-06 16:44:13,743] {spark_submit.py:526} INFO - 21/06/06 16:44:13 INFO ResourceProfile: Limiting resource is cpus at 1 tasks per executor
[2021-06-06 16:44:13,763] {spark_submit.py:526} INFO - 21/06/06 16:44:13 INFO ResourceProfileManager: Added ResourceProfile id: 0
[2021-06-06 16:44:14,274] {spark_submit.py:526} INFO - 21/06/06 16:44:14 INFO SecurityManager: Changing view acls to: airflow
[2021-06-06 16:44:14,316] {spark_submit.py:526} INFO - 21/06/06 16:44:14 INFO SecurityManager: Changing modify acls to: airflow
[2021-06-06 16:44:14,321] {spark_submit.py:526} INFO - 21/06/06 16:44:14 INFO SecurityManager: Changing view acls groups to:
[2021-06-06 16:44:14,330] {spark_submit.py:526} INFO - 21/06/06 16:44:14 INFO SecurityManager: Changing modify acls groups to:
[2021-06-06 16:44:14,337] {spark_submit.py:526} INFO - 21/06/06 16:44:14 INFO SecurityManager: SecurityManager: authentication disabled; ui acls disabled; users  with view permissions: Set(airflow); groups with view permissions: Set(); users  with modify permissions: Set(airflow); groups with modify permissions: Set()
[2021-06-06 16:44:16,764] {spark_submit.py:526} INFO - 21/06/06 16:44:16 INFO Utils: Successfully started service 'sparkDriver' on port 34187.
[2021-06-06 16:44:17,126] {spark_submit.py:526} INFO - 21/06/06 16:44:17 INFO SparkEnv: Registering MapOutputTracker
[2021-06-06 16:44:18,831] {spark_submit.py:526} INFO - 21/06/06 16:44:18 INFO SparkEnv: Registering BlockManagerMaster
[2021-06-06 16:44:19,466] {spark_submit.py:526} INFO - 21/06/06 16:44:19 INFO BlockManagerMasterEndpoint: Using org.apache.spark.storage.DefaultTopologyMapper for getting topology information
[2021-06-06 16:44:19,526] {spark_submit.py:526} INFO - 21/06/06 16:44:19 INFO BlockManagerMasterEndpoint: BlockManagerMasterEndpoint up
[2021-06-06 16:44:19,527] {spark_submit.py:526} INFO - 21/06/06 16:44:19 INFO SparkEnv: Registering BlockManagerMasterHeartbeat
[2021-06-06 16:44:19,720] {spark_submit.py:526} INFO - 21/06/06 16:44:19 INFO DiskBlockManager: Created local directory at /tmp/blockmgr-df930ad3-ff34-4bfc-8ba8-4f35e84c97af
[2021-06-06 16:44:20,242] {spark_submit.py:526} INFO - 21/06/06 16:44:20 INFO MemoryStore: MemoryStore started with capacity 1048.8 MiB
[2021-06-06 16:44:20,526] {spark_submit.py:526} INFO - 21/06/06 16:44:20 INFO SparkEnv: Registering OutputCommitCoordinator
[2021-06-06 16:44:23,560] {spark_submit.py:526} INFO - 21/06/06 16:44:23 INFO Utils: Successfully started service 'SparkUI' on port 4040.
[2021-06-06 16:44:24,478] {spark_submit.py:526} INFO - 21/06/06 16:44:24 INFO SparkUI: Bound SparkUI to 0.0.0.0, and started at http://72eec67484fb:4040
[2021-06-06 16:44:26,599] {spark_submit.py:526} INFO - 21/06/06 16:44:26 INFO StandaloneAppClient$ClientEndpoint: Connecting to master spark://spark-master:7077...
[2021-06-06 16:44:27,481] {spark_submit.py:526} INFO - 21/06/06 16:44:27 INFO TransportClientFactory: Successfully created connection to spark-master/172.21.0.5:7077 after 462 ms (0 ms spent in bootstraps)
[2021-06-06 16:44:30,147] {spark_submit.py:526} INFO - 21/06/06 16:44:30 INFO StandaloneSchedulerBackend: Connected to Spark cluster with app ID app-20210606164429-0001
[2021-06-06 16:44:30,336] {spark_submit.py:526} INFO - 21/06/06 16:44:30 INFO Utils: Successfully started service 'org.apache.spark.network.netty.NettyBlockTransferService' on port 35081.
[2021-06-06 16:44:30,358] {spark_submit.py:526} INFO - 21/06/06 16:44:30 INFO NettyBlockTransferService: Server created on 72eec67484fb:35081
[2021-06-06 16:44:30,386] {spark_submit.py:526} INFO - 21/06/06 16:44:30 INFO BlockManager: Using org.apache.spark.storage.RandomBlockReplicationPolicy for block replication policy
[2021-06-06 16:44:30,705] {spark_submit.py:526} INFO - 21/06/06 16:44:30 INFO BlockManagerMaster: Registering BlockManager BlockManagerId(driver, 72eec67484fb, 35081, None)
[2021-06-06 16:44:30,780] {spark_submit.py:526} INFO - 21/06/06 16:44:30 INFO BlockManagerMasterEndpoint: Registering block manager 72eec67484fb:35081 with 1048.8 MiB RAM, BlockManagerId(driver, 72eec67484fb, 35081, None)
[2021-06-06 16:44:30,844] {spark_submit.py:526} INFO - 21/06/06 16:44:30 INFO BlockManagerMaster: Registered BlockManager BlockManagerId(driver, 72eec67484fb, 35081, None)
[2021-06-06 16:44:30,876] {spark_submit.py:526} INFO - 21/06/06 16:44:30 INFO BlockManager: Initialized BlockManager: BlockManagerId(driver, 72eec67484fb, 35081, None)
[2021-06-06 16:44:33,901] {spark_submit.py:526} INFO - 21/06/06 16:44:33 INFO StandaloneSchedulerBackend: SchedulerBackend is ready for scheduling beginning after reached minRegisteredResourcesRatio: 0.0
[2021-06-06 16:44:36,779] {spark_submit.py:526} INFO - 21/06/06 16:44:36 INFO SharedState: Setting hive.metastore.warehouse.dir ('null') to the value of spark.sql.warehouse.dir ('/opt/airflow/spark-warehouse').
[2021-06-06 16:44:36,782] {spark_submit.py:526} INFO - 21/06/06 16:44:36 INFO SharedState: Warehouse path is '/opt/airflow/spark-warehouse'.
[2021-06-06 16:45:33,802] {spark_submit.py:526} INFO - 21/06/06 16:45:33 INFO CodeGenerator: Code generated in 5202.0073 ms
[2021-06-06 16:45:34,644] {spark_submit.py:526} INFO - 21/06/06 16:45:34 INFO SparkContext: Starting job: showString at NativeMethodAccessorImpl.java:0
[2021-06-06 16:45:35,411] {spark_submit.py:526} INFO - 21/06/06 16:45:35 INFO DAGScheduler: Got job 0 (showString at NativeMethodAccessorImpl.java:0) with 1 output partitions
[2021-06-06 16:45:35,488] {spark_submit.py:526} INFO - 21/06/06 16:45:35 INFO DAGScheduler: Final stage: ResultStage 0 (showString at NativeMethodAccessorImpl.java:0)
[2021-06-06 16:45:35,632] {spark_submit.py:526} INFO - 21/06/06 16:45:35 INFO DAGScheduler: Parents of final stage: List()
[2021-06-06 16:45:35,643] {spark_submit.py:526} INFO - 21/06/06 16:45:35 INFO DAGScheduler: Missing parents: List()
[2021-06-06 16:45:35,787] {spark_submit.py:526} INFO - 21/06/06 16:45:35 INFO DAGScheduler: Submitting ResultStage 0 (MapPartitionsRDD[6] at showString at NativeMethodAccessorImpl.java:0), which has no missing parents
[2021-06-06 16:45:37,373] {spark_submit.py:526} INFO - 21/06/06 16:45:37 INFO AsyncEventQueue: Process of event SparkListenerJobStart(0,1622997935577,WrappedArray(org.apache.spark.scheduler.StageInfo@6188fb28),{spark.executor.memory=512m, spark.driver.port=34187, spark.driver.memory=512m, spark.master=spark://spark-master:7077, spark.submit.pyFiles=, spark.app.startTime=1622997852092, spark.driver.cores=1, spark.sql.catalogImplementation=hive, spark.rdd.compress=True, spark.executor.id=driver, spark.app.name=pyspark-3, spark.executor.cores=1, spark.submit.deployMode=client, spark.driver.host=72eec67484fb, spark.app.id=app-20210606164429-0001, spark.shuffle.service.enabled=false, spark.sql.execution.id=0, spark.cores.max=1, spark.dynamicAllocation.enabled=false, spark.sql.warehouse.dir=/opt/airflow/spark-warehouse, spark.serializer.objectStreamReset=100}) by listener AppStatusListener took 1.4723353s.
[2021-06-06 16:45:38,821] {spark_submit.py:526} INFO - 21/06/06 16:45:38 INFO MemoryStore: Block broadcast_0 stored as values in memory (estimated size 11.1 KiB, free 1048.8 MiB)
[2021-06-06 16:45:39,311] {spark_submit.py:526} INFO - 21/06/06 16:45:39 INFO MemoryStore: Block broadcast_0_piece0 stored as bytes in memory (estimated size 5.8 KiB, free 1048.8 MiB)
[2021-06-06 16:45:39,347] {spark_submit.py:526} INFO - 21/06/06 16:45:39 INFO BlockManagerInfo: Added broadcast_0_piece0 in memory on 72eec67484fb:35081 (size: 5.8 KiB, free: 1048.8 MiB)
[2021-06-06 16:45:39,359] {spark_submit.py:526} INFO - 21/06/06 16:45:39 INFO SparkContext: Created broadcast 0 from broadcast at DAGScheduler.scala:1388
[2021-06-06 16:45:39,464] {spark_submit.py:526} INFO - 21/06/06 16:45:39 INFO DAGScheduler: Submitting 1 missing tasks from ResultStage 0 (MapPartitionsRDD[6] at showString at NativeMethodAccessorImpl.java:0) (first 15 tasks are for partitions Vector(0))
[2021-06-06 16:45:39,571] {spark_submit.py:526} INFO - 21/06/06 16:45:39 INFO TaskSchedulerImpl: Adding task set 0.0 with 1 tasks resource profile 0
[2021-06-06 16:45:55,067] {spark_submit.py:526} INFO - 21/06/06 16:45:55 WARN TaskSchedulerImpl: Initial job has not accepted any resources; check your cluster UI to ensure that workers are registered and have sufficient resources
[2021-06-06 16:46:09,930] {spark_submit.py:526} INFO - 21/06/06 16:46:09 WARN TaskSchedulerImpl: Initial job has not accepted any resources; check your cluster UI to ensure that workers are registered and have sufficient resources
[2021-06-06 16:46:24,934] {spark_submit.py:526} INFO - 21/06/06 16:46:24 WARN TaskSchedulerImpl: Initial job has not accepted any resources; check your cluster UI to ensure that workers are registered and have sufficient resources
[2021-06-06 16:46:39,932] {spark_submit.py:526} INFO - 21/06/06 16:46:39 WARN TaskSchedulerImpl: Initial job has not accepted any resources; check your cluster UI to ensure that workers are registered and have sufficient resources
[2021-06-06 16:46:54,949] {spark_submit.py:526} INFO - 21/06/06 16:46:54 WARN TaskSchedulerImpl: Initial job has not accepted any resources; check your cluster UI to ensure that workers are registered and have sufficient resources
[2021-06-06 16:47:09,932] {spark_submit.py:526} INFO - 21/06/06 16:47:09 WARN TaskSchedulerImpl: Initial job has not accepted any resources; check your cluster UI to ensure that workers are registered and have sufficient resources
[2021-06-06 16:47:24,928] {spark_submit.py:526} INFO - 21/06/06 16:47:24 WARN TaskSchedulerImpl: Initial job has not accepted any resources; check your cluster UI to ensure that workers are registered and have sufficient resources
[2021-06-06 16:47:39,928] {spark_submit.py:526} INFO - 21/06/06 16:47:39 WARN TaskSchedulerImpl: Initial job has not accepted any resources; check your cluster UI to ensure that workers are registered and have sufficient resources
[2021-06-06 16:47:54,930] {spark_submit.py:526} INFO - 21/06/06 16:47:54 WARN TaskSchedulerImpl: Initial job has not accepted any resources; check your cluster UI to ensure that workers are registered and have sufficient resources
[2021-06-06 16:48:09,933] {spark_submit.py:526} INFO - 21/06/06 16:48:09 WARN TaskSchedulerImpl: Initial job has not accepted any resources; check your cluster UI to ensure that workers are registered and have sufficient resources
[2021-06-06 16:48:24,928] {spark_submit.py:526} INFO - 21/06/06 16:48:24 WARN TaskSchedulerImpl: Initial job has not accepted any resources; check your cluster UI to ensure that workers are registered and have sufficient resources
[2021-06-06 16:48:32,522] {local_task_job.py:188} WARNING - State of this instance has been externally set to failed. Terminating instance.
[2021-06-06 16:48:32,566] {process_utils.py:100} INFO - Sending Signals.SIGTERM to GPID 941
[2021-06-06 16:48:32,619] {taskinstance.py:1239} ERROR - Received SIGTERM. Terminating subprocesses.
[2021-06-06 16:48:32,656] {spark_submit.py:657} INFO - Sending kill signal to spark-submit
[2021-06-06 16:48:33,189] {process_utils.py:66} INFO - Process psutil.Process(pid=941, status='terminated', exitcode=0, started='16:43:40') (941) terminated with exit code 0
[2021-06-06 16:48:34,465] {process_utils.py:66} INFO - Process psutil.Process(pid=942, status='terminated', started='16:43:42') (942) terminated with exit code None
[2021-06-06 16:48:34,487] {process_utils.py:66} INFO - Process psutil.Process(pid=1010, status='terminated', started='16:44:07') (1010) terminated with exit code None
