[2021-06-06 17:10:58,110] {taskinstance.py:851} INFO - Dependencies all met for <TaskInstance: forex_data_pipeline.spark_submit_job 2021-06-05T00:00:00+00:00 [queued]>
[2021-06-06 17:10:58,272] {taskinstance.py:851} INFO - Dependencies all met for <TaskInstance: forex_data_pipeline.spark_submit_job 2021-06-05T00:00:00+00:00 [queued]>
[2021-06-06 17:10:58,276] {taskinstance.py:1042} INFO - 
--------------------------------------------------------------------------------
[2021-06-06 17:10:58,316] {taskinstance.py:1043} INFO - Starting attempt 14 of 14
[2021-06-06 17:10:58,320] {taskinstance.py:1044} INFO - 
--------------------------------------------------------------------------------
[2021-06-06 17:10:58,352] {taskinstance.py:1063} INFO - Executing <Task(SparkSubmitOperator): spark_submit_job> on 2021-06-05T00:00:00+00:00
[2021-06-06 17:10:58,443] {standard_task_runner.py:52} INFO - Started process 903 to run task
[2021-06-06 17:10:58,491] {standard_task_runner.py:76} INFO - Running: ['airflow', 'tasks', 'run', 'forex_data_pipeline', 'spark_submit_job', '2021-06-05T00:00:00+00:00', '--job-id', '48', '--pool', 'default_pool', '--raw', '--subdir', 'DAGS_FOLDER/dag_spark.py', '--cfg-path', '/tmp/tmpsowxdwkw', '--error-file', '/tmp/tmpn0kh4gwv']
[2021-06-06 17:10:58,496] {standard_task_runner.py:77} INFO - Job 48: Subtask spark_submit_job
[2021-06-06 17:10:58,940] {logging_mixin.py:104} INFO - Running <TaskInstance: forex_data_pipeline.spark_submit_job 2021-06-05T00:00:00+00:00 [running]> on host 72eec67484fb
[2021-06-06 17:10:59,222] {taskinstance.py:1257} INFO - Exporting the following env vars:
AIRFLOW_CTX_DAG_EMAIL=admin@localhost.com
AIRFLOW_CTX_DAG_OWNER=airflow
AIRFLOW_CTX_DAG_ID=forex_data_pipeline
AIRFLOW_CTX_TASK_ID=spark_submit_job
AIRFLOW_CTX_EXECUTION_DATE=2021-06-05T00:00:00+00:00
AIRFLOW_CTX_DAG_RUN_ID=scheduled__2021-06-05T00:00:00+00:00
[2021-06-06 17:10:59,319] {base.py:74} INFO - Using connection to: id: spark_conn. Host: spark://spark-master, Port: 7077, Schema: , Login: marcelo, Password: XXXXXXXX, extra: None
[2021-06-06 17:10:59,330] {spark_submit.py:364} INFO - Spark-Submit cmd: spark-submit --master spark://spark-master:7077 --conf spark.master=spark://spark-master:7077 --conf spark.dynamicAllocation.enabled=false --conf spark.shuffle.service.enabled=false --num-executors 1 --total-executor-cores 1 --executor-cores 1 --executor-memory 2g --driver-memory 2g --name airflow-spark1 /opt/airflow/dags/test.py
[2021-06-06 17:11:24,887] {spark_submit.py:526} INFO - WARNING: An illegal reflective access operation has occurred
[2021-06-06 17:11:24,909] {spark_submit.py:526} INFO - WARNING: Illegal reflective access by org.apache.spark.unsafe.Platform (file:/home/airflow/.local/lib/python3.7/site-packages/pyspark/jars/spark-unsafe_2.12-3.1.2.jar) to constructor java.nio.DirectByteBuffer(long,int)
[2021-06-06 17:11:24,916] {spark_submit.py:526} INFO - WARNING: Please consider reporting this to the maintainers of org.apache.spark.unsafe.Platform
[2021-06-06 17:11:24,943] {spark_submit.py:526} INFO - WARNING: Use --illegal-access=warn to enable warnings of further illegal reflective access operations
[2021-06-06 17:11:24,945] {spark_submit.py:526} INFO - WARNING: All illegal access operations will be denied in a future release
[2021-06-06 17:11:34,607] {spark_submit.py:526} INFO - 21/06/06 17:11:34 WARN NativeCodeLoader: Unable to load native-hadoop library for your platform... using builtin-java classes where applicable
[2021-06-06 17:11:48,263] {spark_submit.py:526} INFO - Using Spark's default log4j profile: org/apache/spark/log4j-defaults.properties
[2021-06-06 17:11:48,344] {spark_submit.py:526} INFO - 21/06/06 17:11:48 INFO SparkContext: Running Spark version 3.1.2
[2021-06-06 17:11:49,236] {spark_submit.py:526} INFO - 21/06/06 17:11:49 INFO ResourceUtils: ==============================================================
[2021-06-06 17:11:49,251] {spark_submit.py:526} INFO - 21/06/06 17:11:49 INFO ResourceUtils: No custom resources configured for spark.driver.
[2021-06-06 17:11:49,270] {spark_submit.py:526} INFO - 21/06/06 17:11:49 INFO ResourceUtils: ==============================================================
[2021-06-06 17:11:49,284] {spark_submit.py:526} INFO - 21/06/06 17:11:49 INFO SparkContext: Submitted application: Forex processing
[2021-06-06 17:11:49,417] {spark_submit.py:526} INFO - 21/06/06 17:11:49 INFO ResourceProfile: Default ResourceProfile created, executor resources: Map(cores -> name: cores, amount: 1, script: , vendor: , memory -> name: memory, amount: 2048, script: , vendor: , offHeap -> name: offHeap, amount: 0, script: , vendor: ), task resources: Map(cpus -> name: cpus, amount: 1.0)
[2021-06-06 17:11:49,482] {spark_submit.py:526} INFO - 21/06/06 17:11:49 INFO ResourceProfile: Limiting resource is cpus at 1 tasks per executor
[2021-06-06 17:11:49,493] {spark_submit.py:526} INFO - 21/06/06 17:11:49 INFO ResourceProfileManager: Added ResourceProfile id: 0
[2021-06-06 17:11:49,958] {spark_submit.py:526} INFO - 21/06/06 17:11:49 INFO SecurityManager: Changing view acls to: airflow
[2021-06-06 17:11:50,069] {spark_submit.py:526} INFO - 21/06/06 17:11:49 INFO SecurityManager: Changing modify acls to: airflow
[2021-06-06 17:11:50,098] {spark_submit.py:526} INFO - 21/06/06 17:11:49 INFO SecurityManager: Changing view acls groups to:
[2021-06-06 17:11:50,190] {spark_submit.py:526} INFO - 21/06/06 17:11:49 INFO SecurityManager: Changing modify acls groups to:
[2021-06-06 17:11:50,199] {spark_submit.py:526} INFO - 21/06/06 17:11:49 INFO SecurityManager: SecurityManager: authentication disabled; ui acls disabled; users  with view permissions: Set(airflow); groups with view permissions: Set(); users  with modify permissions: Set(airflow); groups with modify permissions: Set()
[2021-06-06 17:11:56,232] {spark_submit.py:526} INFO - 21/06/06 17:11:56 INFO Utils: Successfully started service 'sparkDriver' on port 35567.
[2021-06-06 17:11:56,478] {spark_submit.py:526} INFO - 21/06/06 17:11:56 INFO SparkEnv: Registering MapOutputTracker
[2021-06-06 17:11:56,833] {spark_submit.py:526} INFO - 21/06/06 17:11:56 INFO SparkEnv: Registering BlockManagerMaster
[2021-06-06 17:11:57,250] {spark_submit.py:526} INFO - 21/06/06 17:11:57 INFO BlockManagerMasterEndpoint: Using org.apache.spark.storage.DefaultTopologyMapper for getting topology information
[2021-06-06 17:11:57,284] {spark_submit.py:526} INFO - 21/06/06 17:11:57 INFO BlockManagerMasterEndpoint: BlockManagerMasterEndpoint up
[2021-06-06 17:11:57,327] {spark_submit.py:526} INFO - 21/06/06 17:11:57 INFO SparkEnv: Registering BlockManagerMasterHeartbeat
[2021-06-06 17:11:57,595] {spark_submit.py:526} INFO - 21/06/06 17:11:57 INFO DiskBlockManager: Created local directory at /tmp/blockmgr-6062fb69-df31-48e5-baaf-3b1664932909
[2021-06-06 17:11:57,963] {spark_submit.py:526} INFO - 21/06/06 17:11:57 INFO MemoryStore: MemoryStore started with capacity 1048.8 MiB
[2021-06-06 17:11:58,240] {spark_submit.py:526} INFO - 21/06/06 17:11:58 INFO SparkEnv: Registering OutputCommitCoordinator
[2021-06-06 17:12:02,055] {spark_submit.py:526} INFO - 21/06/06 17:12:02 INFO Utils: Successfully started service 'SparkUI' on port 4040.
[2021-06-06 17:12:02,722] {spark_submit.py:526} INFO - 21/06/06 17:12:02 INFO SparkUI: Bound SparkUI to 0.0.0.0, and started at http://72eec67484fb:4040
[2021-06-06 17:12:06,605] {spark_submit.py:526} INFO - 21/06/06 17:12:06 INFO StandaloneAppClient$ClientEndpoint: Connecting to master spark://spark-master:7077...
[2021-06-06 17:12:07,316] {spark_submit.py:526} INFO - 21/06/06 17:12:07 INFO TransportClientFactory: Successfully created connection to spark-master/172.21.0.6:7077 after 308 ms (0 ms spent in bootstraps)
[2021-06-06 17:12:08,943] {spark_submit.py:526} INFO - 21/06/06 17:12:08 INFO StandaloneSchedulerBackend: Connected to Spark cluster with app ID app-20210606171208-0003
[2021-06-06 17:12:09,105] {spark_submit.py:526} INFO - 21/06/06 17:12:09 INFO Utils: Successfully started service 'org.apache.spark.network.netty.NettyBlockTransferService' on port 33007.
[2021-06-06 17:12:09,202] {spark_submit.py:526} INFO - 21/06/06 17:12:09 INFO NettyBlockTransferService: Server created on 72eec67484fb:33007
[2021-06-06 17:12:09,212] {spark_submit.py:526} INFO - 21/06/06 17:12:09 INFO BlockManager: Using org.apache.spark.storage.RandomBlockReplicationPolicy for block replication policy
[2021-06-06 17:12:09,216] {spark_submit.py:526} INFO - 21/06/06 17:12:09 INFO BlockManagerMaster: Registering BlockManager BlockManagerId(driver, 72eec67484fb, 33007, None)
[2021-06-06 17:12:09,240] {spark_submit.py:526} INFO - 21/06/06 17:12:09 INFO BlockManagerMasterEndpoint: Registering block manager 72eec67484fb:33007 with 1048.8 MiB RAM, BlockManagerId(driver, 72eec67484fb, 33007, None)
[2021-06-06 17:12:09,264] {spark_submit.py:526} INFO - 21/06/06 17:12:09 INFO BlockManagerMaster: Registered BlockManager BlockManagerId(driver, 72eec67484fb, 33007, None)
[2021-06-06 17:12:09,271] {spark_submit.py:526} INFO - 21/06/06 17:12:09 INFO BlockManager: Initialized BlockManager: BlockManagerId(driver, 72eec67484fb, 33007, None)
[2021-06-06 17:12:11,417] {spark_submit.py:526} INFO - 21/06/06 17:12:11 INFO StandaloneSchedulerBackend: SchedulerBackend is ready for scheduling beginning after reached minRegisteredResourcesRatio: 0.0
[2021-06-06 17:12:16,631] {spark_submit.py:526} INFO - 21/06/06 17:12:16 INFO SharedState: Setting hive.metastore.warehouse.dir ('null') to the value of spark.sql.warehouse.dir ('/opt/airflow/spark-warehouse').
[2021-06-06 17:12:16,745] {spark_submit.py:526} INFO - 21/06/06 17:12:16 INFO SharedState: Warehouse path is '/opt/airflow/spark-warehouse'.
[2021-06-06 17:13:09,962] {spark_submit.py:526} INFO - 21/06/06 17:13:09 INFO CodeGenerator: Code generated in 4103.4167 ms
[2021-06-06 17:13:10,902] {spark_submit.py:526} INFO - 21/06/06 17:13:10 INFO SparkContext: Starting job: showString at NativeMethodAccessorImpl.java:0
[2021-06-06 17:13:11,099] {spark_submit.py:526} INFO - 21/06/06 17:13:11 INFO DAGScheduler: Got job 0 (showString at NativeMethodAccessorImpl.java:0) with 1 output partitions
[2021-06-06 17:13:11,119] {spark_submit.py:526} INFO - 21/06/06 17:13:11 INFO DAGScheduler: Final stage: ResultStage 0 (showString at NativeMethodAccessorImpl.java:0)
[2021-06-06 17:13:11,148] {spark_submit.py:526} INFO - 21/06/06 17:13:11 INFO DAGScheduler: Parents of final stage: List()
[2021-06-06 17:13:11,192] {spark_submit.py:526} INFO - 21/06/06 17:13:11 INFO DAGScheduler: Missing parents: List()
[2021-06-06 17:13:11,221] {spark_submit.py:526} INFO - 21/06/06 17:13:11 INFO DAGScheduler: Submitting ResultStage 0 (MapPartitionsRDD[6] at showString at NativeMethodAccessorImpl.java:0), which has no missing parents
[2021-06-06 17:13:13,196] {spark_submit.py:526} INFO - 21/06/06 17:13:13 INFO MemoryStore: Block broadcast_0 stored as values in memory (estimated size 11.1 KiB, free 1048.8 MiB)
[2021-06-06 17:13:14,183] {spark_submit.py:526} INFO - 21/06/06 17:13:14 INFO MemoryStore: Block broadcast_0_piece0 stored as bytes in memory (estimated size 5.8 KiB, free 1048.8 MiB)
[2021-06-06 17:13:14,241] {spark_submit.py:526} INFO - 21/06/06 17:13:14 INFO BlockManagerInfo: Added broadcast_0_piece0 in memory on 72eec67484fb:33007 (size: 5.8 KiB, free: 1048.8 MiB)
[2021-06-06 17:13:14,355] {spark_submit.py:526} INFO - 21/06/06 17:13:14 INFO SparkContext: Created broadcast 0 from broadcast at DAGScheduler.scala:1388
[2021-06-06 17:13:14,599] {spark_submit.py:526} INFO - 21/06/06 17:13:14 INFO DAGScheduler: Submitting 1 missing tasks from ResultStage 0 (MapPartitionsRDD[6] at showString at NativeMethodAccessorImpl.java:0) (first 15 tasks are for partitions Vector(0))
[2021-06-06 17:13:14,695] {spark_submit.py:526} INFO - 21/06/06 17:13:14 INFO TaskSchedulerImpl: Adding task set 0.0 with 1 tasks resource profile 0
[2021-06-06 17:13:23,869] {local_task_job.py:188} WARNING - State of this instance has been externally set to failed. Terminating instance.
[2021-06-06 17:13:23,986] {process_utils.py:100} INFO - Sending Signals.SIGTERM to GPID 903
[2021-06-06 17:13:23,999] {taskinstance.py:1239} ERROR - Received SIGTERM. Terminating subprocesses.
[2021-06-06 17:13:24,010] {spark_submit.py:657} INFO - Sending kill signal to spark-submit
[2021-06-06 17:13:24,832] {process_utils.py:66} INFO - Process psutil.Process(pid=903, status='terminated', exitcode=0, started='17:10:57') (903) terminated with exit code 0
[2021-06-06 17:13:25,645] {process_utils.py:66} INFO - Process psutil.Process(pid=904, status='terminated', started='17:10:58') (904) terminated with exit code None
[2021-06-06 17:13:25,670] {process_utils.py:66} INFO - Process psutil.Process(pid=983, status='terminated', started='17:11:40') (983) terminated with exit code None
