[2021-06-06 18:14:42,966] {taskinstance.py:851} INFO - Dependencies all met for <TaskInstance: forex_data_pipeline.spark_submit_job 2021-06-05T00:00:00+00:00 [queued]>
[2021-06-06 18:14:43,000] {taskinstance.py:851} INFO - Dependencies all met for <TaskInstance: forex_data_pipeline.spark_submit_job 2021-06-05T00:00:00+00:00 [queued]>
[2021-06-06 18:14:43,005] {taskinstance.py:1042} INFO - 
--------------------------------------------------------------------------------
[2021-06-06 18:14:43,008] {taskinstance.py:1043} INFO - Starting attempt 15 of 14
[2021-06-06 18:14:43,011] {taskinstance.py:1044} INFO - 
--------------------------------------------------------------------------------
[2021-06-06 18:14:43,050] {taskinstance.py:1063} INFO - Executing <Task(SparkSubmitOperator): spark_submit_job> on 2021-06-05T00:00:00+00:00
[2021-06-06 18:14:43,061] {standard_task_runner.py:52} INFO - Started process 61 to run task
[2021-06-06 18:14:43,077] {standard_task_runner.py:76} INFO - Running: ['airflow', 'tasks', 'run', 'forex_data_pipeline', 'spark_submit_job', '2021-06-05T00:00:00+00:00', '--job-id', '56', '--pool', 'default_pool', '--raw', '--subdir', 'DAGS_FOLDER/dag_spark.py', '--cfg-path', '/tmp/tmpew7k5d42', '--error-file', '/tmp/tmp006cqnu5']
[2021-06-06 18:14:43,079] {standard_task_runner.py:77} INFO - Job 56: Subtask spark_submit_job
[2021-06-06 18:14:43,400] {logging_mixin.py:104} INFO - Running <TaskInstance: forex_data_pipeline.spark_submit_job 2021-06-05T00:00:00+00:00 [running]> on host 72eec67484fb
[2021-06-06 18:14:43,629] {taskinstance.py:1257} INFO - Exporting the following env vars:
AIRFLOW_CTX_DAG_EMAIL=admin@localhost.com
AIRFLOW_CTX_DAG_OWNER=airflow
AIRFLOW_CTX_DAG_ID=forex_data_pipeline
AIRFLOW_CTX_TASK_ID=spark_submit_job
AIRFLOW_CTX_EXECUTION_DATE=2021-06-05T00:00:00+00:00
AIRFLOW_CTX_DAG_RUN_ID=scheduled__2021-06-05T00:00:00+00:00
[2021-06-06 18:14:43,672] {base.py:74} INFO - Using connection to: id: spark_conn. Host: spark://spark-master, Port: 7077, Schema: , Login: marcelo, Password: XXXXXXXX, extra: None
[2021-06-06 18:14:43,694] {spark_submit.py:364} INFO - Spark-Submit cmd: spark-submit --master spark://spark-master:7077 --conf spark.master=spark://spark-master:7077 --conf spark.dynamicAllocation.enabled=false --conf spark.shuffle.service.enabled=false --conf spark.driver.port=8083 --conf spark.blockManager.port=51814 --num-executors 1 --total-executor-cores 1 --executor-cores 1 --executor-memory 2g --driver-memory 2g --name airflow-spark1 /opt/airflow/dags/test.py
[2021-06-06 18:15:07,025] {spark_submit.py:526} INFO - WARNING: An illegal reflective access operation has occurred
[2021-06-06 18:15:07,054] {spark_submit.py:526} INFO - WARNING: Illegal reflective access by org.apache.spark.unsafe.Platform (file:/home/airflow/.local/lib/python3.7/site-packages/pyspark/jars/spark-unsafe_2.12-3.1.2.jar) to constructor java.nio.DirectByteBuffer(long,int)
[2021-06-06 18:15:07,079] {spark_submit.py:526} INFO - WARNING: Please consider reporting this to the maintainers of org.apache.spark.unsafe.Platform
[2021-06-06 18:15:07,094] {spark_submit.py:526} INFO - WARNING: Use --illegal-access=warn to enable warnings of further illegal reflective access operations
[2021-06-06 18:15:07,102] {spark_submit.py:526} INFO - WARNING: All illegal access operations will be denied in a future release
[2021-06-06 18:15:16,388] {spark_submit.py:526} INFO - 21/06/06 18:15:16 WARN NativeCodeLoader: Unable to load native-hadoop library for your platform... using builtin-java classes where applicable
[2021-06-06 18:15:35,393] {spark_submit.py:526} INFO - Using Spark's default log4j profile: org/apache/spark/log4j-defaults.properties
[2021-06-06 18:15:35,511] {spark_submit.py:526} INFO - 21/06/06 18:15:35 INFO SparkContext: Running Spark version 3.1.2
[2021-06-06 18:15:37,184] {spark_submit.py:526} INFO - 21/06/06 18:15:37 INFO ResourceUtils: ==============================================================
[2021-06-06 18:15:37,235] {spark_submit.py:526} INFO - 21/06/06 18:15:37 INFO ResourceUtils: No custom resources configured for spark.driver.
[2021-06-06 18:15:37,265] {spark_submit.py:526} INFO - 21/06/06 18:15:37 INFO ResourceUtils: ==============================================================
[2021-06-06 18:15:37,361] {spark_submit.py:526} INFO - 21/06/06 18:15:37 INFO SparkContext: Submitted application: pyspark-4
[2021-06-06 18:15:38,606] {spark_submit.py:526} INFO - 21/06/06 18:15:38 INFO ResourceProfile: Default ResourceProfile created, executor resources: Map(cores -> name: cores, amount: 1, script: , vendor: , memory -> name: memory, amount: 2048, script: , vendor: , offHeap -> name: offHeap, amount: 0, script: , vendor: ), task resources: Map(cpus -> name: cpus, amount: 1.0)
[2021-06-06 18:15:39,476] {spark_submit.py:526} INFO - 21/06/06 18:15:39 INFO ResourceProfile: Limiting resource is cpus at 1 tasks per executor
[2021-06-06 18:15:39,508] {spark_submit.py:526} INFO - 21/06/06 18:15:39 INFO ResourceProfileManager: Added ResourceProfile id: 0
[2021-06-06 18:15:40,982] {spark_submit.py:526} INFO - 21/06/06 18:15:40 INFO SecurityManager: Changing view acls to: airflow
[2021-06-06 18:15:40,987] {spark_submit.py:526} INFO - 21/06/06 18:15:40 INFO SecurityManager: Changing modify acls to: airflow
[2021-06-06 18:15:40,996] {spark_submit.py:526} INFO - 21/06/06 18:15:40 INFO SecurityManager: Changing view acls groups to:
[2021-06-06 18:15:41,010] {spark_submit.py:526} INFO - 21/06/06 18:15:40 INFO SecurityManager: Changing modify acls groups to:
[2021-06-06 18:15:41,105] {spark_submit.py:526} INFO - 21/06/06 18:15:40 INFO SecurityManager: SecurityManager: authentication disabled; ui acls disabled; users  with view permissions: Set(airflow); groups with view permissions: Set(); users  with modify permissions: Set(airflow); groups with modify permissions: Set()
[2021-06-06 18:15:49,055] {spark_submit.py:526} INFO - 21/06/06 18:15:49 INFO Utils: Successfully started service 'sparkDriver' on port 8083.
[2021-06-06 18:15:50,375] {spark_submit.py:526} INFO - 21/06/06 18:15:50 INFO SparkEnv: Registering MapOutputTracker
[2021-06-06 18:15:53,347] {spark_submit.py:526} INFO - 21/06/06 18:15:53 INFO SparkEnv: Registering BlockManagerMaster
[2021-06-06 18:15:54,304] {spark_submit.py:526} INFO - 21/06/06 18:15:54 INFO BlockManagerMasterEndpoint: Using org.apache.spark.storage.DefaultTopologyMapper for getting topology information
[2021-06-06 18:15:54,371] {spark_submit.py:526} INFO - 21/06/06 18:15:54 INFO BlockManagerMasterEndpoint: BlockManagerMasterEndpoint up
[2021-06-06 18:15:54,569] {spark_submit.py:526} INFO - 21/06/06 18:15:54 INFO SparkEnv: Registering BlockManagerMasterHeartbeat
[2021-06-06 18:15:55,112] {spark_submit.py:526} INFO - 21/06/06 18:15:55 INFO DiskBlockManager: Created local directory at /tmp/blockmgr-a1668a15-ab52-448b-8e50-b6f3110d0fd8
[2021-06-06 18:15:55,419] {spark_submit.py:526} INFO - 21/06/06 18:15:55 INFO MemoryStore: MemoryStore started with capacity 1048.8 MiB
[2021-06-06 18:15:55,752] {spark_submit.py:526} INFO - 21/06/06 18:15:55 INFO SparkEnv: Registering OutputCommitCoordinator
[2021-06-06 18:16:00,426] {spark_submit.py:526} INFO - 21/06/06 18:16:00 INFO Utils: Successfully started service 'SparkUI' on port 4040.
[2021-06-06 18:16:02,732] {spark_submit.py:526} INFO - 21/06/06 18:16:02 INFO SparkUI: Bound SparkUI to 0.0.0.0, and started at http://72eec67484fb:4040
[2021-06-06 18:16:09,137] {spark_submit.py:526} INFO - 21/06/06 18:16:09 INFO StandaloneAppClient$ClientEndpoint: Connecting to master spark://spark-master:7077...
[2021-06-06 18:16:12,787] {spark_submit.py:526} INFO - 21/06/06 18:16:12 INFO TransportClientFactory: Successfully created connection to spark-master/172.21.0.6:7077 after 2905 ms (0 ms spent in bootstraps)
[2021-06-06 18:16:18,395] {spark_submit.py:526} INFO - 21/06/06 18:16:18 INFO StandaloneSchedulerBackend: Connected to Spark cluster with app ID app-20210606181617-0010
[2021-06-06 18:16:18,871] {spark_submit.py:526} INFO - 21/06/06 18:16:18 INFO Utils: Successfully started service 'org.apache.spark.network.netty.NettyBlockTransferService' on port 51814.
[2021-06-06 18:16:18,878] {spark_submit.py:526} INFO - 21/06/06 18:16:18 INFO NettyBlockTransferService: Server created on 72eec67484fb:51814
[2021-06-06 18:16:18,882] {spark_submit.py:526} INFO - 21/06/06 18:16:18 INFO BlockManager: Using org.apache.spark.storage.RandomBlockReplicationPolicy for block replication policy
[2021-06-06 18:16:18,915] {spark_submit.py:526} INFO - 21/06/06 18:16:18 INFO BlockManagerMaster: Registering BlockManager BlockManagerId(driver, 72eec67484fb, 51814, None)
[2021-06-06 18:16:18,938] {spark_submit.py:526} INFO - 21/06/06 18:16:18 INFO BlockManagerMasterEndpoint: Registering block manager 72eec67484fb:51814 with 1048.8 MiB RAM, BlockManagerId(driver, 72eec67484fb, 51814, None)
[2021-06-06 18:16:18,988] {spark_submit.py:526} INFO - 21/06/06 18:16:18 INFO BlockManagerMaster: Registered BlockManager BlockManagerId(driver, 72eec67484fb, 51814, None)
[2021-06-06 18:16:18,993] {spark_submit.py:526} INFO - 21/06/06 18:16:18 INFO BlockManager: Initialized BlockManager: BlockManagerId(driver, 72eec67484fb, 51814, None)
[2021-06-06 18:16:22,934] {spark_submit.py:526} INFO - 21/06/06 18:16:22 INFO StandaloneSchedulerBackend: SchedulerBackend is ready for scheduling beginning after reached minRegisteredResourcesRatio: 0.0
[2021-06-06 18:16:27,528] {spark_submit.py:526} INFO - 21/06/06 18:16:27 INFO AsyncEventQueue: Process of event SparkListenerExecutorMetricsUpdate(driver,WrappedArray(),Map((-1,-1) -> org.apache.spark.executor.ExecutorMetrics@1e71f482)) by listener AppStatusListener took 1.2738368s.
[2021-06-06 18:16:31,537] {spark_submit.py:526} INFO - 21/06/06 18:16:31 INFO SharedState: Setting hive.metastore.warehouse.dir ('null') to the value of spark.sql.warehouse.dir ('/opt/airflow/spark-warehouse').
[2021-06-06 18:16:31,541] {spark_submit.py:526} INFO - 21/06/06 18:16:31 INFO SharedState: Warehouse path is '/opt/airflow/spark-warehouse'.
[2021-06-06 18:16:52,176] {spark_submit.py:526} INFO - ESTOY AQUI¿¿
[2021-06-06 18:17:27,296] {local_task_job.py:188} WARNING - State of this instance has been externally set to shutdown. Terminating instance.
[2021-06-06 18:17:27,371] {process_utils.py:100} INFO - Sending Signals.SIGTERM to GPID 61
[2021-06-06 18:17:27,439] {taskinstance.py:1239} ERROR - Received SIGTERM. Terminating subprocesses.
[2021-06-06 18:17:27,590] {spark_submit.py:657} INFO - Sending kill signal to spark-submit
[2021-06-06 18:17:27,945] {process_utils.py:66} INFO - Process psutil.Process(pid=148, status='terminated', started='18:15:24') (148) terminated with exit code None
[2021-06-06 18:17:29,036] {taskinstance.py:1455} ERROR - Task received SIGTERM signal
Traceback (most recent call last):
  File "/home/airflow/.local/lib/python3.7/site-packages/airflow/models/taskinstance.py", line 1112, in _run_raw_task
    self._prepare_and_execute_task_with_callbacks(context, task)
  File "/home/airflow/.local/lib/python3.7/site-packages/airflow/models/taskinstance.py", line 1285, in _prepare_and_execute_task_with_callbacks
    result = self._execute_task(context, task_copy)
  File "/home/airflow/.local/lib/python3.7/site-packages/airflow/models/taskinstance.py", line 1315, in _execute_task
    result = task_copy.execute(context=context)
  File "/home/airflow/.local/lib/python3.7/site-packages/airflow/providers/apache/spark/operators/spark_submit.py", line 183, in execute
    self._hook.submit(self._application)
  File "/home/airflow/.local/lib/python3.7/site-packages/airflow/providers/apache/spark/hooks/spark_submit.py", line 440, in submit
    self._process_spark_submit_log(iter(self._submit_sp.stdout))  # type: ignore
  File "/home/airflow/.local/lib/python3.7/site-packages/airflow/providers/apache/spark/hooks/spark_submit.py", line 494, in _process_spark_submit_log
    for line in itr:
  File "/home/airflow/.local/lib/python3.7/site-packages/airflow/models/taskinstance.py", line 1241, in signal_handler
    raise AirflowException("Task received SIGTERM signal")
airflow.exceptions.AirflowException: Task received SIGTERM signal
[2021-06-06 18:17:29,371] {taskinstance.py:1503} INFO - Marking task as FAILED. dag_id=forex_data_pipeline, task_id=spark_submit_job, execution_date=20210605T000000, start_date=20210606T181442, end_date=20210606T181729
[2021-06-06 18:17:33,125] {process_utils.py:66} INFO - Process psutil.Process(pid=61, status='terminated', exitcode=1, started='18:14:42') (61) terminated with exit code 1
[2021-06-06 18:17:33,183] {process_utils.py:66} INFO - Process psutil.Process(pid=62, status='terminated', started='18:14:43') (62) terminated with exit code None
