[2021-06-06 15:36:42,713] {taskinstance.py:851} INFO - Dependencies all met for <TaskInstance: forex_data_pipeline.spark_submit_job 2021-06-05T00:00:00+00:00 [queued]>
[2021-06-06 15:36:42,767] {taskinstance.py:851} INFO - Dependencies all met for <TaskInstance: forex_data_pipeline.spark_submit_job 2021-06-05T00:00:00+00:00 [queued]>
[2021-06-06 15:36:42,768] {taskinstance.py:1042} INFO - 
--------------------------------------------------------------------------------
[2021-06-06 15:36:42,770] {taskinstance.py:1043} INFO - Starting attempt 2 of 2
[2021-06-06 15:36:42,772] {taskinstance.py:1044} INFO - 
--------------------------------------------------------------------------------
[2021-06-06 15:36:42,794] {taskinstance.py:1063} INFO - Executing <Task(SparkSubmitOperator): spark_submit_job> on 2021-06-05T00:00:00+00:00
[2021-06-06 15:36:42,803] {standard_task_runner.py:52} INFO - Started process 725 to run task
[2021-06-06 15:36:42,813] {standard_task_runner.py:76} INFO - Running: ['airflow', 'tasks', 'run', 'forex_data_pipeline', 'spark_submit_job', '2021-06-05T00:00:00+00:00', '--job-id', '34', '--pool', 'default_pool', '--raw', '--subdir', 'DAGS_FOLDER/dag_spark.py', '--cfg-path', '/tmp/tmpkgkxxnaz', '--error-file', '/tmp/tmpcj675138']
[2021-06-06 15:36:42,816] {standard_task_runner.py:77} INFO - Job 34: Subtask spark_submit_job
[2021-06-06 15:36:42,979] {logging_mixin.py:104} INFO - Running <TaskInstance: forex_data_pipeline.spark_submit_job 2021-06-05T00:00:00+00:00 [running]> on host 5b1a5e9e3fee
[2021-06-06 15:36:43,173] {taskinstance.py:1257} INFO - Exporting the following env vars:
AIRFLOW_CTX_DAG_EMAIL=admin@localhost.com
AIRFLOW_CTX_DAG_OWNER=airflow
AIRFLOW_CTX_DAG_ID=forex_data_pipeline
AIRFLOW_CTX_TASK_ID=spark_submit_job
AIRFLOW_CTX_EXECUTION_DATE=2021-06-05T00:00:00+00:00
AIRFLOW_CTX_DAG_RUN_ID=scheduled__2021-06-05T00:00:00+00:00
[2021-06-06 15:36:43,192] {base.py:74} INFO - Using connection to: id: spark_conn. Host: spark://spark-master, Port: 7077, Schema: , Login: marcelo, Password: XXXXXXXX, extra: None
[2021-06-06 15:36:43,196] {spark_submit.py:364} INFO - Spark-Submit cmd: spark-submit --master spark://spark-master:7077 --conf master=spark://spark-master:7077 --num-executors 1 --total-executor-cores 1 --executor-cores 1 --executor-memory 512m --driver-memory 512m --name airflow-spark /opt/airflow/dags/test.py
[2021-06-06 15:36:47,137] {spark_submit.py:526} INFO - Warning: Ignoring non-Spark config property: master
[2021-06-06 15:36:47,446] {spark_submit.py:526} INFO - WARNING: An illegal reflective access operation has occurred
[2021-06-06 15:36:47,447] {spark_submit.py:526} INFO - WARNING: Illegal reflective access by org.apache.spark.unsafe.Platform (file:/home/airflow/.local/lib/python3.7/site-packages/pyspark/jars/spark-unsafe_2.12-3.1.2.jar) to constructor java.nio.DirectByteBuffer(long,int)
[2021-06-06 15:36:47,452] {spark_submit.py:526} INFO - WARNING: Please consider reporting this to the maintainers of org.apache.spark.unsafe.Platform
[2021-06-06 15:36:47,453] {spark_submit.py:526} INFO - WARNING: Use --illegal-access=warn to enable warnings of further illegal reflective access operations
[2021-06-06 15:36:47,459] {spark_submit.py:526} INFO - WARNING: All illegal access operations will be denied in a future release
[2021-06-06 15:36:48,611] {spark_submit.py:526} INFO - 21/06/06 15:36:48 WARN NativeCodeLoader: Unable to load native-hadoop library for your platform... using builtin-java classes where applicable
[2021-06-06 15:36:51,018] {spark_submit.py:526} INFO - Using Spark's default log4j profile: org/apache/spark/log4j-defaults.properties
[2021-06-06 15:36:51,040] {spark_submit.py:526} INFO - 21/06/06 15:36:51 INFO SparkContext: Running Spark version 3.1.2
[2021-06-06 15:36:51,212] {spark_submit.py:526} INFO - 21/06/06 15:36:51 INFO ResourceUtils: ==============================================================
[2021-06-06 15:36:51,218] {spark_submit.py:526} INFO - 21/06/06 15:36:51 INFO ResourceUtils: No custom resources configured for spark.driver.
[2021-06-06 15:36:51,220] {spark_submit.py:526} INFO - 21/06/06 15:36:51 INFO ResourceUtils: ==============================================================
[2021-06-06 15:36:51,227] {spark_submit.py:526} INFO - 21/06/06 15:36:51 INFO SparkContext: Submitted application: pyspark-run4
[2021-06-06 15:36:51,298] {spark_submit.py:526} INFO - 21/06/06 15:36:51 INFO ResourceProfile: Default ResourceProfile created, executor resources: Map(cores -> name: cores, amount: 1, script: , vendor: , memory -> name: memory, amount: 1024, script: , vendor: , offHeap -> name: offHeap, amount: 0, script: , vendor: ), task resources: Map(cpus -> name: cpus, amount: 1.0)
[2021-06-06 15:36:51,357] {spark_submit.py:526} INFO - 21/06/06 15:36:51 INFO ResourceProfile: Limiting resource is cpus at 1 tasks per executor
[2021-06-06 15:36:51,363] {spark_submit.py:526} INFO - 21/06/06 15:36:51 INFO ResourceProfileManager: Added ResourceProfile id: 0
[2021-06-06 15:36:51,535] {spark_submit.py:526} INFO - 21/06/06 15:36:51 INFO SecurityManager: Changing view acls to: airflow
[2021-06-06 15:36:51,538] {spark_submit.py:526} INFO - 21/06/06 15:36:51 INFO SecurityManager: Changing modify acls to: airflow
[2021-06-06 15:36:51,540] {spark_submit.py:526} INFO - 21/06/06 15:36:51 INFO SecurityManager: Changing view acls groups to:
[2021-06-06 15:36:51,541] {spark_submit.py:526} INFO - 21/06/06 15:36:51 INFO SecurityManager: Changing modify acls groups to:
[2021-06-06 15:36:51,542] {spark_submit.py:526} INFO - 21/06/06 15:36:51 INFO SecurityManager: SecurityManager: authentication disabled; ui acls disabled; users  with view permissions: Set(airflow); groups with view permissions: Set(); users  with modify permissions: Set(airflow); groups with modify permissions: Set()
[2021-06-06 15:36:53,259] {spark_submit.py:526} INFO - 21/06/06 15:36:53 INFO Utils: Successfully started service 'sparkDriver' on port 45355.
[2021-06-06 15:36:53,379] {spark_submit.py:526} INFO - 21/06/06 15:36:53 INFO SparkEnv: Registering MapOutputTracker
[2021-06-06 15:36:53,595] {spark_submit.py:526} INFO - 21/06/06 15:36:53 INFO SparkEnv: Registering BlockManagerMaster
[2021-06-06 15:36:53,667] {spark_submit.py:526} INFO - 21/06/06 15:36:53 INFO BlockManagerMasterEndpoint: Using org.apache.spark.storage.DefaultTopologyMapper for getting topology information
[2021-06-06 15:36:53,669] {spark_submit.py:526} INFO - 21/06/06 15:36:53 INFO BlockManagerMasterEndpoint: BlockManagerMasterEndpoint up
[2021-06-06 15:36:53,683] {spark_submit.py:526} INFO - 21/06/06 15:36:53 INFO SparkEnv: Registering BlockManagerMasterHeartbeat
[2021-06-06 15:36:53,725] {spark_submit.py:526} INFO - 21/06/06 15:36:53 INFO DiskBlockManager: Created local directory at /tmp/blockmgr-1f6c28fc-7b9a-4214-8901-0b1fed5bf4f9
[2021-06-06 15:36:53,781] {spark_submit.py:526} INFO - 21/06/06 15:36:53 INFO MemoryStore: MemoryStore started with capacity 127.2 MiB
[2021-06-06 15:36:53,821] {spark_submit.py:526} INFO - 21/06/06 15:36:53 INFO SparkEnv: Registering OutputCommitCoordinator
[2021-06-06 15:36:54,299] {spark_submit.py:526} INFO - 21/06/06 15:36:54 INFO Utils: Successfully started service 'SparkUI' on port 4040.
[2021-06-06 15:36:54,444] {spark_submit.py:526} INFO - 21/06/06 15:36:54 INFO SparkUI: Bound SparkUI to 0.0.0.0, and started at http://5b1a5e9e3fee:4040
[2021-06-06 15:36:55,165] {spark_submit.py:526} INFO - 21/06/06 15:36:55 INFO StandaloneAppClient$ClientEndpoint: Connecting to master spark://spark-master:7077...
[2021-06-06 15:36:55,313] {spark_submit.py:526} INFO - 21/06/06 15:36:55 INFO TransportClientFactory: Successfully created connection to spark-master/172.21.0.9:7077 after 102 ms (0 ms spent in bootstraps)
[2021-06-06 15:36:56,111] {spark_submit.py:526} INFO - 21/06/06 15:36:56 INFO StandaloneSchedulerBackend: Connected to Spark cluster with app ID app-20210606153655-0000
[2021-06-06 15:36:56,195] {spark_submit.py:526} INFO - 21/06/06 15:36:56 INFO Utils: Successfully started service 'org.apache.spark.network.netty.NettyBlockTransferService' on port 38369.
[2021-06-06 15:36:56,198] {spark_submit.py:526} INFO - 21/06/06 15:36:56 INFO NettyBlockTransferService: Server created on 5b1a5e9e3fee:38369
[2021-06-06 15:36:56,201] {spark_submit.py:526} INFO - 21/06/06 15:36:56 INFO BlockManager: Using org.apache.spark.storage.RandomBlockReplicationPolicy for block replication policy
[2021-06-06 15:36:56,215] {spark_submit.py:526} INFO - 21/06/06 15:36:56 INFO BlockManagerMaster: Registering BlockManager BlockManagerId(driver, 5b1a5e9e3fee, 38369, None)
[2021-06-06 15:36:56,237] {spark_submit.py:526} INFO - 21/06/06 15:36:56 INFO BlockManagerMasterEndpoint: Registering block manager 5b1a5e9e3fee:38369 with 127.2 MiB RAM, BlockManagerId(driver, 5b1a5e9e3fee, 38369, None)
[2021-06-06 15:36:56,247] {spark_submit.py:526} INFO - 21/06/06 15:36:56 INFO BlockManagerMaster: Registered BlockManager BlockManagerId(driver, 5b1a5e9e3fee, 38369, None)
[2021-06-06 15:36:56,248] {spark_submit.py:526} INFO - 21/06/06 15:36:56 INFO BlockManager: Initialized BlockManager: BlockManagerId(driver, 5b1a5e9e3fee, 38369, None)
[2021-06-06 15:36:57,210] {spark_submit.py:526} INFO - 21/06/06 15:36:57 INFO StandaloneSchedulerBackend: SchedulerBackend is ready for scheduling beginning after reached minRegisteredResourcesRatio: 0.0
[2021-06-06 15:36:58,077] {spark_submit.py:526} INFO - 21/06/06 15:36:58 INFO SharedState: Setting hive.metastore.warehouse.dir ('null') to the value of spark.sql.warehouse.dir ('file:/opt/airflow/spark-warehouse').
[2021-06-06 15:36:58,078] {spark_submit.py:526} INFO - 21/06/06 15:36:58 INFO SharedState: Warehouse path is 'file:/opt/airflow/spark-warehouse'.
[2021-06-06 15:37:10,906] {spark_submit.py:526} INFO - 21/06/06 15:37:10 INFO CodeGenerator: Code generated in 1009.636635 ms
[2021-06-06 15:37:11,070] {spark_submit.py:526} INFO - 21/06/06 15:37:11 INFO SparkContext: Starting job: showString at NativeMethodAccessorImpl.java:0
[2021-06-06 15:37:11,117] {spark_submit.py:526} INFO - 21/06/06 15:37:11 INFO DAGScheduler: Got job 0 (showString at NativeMethodAccessorImpl.java:0) with 1 output partitions
[2021-06-06 15:37:11,119] {spark_submit.py:526} INFO - 21/06/06 15:37:11 INFO DAGScheduler: Final stage: ResultStage 0 (showString at NativeMethodAccessorImpl.java:0)
[2021-06-06 15:37:11,121] {spark_submit.py:526} INFO - 21/06/06 15:37:11 INFO DAGScheduler: Parents of final stage: List()
[2021-06-06 15:37:11,132] {spark_submit.py:526} INFO - 21/06/06 15:37:11 INFO DAGScheduler: Missing parents: List()
[2021-06-06 15:37:11,153] {spark_submit.py:526} INFO - 21/06/06 15:37:11 INFO DAGScheduler: Submitting ResultStage 0 (MapPartitionsRDD[6] at showString at NativeMethodAccessorImpl.java:0), which has no missing parents
[2021-06-06 15:37:11,386] {spark_submit.py:526} INFO - 21/06/06 15:37:11 INFO MemoryStore: Block broadcast_0 stored as values in memory (estimated size 11.1 KiB, free 127.2 MiB)
[2021-06-06 15:37:11,469] {spark_submit.py:526} INFO - 21/06/06 15:37:11 INFO MemoryStore: Block broadcast_0_piece0 stored as bytes in memory (estimated size 5.8 KiB, free 127.2 MiB)
[2021-06-06 15:37:11,478] {spark_submit.py:526} INFO - 21/06/06 15:37:11 INFO BlockManagerInfo: Added broadcast_0_piece0 in memory on 5b1a5e9e3fee:38369 (size: 5.8 KiB, free: 127.2 MiB)
[2021-06-06 15:37:11,488] {spark_submit.py:526} INFO - 21/06/06 15:37:11 INFO SparkContext: Created broadcast 0 from broadcast at DAGScheduler.scala:1388
[2021-06-06 15:37:11,521] {spark_submit.py:526} INFO - 21/06/06 15:37:11 INFO DAGScheduler: Submitting 1 missing tasks from ResultStage 0 (MapPartitionsRDD[6] at showString at NativeMethodAccessorImpl.java:0) (first 15 tasks are for partitions Vector(0))
[2021-06-06 15:37:11,524] {spark_submit.py:526} INFO - 21/06/06 15:37:11 INFO TaskSchedulerImpl: Adding task set 0.0 with 1 tasks resource profile 0
[2021-06-06 15:37:26,578] {spark_submit.py:526} INFO - 21/06/06 15:37:26 WARN TaskSchedulerImpl: Initial job has not accepted any resources; check your cluster UI to ensure that workers are registered and have sufficient resources
[2021-06-06 15:37:41,579] {spark_submit.py:526} INFO - 21/06/06 15:37:41 WARN TaskSchedulerImpl: Initial job has not accepted any resources; check your cluster UI to ensure that workers are registered and have sufficient resources
[2021-06-06 15:37:56,576] {spark_submit.py:526} INFO - 21/06/06 15:37:56 WARN TaskSchedulerImpl: Initial job has not accepted any resources; check your cluster UI to ensure that workers are registered and have sufficient resources
[2021-06-06 15:38:11,577] {spark_submit.py:526} INFO - 21/06/06 15:38:11 WARN TaskSchedulerImpl: Initial job has not accepted any resources; check your cluster UI to ensure that workers are registered and have sufficient resources
[2021-06-06 15:38:26,576] {spark_submit.py:526} INFO - 21/06/06 15:38:26 WARN TaskSchedulerImpl: Initial job has not accepted any resources; check your cluster UI to ensure that workers are registered and have sufficient resources
[2021-06-06 15:38:41,576] {spark_submit.py:526} INFO - 21/06/06 15:38:41 WARN TaskSchedulerImpl: Initial job has not accepted any resources; check your cluster UI to ensure that workers are registered and have sufficient resources
[2021-06-06 15:38:45,741] {local_task_job.py:188} WARNING - State of this instance has been externally set to failed. Terminating instance.
[2021-06-06 15:38:45,782] {process_utils.py:100} INFO - Sending Signals.SIGTERM to GPID 725
[2021-06-06 15:38:45,789] {taskinstance.py:1239} ERROR - Received SIGTERM. Terminating subprocesses.
[2021-06-06 15:38:45,796] {spark_submit.py:657} INFO - Sending kill signal to spark-submit
[2021-06-06 15:38:45,970] {process_utils.py:66} INFO - Process psutil.Process(pid=725, status='terminated', exitcode=0, started='15:36:41') (725) terminated with exit code 0
[2021-06-06 15:38:46,514] {process_utils.py:66} INFO - Process psutil.Process(pid=775, status='terminated', started='15:36:48') (775) terminated with exit code None
[2021-06-06 15:38:46,521] {process_utils.py:66} INFO - Process psutil.Process(pid=726, status='terminated', started='15:36:42') (726) terminated with exit code None
