[2021-06-06 15:38:55,328] {taskinstance.py:851} INFO - Dependencies all met for <TaskInstance: forex_data_pipeline.spark_submit_job 2021-06-05T00:00:00+00:00 [queued]>
[2021-06-06 15:38:55,369] {taskinstance.py:851} INFO - Dependencies all met for <TaskInstance: forex_data_pipeline.spark_submit_job 2021-06-05T00:00:00+00:00 [queued]>
[2021-06-06 15:38:55,372] {taskinstance.py:1042} INFO - 
--------------------------------------------------------------------------------
[2021-06-06 15:38:55,373] {taskinstance.py:1043} INFO - Starting attempt 3 of 4
[2021-06-06 15:38:55,374] {taskinstance.py:1044} INFO - 
--------------------------------------------------------------------------------
[2021-06-06 15:38:55,395] {taskinstance.py:1063} INFO - Executing <Task(SparkSubmitOperator): spark_submit_job> on 2021-06-05T00:00:00+00:00
[2021-06-06 15:38:55,410] {standard_task_runner.py:52} INFO - Started process 966 to run task
[2021-06-06 15:38:55,420] {standard_task_runner.py:76} INFO - Running: ['airflow', 'tasks', 'run', 'forex_data_pipeline', 'spark_submit_job', '2021-06-05T00:00:00+00:00', '--job-id', '35', '--pool', 'default_pool', '--raw', '--subdir', 'DAGS_FOLDER/dag_spark.py', '--cfg-path', '/tmp/tmppa862h73', '--error-file', '/tmp/tmpmxz8epsq']
[2021-06-06 15:38:55,426] {standard_task_runner.py:77} INFO - Job 35: Subtask spark_submit_job
[2021-06-06 15:38:56,559] {logging_mixin.py:104} INFO - Running <TaskInstance: forex_data_pipeline.spark_submit_job 2021-06-05T00:00:00+00:00 [running]> on host 5b1a5e9e3fee
[2021-06-06 15:38:56,697] {taskinstance.py:1257} INFO - Exporting the following env vars:
AIRFLOW_CTX_DAG_EMAIL=admin@localhost.com
AIRFLOW_CTX_DAG_OWNER=airflow
AIRFLOW_CTX_DAG_ID=forex_data_pipeline
AIRFLOW_CTX_TASK_ID=spark_submit_job
AIRFLOW_CTX_EXECUTION_DATE=2021-06-05T00:00:00+00:00
AIRFLOW_CTX_DAG_RUN_ID=scheduled__2021-06-05T00:00:00+00:00
[2021-06-06 15:38:56,718] {base.py:74} INFO - Using connection to: id: spark_conn. Host: spark://spark-master, Port: 7077, Schema: , Login: marcelo, Password: XXXXXXXX, extra: None
[2021-06-06 15:38:56,725] {spark_submit.py:364} INFO - Spark-Submit cmd: spark-submit --master spark://spark-master:7077 --conf master=spark://spark-master:7077 --conf spark.dynamicAllocation.enabled=false --conf spark.shuffle.service.enabled=false --num-executors 1 --total-executor-cores 1 --executor-cores 1 --executor-memory 512m --driver-memory 512m --name airflow-spark /opt/airflow/dags/test.py
[2021-06-06 15:38:59,864] {spark_submit.py:526} INFO - Warning: Ignoring non-Spark config property: master
[2021-06-06 15:39:00,092] {spark_submit.py:526} INFO - WARNING: An illegal reflective access operation has occurred
[2021-06-06 15:39:00,096] {spark_submit.py:526} INFO - WARNING: Illegal reflective access by org.apache.spark.unsafe.Platform (file:/home/airflow/.local/lib/python3.7/site-packages/pyspark/jars/spark-unsafe_2.12-3.1.2.jar) to constructor java.nio.DirectByteBuffer(long,int)
[2021-06-06 15:39:00,099] {spark_submit.py:526} INFO - WARNING: Please consider reporting this to the maintainers of org.apache.spark.unsafe.Platform
[2021-06-06 15:39:00,101] {spark_submit.py:526} INFO - WARNING: Use --illegal-access=warn to enable warnings of further illegal reflective access operations
[2021-06-06 15:39:00,102] {spark_submit.py:526} INFO - WARNING: All illegal access operations will be denied in a future release
[2021-06-06 15:39:01,347] {spark_submit.py:526} INFO - 21/06/06 15:39:01 WARN NativeCodeLoader: Unable to load native-hadoop library for your platform... using builtin-java classes where applicable
[2021-06-06 15:39:04,410] {spark_submit.py:526} INFO - Using Spark's default log4j profile: org/apache/spark/log4j-defaults.properties
[2021-06-06 15:39:04,436] {spark_submit.py:526} INFO - 21/06/06 15:39:04 INFO SparkContext: Running Spark version 3.1.2
[2021-06-06 15:39:04,550] {spark_submit.py:526} INFO - 21/06/06 15:39:04 INFO ResourceUtils: ==============================================================
[2021-06-06 15:39:04,552] {spark_submit.py:526} INFO - 21/06/06 15:39:04 INFO ResourceUtils: No custom resources configured for spark.driver.
[2021-06-06 15:39:04,555] {spark_submit.py:526} INFO - 21/06/06 15:39:04 INFO ResourceUtils: ==============================================================
[2021-06-06 15:39:04,557] {spark_submit.py:526} INFO - 21/06/06 15:39:04 INFO SparkContext: Submitted application: pyspark-run4
[2021-06-06 15:39:04,607] {spark_submit.py:526} INFO - 21/06/06 15:39:04 INFO ResourceProfile: Default ResourceProfile created, executor resources: Map(cores -> name: cores, amount: 1, script: , vendor: , memory -> name: memory, amount: 1024, script: , vendor: , offHeap -> name: offHeap, amount: 0, script: , vendor: ), task resources: Map(cpus -> name: cpus, amount: 1.0)
[2021-06-06 15:39:04,644] {spark_submit.py:526} INFO - 21/06/06 15:39:04 INFO ResourceProfile: Limiting resource is cpus at 1 tasks per executor
[2021-06-06 15:39:04,649] {spark_submit.py:526} INFO - 21/06/06 15:39:04 INFO ResourceProfileManager: Added ResourceProfile id: 0
[2021-06-06 15:39:04,756] {spark_submit.py:526} INFO - 21/06/06 15:39:04 INFO SecurityManager: Changing view acls to: airflow
[2021-06-06 15:39:04,758] {spark_submit.py:526} INFO - 21/06/06 15:39:04 INFO SecurityManager: Changing modify acls to: airflow
[2021-06-06 15:39:04,760] {spark_submit.py:526} INFO - 21/06/06 15:39:04 INFO SecurityManager: Changing view acls groups to:
[2021-06-06 15:39:04,762] {spark_submit.py:526} INFO - 21/06/06 15:39:04 INFO SecurityManager: Changing modify acls groups to:
[2021-06-06 15:39:04,763] {spark_submit.py:526} INFO - 21/06/06 15:39:04 INFO SecurityManager: SecurityManager: authentication disabled; ui acls disabled; users  with view permissions: Set(airflow); groups with view permissions: Set(); users  with modify permissions: Set(airflow); groups with modify permissions: Set()
[2021-06-06 15:39:05,299] {spark_submit.py:526} INFO - 21/06/06 15:39:05 INFO Utils: Successfully started service 'sparkDriver' on port 38277.
[2021-06-06 15:39:05,390] {spark_submit.py:526} INFO - 21/06/06 15:39:05 INFO SparkEnv: Registering MapOutputTracker
[2021-06-06 15:39:05,462] {spark_submit.py:526} INFO - 21/06/06 15:39:05 INFO SparkEnv: Registering BlockManagerMaster
[2021-06-06 15:39:05,545] {spark_submit.py:526} INFO - 21/06/06 15:39:05 INFO BlockManagerMasterEndpoint: Using org.apache.spark.storage.DefaultTopologyMapper for getting topology information
[2021-06-06 15:39:05,550] {spark_submit.py:526} INFO - 21/06/06 15:39:05 INFO BlockManagerMasterEndpoint: BlockManagerMasterEndpoint up
[2021-06-06 15:39:05,568] {spark_submit.py:526} INFO - 21/06/06 15:39:05 INFO SparkEnv: Registering BlockManagerMasterHeartbeat
[2021-06-06 15:39:05,599] {spark_submit.py:526} INFO - 21/06/06 15:39:05 INFO DiskBlockManager: Created local directory at /tmp/blockmgr-1dfe00c0-dc71-4854-a536-d0e1a5b9a6e7
[2021-06-06 15:39:05,682] {spark_submit.py:526} INFO - 21/06/06 15:39:05 INFO MemoryStore: MemoryStore started with capacity 127.2 MiB
[2021-06-06 15:39:05,734] {spark_submit.py:526} INFO - 21/06/06 15:39:05 INFO SparkEnv: Registering OutputCommitCoordinator
[2021-06-06 15:39:06,145] {spark_submit.py:526} INFO - 21/06/06 15:39:06 INFO Utils: Successfully started service 'SparkUI' on port 4040.
[2021-06-06 15:39:06,306] {spark_submit.py:526} INFO - 21/06/06 15:39:06 INFO SparkUI: Bound SparkUI to 0.0.0.0, and started at http://5b1a5e9e3fee:4040
[2021-06-06 15:39:06,851] {spark_submit.py:526} INFO - 21/06/06 15:39:06 INFO StandaloneAppClient$ClientEndpoint: Connecting to master spark://spark-master:7077...
[2021-06-06 15:39:06,983] {spark_submit.py:526} INFO - 21/06/06 15:39:06 INFO TransportClientFactory: Successfully created connection to spark-master/172.21.0.9:7077 after 86 ms (0 ms spent in bootstraps)
[2021-06-06 15:39:07,269] {spark_submit.py:526} INFO - 21/06/06 15:39:07 INFO StandaloneSchedulerBackend: Connected to Spark cluster with app ID app-20210606153907-0001
[2021-06-06 15:39:07,287] {spark_submit.py:526} INFO - 21/06/06 15:39:07 INFO Utils: Successfully started service 'org.apache.spark.network.netty.NettyBlockTransferService' on port 32981.
[2021-06-06 15:39:07,290] {spark_submit.py:526} INFO - 21/06/06 15:39:07 INFO NettyBlockTransferService: Server created on 5b1a5e9e3fee:32981
[2021-06-06 15:39:07,293] {spark_submit.py:526} INFO - 21/06/06 15:39:07 INFO BlockManager: Using org.apache.spark.storage.RandomBlockReplicationPolicy for block replication policy
[2021-06-06 15:39:07,312] {spark_submit.py:526} INFO - 21/06/06 15:39:07 INFO BlockManagerMaster: Registering BlockManager BlockManagerId(driver, 5b1a5e9e3fee, 32981, None)
[2021-06-06 15:39:07,334] {spark_submit.py:526} INFO - 21/06/06 15:39:07 INFO BlockManagerMasterEndpoint: Registering block manager 5b1a5e9e3fee:32981 with 127.2 MiB RAM, BlockManagerId(driver, 5b1a5e9e3fee, 32981, None)
[2021-06-06 15:39:07,341] {spark_submit.py:526} INFO - 21/06/06 15:39:07 INFO BlockManagerMaster: Registered BlockManager BlockManagerId(driver, 5b1a5e9e3fee, 32981, None)
[2021-06-06 15:39:07,346] {spark_submit.py:526} INFO - 21/06/06 15:39:07 INFO BlockManager: Initialized BlockManager: BlockManagerId(driver, 5b1a5e9e3fee, 32981, None)
[2021-06-06 15:39:07,833] {spark_submit.py:526} INFO - 21/06/06 15:39:07 INFO StandaloneSchedulerBackend: SchedulerBackend is ready for scheduling beginning after reached minRegisteredResourcesRatio: 0.0
[2021-06-06 15:39:08,327] {spark_submit.py:526} INFO - 21/06/06 15:39:08 INFO SharedState: Setting hive.metastore.warehouse.dir ('null') to the value of spark.sql.warehouse.dir ('file:/opt/airflow/spark-warehouse').
[2021-06-06 15:39:08,329] {spark_submit.py:526} INFO - 21/06/06 15:39:08 INFO SharedState: Warehouse path is 'file:/opt/airflow/spark-warehouse'.
[2021-06-06 15:39:15,941] {spark_submit.py:526} INFO - 21/06/06 15:39:15 INFO CodeGenerator: Code generated in 634.63072 ms
[2021-06-06 15:39:16,059] {spark_submit.py:526} INFO - 21/06/06 15:39:16 INFO SparkContext: Starting job: showString at NativeMethodAccessorImpl.java:0
[2021-06-06 15:39:16,112] {spark_submit.py:526} INFO - 21/06/06 15:39:16 INFO DAGScheduler: Got job 0 (showString at NativeMethodAccessorImpl.java:0) with 1 output partitions
[2021-06-06 15:39:16,113] {spark_submit.py:526} INFO - 21/06/06 15:39:16 INFO DAGScheduler: Final stage: ResultStage 0 (showString at NativeMethodAccessorImpl.java:0)
[2021-06-06 15:39:16,116] {spark_submit.py:526} INFO - 21/06/06 15:39:16 INFO DAGScheduler: Parents of final stage: List()
[2021-06-06 15:39:16,122] {spark_submit.py:526} INFO - 21/06/06 15:39:16 INFO DAGScheduler: Missing parents: List()
[2021-06-06 15:39:16,133] {spark_submit.py:526} INFO - 21/06/06 15:39:16 INFO DAGScheduler: Submitting ResultStage 0 (MapPartitionsRDD[6] at showString at NativeMethodAccessorImpl.java:0), which has no missing parents
[2021-06-06 15:39:16,406] {spark_submit.py:526} INFO - 21/06/06 15:39:16 INFO MemoryStore: Block broadcast_0 stored as values in memory (estimated size 11.1 KiB, free 127.2 MiB)
[2021-06-06 15:39:16,465] {spark_submit.py:526} INFO - 21/06/06 15:39:16 INFO MemoryStore: Block broadcast_0_piece0 stored as bytes in memory (estimated size 5.8 KiB, free 127.2 MiB)
[2021-06-06 15:39:16,471] {spark_submit.py:526} INFO - 21/06/06 15:39:16 INFO BlockManagerInfo: Added broadcast_0_piece0 in memory on 5b1a5e9e3fee:32981 (size: 5.8 KiB, free: 127.2 MiB)
[2021-06-06 15:39:16,478] {spark_submit.py:526} INFO - 21/06/06 15:39:16 INFO SparkContext: Created broadcast 0 from broadcast at DAGScheduler.scala:1388
[2021-06-06 15:39:16,535] {spark_submit.py:526} INFO - 21/06/06 15:39:16 INFO DAGScheduler: Submitting 1 missing tasks from ResultStage 0 (MapPartitionsRDD[6] at showString at NativeMethodAccessorImpl.java:0) (first 15 tasks are for partitions Vector(0))
[2021-06-06 15:39:16,537] {spark_submit.py:526} INFO - 21/06/06 15:39:16 INFO TaskSchedulerImpl: Adding task set 0.0 with 1 tasks resource profile 0
[2021-06-06 15:39:31,590] {spark_submit.py:526} INFO - 21/06/06 15:39:31 WARN TaskSchedulerImpl: Initial job has not accepted any resources; check your cluster UI to ensure that workers are registered and have sufficient resources
[2021-06-06 15:39:46,585] {spark_submit.py:526} INFO - 21/06/06 15:39:46 WARN TaskSchedulerImpl: Initial job has not accepted any resources; check your cluster UI to ensure that workers are registered and have sufficient resources
[2021-06-06 15:40:01,585] {spark_submit.py:526} INFO - 21/06/06 15:40:01 WARN TaskSchedulerImpl: Initial job has not accepted any resources; check your cluster UI to ensure that workers are registered and have sufficient resources
[2021-06-06 15:40:16,585] {spark_submit.py:526} INFO - 21/06/06 15:40:16 WARN TaskSchedulerImpl: Initial job has not accepted any resources; check your cluster UI to ensure that workers are registered and have sufficient resources
[2021-06-06 15:40:21,931] {local_task_job.py:188} WARNING - State of this instance has been externally set to failed. Terminating instance.
[2021-06-06 15:40:21,937] {process_utils.py:100} INFO - Sending Signals.SIGTERM to GPID 966
[2021-06-06 15:40:21,940] {taskinstance.py:1239} ERROR - Received SIGTERM. Terminating subprocesses.
[2021-06-06 15:40:21,959] {spark_submit.py:657} INFO - Sending kill signal to spark-submit
[2021-06-06 15:40:21,978] {process_utils.py:66} INFO - Process psutil.Process(pid=1023, status='terminated', started='15:39:02') (1023) terminated with exit code None
[2021-06-06 15:40:22,288] {process_utils.py:66} INFO - Process psutil.Process(pid=967, status='terminated', started='15:38:55') (967) terminated with exit code None
[2021-06-06 15:40:22,290] {process_utils.py:66} INFO - Process psutil.Process(pid=966, status='terminated', exitcode=0, started='15:38:54') (966) terminated with exit code 0
