[2021-06-06 15:44:59,417] {taskinstance.py:851} INFO - Dependencies all met for <TaskInstance: forex_data_pipeline.spark_submit_job 2021-06-05T00:00:00+00:00 [queued]>
[2021-06-06 15:44:59,455] {taskinstance.py:851} INFO - Dependencies all met for <TaskInstance: forex_data_pipeline.spark_submit_job 2021-06-05T00:00:00+00:00 [queued]>
[2021-06-06 15:44:59,456] {taskinstance.py:1042} INFO - 
--------------------------------------------------------------------------------
[2021-06-06 15:44:59,458] {taskinstance.py:1043} INFO - Starting attempt 5 of 6
[2021-06-06 15:44:59,460] {taskinstance.py:1044} INFO - 
--------------------------------------------------------------------------------
[2021-06-06 15:44:59,481] {taskinstance.py:1063} INFO - Executing <Task(SparkSubmitOperator): spark_submit_job> on 2021-06-05T00:00:00+00:00
[2021-06-06 15:44:59,493] {standard_task_runner.py:52} INFO - Started process 1506 to run task
[2021-06-06 15:44:59,503] {standard_task_runner.py:76} INFO - Running: ['airflow', 'tasks', 'run', 'forex_data_pipeline', 'spark_submit_job', '2021-06-05T00:00:00+00:00', '--job-id', '37', '--pool', 'default_pool', '--raw', '--subdir', 'DAGS_FOLDER/dag_spark.py', '--cfg-path', '/tmp/tmp7nh4qf2u', '--error-file', '/tmp/tmp41x6aus5']
[2021-06-06 15:44:59,505] {standard_task_runner.py:77} INFO - Job 37: Subtask spark_submit_job
[2021-06-06 15:44:59,612] {logging_mixin.py:104} INFO - Running <TaskInstance: forex_data_pipeline.spark_submit_job 2021-06-05T00:00:00+00:00 [running]> on host 5b1a5e9e3fee
[2021-06-06 15:44:59,714] {taskinstance.py:1257} INFO - Exporting the following env vars:
AIRFLOW_CTX_DAG_EMAIL=admin@localhost.com
AIRFLOW_CTX_DAG_OWNER=airflow
AIRFLOW_CTX_DAG_ID=forex_data_pipeline
AIRFLOW_CTX_TASK_ID=spark_submit_job
AIRFLOW_CTX_EXECUTION_DATE=2021-06-05T00:00:00+00:00
AIRFLOW_CTX_DAG_RUN_ID=scheduled__2021-06-05T00:00:00+00:00
[2021-06-06 15:44:59,736] {base.py:74} INFO - Using connection to: id: spark_conn. Host: spark://spark-master, Port: 7077, Schema: , Login: marcelo, Password: XXXXXXXX, extra: None
[2021-06-06 15:44:59,742] {spark_submit.py:364} INFO - Spark-Submit cmd: spark-submit --master spark://spark-master:7077 --conf master=spark://spark-master:7077 --conf spark.dynamicAllocation.enabled=false --conf spark.shuffle.service.enabled=false --num-executors 1 --total-executor-cores 1 --executor-cores 1 --executor-memory 512m --driver-memory 512m --name airflow-spark1 /opt/airflow/dags/test.py
[2021-06-06 15:45:04,066] {spark_submit.py:526} INFO - Warning: Ignoring non-Spark config property: master
[2021-06-06 15:45:04,270] {spark_submit.py:526} INFO - WARNING: An illegal reflective access operation has occurred
[2021-06-06 15:45:04,273] {spark_submit.py:526} INFO - WARNING: Illegal reflective access by org.apache.spark.unsafe.Platform (file:/home/airflow/.local/lib/python3.7/site-packages/pyspark/jars/spark-unsafe_2.12-3.1.2.jar) to constructor java.nio.DirectByteBuffer(long,int)
[2021-06-06 15:45:04,275] {spark_submit.py:526} INFO - WARNING: Please consider reporting this to the maintainers of org.apache.spark.unsafe.Platform
[2021-06-06 15:45:04,277] {spark_submit.py:526} INFO - WARNING: Use --illegal-access=warn to enable warnings of further illegal reflective access operations
[2021-06-06 15:45:04,279] {spark_submit.py:526} INFO - WARNING: All illegal access operations will be denied in a future release
[2021-06-06 15:45:05,775] {spark_submit.py:526} INFO - 21/06/06 15:45:05 WARN NativeCodeLoader: Unable to load native-hadoop library for your platform... using builtin-java classes where applicable
[2021-06-06 15:45:08,143] {spark_submit.py:526} INFO - Using Spark's default log4j profile: org/apache/spark/log4j-defaults.properties
[2021-06-06 15:45:08,164] {spark_submit.py:526} INFO - 21/06/06 15:45:08 INFO SparkContext: Running Spark version 3.1.2
[2021-06-06 15:45:08,249] {spark_submit.py:526} INFO - 21/06/06 15:45:08 INFO ResourceUtils: ==============================================================
[2021-06-06 15:45:08,255] {spark_submit.py:526} INFO - 21/06/06 15:45:08 INFO ResourceUtils: No custom resources configured for spark.driver.
[2021-06-06 15:45:08,258] {spark_submit.py:526} INFO - 21/06/06 15:45:08 INFO ResourceUtils: ==============================================================
[2021-06-06 15:45:08,260] {spark_submit.py:526} INFO - 21/06/06 15:45:08 INFO SparkContext: Submitted application: airflow-spark1
[2021-06-06 15:45:08,310] {spark_submit.py:526} INFO - 21/06/06 15:45:08 INFO ResourceProfile: Default ResourceProfile created, executor resources: Map(cores -> name: cores, amount: 1, script: , vendor: , memory -> name: memory, amount: 512, script: , vendor: , offHeap -> name: offHeap, amount: 0, script: , vendor: ), task resources: Map(cpus -> name: cpus, amount: 1.0)
[2021-06-06 15:45:08,345] {spark_submit.py:526} INFO - 21/06/06 15:45:08 INFO ResourceProfile: Limiting resource is cpus at 1 tasks per executor
[2021-06-06 15:45:08,351] {spark_submit.py:526} INFO - 21/06/06 15:45:08 INFO ResourceProfileManager: Added ResourceProfile id: 0
[2021-06-06 15:45:08,517] {spark_submit.py:526} INFO - 21/06/06 15:45:08 INFO SecurityManager: Changing view acls to: airflow
[2021-06-06 15:45:08,521] {spark_submit.py:526} INFO - 21/06/06 15:45:08 INFO SecurityManager: Changing modify acls to: airflow
[2021-06-06 15:45:08,529] {spark_submit.py:526} INFO - 21/06/06 15:45:08 INFO SecurityManager: Changing view acls groups to:
[2021-06-06 15:45:08,530] {spark_submit.py:526} INFO - 21/06/06 15:45:08 INFO SecurityManager: Changing modify acls groups to:
[2021-06-06 15:45:08,532] {spark_submit.py:526} INFO - 21/06/06 15:45:08 INFO SecurityManager: SecurityManager: authentication disabled; ui acls disabled; users  with view permissions: Set(airflow); groups with view permissions: Set(); users  with modify permissions: Set(airflow); groups with modify permissions: Set()
[2021-06-06 15:45:09,279] {spark_submit.py:526} INFO - 21/06/06 15:45:09 INFO Utils: Successfully started service 'sparkDriver' on port 37061.
[2021-06-06 15:45:09,335] {spark_submit.py:526} INFO - 21/06/06 15:45:09 INFO SparkEnv: Registering MapOutputTracker
[2021-06-06 15:45:09,397] {spark_submit.py:526} INFO - 21/06/06 15:45:09 INFO SparkEnv: Registering BlockManagerMaster
[2021-06-06 15:45:09,442] {spark_submit.py:526} INFO - 21/06/06 15:45:09 INFO BlockManagerMasterEndpoint: Using org.apache.spark.storage.DefaultTopologyMapper for getting topology information
[2021-06-06 15:45:09,444] {spark_submit.py:526} INFO - 21/06/06 15:45:09 INFO BlockManagerMasterEndpoint: BlockManagerMasterEndpoint up
[2021-06-06 15:45:09,455] {spark_submit.py:526} INFO - 21/06/06 15:45:09 INFO SparkEnv: Registering BlockManagerMasterHeartbeat
[2021-06-06 15:45:09,481] {spark_submit.py:526} INFO - 21/06/06 15:45:09 INFO DiskBlockManager: Created local directory at /tmp/blockmgr-7038a894-92d0-4565-8c95-6398e70dcf46
[2021-06-06 15:45:09,527] {spark_submit.py:526} INFO - 21/06/06 15:45:09 INFO MemoryStore: MemoryStore started with capacity 127.2 MiB
[2021-06-06 15:45:09,565] {spark_submit.py:526} INFO - 21/06/06 15:45:09 INFO SparkEnv: Registering OutputCommitCoordinator
[2021-06-06 15:45:10,144] {spark_submit.py:526} INFO - 21/06/06 15:45:10 INFO Utils: Successfully started service 'SparkUI' on port 4040.
[2021-06-06 15:45:10,275] {spark_submit.py:526} INFO - 21/06/06 15:45:10 INFO SparkUI: Bound SparkUI to 0.0.0.0, and started at http://5b1a5e9e3fee:4040
[2021-06-06 15:45:10,708] {spark_submit.py:526} INFO - 21/06/06 15:45:10 INFO StandaloneAppClient$ClientEndpoint: Connecting to master spark://spark-master:7077...
[2021-06-06 15:45:10,849] {spark_submit.py:526} INFO - 21/06/06 15:45:10 INFO TransportClientFactory: Successfully created connection to spark-master/172.21.0.9:7077 after 86 ms (0 ms spent in bootstraps)
[2021-06-06 15:45:11,238] {spark_submit.py:526} INFO - 21/06/06 15:45:11 INFO StandaloneSchedulerBackend: Connected to Spark cluster with app ID app-20210606154511-0003
[2021-06-06 15:45:11,253] {spark_submit.py:526} INFO - 21/06/06 15:45:11 INFO StandaloneAppClient$ClientEndpoint: Executor added: app-20210606154511-0003/0 on worker-20210606153353-172.21.0.10-44919 (172.21.0.10:44919) with 1 core(s)
[2021-06-06 15:45:11,269] {spark_submit.py:526} INFO - 21/06/06 15:45:11 INFO StandaloneSchedulerBackend: Granted executor ID app-20210606154511-0003/0 on hostPort 172.21.0.10:44919 with 1 core(s), 512.0 MiB RAM
[2021-06-06 15:45:11,284] {spark_submit.py:526} INFO - 21/06/06 15:45:11 INFO Utils: Successfully started service 'org.apache.spark.network.netty.NettyBlockTransferService' on port 41589.
[2021-06-06 15:45:11,286] {spark_submit.py:526} INFO - 21/06/06 15:45:11 INFO NettyBlockTransferService: Server created on 5b1a5e9e3fee:41589
[2021-06-06 15:45:11,292] {spark_submit.py:526} INFO - 21/06/06 15:45:11 INFO BlockManager: Using org.apache.spark.storage.RandomBlockReplicationPolicy for block replication policy
[2021-06-06 15:45:11,329] {spark_submit.py:526} INFO - 21/06/06 15:45:11 INFO BlockManagerMaster: Registering BlockManager BlockManagerId(driver, 5b1a5e9e3fee, 41589, None)
[2021-06-06 15:45:11,347] {spark_submit.py:526} INFO - 21/06/06 15:45:11 INFO BlockManagerMasterEndpoint: Registering block manager 5b1a5e9e3fee:41589 with 127.2 MiB RAM, BlockManagerId(driver, 5b1a5e9e3fee, 41589, None)
[2021-06-06 15:45:11,355] {spark_submit.py:526} INFO - 21/06/06 15:45:11 INFO BlockManagerMaster: Registered BlockManager BlockManagerId(driver, 5b1a5e9e3fee, 41589, None)
[2021-06-06 15:45:11,357] {spark_submit.py:526} INFO - 21/06/06 15:45:11 INFO BlockManager: Initialized BlockManager: BlockManagerId(driver, 5b1a5e9e3fee, 41589, None)
[2021-06-06 15:45:12,139] {spark_submit.py:526} INFO - 21/06/06 15:45:12 ERROR TransportRequestHandler: Error while invoking RpcHandler#receive() for one-way message.
[2021-06-06 15:45:12,148] {spark_submit.py:526} INFO - java.io.InvalidClassException: org.apache.spark.deploy.DeployMessages$ExecutorUpdated; local class incompatible: stream classdesc serialVersionUID = 1654279024112373855, local class serialVersionUID = -1971851081955655249
[2021-06-06 15:45:12,165] {spark_submit.py:526} INFO - at java.base/java.io.ObjectStreamClass.initNonProxy(ObjectStreamClass.java:689)
[2021-06-06 15:45:12,169] {spark_submit.py:526} INFO - at java.base/java.io.ObjectInputStream.readNonProxyDesc(ObjectInputStream.java:2012)
[2021-06-06 15:45:12,175] {spark_submit.py:526} INFO - at java.base/java.io.ObjectInputStream.readClassDesc(ObjectInputStream.java:1862)
[2021-06-06 15:45:12,180] {spark_submit.py:526} INFO - at java.base/java.io.ObjectInputStream.readOrdinaryObject(ObjectInputStream.java:2169)
[2021-06-06 15:45:12,185] {spark_submit.py:526} INFO - at java.base/java.io.ObjectInputStream.readObject0(ObjectInputStream.java:1679)
[2021-06-06 15:45:12,187] {spark_submit.py:526} INFO - at java.base/java.io.ObjectInputStream.readObject(ObjectInputStream.java:493)
[2021-06-06 15:45:12,190] {spark_submit.py:526} INFO - at java.base/java.io.ObjectInputStream.readObject(ObjectInputStream.java:451)
[2021-06-06 15:45:12,203] {spark_submit.py:526} INFO - at org.apache.spark.serializer.JavaDeserializationStream.readObject(JavaSerializer.scala:76)
[2021-06-06 15:45:12,209] {spark_submit.py:526} INFO - at org.apache.spark.serializer.JavaSerializerInstance.deserialize(JavaSerializer.scala:109)
[2021-06-06 15:45:12,213] {spark_submit.py:526} INFO - at org.apache.spark.rpc.netty.NettyRpcEnv.$anonfun$deserialize$2(NettyRpcEnv.scala:299)
[2021-06-06 15:45:12,217] {spark_submit.py:526} INFO - at scala.util.DynamicVariable.withValue(DynamicVariable.scala:62)
[2021-06-06 15:45:12,220] {spark_submit.py:526} INFO - at org.apache.spark.rpc.netty.NettyRpcEnv.deserialize(NettyRpcEnv.scala:352)
[2021-06-06 15:45:12,222] {spark_submit.py:526} INFO - at org.apache.spark.rpc.netty.NettyRpcEnv.$anonfun$deserialize$1(NettyRpcEnv.scala:298)
[2021-06-06 15:45:12,225] {spark_submit.py:526} INFO - at scala.util.DynamicVariable.withValue(DynamicVariable.scala:62)
[2021-06-06 15:45:12,227] {spark_submit.py:526} INFO - at org.apache.spark.rpc.netty.NettyRpcEnv.deserialize(NettyRpcEnv.scala:298)
[2021-06-06 15:45:12,233] {spark_submit.py:526} INFO - at org.apache.spark.rpc.netty.RequestMessage$.apply(NettyRpcEnv.scala:647)
[2021-06-06 15:45:12,236] {spark_submit.py:526} INFO - at org.apache.spark.rpc.netty.NettyRpcHandler.internalReceive(NettyRpcEnv.scala:698)
[2021-06-06 15:45:12,240] {spark_submit.py:526} INFO - at org.apache.spark.rpc.netty.NettyRpcHandler.receive(NettyRpcEnv.scala:690)
[2021-06-06 15:45:12,242] {spark_submit.py:526} INFO - at org.apache.spark.network.server.TransportRequestHandler.processOneWayMessage(TransportRequestHandler.java:255)
[2021-06-06 15:45:12,245] {spark_submit.py:526} INFO - at org.apache.spark.network.server.TransportRequestHandler.handle(TransportRequestHandler.java:111)
[2021-06-06 15:45:12,247] {spark_submit.py:526} INFO - at org.apache.spark.network.server.TransportChannelHandler.channelRead0(TransportChannelHandler.java:140)
[2021-06-06 15:45:12,266] {spark_submit.py:526} INFO - at org.apache.spark.network.server.TransportChannelHandler.channelRead0(TransportChannelHandler.java:53)
[2021-06-06 15:45:12,269] {spark_submit.py:526} INFO - at io.netty.channel.SimpleChannelInboundHandler.channelRead(SimpleChannelInboundHandler.java:99)
[2021-06-06 15:45:12,273] {spark_submit.py:526} INFO - at io.netty.channel.AbstractChannelHandlerContext.invokeChannelRead(AbstractChannelHandlerContext.java:379)
[2021-06-06 15:45:12,279] {spark_submit.py:526} INFO - at io.netty.channel.AbstractChannelHandlerContext.invokeChannelRead(AbstractChannelHandlerContext.java:365)
[2021-06-06 15:45:12,282] {spark_submit.py:526} INFO - at io.netty.channel.AbstractChannelHandlerContext.fireChannelRead(AbstractChannelHandlerContext.java:357)
[2021-06-06 15:45:12,293] {spark_submit.py:526} INFO - at io.netty.handler.timeout.IdleStateHandler.channelRead(IdleStateHandler.java:286)
[2021-06-06 15:45:12,322] {spark_submit.py:526} INFO - at io.netty.channel.AbstractChannelHandlerContext.invokeChannelRead(AbstractChannelHandlerContext.java:379)
[2021-06-06 15:45:12,352] {spark_submit.py:526} INFO - at io.netty.channel.AbstractChannelHandlerContext.invokeChannelRead(AbstractChannelHandlerContext.java:365)
[2021-06-06 15:45:12,361] {spark_submit.py:526} INFO - at io.netty.channel.AbstractChannelHandlerContext.fireChannelRead(AbstractChannelHandlerContext.java:357)
[2021-06-06 15:45:12,412] {spark_submit.py:526} INFO - at io.netty.handler.codec.MessageToMessageDecoder.channelRead(MessageToMessageDecoder.java:103)
[2021-06-06 15:45:12,418] {spark_submit.py:526} INFO - at io.netty.channel.AbstractChannelHandlerContext.invokeChannelRead(AbstractChannelHandlerContext.java:379)
[2021-06-06 15:45:12,432] {spark_submit.py:526} INFO - at io.netty.channel.AbstractChannelHandlerContext.invokeChannelRead(AbstractChannelHandlerContext.java:365)
[2021-06-06 15:45:12,447] {spark_submit.py:526} INFO - at io.netty.channel.AbstractChannelHandlerContext.fireChannelRead(AbstractChannelHandlerContext.java:357)
[2021-06-06 15:45:12,457] {spark_submit.py:526} INFO - at org.apache.spark.network.util.TransportFrameDecoder.channelRead(TransportFrameDecoder.java:102)
[2021-06-06 15:45:12,471] {spark_submit.py:526} INFO - at io.netty.channel.AbstractChannelHandlerContext.invokeChannelRead(AbstractChannelHandlerContext.java:379)
[2021-06-06 15:45:12,474] {spark_submit.py:526} INFO - at io.netty.channel.AbstractChannelHandlerContext.invokeChannelRead(AbstractChannelHandlerContext.java:365)
[2021-06-06 15:45:12,477] {spark_submit.py:526} INFO - at io.netty.channel.AbstractChannelHandlerContext.fireChannelRead(AbstractChannelHandlerContext.java:357)
[2021-06-06 15:45:12,481] {spark_submit.py:526} INFO - at io.netty.channel.DefaultChannelPipeline$HeadContext.channelRead(DefaultChannelPipeline.java:1410)
[2021-06-06 15:45:12,485] {spark_submit.py:526} INFO - at io.netty.channel.AbstractChannelHandlerContext.invokeChannelRead(AbstractChannelHandlerContext.java:379)
[2021-06-06 15:45:12,487] {spark_submit.py:526} INFO - at io.netty.channel.AbstractChannelHandlerContext.invokeChannelRead(AbstractChannelHandlerContext.java:365)
[2021-06-06 15:45:12,488] {spark_submit.py:526} INFO - at io.netty.channel.DefaultChannelPipeline.fireChannelRead(DefaultChannelPipeline.java:919)
[2021-06-06 15:45:12,498] {spark_submit.py:526} INFO - at io.netty.channel.nio.AbstractNioByteChannel$NioByteUnsafe.read(AbstractNioByteChannel.java:163)
[2021-06-06 15:45:12,500] {spark_submit.py:526} INFO - at io.netty.channel.nio.NioEventLoop.processSelectedKey(NioEventLoop.java:714)
[2021-06-06 15:45:12,502] {spark_submit.py:526} INFO - at io.netty.channel.nio.NioEventLoop.processSelectedKeysOptimized(NioEventLoop.java:650)
[2021-06-06 15:45:12,516] {spark_submit.py:526} INFO - at io.netty.channel.nio.NioEventLoop.processSelectedKeys(NioEventLoop.java:576)
[2021-06-06 15:45:12,535] {spark_submit.py:526} INFO - at io.netty.channel.nio.NioEventLoop.run(NioEventLoop.java:493)
[2021-06-06 15:45:12,547] {spark_submit.py:526} INFO - at io.netty.util.concurrent.SingleThreadEventExecutor$4.run(SingleThreadEventExecutor.java:989)
[2021-06-06 15:45:12,558] {spark_submit.py:526} INFO - at io.netty.util.internal.ThreadExecutorMap$2.run(ThreadExecutorMap.java:74)
[2021-06-06 15:45:12,560] {spark_submit.py:526} INFO - at io.netty.util.concurrent.FastThreadLocalRunnable.run(FastThreadLocalRunnable.java:30)
[2021-06-06 15:45:12,563] {spark_submit.py:526} INFO - at java.base/java.lang.Thread.run(Thread.java:829)
[2021-06-06 15:45:12,730] {spark_submit.py:526} INFO - 21/06/06 15:45:12 INFO StandaloneSchedulerBackend: SchedulerBackend is ready for scheduling beginning after reached minRegisteredResourcesRatio: 0.0
[2021-06-06 15:45:15,403] {spark_submit.py:526} INFO - 21/06/06 15:45:15 INFO SharedState: Setting hive.metastore.warehouse.dir ('null') to the value of spark.sql.warehouse.dir ('file:/opt/airflow/spark-warehouse').
[2021-06-06 15:45:15,406] {spark_submit.py:526} INFO - 21/06/06 15:45:15 INFO SharedState: Warehouse path is 'file:/opt/airflow/spark-warehouse'.
[2021-06-06 15:45:23,450] {spark_submit.py:526} INFO - 21/06/06 15:45:23 INFO CodeGenerator: Code generated in 583.303004 ms
[2021-06-06 15:45:23,598] {spark_submit.py:526} INFO - 21/06/06 15:45:23 INFO SparkContext: Starting job: showString at NativeMethodAccessorImpl.java:0
[2021-06-06 15:45:23,750] {spark_submit.py:526} INFO - 21/06/06 15:45:23 INFO DAGScheduler: Got job 0 (showString at NativeMethodAccessorImpl.java:0) with 1 output partitions
[2021-06-06 15:45:23,779] {spark_submit.py:526} INFO - 21/06/06 15:45:23 INFO DAGScheduler: Final stage: ResultStage 0 (showString at NativeMethodAccessorImpl.java:0)
[2021-06-06 15:45:23,782] {spark_submit.py:526} INFO - 21/06/06 15:45:23 INFO DAGScheduler: Parents of final stage: List()
[2021-06-06 15:45:23,794] {spark_submit.py:526} INFO - 21/06/06 15:45:23 INFO DAGScheduler: Missing parents: List()
[2021-06-06 15:45:23,815] {spark_submit.py:526} INFO - 21/06/06 15:45:23 INFO DAGScheduler: Submitting ResultStage 0 (MapPartitionsRDD[6] at showString at NativeMethodAccessorImpl.java:0), which has no missing parents
[2021-06-06 15:45:24,094] {spark_submit.py:526} INFO - 21/06/06 15:45:24 INFO MemoryStore: Block broadcast_0 stored as values in memory (estimated size 11.1 KiB, free 127.2 MiB)
[2021-06-06 15:45:24,181] {spark_submit.py:526} INFO - 21/06/06 15:45:24 INFO MemoryStore: Block broadcast_0_piece0 stored as bytes in memory (estimated size 5.8 KiB, free 127.2 MiB)
[2021-06-06 15:45:24,188] {spark_submit.py:526} INFO - 21/06/06 15:45:24 INFO BlockManagerInfo: Added broadcast_0_piece0 in memory on 5b1a5e9e3fee:41589 (size: 5.8 KiB, free: 127.2 MiB)
[2021-06-06 15:45:24,199] {spark_submit.py:526} INFO - 21/06/06 15:45:24 INFO SparkContext: Created broadcast 0 from broadcast at DAGScheduler.scala:1388
[2021-06-06 15:45:24,233] {spark_submit.py:526} INFO - 21/06/06 15:45:24 INFO DAGScheduler: Submitting 1 missing tasks from ResultStage 0 (MapPartitionsRDD[6] at showString at NativeMethodAccessorImpl.java:0) (first 15 tasks are for partitions Vector(0))
[2021-06-06 15:45:24,235] {spark_submit.py:526} INFO - 21/06/06 15:45:24 INFO TaskSchedulerImpl: Adding task set 0.0 with 1 tasks resource profile 0
[2021-06-06 15:45:39,288] {spark_submit.py:526} INFO - 21/06/06 15:45:39 WARN TaskSchedulerImpl: Initial job has not accepted any resources; check your cluster UI to ensure that workers are registered and have sufficient resources
[2021-06-06 15:45:54,451] {spark_submit.py:526} INFO - 21/06/06 15:45:54 WARN TaskSchedulerImpl: Initial job has not accepted any resources; check your cluster UI to ensure that workers are registered and have sufficient resources
[2021-06-06 15:46:09,290] {spark_submit.py:526} INFO - 21/06/06 15:46:09 WARN TaskSchedulerImpl: Initial job has not accepted any resources; check your cluster UI to ensure that workers are registered and have sufficient resources
[2021-06-06 15:46:24,288] {spark_submit.py:526} INFO - 21/06/06 15:46:24 WARN TaskSchedulerImpl: Initial job has not accepted any resources; check your cluster UI to ensure that workers are registered and have sufficient resources
[2021-06-06 15:46:39,288] {spark_submit.py:526} INFO - 21/06/06 15:46:39 WARN TaskSchedulerImpl: Initial job has not accepted any resources; check your cluster UI to ensure that workers are registered and have sufficient resources
[2021-06-06 15:46:54,285] {spark_submit.py:526} INFO - 21/06/06 15:46:54 WARN TaskSchedulerImpl: Initial job has not accepted any resources; check your cluster UI to ensure that workers are registered and have sufficient resources
[2021-06-06 15:47:09,285] {spark_submit.py:526} INFO - 21/06/06 15:47:09 WARN TaskSchedulerImpl: Initial job has not accepted any resources; check your cluster UI to ensure that workers are registered and have sufficient resources
[2021-06-06 15:47:18,199] {spark_submit.py:526} INFO - 21/06/06 15:47:18 ERROR TransportRequestHandler: Error while invoking RpcHandler#receive() for one-way message.
[2021-06-06 15:47:18,202] {spark_submit.py:526} INFO - java.io.InvalidClassException: org.apache.spark.deploy.DeployMessages$ExecutorUpdated; local class incompatible: stream classdesc serialVersionUID = 1654279024112373855, local class serialVersionUID = -1971851081955655249
[2021-06-06 15:47:18,205] {spark_submit.py:526} INFO - at java.base/java.io.ObjectStreamClass.initNonProxy(ObjectStreamClass.java:689)
[2021-06-06 15:47:18,208] {spark_submit.py:526} INFO - at java.base/java.io.ObjectInputStream.readNonProxyDesc(ObjectInputStream.java:2012)
[2021-06-06 15:47:18,210] {spark_submit.py:526} INFO - at java.base/java.io.ObjectInputStream.readClassDesc(ObjectInputStream.java:1862)
[2021-06-06 15:47:18,212] {spark_submit.py:526} INFO - at java.base/java.io.ObjectInputStream.readOrdinaryObject(ObjectInputStream.java:2169)
[2021-06-06 15:47:18,213] {spark_submit.py:526} INFO - at java.base/java.io.ObjectInputStream.readObject0(ObjectInputStream.java:1679)
[2021-06-06 15:47:18,216] {spark_submit.py:526} INFO - at java.base/java.io.ObjectInputStream.readObject(ObjectInputStream.java:493)
[2021-06-06 15:47:18,219] {spark_submit.py:526} INFO - at java.base/java.io.ObjectInputStream.readObject(ObjectInputStream.java:451)
[2021-06-06 15:47:18,223] {spark_submit.py:526} INFO - at org.apache.spark.serializer.JavaDeserializationStream.readObject(JavaSerializer.scala:76)
[2021-06-06 15:47:18,227] {spark_submit.py:526} INFO - at org.apache.spark.serializer.JavaSerializerInstance.deserialize(JavaSerializer.scala:109)
[2021-06-06 15:47:18,228] {spark_submit.py:526} INFO - at org.apache.spark.rpc.netty.NettyRpcEnv.$anonfun$deserialize$2(NettyRpcEnv.scala:299)
[2021-06-06 15:47:18,238] {spark_submit.py:526} INFO - at scala.util.DynamicVariable.withValue(DynamicVariable.scala:62)
[2021-06-06 15:47:18,240] {spark_submit.py:526} INFO - at org.apache.spark.rpc.netty.NettyRpcEnv.deserialize(NettyRpcEnv.scala:352)
[2021-06-06 15:47:18,241] {spark_submit.py:526} INFO - at org.apache.spark.rpc.netty.NettyRpcEnv.$anonfun$deserialize$1(NettyRpcEnv.scala:298)
[2021-06-06 15:47:18,243] {spark_submit.py:526} INFO - at scala.util.DynamicVariable.withValue(DynamicVariable.scala:62)
[2021-06-06 15:47:18,245] {spark_submit.py:526} INFO - at org.apache.spark.rpc.netty.NettyRpcEnv.deserialize(NettyRpcEnv.scala:298)
[2021-06-06 15:47:18,246] {spark_submit.py:526} INFO - at org.apache.spark.rpc.netty.RequestMessage$.apply(NettyRpcEnv.scala:647)
[2021-06-06 15:47:18,247] {spark_submit.py:526} INFO - at org.apache.spark.rpc.netty.NettyRpcHandler.internalReceive(NettyRpcEnv.scala:698)
[2021-06-06 15:47:18,249] {spark_submit.py:526} INFO - at org.apache.spark.rpc.netty.NettyRpcHandler.receive(NettyRpcEnv.scala:690)
[2021-06-06 15:47:18,250] {spark_submit.py:526} INFO - at org.apache.spark.network.server.TransportRequestHandler.processOneWayMessage(TransportRequestHandler.java:255)
[2021-06-06 15:47:18,251] {spark_submit.py:526} INFO - at org.apache.spark.network.server.TransportRequestHandler.handle(TransportRequestHandler.java:111)
[2021-06-06 15:47:18,254] {spark_submit.py:526} INFO - at org.apache.spark.network.server.TransportChannelHandler.channelRead0(TransportChannelHandler.java:140)
[2021-06-06 15:47:18,257] {spark_submit.py:526} INFO - at org.apache.spark.network.server.TransportChannelHandler.channelRead0(TransportChannelHandler.java:53)
[2021-06-06 15:47:18,260] {spark_submit.py:526} INFO - at io.netty.channel.SimpleChannelInboundHandler.channelRead(SimpleChannelInboundHandler.java:99)
[2021-06-06 15:47:18,263] {spark_submit.py:526} INFO - at io.netty.channel.AbstractChannelHandlerContext.invokeChannelRead(AbstractChannelHandlerContext.java:379)
[2021-06-06 15:47:18,264] {spark_submit.py:526} INFO - at io.netty.channel.AbstractChannelHandlerContext.invokeChannelRead(AbstractChannelHandlerContext.java:365)
[2021-06-06 15:47:18,265] {spark_submit.py:526} INFO - at io.netty.channel.AbstractChannelHandlerContext.fireChannelRead(AbstractChannelHandlerContext.java:357)
[2021-06-06 15:47:18,267] {spark_submit.py:526} INFO - at io.netty.handler.timeout.IdleStateHandler.channelRead(IdleStateHandler.java:286)
[2021-06-06 15:47:18,268] {spark_submit.py:526} INFO - at io.netty.channel.AbstractChannelHandlerContext.invokeChannelRead(AbstractChannelHandlerContext.java:379)
[2021-06-06 15:47:18,269] {spark_submit.py:526} INFO - at io.netty.channel.AbstractChannelHandlerContext.invokeChannelRead(AbstractChannelHandlerContext.java:365)
[2021-06-06 15:47:18,271] {spark_submit.py:526} INFO - at io.netty.channel.AbstractChannelHandlerContext.fireChannelRead(AbstractChannelHandlerContext.java:357)
[2021-06-06 15:47:18,272] {spark_submit.py:526} INFO - at io.netty.handler.codec.MessageToMessageDecoder.channelRead(MessageToMessageDecoder.java:103)
[2021-06-06 15:47:18,273] {spark_submit.py:526} INFO - at io.netty.channel.AbstractChannelHandlerContext.invokeChannelRead(AbstractChannelHandlerContext.java:379)
[2021-06-06 15:47:18,275] {spark_submit.py:526} INFO - at io.netty.channel.AbstractChannelHandlerContext.invokeChannelRead(AbstractChannelHandlerContext.java:365)
[2021-06-06 15:47:18,276] {spark_submit.py:526} INFO - at io.netty.channel.AbstractChannelHandlerContext.fireChannelRead(AbstractChannelHandlerContext.java:357)
[2021-06-06 15:47:18,278] {spark_submit.py:526} INFO - at org.apache.spark.network.util.TransportFrameDecoder.channelRead(TransportFrameDecoder.java:102)
[2021-06-06 15:47:18,280] {spark_submit.py:526} INFO - at io.netty.channel.AbstractChannelHandlerContext.invokeChannelRead(AbstractChannelHandlerContext.java:379)
[2021-06-06 15:47:18,282] {spark_submit.py:526} INFO - at io.netty.channel.AbstractChannelHandlerContext.invokeChannelRead(AbstractChannelHandlerContext.java:365)
[2021-06-06 15:47:18,284] {spark_submit.py:526} INFO - at io.netty.channel.AbstractChannelHandlerContext.fireChannelRead(AbstractChannelHandlerContext.java:357)
[2021-06-06 15:47:18,286] {spark_submit.py:526} INFO - at io.netty.channel.DefaultChannelPipeline$HeadContext.channelRead(DefaultChannelPipeline.java:1410)
[2021-06-06 15:47:18,287] {spark_submit.py:526} INFO - at io.netty.channel.AbstractChannelHandlerContext.invokeChannelRead(AbstractChannelHandlerContext.java:379)
[2021-06-06 15:47:18,289] {spark_submit.py:526} INFO - at io.netty.channel.AbstractChannelHandlerContext.invokeChannelRead(AbstractChannelHandlerContext.java:365)
[2021-06-06 15:47:18,291] {spark_submit.py:526} INFO - at io.netty.channel.DefaultChannelPipeline.fireChannelRead(DefaultChannelPipeline.java:919)
[2021-06-06 15:47:18,292] {spark_submit.py:526} INFO - at io.netty.channel.nio.AbstractNioByteChannel$NioByteUnsafe.read(AbstractNioByteChannel.java:163)
[2021-06-06 15:47:18,293] {spark_submit.py:526} INFO - at io.netty.channel.nio.NioEventLoop.processSelectedKey(NioEventLoop.java:714)
[2021-06-06 15:47:18,295] {spark_submit.py:526} INFO - at io.netty.channel.nio.NioEventLoop.processSelectedKeysOptimized(NioEventLoop.java:650)
[2021-06-06 15:47:18,296] {spark_submit.py:526} INFO - at io.netty.channel.nio.NioEventLoop.processSelectedKeys(NioEventLoop.java:576)
[2021-06-06 15:47:18,298] {spark_submit.py:526} INFO - at io.netty.channel.nio.NioEventLoop.run(NioEventLoop.java:493)
[2021-06-06 15:47:18,299] {spark_submit.py:526} INFO - at io.netty.util.concurrent.SingleThreadEventExecutor$4.run(SingleThreadEventExecutor.java:989)
[2021-06-06 15:47:18,301] {spark_submit.py:526} INFO - at io.netty.util.internal.ThreadExecutorMap$2.run(ThreadExecutorMap.java:74)
[2021-06-06 15:47:18,303] {spark_submit.py:526} INFO - at io.netty.util.concurrent.FastThreadLocalRunnable.run(FastThreadLocalRunnable.java:30)
[2021-06-06 15:47:18,305] {spark_submit.py:526} INFO - at java.base/java.lang.Thread.run(Thread.java:829)
[2021-06-06 15:47:18,308] {spark_submit.py:526} INFO - 21/06/06 15:47:18 INFO StandaloneAppClient$ClientEndpoint: Executor added: app-20210606154511-0003/1 on worker-20210606153353-172.21.0.10-44919 (172.21.0.10:44919) with 1 core(s)
[2021-06-06 15:47:18,312] {spark_submit.py:526} INFO - 21/06/06 15:47:18 INFO StandaloneSchedulerBackend: Granted executor ID app-20210606154511-0003/1 on hostPort 172.21.0.10:44919 with 1 core(s), 512.0 MiB RAM
[2021-06-06 15:47:18,434] {spark_submit.py:526} INFO - 21/06/06 15:47:18 ERROR TransportRequestHandler: Error while invoking RpcHandler#receive() for one-way message.
[2021-06-06 15:47:18,437] {spark_submit.py:526} INFO - java.io.InvalidClassException: org.apache.spark.deploy.DeployMessages$ExecutorUpdated; local class incompatible: stream classdesc serialVersionUID = 1654279024112373855, local class serialVersionUID = -1971851081955655249
[2021-06-06 15:47:18,439] {spark_submit.py:526} INFO - at java.base/java.io.ObjectStreamClass.initNonProxy(ObjectStreamClass.java:689)
[2021-06-06 15:47:18,451] {spark_submit.py:526} INFO - at java.base/java.io.ObjectInputStream.readNonProxyDesc(ObjectInputStream.java:2012)
[2021-06-06 15:47:18,453] {spark_submit.py:526} INFO - at java.base/java.io.ObjectInputStream.readClassDesc(ObjectInputStream.java:1862)
[2021-06-06 15:47:18,454] {spark_submit.py:526} INFO - at java.base/java.io.ObjectInputStream.readOrdinaryObject(ObjectInputStream.java:2169)
[2021-06-06 15:47:18,456] {spark_submit.py:526} INFO - at java.base/java.io.ObjectInputStream.readObject0(ObjectInputStream.java:1679)
[2021-06-06 15:47:18,458] {spark_submit.py:526} INFO - at java.base/java.io.ObjectInputStream.readObject(ObjectInputStream.java:493)
[2021-06-06 15:47:18,460] {spark_submit.py:526} INFO - at java.base/java.io.ObjectInputStream.readObject(ObjectInputStream.java:451)
[2021-06-06 15:47:18,462] {spark_submit.py:526} INFO - at org.apache.spark.serializer.JavaDeserializationStream.readObject(JavaSerializer.scala:76)
[2021-06-06 15:47:18,464] {spark_submit.py:526} INFO - at org.apache.spark.serializer.JavaSerializerInstance.deserialize(JavaSerializer.scala:109)
[2021-06-06 15:47:18,465] {spark_submit.py:526} INFO - at org.apache.spark.rpc.netty.NettyRpcEnv.$anonfun$deserialize$2(NettyRpcEnv.scala:299)
[2021-06-06 15:47:18,467] {spark_submit.py:526} INFO - at scala.util.DynamicVariable.withValue(DynamicVariable.scala:62)
[2021-06-06 15:47:18,469] {spark_submit.py:526} INFO - at org.apache.spark.rpc.netty.NettyRpcEnv.deserialize(NettyRpcEnv.scala:352)
[2021-06-06 15:47:18,470] {spark_submit.py:526} INFO - at org.apache.spark.rpc.netty.NettyRpcEnv.$anonfun$deserialize$1(NettyRpcEnv.scala:298)
[2021-06-06 15:47:18,472] {spark_submit.py:526} INFO - at scala.util.DynamicVariable.withValue(DynamicVariable.scala:62)
[2021-06-06 15:47:18,473] {spark_submit.py:526} INFO - at org.apache.spark.rpc.netty.NettyRpcEnv.deserialize(NettyRpcEnv.scala:298)
[2021-06-06 15:47:18,475] {spark_submit.py:526} INFO - at org.apache.spark.rpc.netty.RequestMessage$.apply(NettyRpcEnv.scala:647)
[2021-06-06 15:47:18,478] {spark_submit.py:526} INFO - at org.apache.spark.rpc.netty.NettyRpcHandler.internalReceive(NettyRpcEnv.scala:698)
[2021-06-06 15:47:18,480] {spark_submit.py:526} INFO - at org.apache.spark.rpc.netty.NettyRpcHandler.receive(NettyRpcEnv.scala:690)
[2021-06-06 15:47:18,483] {spark_submit.py:526} INFO - at org.apache.spark.network.server.TransportRequestHandler.processOneWayMessage(TransportRequestHandler.java:255)
[2021-06-06 15:47:18,485] {spark_submit.py:526} INFO - at org.apache.spark.network.server.TransportRequestHandler.handle(TransportRequestHandler.java:111)
[2021-06-06 15:47:18,488] {spark_submit.py:526} INFO - at org.apache.spark.network.server.TransportChannelHandler.channelRead0(TransportChannelHandler.java:140)
[2021-06-06 15:47:18,491] {spark_submit.py:526} INFO - at org.apache.spark.network.server.TransportChannelHandler.channelRead0(TransportChannelHandler.java:53)
[2021-06-06 15:47:18,493] {spark_submit.py:526} INFO - at io.netty.channel.SimpleChannelInboundHandler.channelRead(SimpleChannelInboundHandler.java:99)
[2021-06-06 15:47:18,496] {spark_submit.py:526} INFO - at io.netty.channel.AbstractChannelHandlerContext.invokeChannelRead(AbstractChannelHandlerContext.java:379)
[2021-06-06 15:47:18,498] {spark_submit.py:526} INFO - at io.netty.channel.AbstractChannelHandlerContext.invokeChannelRead(AbstractChannelHandlerContext.java:365)
[2021-06-06 15:47:18,500] {spark_submit.py:526} INFO - at io.netty.channel.AbstractChannelHandlerContext.fireChannelRead(AbstractChannelHandlerContext.java:357)
[2021-06-06 15:47:18,503] {spark_submit.py:526} INFO - at io.netty.handler.timeout.IdleStateHandler.channelRead(IdleStateHandler.java:286)
[2021-06-06 15:47:18,505] {spark_submit.py:526} INFO - at io.netty.channel.AbstractChannelHandlerContext.invokeChannelRead(AbstractChannelHandlerContext.java:379)
[2021-06-06 15:47:18,507] {spark_submit.py:526} INFO - at io.netty.channel.AbstractChannelHandlerContext.invokeChannelRead(AbstractChannelHandlerContext.java:365)
[2021-06-06 15:47:18,511] {spark_submit.py:526} INFO - at io.netty.channel.AbstractChannelHandlerContext.fireChannelRead(AbstractChannelHandlerContext.java:357)
[2021-06-06 15:47:18,525] {spark_submit.py:526} INFO - at io.netty.handler.codec.MessageToMessageDecoder.channelRead(MessageToMessageDecoder.java:103)
[2021-06-06 15:47:18,551] {spark_submit.py:526} INFO - at io.netty.channel.AbstractChannelHandlerContext.invokeChannelRead(AbstractChannelHandlerContext.java:379)
[2021-06-06 15:47:18,564] {spark_submit.py:526} INFO - at io.netty.channel.AbstractChannelHandlerContext.invokeChannelRead(AbstractChannelHandlerContext.java:365)
[2021-06-06 15:47:18,575] {spark_submit.py:526} INFO - at io.netty.channel.AbstractChannelHandlerContext.fireChannelRead(AbstractChannelHandlerContext.java:357)
[2021-06-06 15:47:18,579] {spark_submit.py:526} INFO - at org.apache.spark.network.util.TransportFrameDecoder.channelRead(TransportFrameDecoder.java:102)
[2021-06-06 15:47:18,581] {spark_submit.py:526} INFO - at io.netty.channel.AbstractChannelHandlerContext.invokeChannelRead(AbstractChannelHandlerContext.java:379)
[2021-06-06 15:47:18,583] {spark_submit.py:526} INFO - at io.netty.channel.AbstractChannelHandlerContext.invokeChannelRead(AbstractChannelHandlerContext.java:365)
[2021-06-06 15:47:18,584] {spark_submit.py:526} INFO - at io.netty.channel.AbstractChannelHandlerContext.fireChannelRead(AbstractChannelHandlerContext.java:357)
[2021-06-06 15:47:18,585] {spark_submit.py:526} INFO - at io.netty.channel.DefaultChannelPipeline$HeadContext.channelRead(DefaultChannelPipeline.java:1410)
[2021-06-06 15:47:18,587] {spark_submit.py:526} INFO - at io.netty.channel.AbstractChannelHandlerContext.invokeChannelRead(AbstractChannelHandlerContext.java:379)
[2021-06-06 15:47:18,588] {spark_submit.py:526} INFO - at io.netty.channel.AbstractChannelHandlerContext.invokeChannelRead(AbstractChannelHandlerContext.java:365)
[2021-06-06 15:47:18,589] {spark_submit.py:526} INFO - at io.netty.channel.DefaultChannelPipeline.fireChannelRead(DefaultChannelPipeline.java:919)
[2021-06-06 15:47:18,590] {spark_submit.py:526} INFO - at io.netty.channel.nio.AbstractNioByteChannel$NioByteUnsafe.read(AbstractNioByteChannel.java:163)
[2021-06-06 15:47:18,591] {spark_submit.py:526} INFO - at io.netty.channel.nio.NioEventLoop.processSelectedKey(NioEventLoop.java:714)
[2021-06-06 15:47:18,593] {spark_submit.py:526} INFO - at io.netty.channel.nio.NioEventLoop.processSelectedKeysOptimized(NioEventLoop.java:650)
[2021-06-06 15:47:18,594] {spark_submit.py:526} INFO - at io.netty.channel.nio.NioEventLoop.processSelectedKeys(NioEventLoop.java:576)
[2021-06-06 15:47:18,595] {spark_submit.py:526} INFO - at io.netty.channel.nio.NioEventLoop.run(NioEventLoop.java:493)
[2021-06-06 15:47:18,596] {spark_submit.py:526} INFO - at io.netty.util.concurrent.SingleThreadEventExecutor$4.run(SingleThreadEventExecutor.java:989)
[2021-06-06 15:47:18,598] {spark_submit.py:526} INFO - at io.netty.util.internal.ThreadExecutorMap$2.run(ThreadExecutorMap.java:74)
[2021-06-06 15:47:18,599] {spark_submit.py:526} INFO - at io.netty.util.concurrent.FastThreadLocalRunnable.run(FastThreadLocalRunnable.java:30)
[2021-06-06 15:47:18,600] {spark_submit.py:526} INFO - at java.base/java.lang.Thread.run(Thread.java:829)
[2021-06-06 15:47:24,285] {spark_submit.py:526} INFO - 21/06/06 15:47:24 WARN TaskSchedulerImpl: Initial job has not accepted any resources; check your cluster UI to ensure that workers are registered and have sufficient resources
[2021-06-06 15:47:39,285] {spark_submit.py:526} INFO - 21/06/06 15:47:39 WARN TaskSchedulerImpl: Initial job has not accepted any resources; check your cluster UI to ensure that workers are registered and have sufficient resources
[2021-06-06 15:47:54,284] {spark_submit.py:526} INFO - 21/06/06 15:47:54 WARN TaskSchedulerImpl: Initial job has not accepted any resources; check your cluster UI to ensure that workers are registered and have sufficient resources
[2021-06-06 15:48:09,292] {spark_submit.py:526} INFO - 21/06/06 15:48:09 WARN TaskSchedulerImpl: Initial job has not accepted any resources; check your cluster UI to ensure that workers are registered and have sufficient resources
[2021-06-06 15:48:24,285] {spark_submit.py:526} INFO - 21/06/06 15:48:24 WARN TaskSchedulerImpl: Initial job has not accepted any resources; check your cluster UI to ensure that workers are registered and have sufficient resources
[2021-06-06 15:48:39,286] {spark_submit.py:526} INFO - 21/06/06 15:48:39 WARN TaskSchedulerImpl: Initial job has not accepted any resources; check your cluster UI to ensure that workers are registered and have sufficient resources
[2021-06-06 15:48:54,284] {spark_submit.py:526} INFO - 21/06/06 15:48:54 WARN TaskSchedulerImpl: Initial job has not accepted any resources; check your cluster UI to ensure that workers are registered and have sufficient resources
[2021-06-06 15:49:09,285] {spark_submit.py:526} INFO - 21/06/06 15:49:09 WARN TaskSchedulerImpl: Initial job has not accepted any resources; check your cluster UI to ensure that workers are registered and have sufficient resources
[2021-06-06 15:49:11,739] {local_task_job.py:188} WARNING - State of this instance has been externally set to shutdown. Terminating instance.
[2021-06-06 15:49:11,780] {process_utils.py:100} INFO - Sending Signals.SIGTERM to GPID 1506
[2021-06-06 15:49:11,806] {taskinstance.py:1239} ERROR - Received SIGTERM. Terminating subprocesses.
[2021-06-06 15:49:11,825] {spark_submit.py:657} INFO - Sending kill signal to spark-submit
[2021-06-06 15:49:11,956] {taskinstance.py:1455} ERROR - Task received SIGTERM signal
Traceback (most recent call last):
  File "/home/airflow/.local/lib/python3.7/site-packages/airflow/models/taskinstance.py", line 1112, in _run_raw_task
    self._prepare_and_execute_task_with_callbacks(context, task)
  File "/home/airflow/.local/lib/python3.7/site-packages/airflow/models/taskinstance.py", line 1285, in _prepare_and_execute_task_with_callbacks
    result = self._execute_task(context, task_copy)
  File "/home/airflow/.local/lib/python3.7/site-packages/airflow/models/taskinstance.py", line 1315, in _execute_task
    result = task_copy.execute(context=context)
  File "/home/airflow/.local/lib/python3.7/site-packages/airflow/providers/apache/spark/operators/spark_submit.py", line 183, in execute
    self._hook.submit(self._application)
  File "/home/airflow/.local/lib/python3.7/site-packages/airflow/providers/apache/spark/hooks/spark_submit.py", line 440, in submit
    self._process_spark_submit_log(iter(self._submit_sp.stdout))  # type: ignore
  File "/home/airflow/.local/lib/python3.7/site-packages/airflow/providers/apache/spark/hooks/spark_submit.py", line 494, in _process_spark_submit_log
    for line in itr:
  File "/home/airflow/.local/lib/python3.7/site-packages/airflow/models/taskinstance.py", line 1241, in signal_handler
    raise AirflowException("Task received SIGTERM signal")
airflow.exceptions.AirflowException: Task received SIGTERM signal
[2021-06-06 15:49:11,995] {taskinstance.py:1503} INFO - Marking task as FAILED. dag_id=forex_data_pipeline, task_id=spark_submit_job, execution_date=20210605T000000, start_date=20210606T154459, end_date=20210606T154911
[2021-06-06 15:49:12,499] {process_utils.py:66} INFO - Process psutil.Process(pid=1506, status='terminated', exitcode=1, started='15:44:58') (1506) terminated with exit code 1
[2021-06-06 15:49:13,826] {process_utils.py:66} INFO - Process psutil.Process(pid=1561, status='terminated', started='15:45:06') (1561) terminated with exit code None
[2021-06-06 15:49:13,842] {process_utils.py:66} INFO - Process psutil.Process(pid=1507, status='terminated', started='15:44:59') (1507) terminated with exit code None
