[2021-06-06 16:09:19,828] {taskinstance.py:851} INFO - Dependencies all met for <TaskInstance: forex_data_pipeline.spark_submit_job 2021-06-05T00:00:00+00:00 [queued]>
[2021-06-06 16:09:19,876] {taskinstance.py:851} INFO - Dependencies all met for <TaskInstance: forex_data_pipeline.spark_submit_job 2021-06-05T00:00:00+00:00 [queued]>
[2021-06-06 16:09:19,879] {taskinstance.py:1042} INFO - 
--------------------------------------------------------------------------------
[2021-06-06 16:09:19,895] {taskinstance.py:1043} INFO - Starting attempt 8 of 8
[2021-06-06 16:09:19,935] {taskinstance.py:1044} INFO - 
--------------------------------------------------------------------------------
[2021-06-06 16:09:20,048] {taskinstance.py:1063} INFO - Executing <Task(SparkSubmitOperator): spark_submit_job> on 2021-06-05T00:00:00+00:00
[2021-06-06 16:09:20,083] {standard_task_runner.py:76} INFO - Running: ['airflow', 'tasks', 'run', 'forex_data_pipeline', 'spark_submit_job', '2021-06-05T00:00:00+00:00', '--job-id', '40', '--pool', 'default_pool', '--raw', '--subdir', 'DAGS_FOLDER/dag_spark.py', '--cfg-path', '/tmp/tmpwck9lbjk', '--error-file', '/tmp/tmpan3xeidx']
[2021-06-06 16:09:20,090] {standard_task_runner.py:77} INFO - Job 40: Subtask spark_submit_job
[2021-06-06 16:09:20,100] {standard_task_runner.py:52} INFO - Started process 3117 to run task
[2021-06-06 16:09:20,294] {logging_mixin.py:104} INFO - Running <TaskInstance: forex_data_pipeline.spark_submit_job 2021-06-05T00:00:00+00:00 [running]> on host 5b1a5e9e3fee
[2021-06-06 16:09:20,471] {taskinstance.py:1257} INFO - Exporting the following env vars:
AIRFLOW_CTX_DAG_EMAIL=admin@localhost.com
AIRFLOW_CTX_DAG_OWNER=airflow
AIRFLOW_CTX_DAG_ID=forex_data_pipeline
AIRFLOW_CTX_TASK_ID=spark_submit_job
AIRFLOW_CTX_EXECUTION_DATE=2021-06-05T00:00:00+00:00
AIRFLOW_CTX_DAG_RUN_ID=scheduled__2021-06-05T00:00:00+00:00
[2021-06-06 16:09:20,503] {base.py:74} INFO - Using connection to: id: spark_conn. Host: spark://spark-master, Port: 7077, Schema: , Login: marcelo, Password: XXXXXXXX, extra: None
[2021-06-06 16:09:20,507] {spark_submit.py:364} INFO - Spark-Submit cmd: spark-submit --master spark://spark-master:7077 --conf master=spark://spark-master:7077 --num-executors 1 --total-executor-cores 1 --executor-cores 1 --executor-memory 512m --driver-memory 512m --name airflow-spark1 /opt/airflow/dags/test.py
[2021-06-06 16:09:32,276] {spark_submit.py:526} INFO - Warning: Ignoring non-Spark config property: master
[2021-06-06 16:09:32,913] {spark_submit.py:526} INFO - WARNING: An illegal reflective access operation has occurred
[2021-06-06 16:09:32,915] {spark_submit.py:526} INFO - WARNING: Illegal reflective access by org.apache.spark.unsafe.Platform (file:/home/airflow/.local/lib/python3.7/site-packages/pyspark/jars/spark-unsafe_2.12-3.1.2.jar) to constructor java.nio.DirectByteBuffer(long,int)
[2021-06-06 16:09:32,950] {spark_submit.py:526} INFO - WARNING: Please consider reporting this to the maintainers of org.apache.spark.unsafe.Platform
[2021-06-06 16:09:32,976] {spark_submit.py:526} INFO - WARNING: Use --illegal-access=warn to enable warnings of further illegal reflective access operations
[2021-06-06 16:09:33,008] {spark_submit.py:526} INFO - WARNING: All illegal access operations will be denied in a future release
[2021-06-06 16:09:35,412] {spark_submit.py:526} INFO - 21/06/06 16:09:35 WARN NativeCodeLoader: Unable to load native-hadoop library for your platform... using builtin-java classes where applicable
[2021-06-06 16:09:40,045] {spark_submit.py:526} INFO - Using Spark's default log4j profile: org/apache/spark/log4j-defaults.properties
[2021-06-06 16:09:40,070] {spark_submit.py:526} INFO - 21/06/06 16:09:40 INFO SparkContext: Running Spark version 3.1.2
[2021-06-06 16:09:40,196] {spark_submit.py:526} INFO - 21/06/06 16:09:40 INFO ResourceUtils: ==============================================================
[2021-06-06 16:09:40,206] {spark_submit.py:526} INFO - 21/06/06 16:09:40 INFO ResourceUtils: No custom resources configured for spark.driver.
[2021-06-06 16:09:40,269] {spark_submit.py:526} INFO - 21/06/06 16:09:40 INFO ResourceUtils: ==============================================================
[2021-06-06 16:09:40,272] {spark_submit.py:526} INFO - 21/06/06 16:09:40 INFO SparkContext: Submitted application: Forex processing
[2021-06-06 16:09:40,306] {spark_submit.py:526} INFO - 21/06/06 16:09:40 INFO ResourceProfile: Default ResourceProfile created, executor resources: Map(cores -> name: cores, amount: 1, script: , vendor: , memory -> name: memory, amount: 512, script: , vendor: , offHeap -> name: offHeap, amount: 0, script: , vendor: ), task resources: Map(cpus -> name: cpus, amount: 1.0)
[2021-06-06 16:09:40,428] {spark_submit.py:526} INFO - 21/06/06 16:09:40 INFO ResourceProfile: Limiting resource is cpus at 1 tasks per executor
[2021-06-06 16:09:40,436] {spark_submit.py:526} INFO - 21/06/06 16:09:40 INFO ResourceProfileManager: Added ResourceProfile id: 0
[2021-06-06 16:09:40,720] {spark_submit.py:526} INFO - 21/06/06 16:09:40 INFO SecurityManager: Changing view acls to: airflow
[2021-06-06 16:09:40,728] {spark_submit.py:526} INFO - 21/06/06 16:09:40 INFO SecurityManager: Changing modify acls to: airflow
[2021-06-06 16:09:40,737] {spark_submit.py:526} INFO - 21/06/06 16:09:40 INFO SecurityManager: Changing view acls groups to:
[2021-06-06 16:09:40,745] {spark_submit.py:526} INFO - 21/06/06 16:09:40 INFO SecurityManager: Changing modify acls groups to:
[2021-06-06 16:09:40,747] {spark_submit.py:526} INFO - 21/06/06 16:09:40 INFO SecurityManager: SecurityManager: authentication disabled; ui acls disabled; users  with view permissions: Set(airflow); groups with view permissions: Set(); users  with modify permissions: Set(airflow); groups with modify permissions: Set()
[2021-06-06 16:09:42,271] {spark_submit.py:526} INFO - 21/06/06 16:09:42 INFO Utils: Successfully started service 'sparkDriver' on port 43471.
[2021-06-06 16:09:42,446] {spark_submit.py:526} INFO - 21/06/06 16:09:42 INFO SparkEnv: Registering MapOutputTracker
[2021-06-06 16:09:42,681] {spark_submit.py:526} INFO - 21/06/06 16:09:42 INFO SparkEnv: Registering BlockManagerMaster
[2021-06-06 16:09:42,925] {spark_submit.py:526} INFO - 21/06/06 16:09:42 INFO BlockManagerMasterEndpoint: Using org.apache.spark.storage.DefaultTopologyMapper for getting topology information
[2021-06-06 16:09:42,928] {spark_submit.py:526} INFO - 21/06/06 16:09:42 INFO BlockManagerMasterEndpoint: BlockManagerMasterEndpoint up
[2021-06-06 16:09:43,141] {spark_submit.py:526} INFO - 21/06/06 16:09:43 INFO SparkEnv: Registering BlockManagerMasterHeartbeat
[2021-06-06 16:09:43,335] {spark_submit.py:526} INFO - 21/06/06 16:09:43 INFO DiskBlockManager: Created local directory at /tmp/blockmgr-bf9c7167-be57-473c-885f-b9786fcb6767
[2021-06-06 16:09:43,530] {spark_submit.py:526} INFO - 21/06/06 16:09:43 INFO MemoryStore: MemoryStore started with capacity 127.2 MiB
[2021-06-06 16:09:43,979] {spark_submit.py:526} INFO - 21/06/06 16:09:43 INFO SparkEnv: Registering OutputCommitCoordinator
[2021-06-06 16:09:46,213] {spark_submit.py:526} INFO - 21/06/06 16:09:46 INFO Utils: Successfully started service 'SparkUI' on port 4040.
[2021-06-06 16:09:46,699] {spark_submit.py:526} INFO - 21/06/06 16:09:46 INFO SparkUI: Bound SparkUI to 0.0.0.0, and started at http://5b1a5e9e3fee:4040
[2021-06-06 16:09:48,760] {spark_submit.py:526} INFO - 21/06/06 16:09:48 INFO StandaloneAppClient$ClientEndpoint: Connecting to master spark://spark-master:7077...
[2021-06-06 16:09:49,128] {spark_submit.py:526} INFO - 21/06/06 16:09:49 INFO TransportClientFactory: Successfully created connection to spark-master/172.21.0.9:7077 after 237 ms (0 ms spent in bootstraps)
[2021-06-06 16:09:50,974] {spark_submit.py:526} INFO - 21/06/06 16:09:50 INFO StandaloneSchedulerBackend: Connected to Spark cluster with app ID app-20210606160950-0005
[2021-06-06 16:09:51,440] {spark_submit.py:526} INFO - 21/06/06 16:09:51 INFO StandaloneAppClient$ClientEndpoint: Executor added: app-20210606160950-0005/0 on worker-20210606153353-172.21.0.10-44919 (172.21.0.10:44919) with 1 core(s)
[2021-06-06 16:09:51,452] {spark_submit.py:526} INFO - 21/06/06 16:09:51 INFO Utils: Successfully started service 'org.apache.spark.network.netty.NettyBlockTransferService' on port 43799.
[2021-06-06 16:09:51,457] {spark_submit.py:526} INFO - 21/06/06 16:09:51 INFO NettyBlockTransferService: Server created on 5b1a5e9e3fee:43799
[2021-06-06 16:09:51,473] {spark_submit.py:526} INFO - 21/06/06 16:09:51 INFO BlockManager: Using org.apache.spark.storage.RandomBlockReplicationPolicy for block replication policy
[2021-06-06 16:09:51,497] {spark_submit.py:526} INFO - 21/06/06 16:09:51 INFO StandaloneSchedulerBackend: Granted executor ID app-20210606160950-0005/0 on hostPort 172.21.0.10:44919 with 1 core(s), 512.0 MiB RAM
[2021-06-06 16:09:51,528] {spark_submit.py:526} INFO - 21/06/06 16:09:51 INFO BlockManagerMaster: Registering BlockManager BlockManagerId(driver, 5b1a5e9e3fee, 43799, None)
[2021-06-06 16:09:51,592] {spark_submit.py:526} INFO - 21/06/06 16:09:51 INFO BlockManagerMasterEndpoint: Registering block manager 5b1a5e9e3fee:43799 with 127.2 MiB RAM, BlockManagerId(driver, 5b1a5e9e3fee, 43799, None)
[2021-06-06 16:09:51,685] {spark_submit.py:526} INFO - 21/06/06 16:09:51 INFO BlockManagerMaster: Registered BlockManager BlockManagerId(driver, 5b1a5e9e3fee, 43799, None)
[2021-06-06 16:09:51,717] {spark_submit.py:526} INFO - 21/06/06 16:09:51 INFO BlockManager: Initialized BlockManager: BlockManagerId(driver, 5b1a5e9e3fee, 43799, None)
[2021-06-06 16:09:52,553] {spark_submit.py:526} INFO - 21/06/06 16:09:52 ERROR TransportRequestHandler: Error while invoking RpcHandler#receive() for one-way message.
[2021-06-06 16:09:52,564] {spark_submit.py:526} INFO - java.io.InvalidClassException: org.apache.spark.deploy.DeployMessages$ExecutorUpdated; local class incompatible: stream classdesc serialVersionUID = 1654279024112373855, local class serialVersionUID = -1971851081955655249
[2021-06-06 16:09:52,567] {spark_submit.py:526} INFO - at java.base/java.io.ObjectStreamClass.initNonProxy(ObjectStreamClass.java:689)
[2021-06-06 16:09:52,573] {spark_submit.py:526} INFO - at java.base/java.io.ObjectInputStream.readNonProxyDesc(ObjectInputStream.java:2012)
[2021-06-06 16:09:52,624] {spark_submit.py:526} INFO - at java.base/java.io.ObjectInputStream.readClassDesc(ObjectInputStream.java:1862)
[2021-06-06 16:09:52,634] {spark_submit.py:526} INFO - at java.base/java.io.ObjectInputStream.readOrdinaryObject(ObjectInputStream.java:2169)
[2021-06-06 16:09:52,635] {spark_submit.py:526} INFO - at java.base/java.io.ObjectInputStream.readObject0(ObjectInputStream.java:1679)
[2021-06-06 16:09:52,638] {spark_submit.py:526} INFO - at java.base/java.io.ObjectInputStream.readObject(ObjectInputStream.java:493)
[2021-06-06 16:09:52,644] {spark_submit.py:526} INFO - at java.base/java.io.ObjectInputStream.readObject(ObjectInputStream.java:451)
[2021-06-06 16:09:52,648] {spark_submit.py:526} INFO - at org.apache.spark.serializer.JavaDeserializationStream.readObject(JavaSerializer.scala:76)
[2021-06-06 16:09:52,651] {spark_submit.py:526} INFO - at org.apache.spark.serializer.JavaSerializerInstance.deserialize(JavaSerializer.scala:109)
[2021-06-06 16:09:52,652] {spark_submit.py:526} INFO - at org.apache.spark.rpc.netty.NettyRpcEnv.$anonfun$deserialize$2(NettyRpcEnv.scala:299)
[2021-06-06 16:09:52,655] {spark_submit.py:526} INFO - at scala.util.DynamicVariable.withValue(DynamicVariable.scala:62)
[2021-06-06 16:09:52,659] {spark_submit.py:526} INFO - at org.apache.spark.rpc.netty.NettyRpcEnv.deserialize(NettyRpcEnv.scala:352)
[2021-06-06 16:09:52,661] {spark_submit.py:526} INFO - at org.apache.spark.rpc.netty.NettyRpcEnv.$anonfun$deserialize$1(NettyRpcEnv.scala:298)
[2021-06-06 16:09:52,665] {spark_submit.py:526} INFO - at scala.util.DynamicVariable.withValue(DynamicVariable.scala:62)
[2021-06-06 16:09:52,667] {spark_submit.py:526} INFO - at org.apache.spark.rpc.netty.NettyRpcEnv.deserialize(NettyRpcEnv.scala:298)
[2021-06-06 16:09:52,690] {spark_submit.py:526} INFO - at org.apache.spark.rpc.netty.RequestMessage$.apply(NettyRpcEnv.scala:647)
[2021-06-06 16:09:52,692] {spark_submit.py:526} INFO - at org.apache.spark.rpc.netty.NettyRpcHandler.internalReceive(NettyRpcEnv.scala:698)
[2021-06-06 16:09:52,702] {spark_submit.py:526} INFO - at org.apache.spark.rpc.netty.NettyRpcHandler.receive(NettyRpcEnv.scala:690)
[2021-06-06 16:09:52,709] {spark_submit.py:526} INFO - at org.apache.spark.network.server.TransportRequestHandler.processOneWayMessage(TransportRequestHandler.java:255)
[2021-06-06 16:09:52,711] {spark_submit.py:526} INFO - at org.apache.spark.network.server.TransportRequestHandler.handle(TransportRequestHandler.java:111)
[2021-06-06 16:09:52,713] {spark_submit.py:526} INFO - at org.apache.spark.network.server.TransportChannelHandler.channelRead0(TransportChannelHandler.java:140)
[2021-06-06 16:09:52,724] {spark_submit.py:526} INFO - at org.apache.spark.network.server.TransportChannelHandler.channelRead0(TransportChannelHandler.java:53)
[2021-06-06 16:09:52,728] {spark_submit.py:526} INFO - at io.netty.channel.SimpleChannelInboundHandler.channelRead(SimpleChannelInboundHandler.java:99)
[2021-06-06 16:09:52,741] {spark_submit.py:526} INFO - at io.netty.channel.AbstractChannelHandlerContext.invokeChannelRead(AbstractChannelHandlerContext.java:379)
[2021-06-06 16:09:52,743] {spark_submit.py:526} INFO - at io.netty.channel.AbstractChannelHandlerContext.invokeChannelRead(AbstractChannelHandlerContext.java:365)
[2021-06-06 16:09:52,746] {spark_submit.py:526} INFO - at io.netty.channel.AbstractChannelHandlerContext.fireChannelRead(AbstractChannelHandlerContext.java:357)
[2021-06-06 16:09:52,762] {spark_submit.py:526} INFO - at io.netty.handler.timeout.IdleStateHandler.channelRead(IdleStateHandler.java:286)
[2021-06-06 16:09:52,773] {spark_submit.py:526} INFO - at io.netty.channel.AbstractChannelHandlerContext.invokeChannelRead(AbstractChannelHandlerContext.java:379)
[2021-06-06 16:09:52,796] {spark_submit.py:526} INFO - at io.netty.channel.AbstractChannelHandlerContext.invokeChannelRead(AbstractChannelHandlerContext.java:365)
[2021-06-06 16:09:52,800] {spark_submit.py:526} INFO - at io.netty.channel.AbstractChannelHandlerContext.fireChannelRead(AbstractChannelHandlerContext.java:357)
[2021-06-06 16:09:52,857] {spark_submit.py:526} INFO - at io.netty.handler.codec.MessageToMessageDecoder.channelRead(MessageToMessageDecoder.java:103)
[2021-06-06 16:09:52,870] {spark_submit.py:526} INFO - at io.netty.channel.AbstractChannelHandlerContext.invokeChannelRead(AbstractChannelHandlerContext.java:379)
[2021-06-06 16:09:52,984] {spark_submit.py:526} INFO - at io.netty.channel.AbstractChannelHandlerContext.invokeChannelRead(AbstractChannelHandlerContext.java:365)
[2021-06-06 16:09:53,008] {spark_submit.py:526} INFO - at io.netty.channel.AbstractChannelHandlerContext.fireChannelRead(AbstractChannelHandlerContext.java:357)
[2021-06-06 16:09:53,028] {spark_submit.py:526} INFO - at org.apache.spark.network.util.TransportFrameDecoder.channelRead(TransportFrameDecoder.java:102)
[2021-06-06 16:09:53,037] {spark_submit.py:526} INFO - at io.netty.channel.AbstractChannelHandlerContext.invokeChannelRead(AbstractChannelHandlerContext.java:379)
[2021-06-06 16:09:53,043] {spark_submit.py:526} INFO - at io.netty.channel.AbstractChannelHandlerContext.invokeChannelRead(AbstractChannelHandlerContext.java:365)
[2021-06-06 16:09:53,051] {spark_submit.py:526} INFO - at io.netty.channel.AbstractChannelHandlerContext.fireChannelRead(AbstractChannelHandlerContext.java:357)
[2021-06-06 16:09:53,056] {spark_submit.py:526} INFO - at io.netty.channel.DefaultChannelPipeline$HeadContext.channelRead(DefaultChannelPipeline.java:1410)
[2021-06-06 16:09:53,073] {spark_submit.py:526} INFO - at io.netty.channel.AbstractChannelHandlerContext.invokeChannelRead(AbstractChannelHandlerContext.java:379)
[2021-06-06 16:09:53,089] {spark_submit.py:526} INFO - at io.netty.channel.AbstractChannelHandlerContext.invokeChannelRead(AbstractChannelHandlerContext.java:365)
[2021-06-06 16:09:53,097] {spark_submit.py:526} INFO - at io.netty.channel.DefaultChannelPipeline.fireChannelRead(DefaultChannelPipeline.java:919)
[2021-06-06 16:09:53,150] {spark_submit.py:526} INFO - at io.netty.channel.nio.AbstractNioByteChannel$NioByteUnsafe.read(AbstractNioByteChannel.java:163)
[2021-06-06 16:09:53,268] {spark_submit.py:526} INFO - at io.netty.channel.nio.NioEventLoop.processSelectedKey(NioEventLoop.java:714)
[2021-06-06 16:09:53,288] {spark_submit.py:526} INFO - at io.netty.channel.nio.NioEventLoop.processSelectedKeysOptimized(NioEventLoop.java:650)
[2021-06-06 16:09:53,311] {spark_submit.py:526} INFO - at io.netty.channel.nio.NioEventLoop.processSelectedKeys(NioEventLoop.java:576)
[2021-06-06 16:09:53,341] {spark_submit.py:526} INFO - at io.netty.channel.nio.NioEventLoop.run(NioEventLoop.java:493)
[2021-06-06 16:09:53,354] {spark_submit.py:526} INFO - at io.netty.util.concurrent.SingleThreadEventExecutor$4.run(SingleThreadEventExecutor.java:989)
[2021-06-06 16:09:53,372] {spark_submit.py:526} INFO - at io.netty.util.internal.ThreadExecutorMap$2.run(ThreadExecutorMap.java:74)
[2021-06-06 16:09:53,381] {spark_submit.py:526} INFO - at io.netty.util.concurrent.FastThreadLocalRunnable.run(FastThreadLocalRunnable.java:30)
[2021-06-06 16:09:53,400] {spark_submit.py:526} INFO - at java.base/java.lang.Thread.run(Thread.java:829)
[2021-06-06 16:09:53,845] {spark_submit.py:526} INFO - 21/06/06 16:09:53 INFO StandaloneSchedulerBackend: SchedulerBackend is ready for scheduling beginning after reached minRegisteredResourcesRatio: 0.0
[2021-06-06 16:09:55,912] {spark_submit.py:526} INFO - 21/06/06 16:09:55 INFO SharedState: Setting hive.metastore.warehouse.dir ('null') to the value of spark.sql.warehouse.dir ('/opt/airflow/spark-warehouse').
[2021-06-06 16:09:55,916] {spark_submit.py:526} INFO - 21/06/06 16:09:55 INFO SharedState: Warehouse path is '/opt/airflow/spark-warehouse'.
[2021-06-06 16:10:35,296] {spark_submit.py:526} INFO - 21/06/06 16:10:35 INFO CodeGenerator: Code generated in 1225.569706 ms
[2021-06-06 16:10:35,526] {spark_submit.py:526} INFO - 21/06/06 16:10:35 INFO SparkContext: Starting job: showString at NativeMethodAccessorImpl.java:0
[2021-06-06 16:10:35,625] {spark_submit.py:526} INFO - 21/06/06 16:10:35 INFO DAGScheduler: Got job 0 (showString at NativeMethodAccessorImpl.java:0) with 1 output partitions
[2021-06-06 16:10:35,628] {spark_submit.py:526} INFO - 21/06/06 16:10:35 INFO DAGScheduler: Final stage: ResultStage 0 (showString at NativeMethodAccessorImpl.java:0)
[2021-06-06 16:10:35,630] {spark_submit.py:526} INFO - 21/06/06 16:10:35 INFO DAGScheduler: Parents of final stage: List()
[2021-06-06 16:10:35,633] {spark_submit.py:526} INFO - 21/06/06 16:10:35 INFO DAGScheduler: Missing parents: List()
[2021-06-06 16:10:35,669] {spark_submit.py:526} INFO - 21/06/06 16:10:35 INFO DAGScheduler: Submitting ResultStage 0 (MapPartitionsRDD[6] at showString at NativeMethodAccessorImpl.java:0), which has no missing parents
[2021-06-06 16:10:36,097] {spark_submit.py:526} INFO - 21/06/06 16:10:36 INFO MemoryStore: Block broadcast_0 stored as values in memory (estimated size 11.1 KiB, free 127.2 MiB)
[2021-06-06 16:10:36,225] {spark_submit.py:526} INFO - 21/06/06 16:10:36 INFO MemoryStore: Block broadcast_0_piece0 stored as bytes in memory (estimated size 5.8 KiB, free 127.2 MiB)
[2021-06-06 16:10:36,260] {spark_submit.py:526} INFO - 21/06/06 16:10:36 INFO BlockManagerInfo: Added broadcast_0_piece0 in memory on 5b1a5e9e3fee:43799 (size: 5.8 KiB, free: 127.2 MiB)
[2021-06-06 16:10:36,274] {spark_submit.py:526} INFO - 21/06/06 16:10:36 INFO SparkContext: Created broadcast 0 from broadcast at DAGScheduler.scala:1388
[2021-06-06 16:10:36,328] {spark_submit.py:526} INFO - 21/06/06 16:10:36 INFO DAGScheduler: Submitting 1 missing tasks from ResultStage 0 (MapPartitionsRDD[6] at showString at NativeMethodAccessorImpl.java:0) (first 15 tasks are for partitions Vector(0))
[2021-06-06 16:10:36,332] {spark_submit.py:526} INFO - 21/06/06 16:10:36 INFO TaskSchedulerImpl: Adding task set 0.0 with 1 tasks resource profile 0
[2021-06-06 16:10:51,386] {spark_submit.py:526} INFO - 21/06/06 16:10:51 WARN TaskSchedulerImpl: Initial job has not accepted any resources; check your cluster UI to ensure that workers are registered and have sufficient resources
[2021-06-06 16:11:06,380] {spark_submit.py:526} INFO - 21/06/06 16:11:06 WARN TaskSchedulerImpl: Initial job has not accepted any resources; check your cluster UI to ensure that workers are registered and have sufficient resources
[2021-06-06 16:11:21,384] {spark_submit.py:526} INFO - 21/06/06 16:11:21 WARN TaskSchedulerImpl: Initial job has not accepted any resources; check your cluster UI to ensure that workers are registered and have sufficient resources
[2021-06-06 16:11:36,397] {spark_submit.py:526} INFO - 21/06/06 16:11:36 WARN TaskSchedulerImpl: Initial job has not accepted any resources; check your cluster UI to ensure that workers are registered and have sufficient resources
[2021-06-06 16:11:51,411] {spark_submit.py:526} INFO - 21/06/06 16:11:51 WARN TaskSchedulerImpl: Initial job has not accepted any resources; check your cluster UI to ensure that workers are registered and have sufficient resources
[2021-06-06 16:11:56,698] {local_task_job.py:188} WARNING - State of this instance has been externally set to failed. Terminating instance.
[2021-06-06 16:11:56,733] {process_utils.py:100} INFO - Sending Signals.SIGTERM to GPID 3117
[2021-06-06 16:11:56,748] {taskinstance.py:1239} ERROR - Received SIGTERM. Terminating subprocesses.
[2021-06-06 16:11:56,760] {spark_submit.py:657} INFO - Sending kill signal to spark-submit
[2021-06-06 16:11:57,469] {process_utils.py:66} INFO - Process psutil.Process(pid=3117, status='terminated', exitcode=0, started='16:09:19') (3117) terminated with exit code 0
[2021-06-06 16:11:58,041] {process_utils.py:66} INFO - Process psutil.Process(pid=3118, status='terminated', started='16:09:20') (3118) terminated with exit code None
[2021-06-06 16:11:58,049] {process_utils.py:66} INFO - Process psutil.Process(pid=3173, status='terminated', started='16:09:35') (3173) terminated with exit code None
