[2021-06-06 16:12:03,836] {taskinstance.py:851} INFO - Dependencies all met for <TaskInstance: forex_data_pipeline.spark_submit_job 2021-06-05T00:00:00+00:00 [queued]>
[2021-06-06 16:12:03,937] {taskinstance.py:851} INFO - Dependencies all met for <TaskInstance: forex_data_pipeline.spark_submit_job 2021-06-05T00:00:00+00:00 [queued]>
[2021-06-06 16:12:03,939] {taskinstance.py:1042} INFO - 
--------------------------------------------------------------------------------
[2021-06-06 16:12:03,941] {taskinstance.py:1043} INFO - Starting attempt 9 of 10
[2021-06-06 16:12:03,943] {taskinstance.py:1044} INFO - 
--------------------------------------------------------------------------------
[2021-06-06 16:12:03,968] {taskinstance.py:1063} INFO - Executing <Task(SparkSubmitOperator): spark_submit_job> on 2021-06-05T00:00:00+00:00
[2021-06-06 16:12:04,007] {standard_task_runner.py:76} INFO - Running: ['airflow', 'tasks', 'run', 'forex_data_pipeline', 'spark_submit_job', '2021-06-05T00:00:00+00:00', '--job-id', '41', '--pool', 'default_pool', '--raw', '--subdir', 'DAGS_FOLDER/dag_spark.py', '--cfg-path', '/tmp/tmpneqwov2x', '--error-file', '/tmp/tmpv02s5i4y']
[2021-06-06 16:12:04,022] {standard_task_runner.py:77} INFO - Job 41: Subtask spark_submit_job
[2021-06-06 16:12:03,986] {standard_task_runner.py:52} INFO - Started process 3359 to run task
[2021-06-06 16:12:04,418] {logging_mixin.py:104} INFO - Running <TaskInstance: forex_data_pipeline.spark_submit_job 2021-06-05T00:00:00+00:00 [running]> on host 5b1a5e9e3fee
[2021-06-06 16:12:04,983] {taskinstance.py:1257} INFO - Exporting the following env vars:
AIRFLOW_CTX_DAG_EMAIL=admin@localhost.com
AIRFLOW_CTX_DAG_OWNER=airflow
AIRFLOW_CTX_DAG_ID=forex_data_pipeline
AIRFLOW_CTX_TASK_ID=spark_submit_job
AIRFLOW_CTX_EXECUTION_DATE=2021-06-05T00:00:00+00:00
AIRFLOW_CTX_DAG_RUN_ID=scheduled__2021-06-05T00:00:00+00:00
[2021-06-06 16:12:05,434] {base.py:74} INFO - Using connection to: id: spark_conn. Host: spark://spark-master, Port: 7077, Schema: , Login: marcelo, Password: XXXXXXXX, extra: None
[2021-06-06 16:12:05,447] {spark_submit.py:364} INFO - Spark-Submit cmd: spark-submit --master spark://spark-master:7077 --name arrow-spark /opt/airflow/dags/test.py
[2021-06-06 16:12:14,148] {spark_submit.py:526} INFO - WARNING: An illegal reflective access operation has occurred
[2021-06-06 16:12:14,152] {spark_submit.py:526} INFO - WARNING: Illegal reflective access by org.apache.spark.unsafe.Platform (file:/home/airflow/.local/lib/python3.7/site-packages/pyspark/jars/spark-unsafe_2.12-3.1.2.jar) to constructor java.nio.DirectByteBuffer(long,int)
[2021-06-06 16:12:14,156] {spark_submit.py:526} INFO - WARNING: Please consider reporting this to the maintainers of org.apache.spark.unsafe.Platform
[2021-06-06 16:12:14,157] {spark_submit.py:526} INFO - WARNING: Use --illegal-access=warn to enable warnings of further illegal reflective access operations
[2021-06-06 16:12:14,159] {spark_submit.py:526} INFO - WARNING: All illegal access operations will be denied in a future release
[2021-06-06 16:12:15,996] {spark_submit.py:526} INFO - 21/06/06 16:12:15 WARN NativeCodeLoader: Unable to load native-hadoop library for your platform... using builtin-java classes where applicable
[2021-06-06 16:12:20,486] {spark_submit.py:526} INFO - Using Spark's default log4j profile: org/apache/spark/log4j-defaults.properties
[2021-06-06 16:12:20,510] {spark_submit.py:526} INFO - 21/06/06 16:12:20 INFO SparkContext: Running Spark version 3.1.2
[2021-06-06 16:12:20,669] {spark_submit.py:526} INFO - 21/06/06 16:12:20 INFO ResourceUtils: ==============================================================
[2021-06-06 16:12:20,670] {spark_submit.py:526} INFO - 21/06/06 16:12:20 INFO ResourceUtils: No custom resources configured for spark.driver.
[2021-06-06 16:12:20,673] {spark_submit.py:526} INFO - 21/06/06 16:12:20 INFO ResourceUtils: ==============================================================
[2021-06-06 16:12:20,677] {spark_submit.py:526} INFO - 21/06/06 16:12:20 INFO SparkContext: Submitted application: Forex processing
[2021-06-06 16:12:20,819] {spark_submit.py:526} INFO - 21/06/06 16:12:20 INFO ResourceProfile: Default ResourceProfile created, executor resources: Map(cores -> name: cores, amount: 1, script: , vendor: , memory -> name: memory, amount: 1024, script: , vendor: , offHeap -> name: offHeap, amount: 0, script: , vendor: ), task resources: Map(cpus -> name: cpus, amount: 1.0)
[2021-06-06 16:12:20,866] {spark_submit.py:526} INFO - 21/06/06 16:12:20 INFO ResourceProfile: Limiting resource is cpu
[2021-06-06 16:12:20,870] {spark_submit.py:526} INFO - 21/06/06 16:12:20 INFO ResourceProfileManager: Added ResourceProfile id: 0
[2021-06-06 16:12:21,120] {spark_submit.py:526} INFO - 21/06/06 16:12:21 INFO SecurityManager: Changing view acls to: airflow
[2021-06-06 16:12:21,123] {spark_submit.py:526} INFO - 21/06/06 16:12:21 INFO SecurityManager: Changing modify acls to: airflow
[2021-06-06 16:12:21,125] {spark_submit.py:526} INFO - 21/06/06 16:12:21 INFO SecurityManager: Changing view acls groups to:
[2021-06-06 16:12:21,126] {spark_submit.py:526} INFO - 21/06/06 16:12:21 INFO SecurityManager: Changing modify acls groups to:
[2021-06-06 16:12:21,128] {spark_submit.py:526} INFO - 21/06/06 16:12:21 INFO SecurityManager: SecurityManager: authentication disabled; ui acls disabled; users  with view permissions: Set(airflow); groups with view permissions: Set(); users  with modify permissions: Set(airflow); groups with modify permissions: Set()
[2021-06-06 16:12:25,170] {spark_submit.py:526} INFO - 21/06/06 16:12:25 INFO Utils: Successfully started service 'sparkDriver' on port 35911.
[2021-06-06 16:12:25,659] {spark_submit.py:526} INFO - 21/06/06 16:12:25 INFO SparkEnv: Registering MapOutputTracker
[2021-06-06 16:12:26,023] {spark_submit.py:526} INFO - 21/06/06 16:12:26 INFO SparkEnv: Registering BlockManagerMaster
[2021-06-06 16:12:26,296] {spark_submit.py:526} INFO - 21/06/06 16:12:26 INFO BlockManagerMasterEndpoint: Using org.apache.spark.storage.DefaultTopologyMapper for getting topology information
[2021-06-06 16:12:26,301] {spark_submit.py:526} INFO - 21/06/06 16:12:26 INFO BlockManagerMasterEndpoint: BlockManagerMasterEndpoint up
[2021-06-06 16:12:26,353] {spark_submit.py:526} INFO - 21/06/06 16:12:26 INFO SparkEnv: Registering BlockManagerMasterHeartbeat
[2021-06-06 16:12:26,471] {spark_submit.py:526} INFO - 21/06/06 16:12:26 INFO DiskBlockManager: Created local directory at /tmp/blockmgr-bb66a9b6-a1e9-468c-b4b6-69583a8b51a0
[2021-06-06 16:12:26,660] {spark_submit.py:526} INFO - 21/06/06 16:12:26 INFO MemoryStore: MemoryStore started with capacity 434.4 MiB
[2021-06-06 16:12:26,900] {spark_submit.py:526} INFO - 21/06/06 16:12:26 INFO SparkEnv: Registering OutputCommitCoordinator
[2021-06-06 16:12:28,047] {spark_submit.py:526} INFO - 21/06/06 16:12:28 INFO Utils: Successfully started service 'SparkUI' on port 4040.
[2021-06-06 16:12:28,823] {spark_submit.py:526} INFO - 21/06/06 16:12:28 INFO SparkUI: Bound SparkUI to 0.0.0.0, and started at http://5b1a5e9e3fee:4040
[2021-06-06 16:12:29,820] {spark_submit.py:526} INFO - 21/06/06 16:12:29 INFO StandaloneAppClient$ClientEndpoint: Connecting to master spark://spark-master:7077...
[2021-06-06 16:12:30,331] {spark_submit.py:526} INFO - 21/06/06 16:12:30 INFO TransportClientFactory: Successfully created connection to spark-master/172.21.0.9:7077 after 298 ms (0 ms spent in bootstraps)
[2021-06-06 16:12:31,171] {spark_submit.py:526} INFO - 21/06/06 16:12:31 INFO StandaloneSchedulerBackend: Connected to Spark cluster with app ID app-20210606161231-0006
[2021-06-06 16:12:31,191] {spark_submit.py:526} INFO - 21/06/06 16:12:31 INFO Utils: Successfully started service 'org.apache.spark.network.netty.NettyBlockTransferService' on port 46247.
[2021-06-06 16:12:31,193] {spark_submit.py:526} INFO - 21/06/06 16:12:31 INFO NettyBlockTransferService: Server created on 5b1a5e9e3fee:46247
[2021-06-06 16:12:31,201] {spark_submit.py:526} INFO - 21/06/06 16:12:31 INFO BlockManager: Using org.apache.spark.storage.RandomBlockReplicationPolicy for block replication policy
[2021-06-06 16:12:31,298] {spark_submit.py:526} INFO - 21/06/06 16:12:31 INFO BlockManagerMaster: Registering BlockManager BlockManagerId(driver, 5b1a5e9e3fee, 46247, None)
[2021-06-06 16:12:31,310] {spark_submit.py:526} INFO - 21/06/06 16:12:31 INFO BlockManagerMasterEndpoint: Registering block manager 5b1a5e9e3fee:46247 with 434.4 MiB RAM, BlockManagerId(driver, 5b1a5e9e3fee, 46247, None)
[2021-06-06 16:12:31,315] {spark_submit.py:526} INFO - 21/06/06 16:12:31 INFO BlockManagerMaster: Registered BlockManager BlockManagerId(driver, 5b1a5e9e3fee, 46247, None)
[2021-06-06 16:12:31,338] {spark_submit.py:526} INFO - 21/06/06 16:12:31 INFO BlockManager: Initialized BlockManager: BlockManagerId(driver, 5b1a5e9e3fee, 46247, None)
[2021-06-06 16:12:32,408] {spark_submit.py:526} INFO - 21/06/06 16:12:32 INFO StandaloneSchedulerBackend: SchedulerBackend is ready for scheduling beginning after reached minRegisteredResourcesRatio: 0.0
[2021-06-06 16:12:33,398] {spark_submit.py:526} INFO - 21/06/06 16:12:33 INFO SharedState: Setting hive.metastore.warehouse.dir ('null') to the value of spark.sql.warehouse.dir ('/opt/airflow/spark-warehouse').
[2021-06-06 16:12:33,403] {spark_submit.py:526} INFO - 21/06/06 16:12:33 INFO SharedState: Warehouse path is '/opt/airflow/spark-warehouse'.
[2021-06-06 16:13:01,022] {spark_submit.py:526} INFO - 21/06/06 16:13:01 INFO CodeGenerator: Code generated in 1447.819297 ms
[2021-06-06 16:13:01,344] {spark_submit.py:526} INFO - 21/06/06 16:13:01 INFO SparkContext: Starting job: showString at NativeMethodAccessorImpl.java:0
[2021-06-06 16:13:01,468] {spark_submit.py:526} INFO - 21/06/06 16:13:01 INFO DAGScheduler: Got job 0 (showString at NativeMethodAccessorImpl.java:0) with 1 output partitions
[2021-06-06 16:13:01,471] {spark_submit.py:526} INFO - 21/06/06 16:13:01 INFO DAGScheduler: Final stage: ResultStage 0 (showString at NativeMethodAccessorImpl.java:0)
[2021-06-06 16:13:01,479] {spark_submit.py:526} INFO - 21/06/06 16:13:01 INFO DAGScheduler: Parents of final stage: List()
[2021-06-06 16:13:01,507] {spark_submit.py:526} INFO - 21/06/06 16:13:01 INFO DAGScheduler: Missing parents: List()
[2021-06-06 16:13:01,525] {spark_submit.py:526} INFO - 21/06/06 16:13:01 INFO DAGScheduler: Submitting ResultStage 0 (MapPartitionsRDD[6] at showString at NativeMethodAccessorImpl.java:0), which has no missing parents
[2021-06-06 16:13:02,297] {spark_submit.py:526} INFO - 21/06/06 16:13:02 INFO MemoryStore: Block broadcast_0 stored as values in memory (estimated size 11.1 KiB, free 434.4 MiB)
[2021-06-06 16:13:02,495] {spark_submit.py:526} INFO - 21/06/06 16:13:02 INFO MemoryStore: Block broadcast_0_piece0 stored as bytes in memory (estimated size 5.8 KiB, free 434.4 MiB)
[2021-06-06 16:13:02,529] {spark_submit.py:526} INFO - 21/06/06 16:13:02 INFO BlockManagerInfo: Added broadcast_0_piece0 in memory on 5b1a5e9e3fee:46247 (size: 5.8 KiB, free: 434.4 MiB)
[2021-06-06 16:13:02,553] {spark_submit.py:526} INFO - 21/06/06 16:13:02 INFO SparkContext: Created broadcast 0 from broadcast at DAGScheduler.scala:1388
[2021-06-06 16:13:02,618] {spark_submit.py:526} INFO - 21/06/06 16:13:02 INFO DAGScheduler: Submitting 1 missing tasks from ResultStage 0 (MapPartitionsRDD[6] at showString at NativeMethodAccessorImpl.java:0) (first 15 tasks are for partitions Vector(0))
[2021-06-06 16:13:02,656] {spark_submit.py:526} INFO - 21/06/06 16:13:02 INFO TaskSchedulerImpl: Adding task set 0.0 with 1 tasks resource profile 0
[2021-06-06 16:13:17,734] {spark_submit.py:526} INFO - 21/06/06 16:13:17 WARN TaskSchedulerImpl: Initial job has not accepted any resources; check your cluster UI to ensure that workers are registered and have sufficient resources
[2021-06-06 16:13:32,730] {spark_submit.py:526} INFO - 21/06/06 16:13:32 WARN TaskSchedulerImpl: Initial job has not accepted any resources; check your cluster UI to ensure that workers are registered and have sufficient resources
[2021-06-06 16:13:47,731] {spark_submit.py:526} INFO - 21/06/06 16:13:47 WARN TaskSchedulerImpl: Initial job has not accepted any resources; check your cluster UI to ensure that workers are registered and have sufficient resources
[2021-06-06 16:14:02,731] {spark_submit.py:526} INFO - 21/06/06 16:14:02 WARN TaskSchedulerImpl: Initial job has not accepted any resources; check your cluster UI to ensure that workers are registered and have sufficient resources
[2021-06-06 16:14:17,731] {spark_submit.py:526} INFO - 21/06/06 16:14:17 WARN TaskSchedulerImpl: Initial job has not accepted any resources; check your cluster UI to ensure that workers are registered and have sufficient resources
[2021-06-06 16:14:32,758] {spark_submit.py:526} INFO - 21/06/06 16:14:32 WARN TaskSchedulerImpl: Initial job has not accepted any resources; check your cluster UI to ensure that workers are registered and have sufficient resources
[2021-06-06 16:14:47,731] {spark_submit.py:526} INFO - 21/06/06 16:14:47 WARN TaskSchedulerImpl: Initial job has not accepted any resources; check your cluster UI to ensure that workers are registered and have sufficient resources
[2021-06-06 16:15:02,964] {spark_submit.py:526} INFO - 21/06/06 16:15:02 WARN TaskSchedulerImpl: Initial job has not accepted any resources; check your cluster UI to ensure that workers are registered and have sufficient resources
[2021-06-06 16:15:17,731] {spark_submit.py:526} INFO - 21/06/06 16:15:17 WARN TaskSchedulerImpl: Initial job has not accepted any resources; check your cluster UI to ensure that workers are registered and have sufficient resources
[2021-06-06 16:15:32,733] {spark_submit.py:526} INFO - 21/06/06 16:15:32 WARN TaskSchedulerImpl: Initial job has not accepted any resources; check your cluster UI to ensure that workers are registered and have sufficient resources
[2021-06-06 16:15:47,732] {spark_submit.py:526} INFO - 21/06/06 16:15:47 WARN TaskSchedulerImpl: Initial job has not accepted any resources; check your cluster UI to ensure that workers are registered and have sufficient resources
[2021-06-06 16:16:02,169] {local_task_job.py:188} WARNING - State of this instance has been externally set to shutdown. Terminating instance.
[2021-06-06 16:16:02,199] {process_utils.py:100} INFO - Sending Signals.SIGTERM to GPID 3359
[2021-06-06 16:16:02,211] {taskinstance.py:1239} ERROR - Received SIGTERM. Terminating subprocesses.
[2021-06-06 16:16:02,217] {spark_submit.py:657} INFO - Sending kill signal to spark-submit
[2021-06-06 16:16:02,312] {taskinstance.py:1455} ERROR - Task received SIGTERM signal
Traceback (most recent call last):
  File "/home/airflow/.local/lib/python3.7/site-packages/airflow/models/taskinstance.py", line 1112, in _run_raw_task
    self._prepare_and_execute_task_with_callbacks(context, task)
  File "/home/airflow/.local/lib/python3.7/site-packages/airflow/models/taskinstance.py", line 1285, in _prepare_and_execute_task_with_callbacks
    result = self._execute_task(context, task_copy)
  File "/home/airflow/.local/lib/python3.7/site-packages/airflow/models/taskinstance.py", line 1315, in _execute_task
    result = task_copy.execute(context=context)
  File "/home/airflow/.local/lib/python3.7/site-packages/airflow/providers/apache/spark/operators/spark_submit.py", line 183, in execute
    self._hook.submit(self._application)
  File "/home/airflow/.local/lib/python3.7/site-packages/airflow/providers/apache/spark/hooks/spark_submit.py", line 440, in submit
    self._process_spark_submit_log(iter(self._submit_sp.stdout))  # type: ignore
  File "/home/airflow/.local/lib/python3.7/site-packages/airflow/providers/apache/spark/hooks/spark_submit.py", line 494, in _process_spark_submit_log
    for line in itr:
  File "/home/airflow/.local/lib/python3.7/site-packages/airflow/models/taskinstance.py", line 1241, in signal_handler
    raise AirflowException("Task received SIGTERM signal")
airflow.exceptions.AirflowException: Task received SIGTERM signal
[2021-06-06 16:16:02,358] {taskinstance.py:1503} INFO - Marking task as FAILED. dag_id=forex_data_pipeline, task_id=spark_submit_job, execution_date=20210605T000000, start_date=20210606T161203, end_date=20210606T161602
[2021-06-06 16:16:02,903] {process_utils.py:66} INFO - Process psutil.Process(pid=3359, status='terminated', exitcode=1, started='16:12:03') (3359) terminated with exit code 1
[2021-06-06 16:16:04,111] {process_utils.py:66} INFO - Process psutil.Process(pid=3360, status='terminated', started='16:12:05') (3360) terminated with exit code None
[2021-06-06 16:16:04,131] {process_utils.py:66} INFO - Process psutil.Process(pid=3424, status='terminated', started='16:12:17') (3424) terminated with exit code None
