[2021-06-07 14:25:49,698] {taskinstance.py:851} INFO - Dependencies all met for <TaskInstance: samuel.spark_submit_job 2021-06-06T00:00:00+00:00 [queued]>
[2021-06-07 14:25:49,713] {taskinstance.py:851} INFO - Dependencies all met for <TaskInstance: samuel.spark_submit_job 2021-06-06T00:00:00+00:00 [queued]>
[2021-06-07 14:25:49,714] {taskinstance.py:1042} INFO - 
--------------------------------------------------------------------------------
[2021-06-07 14:25:49,714] {taskinstance.py:1043} INFO - Starting attempt 1 of 2
[2021-06-07 14:25:49,714] {taskinstance.py:1044} INFO - 
--------------------------------------------------------------------------------
[2021-06-07 14:25:49,734] {taskinstance.py:1063} INFO - Executing <Task(SparkSubmitOperator): spark_submit_job> on 2021-06-06T00:00:00+00:00
[2021-06-07 14:25:49,741] {standard_task_runner.py:52} INFO - Started process 1207 to run task
[2021-06-07 14:25:49,747] {standard_task_runner.py:76} INFO - Running: ['airflow', 'tasks', 'run', 'samuel', 'spark_submit_job', '2021-06-06T00:00:00+00:00', '--job-id', '5', '--pool', 'default_pool', '--raw', '--subdir', 'DAGS_FOLDER/dag_spark.py', '--cfg-path', '/tmp/tmpq78uwrvz', '--error-file', '/tmp/tmp4cg_phgh']
[2021-06-07 14:25:49,748] {standard_task_runner.py:77} INFO - Job 5: Subtask spark_submit_job
[2021-06-07 14:25:49,816] {logging_mixin.py:104} INFO - Running <TaskInstance: samuel.spark_submit_job 2021-06-06T00:00:00+00:00 [running]> on host 2c08dac1a244
[2021-06-07 14:25:49,887] {taskinstance.py:1257} INFO - Exporting the following env vars:
AIRFLOW_CTX_DAG_EMAIL=admin@localhost.com
AIRFLOW_CTX_DAG_OWNER=airflow
AIRFLOW_CTX_DAG_ID=samuel
AIRFLOW_CTX_TASK_ID=spark_submit_job
AIRFLOW_CTX_EXECUTION_DATE=2021-06-06T00:00:00+00:00
AIRFLOW_CTX_DAG_RUN_ID=scheduled__2021-06-06T00:00:00+00:00
[2021-06-07 14:25:49,905] {base.py:74} INFO - Using connection to: id: spark_conn. Host: spark://spark-master, Port: 7077, Schema: , Login: , Password: None, extra: None
[2021-06-07 14:25:49,906] {spark_submit.py:364} INFO - Spark-Submit cmd: spark-submit --master spark://spark-master:7077 --conf spark.master=spark://spark-master:7077 --num-executors 1 --total-executor-cores 1 --executor-cores 1 --executor-memory 2g --driver-memory 2g --name airflow-spark1 /opt/airflow/dags/test.py
[2021-06-07 14:25:52,499] {spark_submit.py:526} INFO - WARNING: An illegal reflective access operation has occurred
[2021-06-07 14:25:52,499] {spark_submit.py:526} INFO - WARNING: Illegal reflective access by org.apache.spark.unsafe.Platform (file:/home/airflow/.local/lib/python3.7/site-packages/pyspark/jars/spark-unsafe_2.12-3.1.2.jar) to constructor java.nio.DirectByteBuffer(long,int)
[2021-06-07 14:25:52,500] {spark_submit.py:526} INFO - WARNING: Please consider reporting this to the maintainers of org.apache.spark.unsafe.Platform
[2021-06-07 14:25:52,500] {spark_submit.py:526} INFO - WARNING: Use --illegal-access=warn to enable warnings of further illegal reflective access operations
[2021-06-07 14:25:52,500] {spark_submit.py:526} INFO - WARNING: All illegal access operations will be denied in a future release
[2021-06-07 14:25:53,188] {spark_submit.py:526} INFO - 21/06/07 14:25:53 WARN NativeCodeLoader: Unable to load native-hadoop library for your platform... using builtin-java classes where applicable
[2021-06-07 14:25:54,179] {spark_submit.py:526} INFO - Using Spark's default log4j profile: org/apache/spark/log4j-defaults.properties
[2021-06-07 14:25:54,191] {spark_submit.py:526} INFO - 21/06/07 14:25:54 INFO SparkContext: Running Spark version 3.1.2
[2021-06-07 14:25:54,253] {spark_submit.py:526} INFO - 21/06/07 14:25:54 INFO ResourceUtils: ==============================================================
[2021-06-07 14:25:54,254] {spark_submit.py:526} INFO - 21/06/07 14:25:54 INFO ResourceUtils: No custom resources configured for spark.driver.
[2021-06-07 14:25:54,254] {spark_submit.py:526} INFO - 21/06/07 14:25:54 INFO ResourceUtils: ==============================================================
[2021-06-07 14:25:54,255] {spark_submit.py:526} INFO - 21/06/07 14:25:54 INFO SparkContext: Submitted application: pyspark-4
[2021-06-07 14:25:54,301] {spark_submit.py:526} INFO - 21/06/07 14:25:54 INFO ResourceProfile: Default ResourceProfile created, executor resources: Map(cores -> name: cores, amount: 1, script: , vendor: , memory -> name: memory, amount: 2048, script: , vendor: , offHeap -> name: offHeap, amount: 0, script: , vendor: ), task resources: Map(cpus -> name: cpus, amount: 1.0)
[2021-06-07 14:25:54,328] {spark_submit.py:526} INFO - 21/06/07 14:25:54 INFO ResourceProfile: Limiting resource is cpus at 1 tasks per executor
[2021-06-07 14:25:54,331] {spark_submit.py:526} INFO - 21/06/07 14:25:54 INFO ResourceProfileManager: Added ResourceProfile id: 0
[2021-06-07 14:25:54,416] {spark_submit.py:526} INFO - 21/06/07 14:25:54 INFO SecurityManager: Changing view acls to: airflow
[2021-06-07 14:25:54,416] {spark_submit.py:526} INFO - 21/06/07 14:25:54 INFO SecurityManager: Changing modify acls to: airflow
[2021-06-07 14:25:54,417] {spark_submit.py:526} INFO - 21/06/07 14:25:54 INFO SecurityManager: Changing view acls groups to:
[2021-06-07 14:25:54,417] {spark_submit.py:526} INFO - 21/06/07 14:25:54 INFO SecurityManager: Changing modify acls groups to:
[2021-06-07 14:25:54,417] {spark_submit.py:526} INFO - 21/06/07 14:25:54 INFO SecurityManager: SecurityManager: authentication disabled; ui acls disabled; users  with view permissions: Set(airflow); groups with view permissions: Set(); users  with modify permissions: Set(airflow); groups with modify permissions: Set()
[2021-06-07 14:25:54,782] {spark_submit.py:526} INFO - 21/06/07 14:25:54 INFO Utils: Successfully started service 'sparkDriver' on port 35541.
[2021-06-07 14:25:54,839] {spark_submit.py:526} INFO - 21/06/07 14:25:54 INFO SparkEnv: Registering MapOutputTracker
[2021-06-07 14:25:54,895] {spark_submit.py:526} INFO - 21/06/07 14:25:54 INFO SparkEnv: Registering BlockManagerMaster
[2021-06-07 14:25:54,923] {spark_submit.py:526} INFO - 21/06/07 14:25:54 INFO BlockManagerMasterEndpoint: Using org.apache.spark.storage.DefaultTopologyMapper for getting topology information
[2021-06-07 14:25:54,924] {spark_submit.py:526} INFO - 21/06/07 14:25:54 INFO BlockManagerMasterEndpoint: BlockManagerMasterEndpoint up
[2021-06-07 14:25:54,930] {spark_submit.py:526} INFO - 21/06/07 14:25:54 INFO SparkEnv: Registering BlockManagerMasterHeartbeat
[2021-06-07 14:25:54,959] {spark_submit.py:526} INFO - 21/06/07 14:25:54 INFO DiskBlockManager: Created local directory at /tmp/blockmgr-e23f568c-2e99-4644-9a7d-a2135bf7a76f
[2021-06-07 14:25:54,986] {spark_submit.py:526} INFO - 21/06/07 14:25:54 INFO MemoryStore: MemoryStore started with capacity 1048.8 MiB
[2021-06-07 14:25:55,008] {spark_submit.py:526} INFO - 21/06/07 14:25:55 INFO SparkEnv: Registering OutputCommitCoordinator
[2021-06-07 14:25:55,302] {spark_submit.py:526} INFO - 21/06/07 14:25:55 INFO Utils: Successfully started service 'SparkUI' on port 4040.
[2021-06-07 14:25:55,407] {spark_submit.py:526} INFO - 21/06/07 14:25:55 INFO SparkUI: Bound SparkUI to 0.0.0.0, and started at http://2c08dac1a244:4040
[2021-06-07 14:25:55,765] {spark_submit.py:526} INFO - 21/06/07 14:25:55 INFO StandaloneAppClient$ClientEndpoint: Connecting to master spark://spark-master:7077...
[2021-06-07 14:25:55,843] {spark_submit.py:526} INFO - 21/06/07 14:25:55 INFO TransportClientFactory: Successfully created connection to spark-master/172.21.0.9:7077 after 48 ms (0 ms spent in bootstraps)
[2021-06-07 14:25:56,215] {spark_submit.py:526} INFO - 21/06/07 14:25:56 INFO StandaloneSchedulerBackend: Connected to Spark cluster with app ID app-20210607142556-0000
[2021-06-07 14:25:56,230] {spark_submit.py:526} INFO - 21/06/07 14:25:56 INFO Utils: Successfully started service 'org.apache.spark.network.netty.NettyBlockTransferService' on port 34425.
[2021-06-07 14:25:56,230] {spark_submit.py:526} INFO - 21/06/07 14:25:56 INFO NettyBlockTransferService: Server created on 2c08dac1a244:34425
[2021-06-07 14:25:56,234] {spark_submit.py:526} INFO - 21/06/07 14:25:56 INFO BlockManager: Using org.apache.spark.storage.RandomBlockReplicationPolicy for block replication policy
[2021-06-07 14:25:56,255] {spark_submit.py:526} INFO - 21/06/07 14:25:56 INFO BlockManagerMaster: Registering BlockManager BlockManagerId(driver, 2c08dac1a244, 34425, None)
[2021-06-07 14:25:56,264] {spark_submit.py:526} INFO - 21/06/07 14:25:56 INFO BlockManagerMasterEndpoint: Registering block manager 2c08dac1a244:34425 with 1048.8 MiB RAM, BlockManagerId(driver, 2c08dac1a244, 34425, None)
[2021-06-07 14:25:56,269] {spark_submit.py:526} INFO - 21/06/07 14:25:56 INFO BlockManagerMaster: Registered BlockManager BlockManagerId(driver, 2c08dac1a244, 34425, None)
[2021-06-07 14:25:56,272] {spark_submit.py:526} INFO - 21/06/07 14:25:56 INFO BlockManager: Initialized BlockManager: BlockManagerId(driver, 2c08dac1a244, 34425, None)
[2021-06-07 14:25:56,347] {spark_submit.py:526} INFO - 21/06/07 14:25:56 INFO StandaloneAppClient$ClientEndpoint: Executor added: app-20210607142556-0000/0 on worker-20210607141129-172.21.0.10-46499 (172.21.0.10:46499) with 1 core(s)
[2021-06-07 14:25:56,353] {spark_submit.py:526} INFO - 21/06/07 14:25:56 INFO StandaloneSchedulerBackend: Granted executor ID app-20210607142556-0000/0 on hostPort 172.21.0.10:46499 with 1 core(s), 2.0 GiB RAM
[2021-06-07 14:25:56,817] {spark_submit.py:526} INFO - 21/06/07 14:25:56 INFO StandaloneSchedulerBackend: SchedulerBackend is ready for scheduling beginning after reached minRegisteredResourcesRatio: 0.0
[2021-06-07 14:25:57,198] {spark_submit.py:526} INFO - 21/06/07 14:25:57 ERROR TransportRequestHandler: Error while invoking RpcHandler#receive() for one-way message.
[2021-06-07 14:25:57,199] {spark_submit.py:526} INFO - java.io.InvalidClassException: org.apache.spark.deploy.DeployMessages$ExecutorUpdated; local class incompatible: stream classdesc serialVersionUID = 1654279024112373855, local class serialVersionUID = -1971851081955655249
[2021-06-07 14:25:57,199] {spark_submit.py:526} INFO - at java.base/java.io.ObjectStreamClass.initNonProxy(ObjectStreamClass.java:689)
[2021-06-07 14:25:57,199] {spark_submit.py:526} INFO - at java.base/java.io.ObjectInputStream.readNonProxyDesc(ObjectInputStream.java:2012)
[2021-06-07 14:25:57,199] {spark_submit.py:526} INFO - at java.base/java.io.ObjectInputStream.readClassDesc(ObjectInputStream.java:1862)
[2021-06-07 14:25:57,199] {spark_submit.py:526} INFO - at java.base/java.io.ObjectInputStream.readOrdinaryObject(ObjectInputStream.java:2169)
[2021-06-07 14:25:57,199] {spark_submit.py:526} INFO - at java.base/java.io.ObjectInputStream.readObject0(ObjectInputStream.java:1679)
[2021-06-07 14:25:57,199] {spark_submit.py:526} INFO - at java.base/java.io.ObjectInputStream.readObject(ObjectInputStream.java:493)
[2021-06-07 14:25:57,199] {spark_submit.py:526} INFO - at java.base/java.io.ObjectInputStream.readObject(ObjectInputStream.java:451)
[2021-06-07 14:25:57,199] {spark_submit.py:526} INFO - at org.apache.spark.serializer.JavaDeserializationStream.readObject(JavaSerializer.scala:76)
[2021-06-07 14:25:57,199] {spark_submit.py:526} INFO - at org.apache.spark.serializer.JavaSerializerInstance.deserialize(JavaSerializer.scala:109)
[2021-06-07 14:25:57,199] {spark_submit.py:526} INFO - at org.apache.spark.rpc.netty.NettyRpcEnv.$anonfun$deserialize$2(NettyRpcEnv.scala:299)
[2021-06-07 14:25:57,199] {spark_submit.py:526} INFO - at scala.util.DynamicVariable.withValue(DynamicVariable.scala:62)
[2021-06-07 14:25:57,199] {spark_submit.py:526} INFO - at org.apache.spark.rpc.netty.NettyRpcEnv.deserialize(NettyRpcEnv.scala:352)
[2021-06-07 14:25:57,200] {spark_submit.py:526} INFO - at org.apache.spark.rpc.netty.NettyRpcEnv.$anonfun$deserialize$1(NettyRpcEnv.scala:298)
[2021-06-07 14:25:57,200] {spark_submit.py:526} INFO - at scala.util.DynamicVariable.withValue(DynamicVariable.scala:62)
[2021-06-07 14:25:57,201] {spark_submit.py:526} INFO - at org.apache.spark.rpc.netty.NettyRpcEnv.deserialize(NettyRpcEnv.scala:298)
[2021-06-07 14:25:57,202] {spark_submit.py:526} INFO - at org.apache.spark.rpc.netty.RequestMessage$.apply(NettyRpcEnv.scala:647)
[2021-06-07 14:25:57,202] {spark_submit.py:526} INFO - at org.apache.spark.rpc.netty.NettyRpcHandler.internalReceive(NettyRpcEnv.scala:698)
[2021-06-07 14:25:57,202] {spark_submit.py:526} INFO - at org.apache.spark.rpc.netty.NettyRpcHandler.receive(NettyRpcEnv.scala:690)
[2021-06-07 14:25:57,202] {spark_submit.py:526} INFO - at org.apache.spark.network.server.TransportRequestHandler.processOneWayMessage(TransportRequestHandler.java:255)
[2021-06-07 14:25:57,202] {spark_submit.py:526} INFO - at org.apache.spark.network.server.TransportRequestHandler.handle(TransportRequestHandler.java:111)
[2021-06-07 14:25:57,202] {spark_submit.py:526} INFO - at org.apache.spark.network.server.TransportChannelHandler.channelRead0(TransportChannelHandler.java:140)
[2021-06-07 14:25:57,202] {spark_submit.py:526} INFO - at org.apache.spark.network.server.TransportChannelHandler.channelRead0(TransportChannelHandler.java:53)
[2021-06-07 14:25:57,202] {spark_submit.py:526} INFO - at io.netty.channel.SimpleChannelInboundHandler.channelRead(SimpleChannelInboundHandler.java:99)
[2021-06-07 14:25:57,202] {spark_submit.py:526} INFO - at io.netty.channel.AbstractChannelHandlerContext.invokeChannelRead(AbstractChannelHandlerContext.java:379)
[2021-06-07 14:25:57,202] {spark_submit.py:526} INFO - at io.netty.channel.AbstractChannelHandlerContext.invokeChannelRead(AbstractChannelHandlerContext.java:365)
[2021-06-07 14:25:57,202] {spark_submit.py:526} INFO - at io.netty.channel.AbstractChannelHandlerContext.fireChannelRead(AbstractChannelHandlerContext.java:357)
[2021-06-07 14:25:57,202] {spark_submit.py:526} INFO - at io.netty.handler.timeout.IdleStateHandler.channelRead(IdleStateHandler.java:286)
[2021-06-07 14:25:57,202] {spark_submit.py:526} INFO - at io.netty.channel.AbstractChannelHandlerContext.invokeChannelRead(AbstractChannelHandlerContext.java:379)
[2021-06-07 14:25:57,203] {spark_submit.py:526} INFO - at io.netty.channel.AbstractChannelHandlerContext.invokeChannelRead(AbstractChannelHandlerContext.java:365)
[2021-06-07 14:25:57,203] {spark_submit.py:526} INFO - at io.netty.channel.AbstractChannelHandlerContext.fireChannelRead(AbstractChannelHandlerContext.java:357)
[2021-06-07 14:25:57,203] {spark_submit.py:526} INFO - at io.netty.handler.codec.MessageToMessageDecoder.channelRead(MessageToMessageDecoder.java:103)
[2021-06-07 14:25:57,203] {spark_submit.py:526} INFO - at io.netty.channel.AbstractChannelHandlerContext.invokeChannelRead(AbstractChannelHandlerContext.java:379)
[2021-06-07 14:25:57,203] {spark_submit.py:526} INFO - at io.netty.channel.AbstractChannelHandlerContext.invokeChannelRead(AbstractChannelHandlerContext.java:365)
[2021-06-07 14:25:57,203] {spark_submit.py:526} INFO - at io.netty.channel.AbstractChannelHandlerContext.fireChannelRead(AbstractChannelHandlerContext.java:357)
[2021-06-07 14:25:57,203] {spark_submit.py:526} INFO - at org.apache.spark.network.util.TransportFrameDecoder.channelRead(TransportFrameDecoder.java:102)
[2021-06-07 14:25:57,203] {spark_submit.py:526} INFO - at io.netty.channel.AbstractChannelHandlerContext.invokeChannelRead(AbstractChannelHandlerContext.java:379)
[2021-06-07 14:25:57,203] {spark_submit.py:526} INFO - at io.netty.channel.AbstractChannelHandlerContext.invokeChannelRead(AbstractChannelHandlerContext.java:365)
[2021-06-07 14:25:57,203] {spark_submit.py:526} INFO - at io.netty.channel.AbstractChannelHandlerContext.fireChannelRead(AbstractChannelHandlerContext.java:357)
[2021-06-07 14:25:57,203] {spark_submit.py:526} INFO - at io.netty.channel.DefaultChannelPipeline$HeadContext.channelRead(DefaultChannelPipeline.java:1410)
[2021-06-07 14:25:57,203] {spark_submit.py:526} INFO - at io.netty.channel.AbstractChannelHandlerContext.invokeChannelRead(AbstractChannelHandlerContext.java:379)
[2021-06-07 14:25:57,203] {spark_submit.py:526} INFO - at io.netty.channel.AbstractChannelHandlerContext.invokeChannelRead(AbstractChannelHandlerContext.java:365)
[2021-06-07 14:25:57,203] {spark_submit.py:526} INFO - at io.netty.channel.DefaultChannelPipeline.fireChannelRead(DefaultChannelPipeline.java:919)
[2021-06-07 14:25:57,203] {spark_submit.py:526} INFO - at io.netty.channel.nio.AbstractNioByteChannel$NioByteUnsafe.read(AbstractNioByteChannel.java:163)
[2021-06-07 14:25:57,204] {spark_submit.py:526} INFO - at io.netty.channel.nio.NioEventLoop.processSelectedKey(NioEventLoop.java:714)
[2021-06-07 14:25:57,204] {spark_submit.py:526} INFO - at io.netty.channel.nio.NioEventLoop.processSelectedKeysOptimized(NioEventLoop.java:650)
[2021-06-07 14:25:57,204] {spark_submit.py:526} INFO - at io.netty.channel.nio.NioEventLoop.processSelectedKeys(NioEventLoop.java:576)
[2021-06-07 14:25:57,204] {spark_submit.py:526} INFO - at io.netty.channel.nio.NioEventLoop.run(NioEventLoop.java:493)
[2021-06-07 14:25:57,204] {spark_submit.py:526} INFO - at io.netty.util.concurrent.SingleThreadEventExecutor$4.run(SingleThreadEventExecutor.java:989)
[2021-06-07 14:25:57,204] {spark_submit.py:526} INFO - at io.netty.util.internal.ThreadExecutorMap$2.run(ThreadExecutorMap.java:74)
[2021-06-07 14:25:57,204] {spark_submit.py:526} INFO - at io.netty.util.concurrent.FastThreadLocalRunnable.run(FastThreadLocalRunnable.java:30)
[2021-06-07 14:25:57,204] {spark_submit.py:526} INFO - at java.base/java.lang.Thread.run(Thread.java:829)
[2021-06-07 14:25:57,521] {spark_submit.py:526} INFO - 21/06/07 14:25:57 INFO SharedState: Setting hive.metastore.warehouse.dir ('null') to the value of spark.sql.warehouse.dir ('file:/opt/airflow/spark-warehouse').
[2021-06-07 14:25:57,521] {spark_submit.py:526} INFO - 21/06/07 14:25:57 INFO SharedState: Warehouse path is 'file:/opt/airflow/spark-warehouse'.
[2021-06-07 14:25:58,916] {spark_submit.py:526} INFO - ESTOY AQUI¿¿
[2021-06-07 14:26:04,771] {spark_submit.py:526} INFO - 21/06/07 14:26:04 INFO CodeGenerator: Code generated in 459.199902 ms
[2021-06-07 14:26:04,840] {spark_submit.py:526} INFO - 21/06/07 14:26:04 INFO SparkContext: Starting job: showString at NativeMethodAccessorImpl.java:0
[2021-06-07 14:26:04,872] {spark_submit.py:526} INFO - 21/06/07 14:26:04 INFO DAGScheduler: Got job 0 (showString at NativeMethodAccessorImpl.java:0) with 1 output partitions
[2021-06-07 14:26:04,873] {spark_submit.py:526} INFO - 21/06/07 14:26:04 INFO DAGScheduler: Final stage: ResultStage 0 (showString at NativeMethodAccessorImpl.java:0)
[2021-06-07 14:26:04,874] {spark_submit.py:526} INFO - 21/06/07 14:26:04 INFO DAGScheduler: Parents of final stage: List()
[2021-06-07 14:26:04,877] {spark_submit.py:526} INFO - 21/06/07 14:26:04 INFO DAGScheduler: Missing parents: List()
[2021-06-07 14:26:04,883] {spark_submit.py:526} INFO - 21/06/07 14:26:04 INFO DAGScheduler: Submitting ResultStage 0 (MapPartitionsRDD[6] at showString at NativeMethodAccessorImpl.java:0), which has no missing parents
[2021-06-07 14:26:05,091] {spark_submit.py:526} INFO - 21/06/07 14:26:05 INFO MemoryStore: Block broadcast_0 stored as values in memory (estimated size 11.3 KiB, free 1048.8 MiB)
[2021-06-07 14:26:05,184] {spark_submit.py:526} INFO - 21/06/07 14:26:05 INFO MemoryStore: Block broadcast_0_piece0 stored as bytes in memory (estimated size 6.0 KiB, free 1048.8 MiB)
[2021-06-07 14:26:05,190] {spark_submit.py:526} INFO - 21/06/07 14:26:05 INFO BlockManagerInfo: Added broadcast_0_piece0 in memory on 2c08dac1a244:34425 (size: 6.0 KiB, free: 1048.8 MiB)
[2021-06-07 14:26:05,210] {spark_submit.py:526} INFO - 21/06/07 14:26:05 INFO SparkContext: Created broadcast 0 from broadcast at DAGScheduler.scala:1388
[2021-06-07 14:26:05,240] {spark_submit.py:526} INFO - 21/06/07 14:26:05 INFO DAGScheduler: Submitting 1 missing tasks from ResultStage 0 (MapPartitionsRDD[6] at showString at NativeMethodAccessorImpl.java:0) (first 15 tasks are for partitions Vector(0))
[2021-06-07 14:26:05,242] {spark_submit.py:526} INFO - 21/06/07 14:26:05 INFO TaskSchedulerImpl: Adding task set 0.0 with 1 tasks resource profile 0
[2021-06-07 14:26:20,285] {spark_submit.py:526} INFO - 21/06/07 14:26:20 WARN TaskSchedulerImpl: Initial job has not accepted any resources; check your cluster UI to ensure that workers are registered and have sufficient resources
[2021-06-07 14:26:35,281] {spark_submit.py:526} INFO - 21/06/07 14:26:35 WARN TaskSchedulerImpl: Initial job has not accepted any resources; check your cluster UI to ensure that workers are registered and have sufficient resources
[2021-06-07 14:26:50,288] {spark_submit.py:526} INFO - 21/06/07 14:26:50 WARN TaskSchedulerImpl: Initial job has not accepted any resources; check your cluster UI to ensure that workers are registered and have sufficient resources
[2021-06-07 14:27:05,281] {spark_submit.py:526} INFO - 21/06/07 14:27:05 WARN TaskSchedulerImpl: Initial job has not accepted any resources; check your cluster UI to ensure that workers are registered and have sufficient resources
[2021-06-07 14:27:20,285] {spark_submit.py:526} INFO - 21/06/07 14:27:20 WARN TaskSchedulerImpl: Initial job has not accepted any resources; check your cluster UI to ensure that workers are registered and have sufficient resources
[2021-06-07 14:27:35,283] {spark_submit.py:526} INFO - 21/06/07 14:27:35 WARN TaskSchedulerImpl: Initial job has not accepted any resources; check your cluster UI to ensure that workers are registered and have sufficient resources
[2021-06-07 14:27:50,283] {spark_submit.py:526} INFO - 21/06/07 14:27:50 WARN TaskSchedulerImpl: Initial job has not accepted any resources; check your cluster UI to ensure that workers are registered and have sufficient resources
[2021-06-07 14:28:01,648] {spark_submit.py:526} INFO - 21/06/07 14:28:01 ERROR TransportRequestHandler: Error while invoking RpcHandler#receive() for one-way message.
[2021-06-07 14:28:01,649] {spark_submit.py:526} INFO - java.io.InvalidClassException: org.apache.spark.deploy.DeployMessages$ExecutorUpdated; local class incompatible: stream classdesc serialVersionUID = 1654279024112373855, local class serialVersionUID = -1971851081955655249
[2021-06-07 14:28:01,649] {spark_submit.py:526} INFO - at java.base/java.io.ObjectStreamClass.initNonProxy(ObjectStreamClass.java:689)
[2021-06-07 14:28:01,649] {spark_submit.py:526} INFO - at java.base/java.io.ObjectInputStream.readNonProxyDesc(ObjectInputStream.java:2012)
[2021-06-07 14:28:01,649] {spark_submit.py:526} INFO - at java.base/java.io.ObjectInputStream.readClassDesc(ObjectInputStream.java:1862)
[2021-06-07 14:28:01,649] {spark_submit.py:526} INFO - at java.base/java.io.ObjectInputStream.readOrdinaryObject(ObjectInputStream.java:2169)
[2021-06-07 14:28:01,649] {spark_submit.py:526} INFO - at java.base/java.io.ObjectInputStream.readObject0(ObjectInputStream.java:1679)
[2021-06-07 14:28:01,649] {spark_submit.py:526} INFO - at java.base/java.io.ObjectInputStream.readObject(ObjectInputStream.java:493)
[2021-06-07 14:28:01,650] {spark_submit.py:526} INFO - at java.base/java.io.ObjectInputStream.readObject(ObjectInputStream.java:451)
[2021-06-07 14:28:01,650] {spark_submit.py:526} INFO - at org.apache.spark.serializer.JavaDeserializationStream.readObject(JavaSerializer.scala:76)
[2021-06-07 14:28:01,650] {spark_submit.py:526} INFO - at org.apache.spark.serializer.JavaSerializerInstance.deserialize(JavaSerializer.scala:109)
[2021-06-07 14:28:01,650] {spark_submit.py:526} INFO - at org.apache.spark.rpc.netty.NettyRpcEnv.$anonfun$deserialize$2(NettyRpcEnv.scala:299)
[2021-06-07 14:28:01,650] {spark_submit.py:526} INFO - at scala.util.DynamicVariable.withValue(DynamicVariable.scala:62)
[2021-06-07 14:28:01,650] {spark_submit.py:526} INFO - at org.apache.spark.rpc.netty.NettyRpcEnv.deserialize(NettyRpcEnv.scala:352)
[2021-06-07 14:28:01,650] {spark_submit.py:526} INFO - at org.apache.spark.rpc.netty.NettyRpcEnv.$anonfun$deserialize$1(NettyRpcEnv.scala:298)
[2021-06-07 14:28:01,650] {spark_submit.py:526} INFO - at scala.util.DynamicVariable.withValue(DynamicVariable.scala:62)
[2021-06-07 14:28:01,650] {spark_submit.py:526} INFO - at org.apache.spark.rpc.netty.NettyRpcEnv.deserialize(NettyRpcEnv.scala:298)
[2021-06-07 14:28:01,650] {spark_submit.py:526} INFO - at org.apache.spark.rpc.netty.RequestMessage$.apply(NettyRpcEnv.scala:647)
[2021-06-07 14:28:01,650] {spark_submit.py:526} INFO - at org.apache.spark.rpc.netty.NettyRpcHandler.internalReceive(NettyRpcEnv.scala:698)
[2021-06-07 14:28:01,650] {spark_submit.py:526} INFO - at org.apache.spark.rpc.netty.NettyRpcHandler.receive(NettyRpcEnv.scala:690)
[2021-06-07 14:28:01,651] {spark_submit.py:526} INFO - at org.apache.spark.network.server.TransportRequestHandler.processOneWayMessage(TransportRequestHandler.java:255)
[2021-06-07 14:28:01,651] {spark_submit.py:526} INFO - at org.apache.spark.network.server.TransportRequestHandler.handle(TransportRequestHandler.java:111)
[2021-06-07 14:28:01,651] {spark_submit.py:526} INFO - at org.apache.spark.network.server.TransportChannelHandler.channelRead0(TransportChannelHandler.java:140)
[2021-06-07 14:28:01,651] {spark_submit.py:526} INFO - at org.apache.spark.network.server.TransportChannelHandler.channelRead0(TransportChannelHandler.java:53)
[2021-06-07 14:28:01,651] {spark_submit.py:526} INFO - at io.netty.channel.SimpleChannelInboundHandler.channelRead(SimpleChannelInboundHandler.java:99)
[2021-06-07 14:28:01,651] {spark_submit.py:526} INFO - at io.netty.channel.AbstractChannelHandlerContext.invokeChannelRead(AbstractChannelHandlerContext.java:379)
[2021-06-07 14:28:01,651] {spark_submit.py:526} INFO - at io.netty.channel.AbstractChannelHandlerContext.invokeChannelRead(AbstractChannelHandlerContext.java:365)
[2021-06-07 14:28:01,651] {spark_submit.py:526} INFO - at io.netty.channel.AbstractChannelHandlerContext.fireChannelRead(AbstractChannelHandlerContext.java:357)
[2021-06-07 14:28:01,651] {spark_submit.py:526} INFO - at io.netty.handler.timeout.IdleStateHandler.channelRead(IdleStateHandler.java:286)
[2021-06-07 14:28:01,651] {spark_submit.py:526} INFO - at io.netty.channel.AbstractChannelHandlerContext.invokeChannelRead(AbstractChannelHandlerContext.java:379)
[2021-06-07 14:28:01,651] {spark_submit.py:526} INFO - at io.netty.channel.AbstractChannelHandlerContext.invokeChannelRead(AbstractChannelHandlerContext.java:365)
[2021-06-07 14:28:01,651] {spark_submit.py:526} INFO - at io.netty.channel.AbstractChannelHandlerContext.fireChannelRead(AbstractChannelHandlerContext.java:357)
[2021-06-07 14:28:01,651] {spark_submit.py:526} INFO - at io.netty.handler.codec.MessageToMessageDecoder.channelRead(MessageToMessageDecoder.java:103)
[2021-06-07 14:28:01,652] {spark_submit.py:526} INFO - at io.netty.channel.AbstractChannelHandlerContext.invokeChannelRead(AbstractChannelHandlerContext.java:379)
[2021-06-07 14:28:01,652] {spark_submit.py:526} INFO - at io.netty.channel.AbstractChannelHandlerContext.invokeChannelRead(AbstractChannelHandlerContext.java:365)
[2021-06-07 14:28:01,652] {spark_submit.py:526} INFO - at io.netty.channel.AbstractChannelHandlerContext.fireChannelRead(AbstractChannelHandlerContext.java:357)
[2021-06-07 14:28:01,652] {spark_submit.py:526} INFO - at org.apache.spark.network.util.TransportFrameDecoder.channelRead(TransportFrameDecoder.java:102)
[2021-06-07 14:28:01,652] {spark_submit.py:526} INFO - at io.netty.channel.AbstractChannelHandlerContext.invokeChannelRead(AbstractChannelHandlerContext.java:379)
[2021-06-07 14:28:01,652] {spark_submit.py:526} INFO - at io.netty.channel.AbstractChannelHandlerContext.invokeChannelRead(AbstractChannelHandlerContext.java:365)
[2021-06-07 14:28:01,655] {spark_submit.py:526} INFO - at io.netty.channel.AbstractChannelHandlerContext.fireChannelRead(AbstractChannelHandlerContext.java:357)
[2021-06-07 14:28:01,655] {spark_submit.py:526} INFO - at io.netty.channel.DefaultChannelPipeline$HeadContext.channelRead(DefaultChannelPipeline.java:1410)
[2021-06-07 14:28:01,655] {spark_submit.py:526} INFO - at io.netty.channel.AbstractChannelHandlerContext.invokeChannelRead(AbstractChannelHandlerContext.java:379)
[2021-06-07 14:28:01,655] {spark_submit.py:526} INFO - at io.netty.channel.AbstractChannelHandlerContext.invokeChannelRead(AbstractChannelHandlerContext.java:365)
[2021-06-07 14:28:01,655] {spark_submit.py:526} INFO - at io.netty.channel.DefaultChannelPipeline.fireChannelRead(DefaultChannelPipeline.java:919)
[2021-06-07 14:28:01,655] {spark_submit.py:526} INFO - at io.netty.channel.nio.AbstractNioByteChannel$NioByteUnsafe.read(AbstractNioByteChannel.java:163)
[2021-06-07 14:28:01,655] {spark_submit.py:526} INFO - at io.netty.channel.nio.NioEventLoop.processSelectedKey(NioEventLoop.java:714)
[2021-06-07 14:28:01,655] {spark_submit.py:526} INFO - at io.netty.channel.nio.NioEventLoop.processSelectedKeysOptimized(NioEventLoop.java:650)
[2021-06-07 14:28:01,656] {spark_submit.py:526} INFO - at io.netty.channel.nio.NioEventLoop.processSelectedKeys(NioEventLoop.java:576)
[2021-06-07 14:28:01,656] {spark_submit.py:526} INFO - at io.netty.channel.nio.NioEventLoop.run(NioEventLoop.java:493)
[2021-06-07 14:28:01,656] {spark_submit.py:526} INFO - at io.netty.util.concurrent.SingleThreadEventExecutor$4.run(SingleThreadEventExecutor.java:989)
[2021-06-07 14:28:01,656] {spark_submit.py:526} INFO - at io.netty.util.internal.ThreadExecutorMap$2.run(ThreadExecutorMap.java:74)
[2021-06-07 14:28:01,656] {spark_submit.py:526} INFO - at io.netty.util.concurrent.FastThreadLocalRunnable.run(FastThreadLocalRunnable.java:30)
[2021-06-07 14:28:01,656] {spark_submit.py:526} INFO - at java.base/java.lang.Thread.run(Thread.java:829)
[2021-06-07 14:28:01,656] {spark_submit.py:526} INFO - 21/06/07 14:28:01 INFO StandaloneAppClient$ClientEndpoint: Executor added: app-20210607142556-0000/1 on worker-20210607141129-172.21.0.10-46499 (172.21.0.10:46499) with 1 core(s)
[2021-06-07 14:28:01,658] {spark_submit.py:526} INFO - 21/06/07 14:28:01 INFO StandaloneSchedulerBackend: Granted executor ID app-20210607142556-0000/1 on hostPort 172.21.0.10:46499 with 1 core(s), 2.0 GiB RAM
[2021-06-07 14:28:01,784] {spark_submit.py:526} INFO - 21/06/07 14:28:01 ERROR TransportRequestHandler: Error while invoking RpcHandler#receive() for one-way message.
[2021-06-07 14:28:01,785] {spark_submit.py:526} INFO - java.io.InvalidClassException: org.apache.spark.deploy.DeployMessages$ExecutorUpdated; local class incompatible: stream classdesc serialVersionUID = 1654279024112373855, local class serialVersionUID = -1971851081955655249
[2021-06-07 14:28:01,785] {spark_submit.py:526} INFO - at java.base/java.io.ObjectStreamClass.initNonProxy(ObjectStreamClass.java:689)
[2021-06-07 14:28:01,785] {spark_submit.py:526} INFO - at java.base/java.io.ObjectInputStream.readNonProxyDesc(ObjectInputStream.java:2012)
[2021-06-07 14:28:01,785] {spark_submit.py:526} INFO - at java.base/java.io.ObjectInputStream.readClassDesc(ObjectInputStream.java:1862)
[2021-06-07 14:28:01,785] {spark_submit.py:526} INFO - at java.base/java.io.ObjectInputStream.readOrdinaryObject(ObjectInputStream.java:2169)
[2021-06-07 14:28:01,785] {spark_submit.py:526} INFO - at java.base/java.io.ObjectInputStream.readObject0(ObjectInputStream.java:1679)
[2021-06-07 14:28:01,785] {spark_submit.py:526} INFO - at java.base/java.io.ObjectInputStream.readObject(ObjectInputStream.java:493)
[2021-06-07 14:28:01,785] {spark_submit.py:526} INFO - at java.base/java.io.ObjectInputStream.readObject(ObjectInputStream.java:451)
[2021-06-07 14:28:01,785] {spark_submit.py:526} INFO - at org.apache.spark.serializer.JavaDeserializationStream.readObject(JavaSerializer.scala:76)
[2021-06-07 14:28:01,786] {spark_submit.py:526} INFO - at org.apache.spark.serializer.JavaSerializerInstance.deserialize(JavaSerializer.scala:109)
[2021-06-07 14:28:01,786] {spark_submit.py:526} INFO - at org.apache.spark.rpc.netty.NettyRpcEnv.$anonfun$deserialize$2(NettyRpcEnv.scala:299)
[2021-06-07 14:28:01,786] {spark_submit.py:526} INFO - at scala.util.DynamicVariable.withValue(DynamicVariable.scala:62)
[2021-06-07 14:28:01,786] {spark_submit.py:526} INFO - at org.apache.spark.rpc.netty.NettyRpcEnv.deserialize(NettyRpcEnv.scala:352)
[2021-06-07 14:28:01,786] {spark_submit.py:526} INFO - at org.apache.spark.rpc.netty.NettyRpcEnv.$anonfun$deserialize$1(NettyRpcEnv.scala:298)
[2021-06-07 14:28:01,786] {spark_submit.py:526} INFO - at scala.util.DynamicVariable.withValue(DynamicVariable.scala:62)
[2021-06-07 14:28:01,786] {spark_submit.py:526} INFO - at org.apache.spark.rpc.netty.NettyRpcEnv.deserialize(NettyRpcEnv.scala:298)
[2021-06-07 14:28:01,786] {spark_submit.py:526} INFO - at org.apache.spark.rpc.netty.RequestMessage$.apply(NettyRpcEnv.scala:647)
[2021-06-07 14:28:01,786] {spark_submit.py:526} INFO - at org.apache.spark.rpc.netty.NettyRpcHandler.internalReceive(NettyRpcEnv.scala:698)
[2021-06-07 14:28:01,786] {spark_submit.py:526} INFO - at org.apache.spark.rpc.netty.NettyRpcHandler.receive(NettyRpcEnv.scala:690)
[2021-06-07 14:28:01,786] {spark_submit.py:526} INFO - at org.apache.spark.network.server.TransportRequestHandler.processOneWayMessage(TransportRequestHandler.java:255)
[2021-06-07 14:28:01,787] {spark_submit.py:526} INFO - at org.apache.spark.network.server.TransportRequestHandler.handle(TransportRequestHandler.java:111)
[2021-06-07 14:28:01,787] {spark_submit.py:526} INFO - at org.apache.spark.network.server.TransportChannelHandler.channelRead0(TransportChannelHandler.java:140)
[2021-06-07 14:28:01,787] {spark_submit.py:526} INFO - at org.apache.spark.network.server.TransportChannelHandler.channelRead0(TransportChannelHandler.java:53)
[2021-06-07 14:28:01,787] {spark_submit.py:526} INFO - at io.netty.channel.SimpleChannelInboundHandler.channelRead(SimpleChannelInboundHandler.java:99)
[2021-06-07 14:28:01,787] {spark_submit.py:526} INFO - at io.netty.channel.AbstractChannelHandlerContext.invokeChannelRead(AbstractChannelHandlerContext.java:379)
[2021-06-07 14:28:01,787] {spark_submit.py:526} INFO - at io.netty.channel.AbstractChannelHandlerContext.invokeChannelRead(AbstractChannelHandlerContext.java:365)
[2021-06-07 14:28:01,787] {spark_submit.py:526} INFO - at io.netty.channel.AbstractChannelHandlerContext.fireChannelRead(AbstractChannelHandlerContext.java:357)
[2021-06-07 14:28:01,787] {spark_submit.py:526} INFO - at io.netty.handler.timeout.IdleStateHandler.channelRead(IdleStateHandler.java:286)
[2021-06-07 14:28:01,787] {spark_submit.py:526} INFO - at io.netty.channel.AbstractChannelHandlerContext.invokeChannelRead(AbstractChannelHandlerContext.java:379)
[2021-06-07 14:28:01,787] {spark_submit.py:526} INFO - at io.netty.channel.AbstractChannelHandlerContext.invokeChannelRead(AbstractChannelHandlerContext.java:365)
[2021-06-07 14:28:01,787] {spark_submit.py:526} INFO - at io.netty.channel.AbstractChannelHandlerContext.fireChannelRead(AbstractChannelHandlerContext.java:357)
[2021-06-07 14:28:01,788] {spark_submit.py:526} INFO - at io.netty.handler.codec.MessageToMessageDecoder.channelRead(MessageToMessageDecoder.java:103)
[2021-06-07 14:28:01,788] {spark_submit.py:526} INFO - at io.netty.channel.AbstractChannelHandlerContext.invokeChannelRead(AbstractChannelHandlerContext.java:379)
[2021-06-07 14:28:01,791] {spark_submit.py:526} INFO - at io.netty.channel.AbstractChannelHandlerContext.invokeChannelRead(AbstractChannelHandlerContext.java:365)
[2021-06-07 14:28:01,792] {spark_submit.py:526} INFO - at io.netty.channel.AbstractChannelHandlerContext.fireChannelRead(AbstractChannelHandlerContext.java:357)
[2021-06-07 14:28:01,792] {spark_submit.py:526} INFO - at org.apache.spark.network.util.TransportFrameDecoder.channelRead(TransportFrameDecoder.java:102)
[2021-06-07 14:28:01,792] {spark_submit.py:526} INFO - at io.netty.channel.AbstractChannelHandlerContext.invokeChannelRead(AbstractChannelHandlerContext.java:379)
[2021-06-07 14:28:01,792] {spark_submit.py:526} INFO - at io.netty.channel.AbstractChannelHandlerContext.invokeChannelRead(AbstractChannelHandlerContext.java:365)
[2021-06-07 14:28:01,792] {spark_submit.py:526} INFO - at io.netty.channel.AbstractChannelHandlerContext.fireChannelRead(AbstractChannelHandlerContext.java:357)
[2021-06-07 14:28:01,792] {spark_submit.py:526} INFO - at io.netty.channel.DefaultChannelPipeline$HeadContext.channelRead(DefaultChannelPipeline.java:1410)
[2021-06-07 14:28:01,792] {spark_submit.py:526} INFO - at io.netty.channel.AbstractChannelHandlerContext.invokeChannelRead(AbstractChannelHandlerContext.java:379)
[2021-06-07 14:28:01,792] {spark_submit.py:526} INFO - at io.netty.channel.AbstractChannelHandlerContext.invokeChannelRead(AbstractChannelHandlerContext.java:365)
[2021-06-07 14:28:01,792] {spark_submit.py:526} INFO - at io.netty.channel.DefaultChannelPipeline.fireChannelRead(DefaultChannelPipeline.java:919)
[2021-06-07 14:28:01,792] {spark_submit.py:526} INFO - at io.netty.channel.nio.AbstractNioByteChannel$NioByteUnsafe.read(AbstractNioByteChannel.java:163)
[2021-06-07 14:28:01,792] {spark_submit.py:526} INFO - at io.netty.channel.nio.NioEventLoop.processSelectedKey(NioEventLoop.java:714)
[2021-06-07 14:28:01,793] {spark_submit.py:526} INFO - at io.netty.channel.nio.NioEventLoop.processSelectedKeysOptimized(NioEventLoop.java:650)
[2021-06-07 14:28:01,793] {spark_submit.py:526} INFO - at io.netty.channel.nio.NioEventLoop.processSelectedKeys(NioEventLoop.java:576)
[2021-06-07 14:28:01,793] {spark_submit.py:526} INFO - at io.netty.channel.nio.NioEventLoop.run(NioEventLoop.java:493)
[2021-06-07 14:28:01,793] {spark_submit.py:526} INFO - at io.netty.util.concurrent.SingleThreadEventExecutor$4.run(SingleThreadEventExecutor.java:989)
[2021-06-07 14:28:01,793] {spark_submit.py:526} INFO - at io.netty.util.internal.ThreadExecutorMap$2.run(ThreadExecutorMap.java:74)
[2021-06-07 14:28:01,793] {spark_submit.py:526} INFO - at io.netty.util.concurrent.FastThreadLocalRunnable.run(FastThreadLocalRunnable.java:30)
[2021-06-07 14:28:01,793] {spark_submit.py:526} INFO - at java.base/java.lang.Thread.run(Thread.java:829)
[2021-06-07 14:28:05,281] {spark_submit.py:526} INFO - 21/06/07 14:28:05 WARN TaskSchedulerImpl: Initial job has not accepted any resources; check your cluster UI to ensure that workers are registered and have sufficient resources
[2021-06-07 14:28:20,298] {spark_submit.py:526} INFO - 21/06/07 14:28:20 WARN TaskSchedulerImpl: Initial job has not accepted any resources; check your cluster UI to ensure that workers are registered and have sufficient resources
[2021-06-07 14:28:35,281] {spark_submit.py:526} INFO - 21/06/07 14:28:35 WARN TaskSchedulerImpl: Initial job has not accepted any resources; check your cluster UI to ensure that workers are registered and have sufficient resources
[2021-06-07 14:28:50,294] {spark_submit.py:526} INFO - 21/06/07 14:28:50 WARN TaskSchedulerImpl: Initial job has not accepted any resources; check your cluster UI to ensure that workers are registered and have sufficient resources
[2021-06-07 14:29:05,282] {spark_submit.py:526} INFO - 21/06/07 14:29:05 WARN TaskSchedulerImpl: Initial job has not accepted any resources; check your cluster UI to ensure that workers are registered and have sufficient resources
[2021-06-07 14:29:20,297] {spark_submit.py:526} INFO - 21/06/07 14:29:20 WARN TaskSchedulerImpl: Initial job has not accepted any resources; check your cluster UI to ensure that workers are registered and have sufficient resources
[2021-06-07 14:29:35,283] {spark_submit.py:526} INFO - 21/06/07 14:29:35 WARN TaskSchedulerImpl: Initial job has not accepted any resources; check your cluster UI to ensure that workers are registered and have sufficient resources
[2021-06-07 14:29:50,298] {spark_submit.py:526} INFO - 21/06/07 14:29:50 WARN TaskSchedulerImpl: Initial job has not accepted any resources; check your cluster UI to ensure that workers are registered and have sufficient resources
[2021-06-07 14:30:05,124] {spark_submit.py:526} INFO - 21/06/07 14:30:05 ERROR TransportRequestHandler: Error while invoking RpcHandler#receive() for one-way message.
[2021-06-07 14:30:05,124] {spark_submit.py:526} INFO - java.io.InvalidClassException: org.apache.spark.deploy.DeployMessages$ExecutorUpdated; local class incompatible: stream classdesc serialVersionUID = 1654279024112373855, local class serialVersionUID = -1971851081955655249
[2021-06-07 14:30:05,125] {spark_submit.py:526} INFO - at java.base/java.io.ObjectStreamClass.initNonProxy(ObjectStreamClass.java:689)
[2021-06-07 14:30:05,125] {spark_submit.py:526} INFO - at java.base/java.io.ObjectInputStream.readNonProxyDesc(ObjectInputStream.java:2012)
[2021-06-07 14:30:05,125] {spark_submit.py:526} INFO - at java.base/java.io.ObjectInputStream.readClassDesc(ObjectInputStream.java:1862)
[2021-06-07 14:30:05,125] {spark_submit.py:526} INFO - at java.base/java.io.ObjectInputStream.readOrdinaryObject(ObjectInputStream.java:2169)
[2021-06-07 14:30:05,125] {spark_submit.py:526} INFO - at java.base/java.io.ObjectInputStream.readObject0(ObjectInputStream.java:1679)
[2021-06-07 14:30:05,125] {spark_submit.py:526} INFO - at java.base/java.io.ObjectInputStream.readObject(ObjectInputStream.java:493)
[2021-06-07 14:30:05,125] {spark_submit.py:526} INFO - at java.base/java.io.ObjectInputStream.readObject(ObjectInputStream.java:451)
[2021-06-07 14:30:05,125] {spark_submit.py:526} INFO - at org.apache.spark.serializer.JavaDeserializationStream.readObject(JavaSerializer.scala:76)
[2021-06-07 14:30:05,125] {spark_submit.py:526} INFO - at org.apache.spark.serializer.JavaSerializerInstance.deserialize(JavaSerializer.scala:109)
[2021-06-07 14:30:05,125] {spark_submit.py:526} INFO - at org.apache.spark.rpc.netty.NettyRpcEnv.$anonfun$deserialize$2(NettyRpcEnv.scala:299)
[2021-06-07 14:30:05,125] {spark_submit.py:526} INFO - at scala.util.DynamicVariable.withValue(DynamicVariable.scala:62)
[2021-06-07 14:30:05,125] {spark_submit.py:526} INFO - at org.apache.spark.rpc.netty.NettyRpcEnv.deserialize(NettyRpcEnv.scala:352)
[2021-06-07 14:30:05,125] {spark_submit.py:526} INFO - at org.apache.spark.rpc.netty.NettyRpcEnv.$anonfun$deserialize$1(NettyRpcEnv.scala:298)
[2021-06-07 14:30:05,125] {spark_submit.py:526} INFO - at scala.util.DynamicVariable.withValue(DynamicVariable.scala:62)
[2021-06-07 14:30:05,126] {spark_submit.py:526} INFO - at org.apache.spark.rpc.netty.NettyRpcEnv.deserialize(NettyRpcEnv.scala:298)
[2021-06-07 14:30:05,126] {spark_submit.py:526} INFO - at org.apache.spark.rpc.netty.RequestMessage$.apply(NettyRpcEnv.scala:647)
[2021-06-07 14:30:05,126] {spark_submit.py:526} INFO - at org.apache.spark.rpc.netty.NettyRpcHandler.internalReceive(NettyRpcEnv.scala:698)
[2021-06-07 14:30:05,126] {spark_submit.py:526} INFO - at org.apache.spark.rpc.netty.NettyRpcHandler.receive(NettyRpcEnv.scala:690)
[2021-06-07 14:30:05,126] {spark_submit.py:526} INFO - at org.apache.spark.network.server.TransportRequestHandler.processOneWayMessage(TransportRequestHandler.java:255)
[2021-06-07 14:30:05,126] {spark_submit.py:526} INFO - at org.apache.spark.network.server.TransportRequestHandler.handle(TransportRequestHandler.java:111)
[2021-06-07 14:30:05,126] {spark_submit.py:526} INFO - at org.apache.spark.network.server.TransportChannelHandler.channelRead0(TransportChannelHandler.java:140)
[2021-06-07 14:30:05,126] {spark_submit.py:526} INFO - at org.apache.spark.network.server.TransportChannelHandler.channelRead0(TransportChannelHandler.java:53)
[2021-06-07 14:30:05,126] {spark_submit.py:526} INFO - at io.netty.channel.SimpleChannelInboundHandler.channelRead(SimpleChannelInboundHandler.java:99)
[2021-06-07 14:30:05,126] {spark_submit.py:526} INFO - at io.netty.channel.AbstractChannelHandlerContext.invokeChannelRead(AbstractChannelHandlerContext.java:379)
[2021-06-07 14:30:05,126] {spark_submit.py:526} INFO - at io.netty.channel.AbstractChannelHandlerContext.invokeChannelRead(AbstractChannelHandlerContext.java:365)
[2021-06-07 14:30:05,126] {spark_submit.py:526} INFO - at io.netty.channel.AbstractChannelHandlerContext.fireChannelRead(AbstractChannelHandlerContext.java:357)
[2021-06-07 14:30:05,126] {spark_submit.py:526} INFO - at io.netty.handler.timeout.IdleStateHandler.channelRead(IdleStateHandler.java:286)
[2021-06-07 14:30:05,126] {spark_submit.py:526} INFO - at io.netty.channel.AbstractChannelHandlerContext.invokeChannelRead(AbstractChannelHandlerContext.java:379)
[2021-06-07 14:30:05,126] {spark_submit.py:526} INFO - at io.netty.channel.AbstractChannelHandlerContext.invokeChannelRead(AbstractChannelHandlerContext.java:365)
[2021-06-07 14:30:05,127] {spark_submit.py:526} INFO - at io.netty.channel.AbstractChannelHandlerContext.fireChannelRead(AbstractChannelHandlerContext.java:357)
[2021-06-07 14:30:05,127] {spark_submit.py:526} INFO - at io.netty.handler.codec.MessageToMessageDecoder.channelRead(MessageToMessageDecoder.java:103)
[2021-06-07 14:30:05,127] {spark_submit.py:526} INFO - at io.netty.channel.AbstractChannelHandlerContext.invokeChannelRead(AbstractChannelHandlerContext.java:379)
[2021-06-07 14:30:05,127] {spark_submit.py:526} INFO - at io.netty.channel.AbstractChannelHandlerContext.invokeChannelRead(AbstractChannelHandlerContext.java:365)
[2021-06-07 14:30:05,127] {spark_submit.py:526} INFO - at io.netty.channel.AbstractChannelHandlerContext.fireChannelRead(AbstractChannelHandlerContext.java:357)
[2021-06-07 14:30:05,127] {spark_submit.py:526} INFO - at org.apache.spark.network.util.TransportFrameDecoder.channelRead(TransportFrameDecoder.java:102)
[2021-06-07 14:30:05,127] {spark_submit.py:526} INFO - at io.netty.channel.AbstractChannelHandlerContext.invokeChannelRead(AbstractChannelHandlerContext.java:379)
[2021-06-07 14:30:05,127] {spark_submit.py:526} INFO - at io.netty.channel.AbstractChannelHandlerContext.invokeChannelRead(AbstractChannelHandlerContext.java:365)
[2021-06-07 14:30:05,127] {spark_submit.py:526} INFO - at io.netty.channel.AbstractChannelHandlerContext.fireChannelRead(AbstractChannelHandlerContext.java:357)
[2021-06-07 14:30:05,127] {spark_submit.py:526} INFO - at io.netty.channel.DefaultChannelPipeline$HeadContext.channelRead(DefaultChannelPipeline.java:1410)
[2021-06-07 14:30:05,127] {spark_submit.py:526} INFO - at io.netty.channel.AbstractChannelHandlerContext.invokeChannelRead(AbstractChannelHandlerContext.java:379)
[2021-06-07 14:30:05,127] {spark_submit.py:526} INFO - at io.netty.channel.AbstractChannelHandlerContext.invokeChannelRead(AbstractChannelHandlerContext.java:365)
[2021-06-07 14:30:05,127] {spark_submit.py:526} INFO - at io.netty.channel.DefaultChannelPipeline.fireChannelRead(DefaultChannelPipeline.java:919)
[2021-06-07 14:30:05,127] {spark_submit.py:526} INFO - at io.netty.channel.nio.AbstractNioByteChannel$NioByteUnsafe.read(AbstractNioByteChannel.java:163)
[2021-06-07 14:30:05,127] {spark_submit.py:526} INFO - at io.netty.channel.nio.NioEventLoop.processSelectedKey(NioEventLoop.java:714)
[2021-06-07 14:30:05,128] {spark_submit.py:526} INFO - at io.netty.channel.nio.NioEventLoop.processSelectedKeysOptimized(NioEventLoop.java:650)
[2021-06-07 14:30:05,128] {spark_submit.py:526} INFO - at io.netty.channel.nio.NioEventLoop.processSelectedKeys(NioEventLoop.java:576)
[2021-06-07 14:30:05,128] {spark_submit.py:526} INFO - at io.netty.channel.nio.NioEventLoop.run(NioEventLoop.java:493)
[2021-06-07 14:30:05,128] {spark_submit.py:526} INFO - at io.netty.util.concurrent.SingleThreadEventExecutor$4.run(SingleThreadEventExecutor.java:989)
[2021-06-07 14:30:05,128] {spark_submit.py:526} INFO - at io.netty.util.internal.ThreadExecutorMap$2.run(ThreadExecutorMap.java:74)
[2021-06-07 14:30:05,128] {spark_submit.py:526} INFO - at io.netty.util.concurrent.FastThreadLocalRunnable.run(FastThreadLocalRunnable.java:30)
[2021-06-07 14:30:05,128] {spark_submit.py:526} INFO - at java.base/java.lang.Thread.run(Thread.java:829)
[2021-06-07 14:30:05,131] {spark_submit.py:526} INFO - 21/06/07 14:30:05 INFO StandaloneAppClient$ClientEndpoint: Executor added: app-20210607142556-0000/2 on worker-20210607141129-172.21.0.10-46499 (172.21.0.10:46499) with 1 core(s)
[2021-06-07 14:30:05,133] {spark_submit.py:526} INFO - 21/06/07 14:30:05 INFO StandaloneSchedulerBackend: Granted executor ID app-20210607142556-0000/2 on hostPort 172.21.0.10:46499 with 1 core(s), 2.0 GiB RAM
[2021-06-07 14:30:05,241] {spark_submit.py:526} INFO - 21/06/07 14:30:05 ERROR TransportRequestHandler: Error while invoking RpcHandler#receive() for one-way message.
[2021-06-07 14:30:05,241] {spark_submit.py:526} INFO - java.io.InvalidClassException: org.apache.spark.deploy.DeployMessages$ExecutorUpdated; local class incompatible: stream classdesc serialVersionUID = 1654279024112373855, local class serialVersionUID = -1971851081955655249
[2021-06-07 14:30:05,241] {spark_submit.py:526} INFO - at java.base/java.io.ObjectStreamClass.initNonProxy(ObjectStreamClass.java:689)
[2021-06-07 14:30:05,241] {spark_submit.py:526} INFO - at java.base/java.io.ObjectInputStream.readNonProxyDesc(ObjectInputStream.java:2012)
[2021-06-07 14:30:05,242] {spark_submit.py:526} INFO - at java.base/java.io.ObjectInputStream.readClassDesc(ObjectInputStream.java:1862)
[2021-06-07 14:30:05,242] {spark_submit.py:526} INFO - at java.base/java.io.ObjectInputStream.readOrdinaryObject(ObjectInputStream.java:2169)
[2021-06-07 14:30:05,242] {spark_submit.py:526} INFO - at java.base/java.io.ObjectInputStream.readObject0(ObjectInputStream.java:1679)
[2021-06-07 14:30:05,242] {spark_submit.py:526} INFO - at java.base/java.io.ObjectInputStream.readObject(ObjectInputStream.java:493)
[2021-06-07 14:30:05,242] {spark_submit.py:526} INFO - at java.base/java.io.ObjectInputStream.readObject(ObjectInputStream.java:451)
[2021-06-07 14:30:05,242] {spark_submit.py:526} INFO - at org.apache.spark.serializer.JavaDeserializationStream.readObject(JavaSerializer.scala:76)
[2021-06-07 14:30:05,243] {spark_submit.py:526} INFO - at org.apache.spark.serializer.JavaSerializerInstance.deserialize(JavaSerializer.scala:109)
[2021-06-07 14:30:05,243] {spark_submit.py:526} INFO - at org.apache.spark.rpc.netty.NettyRpcEnv.$anonfun$deserialize$2(NettyRpcEnv.scala:299)
[2021-06-07 14:30:05,243] {spark_submit.py:526} INFO - at scala.util.DynamicVariable.withValue(DynamicVariable.scala:62)
[2021-06-07 14:30:05,243] {spark_submit.py:526} INFO - at org.apache.spark.rpc.netty.NettyRpcEnv.deserialize(NettyRpcEnv.scala:352)
[2021-06-07 14:30:05,243] {spark_submit.py:526} INFO - at org.apache.spark.rpc.netty.NettyRpcEnv.$anonfun$deserialize$1(NettyRpcEnv.scala:298)
[2021-06-07 14:30:05,243] {spark_submit.py:526} INFO - at scala.util.DynamicVariable.withValue(DynamicVariable.scala:62)
[2021-06-07 14:30:05,243] {spark_submit.py:526} INFO - at org.apache.spark.rpc.netty.NettyRpcEnv.deserialize(NettyRpcEnv.scala:298)
[2021-06-07 14:30:05,244] {spark_submit.py:526} INFO - at org.apache.spark.rpc.netty.RequestMessage$.apply(NettyRpcEnv.scala:647)
[2021-06-07 14:30:05,244] {spark_submit.py:526} INFO - at org.apache.spark.rpc.netty.NettyRpcHandler.internalReceive(NettyRpcEnv.scala:698)
[2021-06-07 14:30:05,244] {spark_submit.py:526} INFO - at org.apache.spark.rpc.netty.NettyRpcHandler.receive(NettyRpcEnv.scala:690)
[2021-06-07 14:30:05,244] {spark_submit.py:526} INFO - at org.apache.spark.network.server.TransportRequestHandler.processOneWayMessage(TransportRequestHandler.java:255)
[2021-06-07 14:30:05,244] {spark_submit.py:526} INFO - at org.apache.spark.network.server.TransportRequestHandler.handle(TransportRequestHandler.java:111)
[2021-06-07 14:30:05,244] {spark_submit.py:526} INFO - at org.apache.spark.network.server.TransportChannelHandler.channelRead0(TransportChannelHandler.java:140)
[2021-06-07 14:30:05,245] {spark_submit.py:526} INFO - at org.apache.spark.network.server.TransportChannelHandler.channelRead0(TransportChannelHandler.java:53)
[2021-06-07 14:30:05,245] {spark_submit.py:526} INFO - at io.netty.channel.SimpleChannelInboundHandler.channelRead(SimpleChannelInboundHandler.java:99)
[2021-06-07 14:30:05,245] {spark_submit.py:526} INFO - at io.netty.channel.AbstractChannelHandlerContext.invokeChannelRead(AbstractChannelHandlerContext.java:379)
[2021-06-07 14:30:05,245] {spark_submit.py:526} INFO - at io.netty.channel.AbstractChannelHandlerContext.invokeChannelRead(AbstractChannelHandlerContext.java:365)
[2021-06-07 14:30:05,245] {spark_submit.py:526} INFO - at io.netty.channel.AbstractChannelHandlerContext.fireChannelRead(AbstractChannelHandlerContext.java:357)
[2021-06-07 14:30:05,245] {spark_submit.py:526} INFO - at io.netty.handler.timeout.IdleStateHandler.channelRead(IdleStateHandler.java:286)
[2021-06-07 14:30:05,245] {spark_submit.py:526} INFO - at io.netty.channel.AbstractChannelHandlerContext.invokeChannelRead(AbstractChannelHandlerContext.java:379)
[2021-06-07 14:30:05,245] {spark_submit.py:526} INFO - at io.netty.channel.AbstractChannelHandlerContext.invokeChannelRead(AbstractChannelHandlerContext.java:365)
[2021-06-07 14:30:05,245] {spark_submit.py:526} INFO - at io.netty.channel.AbstractChannelHandlerContext.fireChannelRead(AbstractChannelHandlerContext.java:357)
[2021-06-07 14:30:05,245] {spark_submit.py:526} INFO - at io.netty.handler.codec.MessageToMessageDecoder.channelRead(MessageToMessageDecoder.java:103)
[2021-06-07 14:30:05,245] {spark_submit.py:526} INFO - at io.netty.channel.AbstractChannelHandlerContext.invokeChannelRead(AbstractChannelHandlerContext.java:379)
[2021-06-07 14:30:05,245] {spark_submit.py:526} INFO - at io.netty.channel.AbstractChannelHandlerContext.invokeChannelRead(AbstractChannelHandlerContext.java:365)
[2021-06-07 14:30:05,246] {spark_submit.py:526} INFO - at io.netty.channel.AbstractChannelHandlerContext.fireChannelRead(AbstractChannelHandlerContext.java:357)
[2021-06-07 14:30:05,246] {spark_submit.py:526} INFO - at org.apache.spark.network.util.TransportFrameDecoder.channelRead(TransportFrameDecoder.java:102)
[2021-06-07 14:30:05,246] {spark_submit.py:526} INFO - at io.netty.channel.AbstractChannelHandlerContext.invokeChannelRead(AbstractChannelHandlerContext.java:379)
[2021-06-07 14:30:05,246] {spark_submit.py:526} INFO - at io.netty.channel.AbstractChannelHandlerContext.invokeChannelRead(AbstractChannelHandlerContext.java:365)
[2021-06-07 14:30:05,246] {spark_submit.py:526} INFO - at io.netty.channel.AbstractChannelHandlerContext.fireChannelRead(AbstractChannelHandlerContext.java:357)
[2021-06-07 14:30:05,246] {spark_submit.py:526} INFO - at io.netty.channel.DefaultChannelPipeline$HeadContext.channelRead(DefaultChannelPipeline.java:1410)
[2021-06-07 14:30:05,246] {spark_submit.py:526} INFO - at io.netty.channel.AbstractChannelHandlerContext.invokeChannelRead(AbstractChannelHandlerContext.java:379)
[2021-06-07 14:30:05,246] {spark_submit.py:526} INFO - at io.netty.channel.AbstractChannelHandlerContext.invokeChannelRead(AbstractChannelHandlerContext.java:365)
[2021-06-07 14:30:05,246] {spark_submit.py:526} INFO - at io.netty.channel.DefaultChannelPipeline.fireChannelRead(DefaultChannelPipeline.java:919)
[2021-06-07 14:30:05,246] {spark_submit.py:526} INFO - at io.netty.channel.nio.AbstractNioByteChannel$NioByteUnsafe.read(AbstractNioByteChannel.java:163)
[2021-06-07 14:30:05,246] {spark_submit.py:526} INFO - at io.netty.channel.nio.NioEventLoop.processSelectedKey(NioEventLoop.java:714)
[2021-06-07 14:30:05,246] {spark_submit.py:526} INFO - at io.netty.channel.nio.NioEventLoop.processSelectedKeysOptimized(NioEventLoop.java:650)
[2021-06-07 14:30:05,246] {spark_submit.py:526} INFO - at io.netty.channel.nio.NioEventLoop.processSelectedKeys(NioEventLoop.java:576)
[2021-06-07 14:30:05,246] {spark_submit.py:526} INFO - at io.netty.channel.nio.NioEventLoop.run(NioEventLoop.java:493)
[2021-06-07 14:30:05,246] {spark_submit.py:526} INFO - at io.netty.util.concurrent.SingleThreadEventExecutor$4.run(SingleThreadEventExecutor.java:989)
[2021-06-07 14:30:05,246] {spark_submit.py:526} INFO - at io.netty.util.internal.ThreadExecutorMap$2.run(ThreadExecutorMap.java:74)
[2021-06-07 14:30:05,247] {spark_submit.py:526} INFO - at io.netty.util.concurrent.FastThreadLocalRunnable.run(FastThreadLocalRunnable.java:30)
[2021-06-07 14:30:05,247] {spark_submit.py:526} INFO - at java.base/java.lang.Thread.run(Thread.java:829)
[2021-06-07 14:30:05,282] {spark_submit.py:526} INFO - 21/06/07 14:30:05 WARN TaskSchedulerImpl: Initial job has not accepted any resources; check your cluster UI to ensure that workers are registered and have sufficient resources
[2021-06-07 14:30:20,285] {spark_submit.py:526} INFO - 21/06/07 14:30:20 WARN TaskSchedulerImpl: Initial job has not accepted any resources; check your cluster UI to ensure that workers are registered and have sufficient resources
[2021-06-07 14:30:33,711] {local_task_job.py:188} WARNING - State of this instance has been externally set to failed. Terminating instance.
[2021-06-07 14:30:33,718] {process_utils.py:100} INFO - Sending Signals.SIGTERM to GPID 1207
[2021-06-07 14:30:33,718] {taskinstance.py:1239} ERROR - Received SIGTERM. Terminating subprocesses.
[2021-06-07 14:30:33,719] {spark_submit.py:657} INFO - Sending kill signal to spark-submit
[2021-06-07 14:30:33,771] {process_utils.py:66} INFO - Process psutil.Process(pid=1207, status='terminated', exitcode=0, started='14:25:48') (1207) terminated with exit code 0
[2021-06-07 14:30:33,772] {process_utils.py:66} INFO - Process psutil.Process(pid=1208, status='terminated', started='14:25:49') (1208) terminated with exit code None
[2021-06-07 14:30:33,773] {process_utils.py:66} INFO - Process psutil.Process(pid=1254, status='terminated', started='14:25:52') (1254) terminated with exit code None
