[2021-06-07 14:46:40,908] {taskinstance.py:851} INFO - Dependencies all met for <TaskInstance: samuel.spark_submit_job 2021-06-06T00:00:00+00:00 [queued]>
[2021-06-07 14:46:40,932] {taskinstance.py:851} INFO - Dependencies all met for <TaskInstance: samuel.spark_submit_job 2021-06-06T00:00:00+00:00 [queued]>
[2021-06-07 14:46:40,933] {taskinstance.py:1042} INFO - 
--------------------------------------------------------------------------------
[2021-06-07 14:46:40,933] {taskinstance.py:1043} INFO - Starting attempt 5 of 6
[2021-06-07 14:46:40,933] {taskinstance.py:1044} INFO - 
--------------------------------------------------------------------------------
[2021-06-07 14:46:40,948] {taskinstance.py:1063} INFO - Executing <Task(SparkSubmitOperator): spark_submit_job> on 2021-06-06T00:00:00+00:00
[2021-06-07 14:46:40,953] {standard_task_runner.py:52} INFO - Started process 105 to run task
[2021-06-07 14:46:40,958] {standard_task_runner.py:76} INFO - Running: ['airflow', 'tasks', 'run', 'samuel', 'spark_submit_job', '2021-06-06T00:00:00+00:00', '--job-id', '12', '--pool', 'default_pool', '--raw', '--subdir', 'DAGS_FOLDER/dag_spark.py', '--cfg-path', '/tmp/tmp_6qv2k89', '--error-file', '/tmp/tmpnww2y6e3']
[2021-06-07 14:46:40,959] {standard_task_runner.py:77} INFO - Job 12: Subtask spark_submit_job
[2021-06-07 14:46:41,022] {logging_mixin.py:104} INFO - Running <TaskInstance: samuel.spark_submit_job 2021-06-06T00:00:00+00:00 [running]> on host 2c08dac1a244
[2021-06-07 14:46:41,099] {taskinstance.py:1257} INFO - Exporting the following env vars:
AIRFLOW_CTX_DAG_EMAIL=admin@localhost.com
AIRFLOW_CTX_DAG_OWNER=airflow
AIRFLOW_CTX_DAG_ID=samuel
AIRFLOW_CTX_TASK_ID=spark_submit_job
AIRFLOW_CTX_EXECUTION_DATE=2021-06-06T00:00:00+00:00
AIRFLOW_CTX_DAG_RUN_ID=scheduled__2021-06-06T00:00:00+00:00
[2021-06-07 14:46:41,117] {base.py:74} INFO - Using connection to: id: spark_conn. Host: spark://spark-master, Port: 7077, Schema: , Login: , Password: None, extra: None
[2021-06-07 14:46:41,119] {spark_submit.py:364} INFO - Spark-Submit cmd: spark-submit --master spark://spark-master:7077 --name airflow-spark1 /opt/airflow/dags/test.py
[2021-06-07 14:46:43,851] {spark_submit.py:526} INFO - WARNING: An illegal reflective access operation has occurred
[2021-06-07 14:46:43,851] {spark_submit.py:526} INFO - WARNING: Illegal reflective access by org.apache.spark.unsafe.Platform (file:/home/airflow/.local/lib/python3.7/site-packages/pyspark/jars/spark-unsafe_2.12-3.1.2.jar) to constructor java.nio.DirectByteBuffer(long,int)
[2021-06-07 14:46:43,851] {spark_submit.py:526} INFO - WARNING: Please consider reporting this to the maintainers of org.apache.spark.unsafe.Platform
[2021-06-07 14:46:43,851] {spark_submit.py:526} INFO - WARNING: Use --illegal-access=warn to enable warnings of further illegal reflective access operations
[2021-06-07 14:46:43,851] {spark_submit.py:526} INFO - WARNING: All illegal access operations will be denied in a future release
[2021-06-07 14:46:44,565] {spark_submit.py:526} INFO - 21/06/07 14:46:44 WARN NativeCodeLoader: Unable to load native-hadoop library for your platform... using builtin-java classes where applicable
[2021-06-07 14:46:46,024] {spark_submit.py:526} INFO - Using Spark's default log4j profile: org/apache/spark/log4j-defaults.properties
[2021-06-07 14:46:46,053] {spark_submit.py:526} INFO - 21/06/07 14:46:46 INFO SparkContext: Running Spark version 3.1.2
[2021-06-07 14:46:46,177] {spark_submit.py:526} INFO - 21/06/07 14:46:46 INFO ResourceUtils: ==============================================================
[2021-06-07 14:46:46,178] {spark_submit.py:526} INFO - 21/06/07 14:46:46 INFO ResourceUtils: No custom resources configured for spark.driver.
[2021-06-07 14:46:46,179] {spark_submit.py:526} INFO - 21/06/07 14:46:46 INFO ResourceUtils: ==============================================================
[2021-06-07 14:46:46,180] {spark_submit.py:526} INFO - 21/06/07 14:46:46 INFO SparkContext: Submitted application: pyspark-4
[2021-06-07 14:46:46,235] {spark_submit.py:526} INFO - 21/06/07 14:46:46 INFO ResourceProfile: Default ResourceProfile created, executor resources: Map(cores -> name: cores, amount: 1, script: , vendor: , memory -> name: memory, amount: 1024, script: , vendor: , offHeap -> name: offHeap, amount: 0, script: , vendor: ), task resources: Map(cpus -> name: cpus, amount: 1.0)
[2021-06-07 14:46:46,264] {spark_submit.py:526} INFO - 21/06/07 14:46:46 INFO ResourceProfile: Limiting resource is cpu
[2021-06-07 14:46:46,265] {spark_submit.py:526} INFO - 21/06/07 14:46:46 INFO ResourceProfileManager: Added ResourceProfile id: 0
[2021-06-07 14:46:46,409] {spark_submit.py:526} INFO - 21/06/07 14:46:46 INFO SecurityManager: Changing view acls to: airflow
[2021-06-07 14:46:46,410] {spark_submit.py:526} INFO - 21/06/07 14:46:46 INFO SecurityManager: Changing modify acls to: airflow
[2021-06-07 14:46:46,411] {spark_submit.py:526} INFO - 21/06/07 14:46:46 INFO SecurityManager: Changing view acls groups to:
[2021-06-07 14:46:46,411] {spark_submit.py:526} INFO - 21/06/07 14:46:46 INFO SecurityManager: Changing modify acls groups to:
[2021-06-07 14:46:46,412] {spark_submit.py:526} INFO - 21/06/07 14:46:46 INFO SecurityManager: SecurityManager: authentication disabled; ui acls disabled; users  with view permissions: Set(airflow); groups with view permissions: Set(); users  with modify permissions: Set(airflow); groups with modify permissions: Set()
[2021-06-07 14:46:46,909] {spark_submit.py:526} INFO - 21/06/07 14:46:46 INFO Utils: Successfully started service 'sparkDriver' on port 43883.
[2021-06-07 14:46:46,972] {spark_submit.py:526} INFO - 21/06/07 14:46:46 INFO SparkEnv: Registering MapOutputTracker
[2021-06-07 14:46:47,038] {spark_submit.py:526} INFO - 21/06/07 14:46:47 INFO SparkEnv: Registering BlockManagerMaster
[2021-06-07 14:46:47,075] {spark_submit.py:526} INFO - 21/06/07 14:46:47 INFO BlockManagerMasterEndpoint: Using org.apache.spark.storage.DefaultTopologyMapper for getting topology information
[2021-06-07 14:46:47,077] {spark_submit.py:526} INFO - 21/06/07 14:46:47 INFO BlockManagerMasterEndpoint: BlockManagerMasterEndpoint up
[2021-06-07 14:46:47,086] {spark_submit.py:526} INFO - 21/06/07 14:46:47 INFO SparkEnv: Registering BlockManagerMasterHeartbeat
[2021-06-07 14:46:47,120] {spark_submit.py:526} INFO - 21/06/07 14:46:47 INFO DiskBlockManager: Created local directory at /tmp/blockmgr-84634320-3f50-424a-bedc-8b0abae8e33a
[2021-06-07 14:46:47,161] {spark_submit.py:526} INFO - 21/06/07 14:46:47 INFO MemoryStore: MemoryStore started with capacity 434.4 MiB
[2021-06-07 14:46:47,189] {spark_submit.py:526} INFO - 21/06/07 14:46:47 INFO SparkEnv: Registering OutputCommitCoordinator
[2021-06-07 14:46:47,596] {spark_submit.py:526} INFO - 21/06/07 14:46:47 INFO Utils: Successfully started service 'SparkUI' on port 4040.
[2021-06-07 14:46:47,717] {spark_submit.py:526} INFO - 21/06/07 14:46:47 INFO SparkUI: Bound SparkUI to 0.0.0.0, and started at http://2c08dac1a244:4040
[2021-06-07 14:46:48,117] {spark_submit.py:526} INFO - 21/06/07 14:46:48 INFO StandaloneAppClient$ClientEndpoint: Connecting to master spark://spark-master:7077...
[2021-06-07 14:46:48,204] {spark_submit.py:526} INFO - 21/06/07 14:46:48 INFO TransportClientFactory: Successfully created connection to spark-master/172.21.0.3:7077 after 53 ms (0 ms spent in bootstraps)
[2021-06-07 14:46:48,491] {spark_submit.py:526} INFO - 21/06/07 14:46:48 INFO StandaloneSchedulerBackend: Connected to Spark cluster with app ID app-20210607144648-0000
[2021-06-07 14:46:48,517] {spark_submit.py:526} INFO - 21/06/07 14:46:48 INFO Utils: Successfully started service 'org.apache.spark.network.netty.NettyBlockTransferService' on port 37055.
[2021-06-07 14:46:48,517] {spark_submit.py:526} INFO - 21/06/07 14:46:48 INFO NettyBlockTransferService: Server created on 2c08dac1a244:37055
[2021-06-07 14:46:48,521] {spark_submit.py:526} INFO - 21/06/07 14:46:48 INFO BlockManager: Using org.apache.spark.storage.RandomBlockReplicationPolicy for block replication policy
[2021-06-07 14:46:48,545] {spark_submit.py:526} INFO - 21/06/07 14:46:48 INFO StandaloneAppClient$ClientEndpoint: Executor added: app-20210607144648-0000/0 on worker-20210607144545-172.21.0.7-35973 (172.21.0.7:35973) with 8 core(s)
[2021-06-07 14:46:48,546] {spark_submit.py:526} INFO - 21/06/07 14:46:48 INFO BlockManagerMaster: Registering BlockManager BlockManagerId(driver, 2c08dac1a244, 37055, None)
[2021-06-07 14:46:48,550] {spark_submit.py:526} INFO - 21/06/07 14:46:48 INFO StandaloneSchedulerBackend: Granted executor ID app-20210607144648-0000/0 on hostPort 172.21.0.7:35973 with 8 core(s), 1024.0 MiB RAM
[2021-06-07 14:46:48,551] {spark_submit.py:526} INFO - 21/06/07 14:46:48 INFO StandaloneAppClient$ClientEndpoint: Executor added: app-20210607144648-0000/1 on worker-20210607144545-172.21.0.6-45343 (172.21.0.6:45343) with 8 core(s)
[2021-06-07 14:46:48,556] {spark_submit.py:526} INFO - 21/06/07 14:46:48 INFO StandaloneSchedulerBackend: Granted executor ID app-20210607144648-0000/1 on hostPort 172.21.0.6:45343 with 8 core(s), 1024.0 MiB RAM
[2021-06-07 14:46:48,558] {spark_submit.py:526} INFO - 21/06/07 14:46:48 INFO BlockManagerMasterEndpoint: Registering block manager 2c08dac1a244:37055 with 434.4 MiB RAM, BlockManagerId(driver, 2c08dac1a244, 37055, None)
[2021-06-07 14:46:48,570] {spark_submit.py:526} INFO - 21/06/07 14:46:48 INFO BlockManagerMaster: Registered BlockManager BlockManagerId(driver, 2c08dac1a244, 37055, None)
[2021-06-07 14:46:48,573] {spark_submit.py:526} INFO - 21/06/07 14:46:48 INFO BlockManager: Initialized BlockManager: BlockManagerId(driver, 2c08dac1a244, 37055, None)
[2021-06-07 14:46:49,038] {spark_submit.py:526} INFO - 21/06/07 14:46:49 ERROR TransportRequestHandler: Error while invoking RpcHandler#receive() for one-way message.
[2021-06-07 14:46:49,039] {spark_submit.py:526} INFO - java.io.InvalidClassException: org.apache.spark.deploy.DeployMessages$ExecutorUpdated; local class incompatible: stream classdesc serialVersionUID = 1654279024112373855, local class serialVersionUID = -1971851081955655249
[2021-06-07 14:46:49,039] {spark_submit.py:526} INFO - at java.base/java.io.ObjectStreamClass.initNonProxy(ObjectStreamClass.java:689)
[2021-06-07 14:46:49,039] {spark_submit.py:526} INFO - at java.base/java.io.ObjectInputStream.readNonProxyDesc(ObjectInputStream.java:2012)
[2021-06-07 14:46:49,039] {spark_submit.py:526} INFO - at java.base/java.io.ObjectInputStream.readClassDesc(ObjectInputStream.java:1862)
[2021-06-07 14:46:49,039] {spark_submit.py:526} INFO - at java.base/java.io.ObjectInputStream.readOrdinaryObject(ObjectInputStream.java:2169)
[2021-06-07 14:46:49,039] {spark_submit.py:526} INFO - at java.base/java.io.ObjectInputStream.readObject0(ObjectInputStream.java:1679)
[2021-06-07 14:46:49,039] {spark_submit.py:526} INFO - at java.base/java.io.ObjectInputStream.readObject(ObjectInputStream.java:493)
[2021-06-07 14:46:49,039] {spark_submit.py:526} INFO - at java.base/java.io.ObjectInputStream.readObject(ObjectInputStream.java:451)
[2021-06-07 14:46:49,039] {spark_submit.py:526} INFO - at org.apache.spark.serializer.JavaDeserializationStream.readObject(JavaSerializer.scala:76)
[2021-06-07 14:46:49,039] {spark_submit.py:526} INFO - at org.apache.spark.serializer.JavaSerializerInstance.deserialize(JavaSerializer.scala:109)
[2021-06-07 14:46:49,039] {spark_submit.py:526} INFO - at org.apache.spark.rpc.netty.NettyRpcEnv.$anonfun$deserialize$2(NettyRpcEnv.scala:299)
[2021-06-07 14:46:49,040] {spark_submit.py:526} INFO - at scala.util.DynamicVariable.withValue(DynamicVariable.scala:62)
[2021-06-07 14:46:49,040] {spark_submit.py:526} INFO - at org.apache.spark.rpc.netty.NettyRpcEnv.deserialize(NettyRpcEnv.scala:352)
[2021-06-07 14:46:49,040] {spark_submit.py:526} INFO - at org.apache.spark.rpc.netty.NettyRpcEnv.$anonfun$deserialize$1(NettyRpcEnv.scala:298)
[2021-06-07 14:46:49,040] {spark_submit.py:526} INFO - at scala.util.DynamicVariable.withValue(DynamicVariable.scala:62)
[2021-06-07 14:46:49,040] {spark_submit.py:526} INFO - at org.apache.spark.rpc.netty.NettyRpcEnv.deserialize(NettyRpcEnv.scala:298)
[2021-06-07 14:46:49,040] {spark_submit.py:526} INFO - at org.apache.spark.rpc.netty.RequestMessage$.apply(NettyRpcEnv.scala:647)
[2021-06-07 14:46:49,040] {spark_submit.py:526} INFO - at org.apache.spark.rpc.netty.NettyRpcHandler.internalReceive(NettyRpcEnv.scala:698)
[2021-06-07 14:46:49,040] {spark_submit.py:526} INFO - at org.apache.spark.rpc.netty.NettyRpcHandler.receive(NettyRpcEnv.scala:690)
[2021-06-07 14:46:49,040] {spark_submit.py:526} INFO - at org.apache.spark.network.server.TransportRequestHandler.processOneWayMessage(TransportRequestHandler.java:255)
[2021-06-07 14:46:49,040] {spark_submit.py:526} INFO - at org.apache.spark.network.server.TransportRequestHandler.handle(TransportRequestHandler.java:111)
[2021-06-07 14:46:49,040] {spark_submit.py:526} INFO - at org.apache.spark.network.server.TransportChannelHandler.channelRead0(TransportChannelHandler.java:140)
[2021-06-07 14:46:49,040] {spark_submit.py:526} INFO - at org.apache.spark.network.server.TransportChannelHandler.channelRead0(TransportChannelHandler.java:53)
[2021-06-07 14:46:49,041] {spark_submit.py:526} INFO - at io.netty.channel.SimpleChannelInboundHandler.channelRead(SimpleChannelInboundHandler.java:99)
[2021-06-07 14:46:49,041] {spark_submit.py:526} INFO - at io.netty.channel.AbstractChannelHandlerContext.invokeChannelRead(AbstractChannelHandlerContext.java:379)
[2021-06-07 14:46:49,041] {spark_submit.py:526} INFO - at io.netty.channel.AbstractChannelHandlerContext.invokeChannelRead(AbstractChannelHandlerContext.java:365)
[2021-06-07 14:46:49,041] {spark_submit.py:526} INFO - at io.netty.channel.AbstractChannelHandlerContext.fireChannelRead(AbstractChannelHandlerContext.java:357)
[2021-06-07 14:46:49,041] {spark_submit.py:526} INFO - at io.netty.handler.timeout.IdleStateHandler.channelRead(IdleStateHandler.java:286)
[2021-06-07 14:46:49,041] {spark_submit.py:526} INFO - at io.netty.channel.AbstractChannelHandlerContext.invokeChannelRead(AbstractChannelHandlerContext.java:379)
[2021-06-07 14:46:49,041] {spark_submit.py:526} INFO - at io.netty.channel.AbstractChannelHandlerContext.invokeChannelRead(AbstractChannelHandlerContext.java:365)
[2021-06-07 14:46:49,041] {spark_submit.py:526} INFO - at io.netty.channel.AbstractChannelHandlerContext.fireChannelRead(AbstractChannelHandlerContext.java:357)
[2021-06-07 14:46:49,041] {spark_submit.py:526} INFO - at io.netty.handler.codec.MessageToMessageDecoder.channelRead(MessageToMessageDecoder.java:103)
[2021-06-07 14:46:49,041] {spark_submit.py:526} INFO - at io.netty.channel.AbstractChannelHandlerContext.invokeChannelRead(AbstractChannelHandlerContext.java:379)
[2021-06-07 14:46:49,041] {spark_submit.py:526} INFO - at io.netty.channel.AbstractChannelHandlerContext.invokeChannelRead(AbstractChannelHandlerContext.java:365)
[2021-06-07 14:46:49,041] {spark_submit.py:526} INFO - at io.netty.channel.AbstractChannelHandlerContext.fireChannelRead(AbstractChannelHandlerContext.java:357)
[2021-06-07 14:46:49,042] {spark_submit.py:526} INFO - at org.apache.spark.network.util.TransportFrameDecoder.channelRead(TransportFrameDecoder.java:102)
[2021-06-07 14:46:49,042] {spark_submit.py:526} INFO - at io.netty.channel.AbstractChannelHandlerContext.invokeChannelRead(AbstractChannelHandlerContext.java:379)
[2021-06-07 14:46:49,042] {spark_submit.py:526} INFO - at io.netty.channel.AbstractChannelHandlerContext.invokeChannelRead(AbstractChannelHandlerContext.java:365)
[2021-06-07 14:46:49,042] {spark_submit.py:526} INFO - at io.netty.channel.AbstractChannelHandlerContext.fireChannelRead(AbstractChannelHandlerContext.java:357)
[2021-06-07 14:46:49,042] {spark_submit.py:526} INFO - at io.netty.channel.DefaultChannelPipeline$HeadContext.channelRead(DefaultChannelPipeline.java:1410)
[2021-06-07 14:46:49,042] {spark_submit.py:526} INFO - at io.netty.channel.AbstractChannelHandlerContext.invokeChannelRead(AbstractChannelHandlerContext.java:379)
[2021-06-07 14:46:49,042] {spark_submit.py:526} INFO - at io.netty.channel.AbstractChannelHandlerContext.invokeChannelRead(AbstractChannelHandlerContext.java:365)
[2021-06-07 14:46:49,042] {spark_submit.py:526} INFO - at io.netty.channel.DefaultChannelPipeline.fireChannelRead(DefaultChannelPipeline.java:919)
[2021-06-07 14:46:49,042] {spark_submit.py:526} INFO - at io.netty.channel.nio.AbstractNioByteChannel$NioByteUnsafe.read(AbstractNioByteChannel.java:163)
[2021-06-07 14:46:49,042] {spark_submit.py:526} INFO - at io.netty.channel.nio.NioEventLoop.processSelectedKey(NioEventLoop.java:714)
[2021-06-07 14:46:49,042] {spark_submit.py:526} INFO - at io.netty.channel.nio.NioEventLoop.processSelectedKeysOptimized(NioEventLoop.java:650)
[2021-06-07 14:46:49,042] {spark_submit.py:526} INFO - at io.netty.channel.nio.NioEventLoop.processSelectedKeys(NioEventLoop.java:576)
[2021-06-07 14:46:49,043] {spark_submit.py:526} INFO - at io.netty.channel.nio.NioEventLoop.run(NioEventLoop.java:493)
[2021-06-07 14:46:49,043] {spark_submit.py:526} INFO - at io.netty.util.concurrent.SingleThreadEventExecutor$4.run(SingleThreadEventExecutor.java:989)
[2021-06-07 14:46:49,043] {spark_submit.py:526} INFO - at io.netty.util.internal.ThreadExecutorMap$2.run(ThreadExecutorMap.java:74)
[2021-06-07 14:46:49,043] {spark_submit.py:526} INFO - at io.netty.util.concurrent.FastThreadLocalRunnable.run(FastThreadLocalRunnable.java:30)
[2021-06-07 14:46:49,043] {spark_submit.py:526} INFO - at java.base/java.lang.Thread.run(Thread.java:829)
[2021-06-07 14:46:49,043] {spark_submit.py:526} INFO - 21/06/07 14:46:49 ERROR TransportRequestHandler: Error while invoking RpcHandler#receive() for one-way message.
[2021-06-07 14:46:49,043] {spark_submit.py:526} INFO - java.io.InvalidClassException: org.apache.spark.deploy.DeployMessages$ExecutorUpdated; local class incompatible: stream classdesc serialVersionUID = 1654279024112373855, local class serialVersionUID = -1971851081955655249
[2021-06-07 14:46:49,043] {spark_submit.py:526} INFO - at java.base/java.io.ObjectStreamClass.initNonProxy(ObjectStreamClass.java:689)
[2021-06-07 14:46:49,043] {spark_submit.py:526} INFO - at java.base/java.io.ObjectInputStream.readNonProxyDesc(ObjectInputStream.java:2012)
[2021-06-07 14:46:49,043] {spark_submit.py:526} INFO - at java.base/java.io.ObjectInputStream.readClassDesc(ObjectInputStream.java:1862)
[2021-06-07 14:46:49,043] {spark_submit.py:526} INFO - at java.base/java.io.ObjectInputStream.readOrdinaryObject(ObjectInputStream.java:2169)
[2021-06-07 14:46:49,044] {spark_submit.py:526} INFO - at java.base/java.io.ObjectInputStream.readObject0(ObjectInputStream.java:1679)
[2021-06-07 14:46:49,044] {spark_submit.py:526} INFO - at java.base/java.io.ObjectInputStream.readObject(ObjectInputStream.java:493)
[2021-06-07 14:46:49,044] {spark_submit.py:526} INFO - at java.base/java.io.ObjectInputStream.readObject(ObjectInputStream.java:451)
[2021-06-07 14:46:49,044] {spark_submit.py:526} INFO - at org.apache.spark.serializer.JavaDeserializationStream.readObject(JavaSerializer.scala:76)
[2021-06-07 14:46:49,044] {spark_submit.py:526} INFO - at org.apache.spark.serializer.JavaSerializerInstance.deserialize(JavaSerializer.scala:109)
[2021-06-07 14:46:49,044] {spark_submit.py:526} INFO - at org.apache.spark.rpc.netty.NettyRpcEnv.$anonfun$deserialize$2(NettyRpcEnv.scala:299)
[2021-06-07 14:46:49,044] {spark_submit.py:526} INFO - at scala.util.DynamicVariable.withValue(DynamicVariable.scala:62)
[2021-06-07 14:46:49,044] {spark_submit.py:526} INFO - at org.apache.spark.rpc.netty.NettyRpcEnv.deserialize(NettyRpcEnv.scala:352)
[2021-06-07 14:46:49,045] {spark_submit.py:526} INFO - at org.apache.spark.rpc.netty.NettyRpcEnv.$anonfun$deserialize$1(NettyRpcEnv.scala:298)
[2021-06-07 14:46:49,045] {spark_submit.py:526} INFO - at scala.util.DynamicVariable.withValue(DynamicVariable.scala:62)
[2021-06-07 14:46:49,045] {spark_submit.py:526} INFO - at org.apache.spark.rpc.netty.NettyRpcEnv.deserialize(NettyRpcEnv.scala:298)
[2021-06-07 14:46:49,045] {spark_submit.py:526} INFO - at org.apache.spark.rpc.netty.RequestMessage$.apply(NettyRpcEnv.scala:647)
[2021-06-07 14:46:49,045] {spark_submit.py:526} INFO - at org.apache.spark.rpc.netty.NettyRpcHandler.internalReceive(NettyRpcEnv.scala:698)
[2021-06-07 14:46:49,045] {spark_submit.py:526} INFO - at org.apache.spark.rpc.netty.NettyRpcHandler.receive(NettyRpcEnv.scala:690)
[2021-06-07 14:46:49,045] {spark_submit.py:526} INFO - at org.apache.spark.network.server.TransportRequestHandler.processOneWayMessage(TransportRequestHandler.java:255)
[2021-06-07 14:46:49,045] {spark_submit.py:526} INFO - at org.apache.spark.network.server.TransportRequestHandler.handle(TransportRequestHandler.java:111)
[2021-06-07 14:46:49,045] {spark_submit.py:526} INFO - at org.apache.spark.network.server.TransportChannelHandler.channelRead0(TransportChannelHandler.java:140)
[2021-06-07 14:46:49,045] {spark_submit.py:526} INFO - at org.apache.spark.network.server.TransportChannelHandler.channelRead0(TransportChannelHandler.java:53)
[2021-06-07 14:46:49,046] {spark_submit.py:526} INFO - at io.netty.channel.SimpleChannelInboundHandler.channelRead(SimpleChannelInboundHandler.java:99)
[2021-06-07 14:46:49,046] {spark_submit.py:526} INFO - at io.netty.channel.AbstractChannelHandlerContext.invokeChannelRead(AbstractChannelHandlerContext.java:379)
[2021-06-07 14:46:49,046] {spark_submit.py:526} INFO - at io.netty.channel.AbstractChannelHandlerContext.invokeChannelRead(AbstractChannelHandlerContext.java:365)
[2021-06-07 14:46:49,046] {spark_submit.py:526} INFO - at io.netty.channel.AbstractChannelHandlerContext.fireChannelRead(AbstractChannelHandlerContext.java:357)
[2021-06-07 14:46:49,046] {spark_submit.py:526} INFO - at io.netty.handler.timeout.IdleStateHandler.channelRead(IdleStateHandler.java:286)
[2021-06-07 14:46:49,046] {spark_submit.py:526} INFO - at io.netty.channel.AbstractChannelHandlerContext.invokeChannelRead(AbstractChannelHandlerContext.java:379)
[2021-06-07 14:46:49,046] {spark_submit.py:526} INFO - at io.netty.channel.AbstractChannelHandlerContext.invokeChannelRead(AbstractChannelHandlerContext.java:365)
[2021-06-07 14:46:49,046] {spark_submit.py:526} INFO - at io.netty.channel.AbstractChannelHandlerContext.fireChannelRead(AbstractChannelHandlerContext.java:357)
[2021-06-07 14:46:49,046] {spark_submit.py:526} INFO - at io.netty.handler.codec.MessageToMessageDecoder.channelRead(MessageToMessageDecoder.java:103)
[2021-06-07 14:46:49,046] {spark_submit.py:526} INFO - at io.netty.channel.AbstractChannelHandlerContext.invokeChannelRead(AbstractChannelHandlerContext.java:379)
[2021-06-07 14:46:49,046] {spark_submit.py:526} INFO - at io.netty.channel.AbstractChannelHandlerContext.invokeChannelRead(AbstractChannelHandlerContext.java:365)
[2021-06-07 14:46:49,046] {spark_submit.py:526} INFO - at io.netty.channel.AbstractChannelHandlerContext.fireChannelRead(AbstractChannelHandlerContext.java:357)
[2021-06-07 14:46:49,047] {spark_submit.py:526} INFO - at org.apache.spark.network.util.TransportFrameDecoder.channelRead(TransportFrameDecoder.java:102)
[2021-06-07 14:46:49,047] {spark_submit.py:526} INFO - at io.netty.channel.AbstractChannelHandlerContext.invokeChannelRead(AbstractChannelHandlerContext.java:379)
[2021-06-07 14:46:49,047] {spark_submit.py:526} INFO - at io.netty.channel.AbstractChannelHandlerContext.invokeChannelRead(AbstractChannelHandlerContext.java:365)
[2021-06-07 14:46:49,047] {spark_submit.py:526} INFO - at io.netty.channel.AbstractChannelHandlerContext.fireChannelRead(AbstractChannelHandlerContext.java:357)
[2021-06-07 14:46:49,047] {spark_submit.py:526} INFO - at io.netty.channel.DefaultChannelPipeline$HeadContext.channelRead(DefaultChannelPipeline.java:1410)
[2021-06-07 14:46:49,047] {spark_submit.py:526} INFO - at io.netty.channel.AbstractChannelHandlerContext.invokeChannelRead(AbstractChannelHandlerContext.java:379)
[2021-06-07 14:46:49,047] {spark_submit.py:526} INFO - at io.netty.channel.AbstractChannelHandlerContext.invokeChannelRead(AbstractChannelHandlerContext.java:365)
[2021-06-07 14:46:49,047] {spark_submit.py:526} INFO - at io.netty.channel.DefaultChannelPipeline.fireChannelRead(DefaultChannelPipeline.java:919)
[2021-06-07 14:46:49,047] {spark_submit.py:526} INFO - at io.netty.channel.nio.AbstractNioByteChannel$NioByteUnsafe.read(AbstractNioByteChannel.java:163)
[2021-06-07 14:46:49,047] {spark_submit.py:526} INFO - at io.netty.channel.nio.NioEventLoop.processSelectedKey(NioEventLoop.java:714)
[2021-06-07 14:46:49,047] {spark_submit.py:526} INFO - at io.netty.channel.nio.NioEventLoop.processSelectedKeysOptimized(NioEventLoop.java:650)
[2021-06-07 14:46:49,048] {spark_submit.py:526} INFO - at io.netty.channel.nio.NioEventLoop.processSelectedKeys(NioEventLoop.java:576)
[2021-06-07 14:46:49,048] {spark_submit.py:526} INFO - at io.netty.channel.nio.NioEventLoop.run(NioEventLoop.java:493)
[2021-06-07 14:46:49,048] {spark_submit.py:526} INFO - at io.netty.util.concurrent.SingleThreadEventExecutor$4.run(SingleThreadEventExecutor.java:989)
[2021-06-07 14:46:49,048] {spark_submit.py:526} INFO - at io.netty.util.internal.ThreadExecutorMap$2.run(ThreadExecutorMap.java:74)
[2021-06-07 14:46:49,048] {spark_submit.py:526} INFO - at io.netty.util.concurrent.FastThreadLocalRunnable.run(FastThreadLocalRunnable.java:30)
[2021-06-07 14:46:49,048] {spark_submit.py:526} INFO - at java.base/java.lang.Thread.run(Thread.java:829)
[2021-06-07 14:46:49,135] {spark_submit.py:526} INFO - 21/06/07 14:46:49 INFO StandaloneSchedulerBackend: SchedulerBackend is ready for scheduling beginning after reached minRegisteredResourcesRatio: 0.0
[2021-06-07 14:46:49,723] {spark_submit.py:526} INFO - 21/06/07 14:46:49 INFO SharedState: Setting hive.metastore.warehouse.dir ('null') to the value of spark.sql.warehouse.dir ('file:/opt/airflow/spark-warehouse').
[2021-06-07 14:46:49,724] {spark_submit.py:526} INFO - 21/06/07 14:46:49 INFO SharedState: Warehouse path is 'file:/opt/airflow/spark-warehouse'.
[2021-06-07 14:46:51,334] {spark_submit.py:526} INFO - ESTOY AQUI¿¿
[2021-06-07 14:46:58,855] {spark_submit.py:526} INFO - 21/06/07 14:46:58 INFO CodeGenerator: Code generated in 486.080487 ms
[2021-06-07 14:46:58,920] {spark_submit.py:526} INFO - 21/06/07 14:46:58 INFO SparkContext: Starting job: showString at NativeMethodAccessorImpl.java:0
[2021-06-07 14:46:58,951] {spark_submit.py:526} INFO - 21/06/07 14:46:58 INFO DAGScheduler: Got job 0 (showString at NativeMethodAccessorImpl.java:0) with 1 output partitions
[2021-06-07 14:46:58,952] {spark_submit.py:526} INFO - 21/06/07 14:46:58 INFO DAGScheduler: Final stage: ResultStage 0 (showString at NativeMethodAccessorImpl.java:0)
[2021-06-07 14:46:58,952] {spark_submit.py:526} INFO - 21/06/07 14:46:58 INFO DAGScheduler: Parents of final stage: List()
[2021-06-07 14:46:58,955] {spark_submit.py:526} INFO - 21/06/07 14:46:58 INFO DAGScheduler: Missing parents: List()
[2021-06-07 14:46:58,961] {spark_submit.py:526} INFO - 21/06/07 14:46:58 INFO DAGScheduler: Submitting ResultStage 0 (MapPartitionsRDD[6] at showString at NativeMethodAccessorImpl.java:0), which has no missing parents
[2021-06-07 14:46:59,138] {spark_submit.py:526} INFO - 21/06/07 14:46:59 INFO MemoryStore: Block broadcast_0 stored as values in memory (estimated size 11.3 KiB, free 434.4 MiB)
[2021-06-07 14:46:59,232] {spark_submit.py:526} INFO - 21/06/07 14:46:59 INFO MemoryStore: Block broadcast_0_piece0 stored as bytes in memory (estimated size 6.0 KiB, free 434.4 MiB)
[2021-06-07 14:46:59,238] {spark_submit.py:526} INFO - 21/06/07 14:46:59 INFO BlockManagerInfo: Added broadcast_0_piece0 in memory on 2c08dac1a244:37055 (size: 6.0 KiB, free: 434.4 MiB)
[2021-06-07 14:46:59,243] {spark_submit.py:526} INFO - 21/06/07 14:46:59 INFO SparkContext: Created broadcast 0 from broadcast at DAGScheduler.scala:1388
[2021-06-07 14:46:59,266] {spark_submit.py:526} INFO - 21/06/07 14:46:59 INFO DAGScheduler: Submitting 1 missing tasks from ResultStage 0 (MapPartitionsRDD[6] at showString at NativeMethodAccessorImpl.java:0) (first 15 tasks are for partitions Vector(0))
[2021-06-07 14:46:59,267] {spark_submit.py:526} INFO - 21/06/07 14:46:59 INFO TaskSchedulerImpl: Adding task set 0.0 with 1 tasks resource profile 0
[2021-06-07 14:47:14,337] {spark_submit.py:526} INFO - 21/06/07 14:47:14 WARN TaskSchedulerImpl: Initial job has not accepted any resources; check your cluster UI to ensure that workers are registered and have sufficient resources
[2021-06-07 14:47:29,314] {spark_submit.py:526} INFO - 21/06/07 14:47:29 WARN TaskSchedulerImpl: Initial job has not accepted any resources; check your cluster UI to ensure that workers are registered and have sufficient resources
[2021-06-07 14:47:44,425] {spark_submit.py:526} INFO - 21/06/07 14:47:44 WARN TaskSchedulerImpl: Initial job has not accepted any resources; check your cluster UI to ensure that workers are registered and have sufficient resources
[2021-06-07 14:47:57,551] {local_task_job.py:188} WARNING - State of this instance has been externally set to failed. Terminating instance.
[2021-06-07 14:47:57,554] {process_utils.py:100} INFO - Sending Signals.SIGTERM to GPID 105
[2021-06-07 14:47:57,555] {taskinstance.py:1239} ERROR - Received SIGTERM. Terminating subprocesses.
[2021-06-07 14:47:57,556] {spark_submit.py:657} INFO - Sending kill signal to spark-submit
[2021-06-07 14:47:57,608] {process_utils.py:66} INFO - Process psutil.Process(pid=106, status='terminated', started='14:46:40') (106) terminated with exit code None
[2021-06-07 14:47:57,609] {process_utils.py:66} INFO - Process psutil.Process(pid=105, status='terminated', exitcode=0, started='14:46:40') (105) terminated with exit code 0
[2021-06-07 14:47:57,610] {process_utils.py:66} INFO - Process psutil.Process(pid=152, status='terminated', started='14:46:44') (152) terminated with exit code None
