[2021-06-07 15:11:31,176] {taskinstance.py:851} INFO - Dependencies all met for <TaskInstance: samuel.spark_submit_job 2021-06-06T00:00:00+00:00 [queued]>
[2021-06-07 15:11:31,208] {taskinstance.py:851} INFO - Dependencies all met for <TaskInstance: samuel.spark_submit_job 2021-06-06T00:00:00+00:00 [queued]>
[2021-06-07 15:11:31,208] {taskinstance.py:1042} INFO - 
--------------------------------------------------------------------------------
[2021-06-07 15:11:31,208] {taskinstance.py:1043} INFO - Starting attempt 8 of 9
[2021-06-07 15:11:31,209] {taskinstance.py:1044} INFO - 
--------------------------------------------------------------------------------
[2021-06-07 15:11:31,236] {taskinstance.py:1063} INFO - Executing <Task(SparkSubmitOperator): spark_submit_job> on 2021-06-06T00:00:00+00:00
[2021-06-07 15:11:31,242] {standard_task_runner.py:52} INFO - Started process 1856 to run task
[2021-06-07 15:11:31,249] {standard_task_runner.py:76} INFO - Running: ['airflow', 'tasks', 'run', 'samuel', 'spark_submit_job', '2021-06-06T00:00:00+00:00', '--job-id', '15', '--pool', 'default_pool', '--raw', '--subdir', 'DAGS_FOLDER/dag_spark.py', '--cfg-path', '/tmp/tmpdfywhckm', '--error-file', '/tmp/tmp56zfpq85']
[2021-06-07 15:11:31,250] {standard_task_runner.py:77} INFO - Job 15: Subtask spark_submit_job
[2021-06-07 15:11:31,328] {logging_mixin.py:104} INFO - Running <TaskInstance: samuel.spark_submit_job 2021-06-06T00:00:00+00:00 [running]> on host 2c08dac1a244
[2021-06-07 15:11:31,404] {taskinstance.py:1257} INFO - Exporting the following env vars:
AIRFLOW_CTX_DAG_EMAIL=admin@localhost.com
AIRFLOW_CTX_DAG_OWNER=airflow
AIRFLOW_CTX_DAG_ID=samuel
AIRFLOW_CTX_TASK_ID=spark_submit_job
AIRFLOW_CTX_EXECUTION_DATE=2021-06-06T00:00:00+00:00
AIRFLOW_CTX_DAG_RUN_ID=scheduled__2021-06-06T00:00:00+00:00
[2021-06-07 15:11:31,422] {base.py:74} INFO - Using connection to: id: spark_conn. Host: spark://spark-master, Port: 7077, Schema: , Login: , Password: None, extra: None
[2021-06-07 15:11:31,425] {spark_submit.py:364} INFO - Spark-Submit cmd: spark-submit --master spark://spark-master:7077 --conf spark.master=spark://spark-master:7077 --conf spark.dynamicAllocation.enabled=false --conf spark.shuffle.service.enabled=false --conf spark.driver.port=8083 --conf spark.blockManager.port=51814 --name airflow-spark1 /opt/airflow/dags/test.py
[2021-06-07 15:11:33,688] {spark_submit.py:526} INFO - WARNING: An illegal reflective access operation has occurred
[2021-06-07 15:11:33,689] {spark_submit.py:526} INFO - WARNING: Illegal reflective access by org.apache.spark.unsafe.Platform (file:/home/airflow/.local/lib/python3.7/site-packages/pyspark/jars/spark-unsafe_2.12-3.0.0.jar) to constructor java.nio.DirectByteBuffer(long,int)
[2021-06-07 15:11:33,689] {spark_submit.py:526} INFO - WARNING: Please consider reporting this to the maintainers of org.apache.spark.unsafe.Platform
[2021-06-07 15:11:33,689] {spark_submit.py:526} INFO - WARNING: Use --illegal-access=warn to enable warnings of further illegal reflective access operations
[2021-06-07 15:11:33,689] {spark_submit.py:526} INFO - WARNING: All illegal access operations will be denied in a future release
[2021-06-07 15:11:34,685] {spark_submit.py:526} INFO - 21/06/07 15:11:34 WARN NativeCodeLoader: Unable to load native-hadoop library for your platform... using builtin-java classes where applicable
[2021-06-07 15:11:35,977] {spark_submit.py:526} INFO - Using Spark's default log4j profile: org/apache/spark/log4j-defaults.properties
[2021-06-07 15:11:35,994] {spark_submit.py:526} INFO - 21/06/07 15:11:35 INFO SparkContext: Running Spark version 3.0.0
[2021-06-07 15:11:36,061] {spark_submit.py:526} INFO - 21/06/07 15:11:36 INFO ResourceUtils: ==============================================================
[2021-06-07 15:11:36,063] {spark_submit.py:526} INFO - 21/06/07 15:11:36 INFO ResourceUtils: Resources for spark.driver:
[2021-06-07 15:11:36,063] {spark_submit.py:526} INFO - 
[2021-06-07 15:11:36,063] {spark_submit.py:526} INFO - 21/06/07 15:11:36 INFO ResourceUtils: ==============================================================
[2021-06-07 15:11:36,064] {spark_submit.py:526} INFO - 21/06/07 15:11:36 INFO SparkContext: Submitted application: pyspark-4
[2021-06-07 15:11:36,190] {spark_submit.py:526} INFO - 21/06/07 15:11:36 INFO SecurityManager: Changing view acls to: airflow
[2021-06-07 15:11:36,191] {spark_submit.py:526} INFO - 21/06/07 15:11:36 INFO SecurityManager: Changing modify acls to: airflow
[2021-06-07 15:11:36,191] {spark_submit.py:526} INFO - 21/06/07 15:11:36 INFO SecurityManager: Changing view acls groups to:
[2021-06-07 15:11:36,191] {spark_submit.py:526} INFO - 21/06/07 15:11:36 INFO SecurityManager: Changing modify acls groups to:
[2021-06-07 15:11:36,191] {spark_submit.py:526} INFO - 21/06/07 15:11:36 INFO SecurityManager: SecurityManager: authentication disabled; ui acls disabled; users  with view permissions: Set(airflow); groups with view permissions: Set(); users  with modify permissions: Set(airflow); groups with modify permissions: Set()
[2021-06-07 15:11:36,912] {spark_submit.py:526} INFO - 21/06/07 15:11:36 INFO Utils: Successfully started service 'sparkDriver' on port 8083.
[2021-06-07 15:11:36,993] {spark_submit.py:526} INFO - 21/06/07 15:11:36 INFO SparkEnv: Registering MapOutputTracker
[2021-06-07 15:11:37,050] {spark_submit.py:526} INFO - 21/06/07 15:11:37 INFO SparkEnv: Registering BlockManagerMaster
[2021-06-07 15:11:37,094] {spark_submit.py:526} INFO - 21/06/07 15:11:37 INFO BlockManagerMasterEndpoint: Using org.apache.spark.storage.DefaultTopologyMapper for getting topology information
[2021-06-07 15:11:37,095] {spark_submit.py:526} INFO - 21/06/07 15:11:37 INFO BlockManagerMasterEndpoint: BlockManagerMasterEndpoint up
[2021-06-07 15:11:37,104] {spark_submit.py:526} INFO - 21/06/07 15:11:37 INFO SparkEnv: Registering BlockManagerMasterHeartbeat
[2021-06-07 15:11:37,135] {spark_submit.py:526} INFO - 21/06/07 15:11:37 INFO DiskBlockManager: Created local directory at /tmp/blockmgr-1e36c84d-9297-4284-82fb-71f8df8028b1
[2021-06-07 15:11:37,177] {spark_submit.py:526} INFO - 21/06/07 15:11:37 INFO MemoryStore: MemoryStore started with capacity 434.4 MiB
[2021-06-07 15:11:37,204] {spark_submit.py:526} INFO - 21/06/07 15:11:37 INFO SparkEnv: Registering OutputCommitCoordinator
[2021-06-07 15:11:37,543] {spark_submit.py:526} INFO - 21/06/07 15:11:37 INFO Utils: Successfully started service 'SparkUI' on port 4040.
[2021-06-07 15:11:37,627] {spark_submit.py:526} INFO - 21/06/07 15:11:37 INFO SparkUI: Bound SparkUI to 0.0.0.0, and started at http://2c08dac1a244:4040
[2021-06-07 15:11:38,003] {spark_submit.py:526} INFO - 21/06/07 15:11:38 INFO StandaloneAppClient$ClientEndpoint: Connecting to master spark://spark-master:7077...
[2021-06-07 15:11:38,113] {spark_submit.py:526} INFO - 21/06/07 15:11:38 INFO TransportClientFactory: Successfully created connection to spark-master/172.21.0.3:7077 after 73 ms (0 ms spent in bootstraps)
[2021-06-07 15:11:38,310] {spark_submit.py:526} INFO - 21/06/07 15:11:38 INFO StandaloneSchedulerBackend: Connected to Spark cluster with app ID app-20210607151138-0003
[2021-06-07 15:11:38,314] {spark_submit.py:526} INFO - 21/06/07 15:11:38 INFO StandaloneAppClient$ClientEndpoint: Executor added: app-20210607151138-0003/0 on worker-20210607144545-172.21.0.7-35973 (172.21.0.7:35973) with 8 core(s)
[2021-06-07 15:11:38,321] {spark_submit.py:526} INFO - 21/06/07 15:11:38 INFO StandaloneSchedulerBackend: Granted executor ID app-20210607151138-0003/0 on hostPort 172.21.0.7:35973 with 8 core(s), 1024.0 MiB RAM
[2021-06-07 15:11:38,324] {spark_submit.py:526} INFO - 21/06/07 15:11:38 INFO StandaloneAppClient$ClientEndpoint: Executor added: app-20210607151138-0003/1 on worker-20210607144545-172.21.0.6-45343 (172.21.0.6:45343) with 8 core(s)
[2021-06-07 15:11:38,326] {spark_submit.py:526} INFO - 21/06/07 15:11:38 INFO StandaloneSchedulerBackend: Granted executor ID app-20210607151138-0003/1 on hostPort 172.21.0.6:45343 with 8 core(s), 1024.0 MiB RAM
[2021-06-07 15:11:38,331] {spark_submit.py:526} INFO - 21/06/07 15:11:38 INFO Utils: Successfully started service 'org.apache.spark.network.netty.NettyBlockTransferService' on port 51814.
[2021-06-07 15:11:38,333] {spark_submit.py:526} INFO - 21/06/07 15:11:38 INFO NettyBlockTransferService: Server created on 2c08dac1a244:51814
[2021-06-07 15:11:38,335] {spark_submit.py:526} INFO - 21/06/07 15:11:38 INFO BlockManager: Using org.apache.spark.storage.RandomBlockReplicationPolicy for block replication policy
[2021-06-07 15:11:38,361] {spark_submit.py:526} INFO - 21/06/07 15:11:38 INFO BlockManagerMaster: Registering BlockManager BlockManagerId(driver, 2c08dac1a244, 51814, None)
[2021-06-07 15:11:38,377] {spark_submit.py:526} INFO - 21/06/07 15:11:38 INFO BlockManagerMasterEndpoint: Registering block manager 2c08dac1a244:51814 with 434.4 MiB RAM, BlockManagerId(driver, 2c08dac1a244, 51814, None)
[2021-06-07 15:11:38,384] {spark_submit.py:526} INFO - 21/06/07 15:11:38 INFO BlockManagerMaster: Registered BlockManager BlockManagerId(driver, 2c08dac1a244, 51814, None)
[2021-06-07 15:11:38,388] {spark_submit.py:526} INFO - 21/06/07 15:11:38 INFO BlockManager: Initialized BlockManager: BlockManagerId(driver, 2c08dac1a244, 51814, None)
[2021-06-07 15:11:38,441] {spark_submit.py:526} INFO - 21/06/07 15:11:38 INFO StandaloneAppClient$ClientEndpoint: Executor updated: app-20210607151138-0003/0 is now RUNNING
[2021-06-07 15:11:38,452] {spark_submit.py:526} INFO - 21/06/07 15:11:38 INFO StandaloneAppClient$ClientEndpoint: Executor updated: app-20210607151138-0003/1 is now RUNNING
[2021-06-07 15:11:38,945] {spark_submit.py:526} INFO - 21/06/07 15:11:38 INFO StandaloneSchedulerBackend: SchedulerBackend is ready for scheduling beginning after reached minRegisteredResourcesRatio: 0.0
[2021-06-07 15:11:39,728] {spark_submit.py:526} INFO - 21/06/07 15:11:39 INFO SharedState: Setting hive.metastore.warehouse.dir ('null') to the value of spark.sql.warehouse.dir ('file:/opt/airflow/spark-warehouse').
[2021-06-07 15:11:39,729] {spark_submit.py:526} INFO - 21/06/07 15:11:39 INFO SharedState: Warehouse path is 'file:/opt/airflow/spark-warehouse'.
[2021-06-07 15:11:41,103] {spark_submit.py:526} INFO - ESTOY AQUI¿¿
[2021-06-07 15:11:43,343] {spark_submit.py:526} INFO - 21/06/07 15:11:43 INFO ResourceProfile: Default ResourceProfile created, executor resources: Map(cores -> name: cores, amount: 1, script: , vendor: , memory -> name: memory, amount: 1024, script: , vendor: ), task resources: Map(cpus -> name: cpus, amount: 1.0)
[2021-06-07 15:11:44,981] {spark_submit.py:526} INFO - 21/06/07 15:11:44 INFO CoarseGrainedSchedulerBackend$DriverEndpoint: Registered executor NettyRpcEndpointRef(spark-client://Executor) (172.21.0.6:50094) with ID 1
[2021-06-07 15:11:45,077] {spark_submit.py:526} INFO - 21/06/07 15:11:45 INFO CoarseGrainedSchedulerBackend$DriverEndpoint: Registered executor NettyRpcEndpointRef(spark-client://Executor) (172.21.0.7:43970) with ID 0
[2021-06-07 15:11:45,541] {spark_submit.py:526} INFO - 21/06/07 15:11:45 INFO BlockManagerMasterEndpoint: Registering block manager 172.21.0.7:51814 with 366.3 MiB RAM, BlockManagerId(0, 172.21.0.7, 51814, None)
[2021-06-07 15:11:45,544] {spark_submit.py:526} INFO - 21/06/07 15:11:45 INFO BlockManagerMasterEndpoint: Registering block manager 172.21.0.6:51814 with 366.3 MiB RAM, BlockManagerId(1, 172.21.0.6, 51814, None)
[2021-06-07 15:11:51,728] {spark_submit.py:526} INFO - 21/06/07 15:11:51 INFO CodeGenerator: Code generated in 1539.07307 ms
[2021-06-07 15:11:51,835] {spark_submit.py:526} INFO - 21/06/07 15:11:51 INFO SparkContext: Starting job: showString at NativeMethodAccessorImpl.java:0
[2021-06-07 15:11:51,874] {spark_submit.py:526} INFO - 21/06/07 15:11:51 INFO DAGScheduler: Got job 0 (showString at NativeMethodAccessorImpl.java:0) with 1 output partitions
[2021-06-07 15:11:51,875] {spark_submit.py:526} INFO - 21/06/07 15:11:51 INFO DAGScheduler: Final stage: ResultStage 0 (showString at NativeMethodAccessorImpl.java:0)
[2021-06-07 15:11:51,876] {spark_submit.py:526} INFO - 21/06/07 15:11:51 INFO DAGScheduler: Parents of final stage: List()
[2021-06-07 15:11:51,880] {spark_submit.py:526} INFO - 21/06/07 15:11:51 INFO DAGScheduler: Missing parents: List()
[2021-06-07 15:11:51,900] {spark_submit.py:526} INFO - 21/06/07 15:11:51 INFO DAGScheduler: Submitting ResultStage 0 (MapPartitionsRDD[6] at showString at NativeMethodAccessorImpl.java:0), which has no missing parents
[2021-06-07 15:11:52,238] {spark_submit.py:526} INFO - 21/06/07 15:11:52 INFO MemoryStore: Block broadcast_0 stored as values in memory (estimated size 11.3 KiB, free 434.4 MiB)
[2021-06-07 15:11:52,398] {spark_submit.py:526} INFO - 21/06/07 15:11:52 INFO MemoryStore: Block broadcast_0_piece0 stored as bytes in memory (estimated size 5.9 KiB, free 434.4 MiB)
[2021-06-07 15:11:52,404] {spark_submit.py:526} INFO - 21/06/07 15:11:52 INFO BlockManagerInfo: Added broadcast_0_piece0 in memory on 2c08dac1a244:51814 (size: 5.9 KiB, free: 434.4 MiB)
[2021-06-07 15:11:52,411] {spark_submit.py:526} INFO - 21/06/07 15:11:52 INFO SparkContext: Created broadcast 0 from broadcast at DAGScheduler.scala:1200
[2021-06-07 15:11:52,441] {spark_submit.py:526} INFO - 21/06/07 15:11:52 INFO DAGScheduler: Submitting 1 missing tasks from ResultStage 0 (MapPartitionsRDD[6] at showString at NativeMethodAccessorImpl.java:0) (first 15 tasks are for partitions Vector(0))
[2021-06-07 15:11:52,443] {spark_submit.py:526} INFO - 21/06/07 15:11:52 INFO TaskSchedulerImpl: Adding task set 0.0 with 1 tasks
[2021-06-07 15:11:52,545] {spark_submit.py:526} INFO - 21/06/07 15:11:52 INFO TaskSetManager: Starting task 0.0 in stage 0.0 (TID 0, 172.21.0.6, executor 1, partition 0, PROCESS_LOCAL, 7372 bytes)
[2021-06-07 15:11:53,433] {spark_submit.py:526} INFO - 21/06/07 15:11:53 INFO BlockManagerInfo: Added broadcast_0_piece0 in memory on 172.21.0.6:51814 (size: 5.9 KiB, free: 366.3 MiB)
[2021-06-07 15:12:33,419] {spark_submit.py:526} INFO - 21/06/07 15:12:33 INFO AsyncEventQueue: Process of event SparkListenerExecutorMetricsUpdate(driver,WrappedArray(),Map((-1,-1) -> org.apache.spark.executor.ExecutorMetrics@1d6004d2)) by listener AppStatusListener took 3.939745235s.
[2021-06-07 15:12:37,964] {spark_submit.py:526} INFO - 21/06/07 15:12:37 INFO AsyncEventQueue: Process of event SparkListenerExecutorMetricsUpdate(driver,WrappedArray(),Map((-1,-1) -> org.apache.spark.executor.ExecutorMetrics@63f24f9b)) by listener AppStatusListener took 3.881775171s.
[2021-06-07 15:12:44,784] {spark_submit.py:526} INFO - 21/06/07 15:12:43 INFO AsyncEventQueue: Process of event SparkListenerExecutorMetricsUpdate(driver,WrappedArray(),Map((-1,-1) -> org.apache.spark.executor.ExecutorMetrics@7e2991a3)) by listener AppStatusListener took 1.995146143s.
[2021-06-07 15:13:00,951] {spark_submit.py:526} INFO - 21/06/07 15:12:59 INFO AsyncEventQueue: Process of event SparkListenerExecutorMetricsUpdate(driver,WrappedArray(),Map((-1,-1) -> org.apache.spark.executor.ExecutorMetrics@2f4753fe)) by listener AppStatusListener took 6.155115428s.
[2021-06-07 15:13:32,221] {spark_submit.py:526} INFO - 21/06/07 15:13:29 INFO AsyncEventQueue: Process of event SparkListenerExecutorMetricsUpdate(driver,WrappedArray(),Map((-1,-1) -> org.apache.spark.executor.ExecutorMetrics@4d9a266f)) by listener AppStatusListener took 10.830414611s.
[2021-06-07 15:14:04,381] {spark_submit.py:526} INFO - 21/06/07 15:14:04 INFO AsyncEventQueue: Process of event SparkListenerExecutorMetricsUpdate(driver,WrappedArray(),Map((-1,-1) -> org.apache.spark.executor.ExecutorMetrics@3ce526d0)) by listener AppStatusListener took 7.90202295s.
[2021-06-07 15:14:25,569] {spark_submit.py:526} INFO - 21/06/07 15:14:25 INFO AsyncEventQueue: Process of event SparkListenerExecutorMetricsUpdate(0,WrappedArray(),Map()) by listener AppStatusListener took 2.224529062s.
[2021-06-07 15:14:35,155] {spark_submit.py:526} INFO - 21/06/07 15:14:35 INFO AsyncEventQueue: Process of event SparkListenerExecutorMetricsUpdate(driver,WrappedArray(),Map((-1,-1) -> org.apache.spark.executor.ExecutorMetrics@560ebf13)) by listener AppStatusListener took 1.946090264s.
[2021-06-07 15:15:02,308] {spark_submit.py:526} INFO - 21/06/07 15:15:02 INFO AsyncEventQueue: Process of event SparkListenerExecutorMetricsUpdate(driver,WrappedArray(),Map((-1,-1) -> org.apache.spark.executor.ExecutorMetrics@4221e681)) by listener AppStatusListener took 6.864419984s.
[2021-06-07 15:15:06,654] {spark_submit.py:526} INFO - 21/06/07 15:15:06 INFO TaskSetManager: Finished task 0.0 in stage 0.0 (TID 0) in 194102 ms on 172.21.0.6 (executor 1) (1/1)
[2021-06-07 15:15:06,697] {spark_submit.py:526} INFO - 21/06/07 15:15:06 INFO TaskSchedulerImpl: Removed TaskSet 0.0, whose tasks have all completed, from pool
[2021-06-07 15:15:07,098] {spark_submit.py:526} INFO - 21/06/07 15:15:07 INFO PythonAccumulatorV2: Connected to AccumulatorServer at host: 127.0.0.1 port: 35185
[2021-06-07 15:15:07,525] {spark_submit.py:526} INFO - 21/06/07 15:15:07 INFO DAGScheduler: ResultStage 0 (showString at NativeMethodAccessorImpl.java:0) finished in 195.411 s
[2021-06-07 15:15:07,583] {spark_submit.py:526} INFO - 21/06/07 15:15:07 INFO DAGScheduler: Job 0 is finished. Cancelling potential speculative or zombie tasks for this job
[2021-06-07 15:15:07,590] {spark_submit.py:526} INFO - 21/06/07 15:15:07 INFO TaskSchedulerImpl: Killing all running tasks in stage 0: Stage finished
[2021-06-07 15:15:07,667] {spark_submit.py:526} INFO - 21/06/07 15:15:07 INFO DAGScheduler: Job 0 finished: showString at NativeMethodAccessorImpl.java:0, took 195.789300 s
[2021-06-07 15:15:07,820] {spark_submit.py:526} INFO - 21/06/07 15:15:07 INFO SparkContext: Starting job: showString at NativeMethodAccessorImpl.java:0
[2021-06-07 15:15:07,832] {spark_submit.py:526} INFO - 21/06/07 15:15:07 INFO DAGScheduler: Got job 1 (showString at NativeMethodAccessorImpl.java:0) with 1 output partitions
[2021-06-07 15:15:07,833] {spark_submit.py:526} INFO - 21/06/07 15:15:07 INFO DAGScheduler: Final stage: ResultStage 1 (showString at NativeMethodAccessorImpl.java:0)
[2021-06-07 15:15:07,833] {spark_submit.py:526} INFO - 21/06/07 15:15:07 INFO DAGScheduler: Parents of final stage: List()
[2021-06-07 15:15:07,833] {spark_submit.py:526} INFO - 21/06/07 15:15:07 INFO DAGScheduler: Missing parents: List()
[2021-06-07 15:15:07,838] {spark_submit.py:526} INFO - 21/06/07 15:15:07 INFO DAGScheduler: Submitting ResultStage 1 (MapPartitionsRDD[6] at showString at NativeMethodAccessorImpl.java:0), which has no missing parents
[2021-06-07 15:15:07,981] {spark_submit.py:526} INFO - 21/06/07 15:15:07 INFO MemoryStore: Block broadcast_1 stored as values in memory (estimated size 11.3 KiB, free 434.4 MiB)
[2021-06-07 15:15:08,013] {spark_submit.py:526} INFO - 21/06/07 15:15:08 INFO MemoryStore: Block broadcast_1_piece0 stored as bytes in memory (estimated size 5.9 KiB, free 434.4 MiB)
[2021-06-07 15:15:08,032] {spark_submit.py:526} INFO - 21/06/07 15:15:08 INFO BlockManagerInfo: Added broadcast_1_piece0 in memory on 2c08dac1a244:51814 (size: 5.9 KiB, free: 434.4 MiB)
[2021-06-07 15:15:08,055] {spark_submit.py:526} INFO - 21/06/07 15:15:08 INFO SparkContext: Created broadcast 1 from broadcast at DAGScheduler.scala:1200
[2021-06-07 15:15:08,079] {spark_submit.py:526} INFO - 21/06/07 15:15:08 INFO DAGScheduler: Submitting 1 missing tasks from ResultStage 1 (MapPartitionsRDD[6] at showString at NativeMethodAccessorImpl.java:0) (first 15 tasks are for partitions Vector(1))
[2021-06-07 15:15:08,079] {spark_submit.py:526} INFO - 21/06/07 15:15:08 INFO TaskSchedulerImpl: Adding task set 1.0 with 1 tasks
[2021-06-07 15:15:08,104] {spark_submit.py:526} INFO - 21/06/07 15:15:08 INFO TaskSetManager: Starting task 0.0 in stage 1.0 (TID 1, 172.21.0.7, executor 0, partition 1, PROCESS_LOCAL, 7372 bytes)
[2021-06-07 15:15:09,718] {local_task_job.py:188} WARNING - State of this instance has been externally set to failed. Terminating instance.
[2021-06-07 15:15:09,800] {process_utils.py:100} INFO - Sending Signals.SIGTERM to GPID 1856
[2021-06-07 15:15:09,807] {taskinstance.py:1239} ERROR - Received SIGTERM. Terminating subprocesses.
[2021-06-07 15:15:09,815] {spark_submit.py:657} INFO - Sending kill signal to spark-submit
[2021-06-07 15:15:10,022] {process_utils.py:66} INFO - Process psutil.Process(pid=1857, status='terminated', started='15:11:30') (1857) terminated with exit code None
[2021-06-07 15:15:10,023] {process_utils.py:66} INFO - Process psutil.Process(pid=1903, status='terminated', started='15:11:34') (1903) terminated with exit code None
[2021-06-07 15:15:10,024] {process_utils.py:66} INFO - Process psutil.Process(pid=1856, status='terminated', exitcode=0, started='15:11:30') (1856) terminated with exit code 0
