[2021-06-07 15:25:23,620] {taskinstance.py:851} INFO - Dependencies all met for <TaskInstance: samuel.spark_submit_job 2021-06-06T00:00:00+00:00 [queued]>
[2021-06-07 15:25:23,650] {taskinstance.py:851} INFO - Dependencies all met for <TaskInstance: samuel.spark_submit_job 2021-06-06T00:00:00+00:00 [queued]>
[2021-06-07 15:25:23,651] {taskinstance.py:1042} INFO - 
--------------------------------------------------------------------------------
[2021-06-07 15:25:23,651] {taskinstance.py:1043} INFO - Starting attempt 9 of 10
[2021-06-07 15:25:23,651] {taskinstance.py:1044} INFO - 
--------------------------------------------------------------------------------
[2021-06-07 15:25:23,666] {taskinstance.py:1063} INFO - Executing <Task(SparkSubmitOperator): spark_submit_job> on 2021-06-06T00:00:00+00:00
[2021-06-07 15:25:23,673] {standard_task_runner.py:52} INFO - Started process 2826 to run task
[2021-06-07 15:25:23,678] {standard_task_runner.py:76} INFO - Running: ['airflow', 'tasks', 'run', 'samuel', 'spark_submit_job', '2021-06-06T00:00:00+00:00', '--job-id', '16', '--pool', 'default_pool', '--raw', '--subdir', 'DAGS_FOLDER/dag_spark.py', '--cfg-path', '/tmp/tmpjuwsce8m', '--error-file', '/tmp/tmpfsml_qq2']
[2021-06-07 15:25:23,678] {standard_task_runner.py:77} INFO - Job 16: Subtask spark_submit_job
[2021-06-07 15:25:23,738] {logging_mixin.py:104} INFO - Running <TaskInstance: samuel.spark_submit_job 2021-06-06T00:00:00+00:00 [running]> on host 2c08dac1a244
[2021-06-07 15:25:23,815] {taskinstance.py:1257} INFO - Exporting the following env vars:
AIRFLOW_CTX_DAG_EMAIL=admin@localhost.com
AIRFLOW_CTX_DAG_OWNER=airflow
AIRFLOW_CTX_DAG_ID=samuel
AIRFLOW_CTX_TASK_ID=spark_submit_job
AIRFLOW_CTX_EXECUTION_DATE=2021-06-06T00:00:00+00:00
AIRFLOW_CTX_DAG_RUN_ID=scheduled__2021-06-06T00:00:00+00:00
[2021-06-07 15:25:23,832] {base.py:74} INFO - Using connection to: id: spark_conn. Host: spark://spark-master, Port: 7077, Schema: , Login: , Password: None, extra: None
[2021-06-07 15:25:23,835] {spark_submit.py:364} INFO - Spark-Submit cmd: spark-submit --master spark://spark-master:7077 --conf spark.master=spark://spark-master:7077 --num-executors 1 --total-executor-cores 1 --executor-cores 1 --executor-memory 2g --driver-memory 2g --name airflow-spark1 /opt/airflow/dags/test.py
[2021-06-07 15:25:25,905] {spark_submit.py:526} INFO - WARNING: An illegal reflective access operation has occurred
[2021-06-07 15:25:25,905] {spark_submit.py:526} INFO - WARNING: Illegal reflective access by org.apache.spark.unsafe.Platform (file:/home/airflow/.local/lib/python3.7/site-packages/pyspark/jars/spark-unsafe_2.12-3.0.0.jar) to constructor java.nio.DirectByteBuffer(long,int)
[2021-06-07 15:25:25,905] {spark_submit.py:526} INFO - WARNING: Please consider reporting this to the maintainers of org.apache.spark.unsafe.Platform
[2021-06-07 15:25:25,906] {spark_submit.py:526} INFO - WARNING: Use --illegal-access=warn to enable warnings of further illegal reflective access operations
[2021-06-07 15:25:25,906] {spark_submit.py:526} INFO - WARNING: All illegal access operations will be denied in a future release
[2021-06-07 15:25:26,781] {spark_submit.py:526} INFO - 21/06/07 15:25:26 WARN NativeCodeLoader: Unable to load native-hadoop library for your platform... using builtin-java classes where applicable
[2021-06-07 15:25:28,059] {spark_submit.py:526} INFO - Using Spark's default log4j profile: org/apache/spark/log4j-defaults.properties
[2021-06-07 15:25:28,077] {spark_submit.py:526} INFO - 21/06/07 15:25:28 INFO SparkContext: Running Spark version 3.0.0
[2021-06-07 15:25:28,177] {spark_submit.py:526} INFO - 21/06/07 15:25:28 INFO ResourceUtils: ==============================================================
[2021-06-07 15:25:28,180] {spark_submit.py:526} INFO - 21/06/07 15:25:28 INFO ResourceUtils: Resources for spark.driver:
[2021-06-07 15:25:28,180] {spark_submit.py:526} INFO - 
[2021-06-07 15:25:28,182] {spark_submit.py:526} INFO - 21/06/07 15:25:28 INFO ResourceUtils: ==============================================================
[2021-06-07 15:25:28,183] {spark_submit.py:526} INFO - 21/06/07 15:25:28 INFO SparkContext: Submitted application: pyspark-4
[2021-06-07 15:25:28,344] {spark_submit.py:526} INFO - 21/06/07 15:25:28 INFO SecurityManager: Changing view acls to: airflow
[2021-06-07 15:25:28,346] {spark_submit.py:526} INFO - 21/06/07 15:25:28 INFO SecurityManager: Changing modify acls to: airflow
[2021-06-07 15:25:28,347] {spark_submit.py:526} INFO - 21/06/07 15:25:28 INFO SecurityManager: Changing view acls groups to:
[2021-06-07 15:25:28,348] {spark_submit.py:526} INFO - 21/06/07 15:25:28 INFO SecurityManager: Changing modify acls groups to:
[2021-06-07 15:25:28,349] {spark_submit.py:526} INFO - 21/06/07 15:25:28 INFO SecurityManager: SecurityManager: authentication disabled; ui acls disabled; users  with view permissions: Set(airflow); groups with view permissions: Set(); users  with modify permissions: Set(airflow); groups with modify permissions: Set()
[2021-06-07 15:25:28,946] {spark_submit.py:526} INFO - 21/06/07 15:25:28 INFO Utils: Successfully started service 'sparkDriver' on port 35781.
[2021-06-07 15:25:29,023] {spark_submit.py:526} INFO - 21/06/07 15:25:29 INFO SparkEnv: Registering MapOutputTracker
[2021-06-07 15:25:29,094] {spark_submit.py:526} INFO - 21/06/07 15:25:29 INFO SparkEnv: Registering BlockManagerMaster
[2021-06-07 15:25:29,147] {spark_submit.py:526} INFO - 21/06/07 15:25:29 INFO BlockManagerMasterEndpoint: Using org.apache.spark.storage.DefaultTopologyMapper for getting topology information
[2021-06-07 15:25:29,148] {spark_submit.py:526} INFO - 21/06/07 15:25:29 INFO BlockManagerMasterEndpoint: BlockManagerMasterEndpoint up
[2021-06-07 15:25:29,157] {spark_submit.py:526} INFO - 21/06/07 15:25:29 INFO SparkEnv: Registering BlockManagerMasterHeartbeat
[2021-06-07 15:25:29,181] {spark_submit.py:526} INFO - 21/06/07 15:25:29 INFO DiskBlockManager: Created local directory at /tmp/blockmgr-ba90c192-db25-4b38-9674-829f392a0333
[2021-06-07 15:25:29,236] {spark_submit.py:526} INFO - 21/06/07 15:25:29 INFO MemoryStore: MemoryStore started with capacity 1048.8 MiB
[2021-06-07 15:25:29,276] {spark_submit.py:526} INFO - 21/06/07 15:25:29 INFO SparkEnv: Registering OutputCommitCoordinator
[2021-06-07 15:25:29,679] {spark_submit.py:526} INFO - 21/06/07 15:25:29 INFO Utils: Successfully started service 'SparkUI' on port 4040.
[2021-06-07 15:25:29,778] {spark_submit.py:526} INFO - 21/06/07 15:25:29 INFO SparkUI: Bound SparkUI to 0.0.0.0, and started at http://2c08dac1a244:4040
[2021-06-07 15:25:30,349] {spark_submit.py:526} INFO - 21/06/07 15:25:30 INFO StandaloneAppClient$ClientEndpoint: Connecting to master spark://spark-master:7077...
[2021-06-07 15:25:30,499] {spark_submit.py:526} INFO - 21/06/07 15:25:30 INFO TransportClientFactory: Successfully created connection to spark-master/172.21.0.3:7077 after 95 ms (0 ms spent in bootstraps)
[2021-06-07 15:25:30,757] {spark_submit.py:526} INFO - 21/06/07 15:25:30 INFO StandaloneSchedulerBackend: Connected to Spark cluster with app ID app-20210607152530-0004
[2021-06-07 15:25:30,767] {spark_submit.py:526} INFO - 21/06/07 15:25:30 INFO StandaloneAppClient$ClientEndpoint: Executor added: app-20210607152530-0004/0 on worker-20210607144545-172.21.0.7-35973 (172.21.0.7:35973) with 1 core(s)
[2021-06-07 15:25:30,777] {spark_submit.py:526} INFO - 21/06/07 15:25:30 INFO StandaloneSchedulerBackend: Granted executor ID app-20210607152530-0004/0 on hostPort 172.21.0.7:35973 with 1 core(s), 2.0 GiB RAM
[2021-06-07 15:25:30,782] {spark_submit.py:526} INFO - 21/06/07 15:25:30 INFO Utils: Successfully started service 'org.apache.spark.network.netty.NettyBlockTransferService' on port 37989.
[2021-06-07 15:25:30,784] {spark_submit.py:526} INFO - 21/06/07 15:25:30 INFO NettyBlockTransferService: Server created on 2c08dac1a244:37989
[2021-06-07 15:25:30,787] {spark_submit.py:526} INFO - 21/06/07 15:25:30 INFO BlockManager: Using org.apache.spark.storage.RandomBlockReplicationPolicy for block replication policy
[2021-06-07 15:25:30,808] {spark_submit.py:526} INFO - 21/06/07 15:25:30 INFO BlockManagerMaster: Registering BlockManager BlockManagerId(driver, 2c08dac1a244, 37989, None)
[2021-06-07 15:25:30,817] {spark_submit.py:526} INFO - 21/06/07 15:25:30 INFO BlockManagerMasterEndpoint: Registering block manager 2c08dac1a244:37989 with 1048.8 MiB RAM, BlockManagerId(driver, 2c08dac1a244, 37989, None)
[2021-06-07 15:25:30,823] {spark_submit.py:526} INFO - 21/06/07 15:25:30 INFO BlockManagerMaster: Registered BlockManager BlockManagerId(driver, 2c08dac1a244, 37989, None)
[2021-06-07 15:25:30,826] {spark_submit.py:526} INFO - 21/06/07 15:25:30 INFO BlockManager: Initialized BlockManager: BlockManagerId(driver, 2c08dac1a244, 37989, None)
[2021-06-07 15:25:30,888] {spark_submit.py:526} INFO - 21/06/07 15:25:30 INFO StandaloneAppClient$ClientEndpoint: Executor updated: app-20210607152530-0004/0 is now RUNNING
[2021-06-07 15:25:31,429] {spark_submit.py:526} INFO - 21/06/07 15:25:31 INFO StandaloneSchedulerBackend: SchedulerBackend is ready for scheduling beginning after reached minRegisteredResourcesRatio: 0.0
[2021-06-07 15:25:32,323] {spark_submit.py:526} INFO - 21/06/07 15:25:32 INFO SharedState: Setting hive.metastore.warehouse.dir ('null') to the value of spark.sql.warehouse.dir ('file:/opt/airflow/spark-warehouse').
[2021-06-07 15:25:32,324] {spark_submit.py:526} INFO - 21/06/07 15:25:32 INFO SharedState: Warehouse path is 'file:/opt/airflow/spark-warehouse'.
[2021-06-07 15:25:33,345] {spark_submit.py:526} INFO - ESTOY AQUI¿¿
[2021-06-07 15:25:35,240] {spark_submit.py:526} INFO - 21/06/07 15:25:35 INFO ResourceProfile: Default ResourceProfile created, executor resources: Map(cores -> name: cores, amount: 1, script: , vendor: , memory -> name: memory, amount: 2048, script: , vendor: ), task resources: Map(cpus -> name: cpus, amount: 1.0)
[2021-06-07 15:25:36,309] {spark_submit.py:526} INFO - 21/06/07 15:25:36 INFO CoarseGrainedSchedulerBackend$DriverEndpoint: Registered executor NettyRpcEndpointRef(spark-client://Executor) (172.21.0.7:39974) with ID 0
[2021-06-07 15:25:36,614] {spark_submit.py:526} INFO - 21/06/07 15:25:36 INFO BlockManagerMasterEndpoint: Registering block manager 172.21.0.7:41275 with 912.3 MiB RAM, BlockManagerId(0, 172.21.0.7, 41275, None)
[2021-06-07 15:25:38,198] {spark_submit.py:526} INFO - 21/06/07 15:25:38 INFO CodeGenerator: Code generated in 439.1069 ms
[2021-06-07 15:25:38,328] {spark_submit.py:526} INFO - 21/06/07 15:25:38 INFO SparkContext: Starting job: showString at NativeMethodAccessorImpl.java:0
[2021-06-07 15:25:38,360] {spark_submit.py:526} INFO - 21/06/07 15:25:38 INFO DAGScheduler: Got job 0 (showString at NativeMethodAccessorImpl.java:0) with 1 output partitions
[2021-06-07 15:25:38,361] {spark_submit.py:526} INFO - 21/06/07 15:25:38 INFO DAGScheduler: Final stage: ResultStage 0 (showString at NativeMethodAccessorImpl.java:0)
[2021-06-07 15:25:38,362] {spark_submit.py:526} INFO - 21/06/07 15:25:38 INFO DAGScheduler: Parents of final stage: List()
[2021-06-07 15:25:38,365] {spark_submit.py:526} INFO - 21/06/07 15:25:38 INFO DAGScheduler: Missing parents: List()
[2021-06-07 15:25:38,376] {spark_submit.py:526} INFO - 21/06/07 15:25:38 INFO DAGScheduler: Submitting ResultStage 0 (MapPartitionsRDD[6] at showString at NativeMethodAccessorImpl.java:0), which has no missing parents
[2021-06-07 15:25:38,592] {spark_submit.py:526} INFO - 21/06/07 15:25:38 INFO MemoryStore: Block broadcast_0 stored as values in memory (estimated size 11.3 KiB, free 1048.8 MiB)
[2021-06-07 15:25:38,714] {spark_submit.py:526} INFO - 21/06/07 15:25:38 INFO MemoryStore: Block broadcast_0_piece0 stored as bytes in memory (estimated size 5.9 KiB, free 1048.8 MiB)
[2021-06-07 15:25:38,723] {spark_submit.py:526} INFO - 21/06/07 15:25:38 INFO BlockManagerInfo: Added broadcast_0_piece0 in memory on 2c08dac1a244:37989 (size: 5.9 KiB, free: 1048.8 MiB)
[2021-06-07 15:25:38,730] {spark_submit.py:526} INFO - 21/06/07 15:25:38 INFO SparkContext: Created broadcast 0 from broadcast at DAGScheduler.scala:1200
[2021-06-07 15:25:38,762] {spark_submit.py:526} INFO - 21/06/07 15:25:38 INFO DAGScheduler: Submitting 1 missing tasks from ResultStage 0 (MapPartitionsRDD[6] at showString at NativeMethodAccessorImpl.java:0) (first 15 tasks are for partitions Vector(0))
[2021-06-07 15:25:38,763] {spark_submit.py:526} INFO - 21/06/07 15:25:38 INFO TaskSchedulerImpl: Adding task set 0.0 with 1 tasks
[2021-06-07 15:25:38,841] {spark_submit.py:526} INFO - 21/06/07 15:25:38 INFO TaskSetManager: Starting task 0.0 in stage 0.0 (TID 0, 172.21.0.7, executor 0, partition 0, PROCESS_LOCAL, 7372 bytes)
[2021-06-07 15:25:39,535] {spark_submit.py:526} INFO - 21/06/07 15:25:39 INFO BlockManagerInfo: Added broadcast_0_piece0 in memory on 172.21.0.7:41275 (size: 5.9 KiB, free: 912.3 MiB)
[2021-06-07 15:25:44,973] {spark_submit.py:526} INFO - 21/06/07 15:25:44 INFO TaskSetManager: Finished task 0.0 in stage 0.0 (TID 0) in 6124 ms on 172.21.0.7 (executor 0) (1/1)
[2021-06-07 15:25:44,991] {spark_submit.py:526} INFO - 21/06/07 15:25:44 INFO TaskSchedulerImpl: Removed TaskSet 0.0, whose tasks have all completed, from pool
[2021-06-07 15:25:45,101] {spark_submit.py:526} INFO - 21/06/07 15:25:45 INFO PythonAccumulatorV2: Connected to AccumulatorServer at host: 127.0.0.1 port: 55851
[2021-06-07 15:25:45,151] {spark_submit.py:526} INFO - 21/06/07 15:25:45 INFO DAGScheduler: ResultStage 0 (showString at NativeMethodAccessorImpl.java:0) finished in 6.716 s
[2021-06-07 15:25:45,170] {spark_submit.py:526} INFO - 21/06/07 15:25:45 INFO DAGScheduler: Job 0 is finished. Cancelling potential speculative or zombie tasks for this job
[2021-06-07 15:25:45,171] {spark_submit.py:526} INFO - 21/06/07 15:25:45 INFO TaskSchedulerImpl: Killing all running tasks in stage 0: Stage finished
[2021-06-07 15:25:45,181] {spark_submit.py:526} INFO - 21/06/07 15:25:45 INFO DAGScheduler: Job 0 finished: showString at NativeMethodAccessorImpl.java:0, took 6.851487 s
[2021-06-07 15:25:45,220] {spark_submit.py:526} INFO - 21/06/07 15:25:45 INFO SparkContext: Starting job: showString at NativeMethodAccessorImpl.java:0
[2021-06-07 15:25:45,224] {spark_submit.py:526} INFO - 21/06/07 15:25:45 INFO DAGScheduler: Got job 1 (showString at NativeMethodAccessorImpl.java:0) with 1 output partitions
[2021-06-07 15:25:45,224] {spark_submit.py:526} INFO - 21/06/07 15:25:45 INFO DAGScheduler: Final stage: ResultStage 1 (showString at NativeMethodAccessorImpl.java:0)
[2021-06-07 15:25:45,224] {spark_submit.py:526} INFO - 21/06/07 15:25:45 INFO DAGScheduler: Parents of final stage: List()
[2021-06-07 15:25:45,226] {spark_submit.py:526} INFO - 21/06/07 15:25:45 INFO DAGScheduler: Missing parents: List()
[2021-06-07 15:25:45,228] {spark_submit.py:526} INFO - 21/06/07 15:25:45 INFO DAGScheduler: Submitting ResultStage 1 (MapPartitionsRDD[6] at showString at NativeMethodAccessorImpl.java:0), which has no missing parents
[2021-06-07 15:25:45,259] {spark_submit.py:526} INFO - 21/06/07 15:25:45 INFO MemoryStore: Block broadcast_1 stored as values in memory (estimated size 11.3 KiB, free 1048.8 MiB)
[2021-06-07 15:25:45,268] {spark_submit.py:526} INFO - 21/06/07 15:25:45 INFO MemoryStore: Block broadcast_1_piece0 stored as bytes in memory (estimated size 5.9 KiB, free 1048.8 MiB)
[2021-06-07 15:25:45,275] {spark_submit.py:526} INFO - 21/06/07 15:25:45 INFO BlockManagerInfo: Added broadcast_1_piece0 in memory on 2c08dac1a244:37989 (size: 5.9 KiB, free: 1048.8 MiB)
[2021-06-07 15:25:45,277] {spark_submit.py:526} INFO - 21/06/07 15:25:45 INFO SparkContext: Created broadcast 1 from broadcast at DAGScheduler.scala:1200
[2021-06-07 15:25:45,279] {spark_submit.py:526} INFO - 21/06/07 15:25:45 INFO DAGScheduler: Submitting 1 missing tasks from ResultStage 1 (MapPartitionsRDD[6] at showString at NativeMethodAccessorImpl.java:0) (first 15 tasks are for partitions Vector(1))
[2021-06-07 15:25:45,280] {spark_submit.py:526} INFO - 21/06/07 15:25:45 INFO TaskSchedulerImpl: Adding task set 1.0 with 1 tasks
[2021-06-07 15:25:45,286] {spark_submit.py:526} INFO - 21/06/07 15:25:45 INFO TaskSetManager: Starting task 0.0 in stage 1.0 (TID 1, 172.21.0.7, executor 0, partition 1, PROCESS_LOCAL, 7372 bytes)
[2021-06-07 15:25:45,480] {spark_submit.py:526} INFO - 21/06/07 15:25:45 INFO BlockManagerInfo: Added broadcast_1_piece0 in memory on 172.21.0.7:41275 (size: 5.9 KiB, free: 912.3 MiB)
[2021-06-07 15:25:45,798] {spark_submit.py:526} INFO - 21/06/07 15:25:45 INFO TaskSetManager: Finished task 0.0 in stage 1.0 (TID 1) in 513 ms on 172.21.0.7 (executor 0) (1/1)
[2021-06-07 15:25:45,804] {spark_submit.py:526} INFO - 21/06/07 15:25:45 INFO TaskSchedulerImpl: Removed TaskSet 1.0, whose tasks have all completed, from pool
[2021-06-07 15:25:45,817] {spark_submit.py:526} INFO - 21/06/07 15:25:45 INFO DAGScheduler: ResultStage 1 (showString at NativeMethodAccessorImpl.java:0) finished in 0.582 s
[2021-06-07 15:25:45,817] {spark_submit.py:526} INFO - 21/06/07 15:25:45 INFO DAGScheduler: Job 1 is finished. Cancelling potential speculative or zombie tasks for this job
[2021-06-07 15:25:45,827] {spark_submit.py:526} INFO - 21/06/07 15:25:45 INFO TaskSchedulerImpl: Killing all running tasks in stage 1: Stage finished
[2021-06-07 15:25:45,831] {spark_submit.py:526} INFO - 21/06/07 15:25:45 INFO DAGScheduler: Job 1 finished: showString at NativeMethodAccessorImpl.java:0, took 0.606792 s
[2021-06-07 15:25:46,040] {spark_submit.py:526} INFO - 21/06/07 15:25:46 INFO CodeGenerator: Code generated in 94.901215 ms
[2021-06-07 15:25:46,098] {spark_submit.py:526} INFO - +---+-----+
[2021-06-07 15:25:46,099] {spark_submit.py:526} INFO - | id|label|
[2021-06-07 15:25:46,099] {spark_submit.py:526} INFO - +---+-----+
[2021-06-07 15:25:46,099] {spark_submit.py:526} INFO - |  1|  foo|
[2021-06-07 15:25:46,099] {spark_submit.py:526} INFO - |  2|  bar|
[2021-06-07 15:25:46,100] {spark_submit.py:526} INFO - +---+-----+
[2021-06-07 15:25:46,100] {spark_submit.py:526} INFO - 
[2021-06-07 15:25:46,100] {spark_submit.py:526} INFO - None
[2021-06-07 15:25:46,573] {spark_submit.py:526} INFO - 21/06/07 15:25:46 INFO SparkContext: Invoking stop() from shutdown hook
[2021-06-07 15:25:46,609] {spark_submit.py:526} INFO - 21/06/07 15:25:46 INFO SparkUI: Stopped Spark web UI at http://2c08dac1a244:4040
[2021-06-07 15:25:46,625] {spark_submit.py:526} INFO - 21/06/07 15:25:46 INFO StandaloneSchedulerBackend: Shutting down all executors
[2021-06-07 15:25:46,628] {spark_submit.py:526} INFO - 21/06/07 15:25:46 INFO CoarseGrainedSchedulerBackend$DriverEndpoint: Asking each executor to shut down
[2021-06-07 15:25:46,690] {spark_submit.py:526} INFO - 21/06/07 15:25:46 INFO MapOutputTrackerMasterEndpoint: MapOutputTrackerMasterEndpoint stopped!
[2021-06-07 15:25:46,984] {spark_submit.py:526} INFO - 21/06/07 15:25:46 INFO MemoryStore: MemoryStore cleared
[2021-06-07 15:25:46,986] {spark_submit.py:526} INFO - 21/06/07 15:25:46 INFO BlockManager: BlockManager stopped
[2021-06-07 15:25:47,015] {spark_submit.py:526} INFO - 21/06/07 15:25:47 INFO BlockManagerMaster: BlockManagerMaster stopped
[2021-06-07 15:25:47,024] {spark_submit.py:526} INFO - 21/06/07 15:25:47 INFO OutputCommitCoordinator$OutputCommitCoordinatorEndpoint: OutputCommitCoordinator stopped!
[2021-06-07 15:25:47,039] {spark_submit.py:526} INFO - 21/06/07 15:25:47 INFO SparkContext: Successfully stopped SparkContext
[2021-06-07 15:25:47,040] {spark_submit.py:526} INFO - 21/06/07 15:25:47 INFO ShutdownHookManager: Shutdown hook called
[2021-06-07 15:25:47,041] {spark_submit.py:526} INFO - 21/06/07 15:25:47 INFO ShutdownHookManager: Deleting directory /tmp/spark-a29736c1-c3ac-4465-a7d2-b8a8b4f1f34e
[2021-06-07 15:25:47,046] {spark_submit.py:526} INFO - 21/06/07 15:25:47 INFO ShutdownHookManager: Deleting directory /tmp/spark-0282b0e3-554c-41cc-92fd-3ea695834485
[2021-06-07 15:25:47,051] {spark_submit.py:526} INFO - 21/06/07 15:25:47 INFO ShutdownHookManager: Deleting directory /tmp/spark-a29736c1-c3ac-4465-a7d2-b8a8b4f1f34e/pyspark-d067f0d8-0f5d-47e1-ba4f-33bc8c8d3550
[2021-06-07 15:25:47,163] {taskinstance.py:1166} INFO - Marking task as SUCCESS. dag_id=samuel, task_id=spark_submit_job, execution_date=20210606T000000, start_date=20210607T152523, end_date=20210607T152547
[2021-06-07 15:25:47,217] {taskinstance.py:1220} INFO - 0 downstream tasks scheduled from follow-on schedule check
[2021-06-07 15:25:47,235] {local_task_job.py:146} INFO - Task exited with return code 0
