[2021-06-08 11:30:05,527] {taskinstance.py:851} INFO - Dependencies all met for <TaskInstance: samuel.spark_submit_job 2021-06-07T00:00:00+00:00 [queued]>
[2021-06-08 11:30:05,545] {taskinstance.py:851} INFO - Dependencies all met for <TaskInstance: samuel.spark_submit_job 2021-06-07T00:00:00+00:00 [queued]>
[2021-06-08 11:30:05,545] {taskinstance.py:1042} INFO - 
--------------------------------------------------------------------------------
[2021-06-08 11:30:05,545] {taskinstance.py:1043} INFO - Starting attempt 2 of 2
[2021-06-08 11:30:05,545] {taskinstance.py:1044} INFO - 
--------------------------------------------------------------------------------
[2021-06-08 11:30:05,558] {taskinstance.py:1063} INFO - Executing <Task(SparkSubmitOperator): spark_submit_job> on 2021-06-07T00:00:00+00:00
[2021-06-08 11:30:05,561] {standard_task_runner.py:52} INFO - Started process 699 to run task
[2021-06-08 11:30:05,566] {standard_task_runner.py:76} INFO - Running: ['airflow', 'tasks', 'run', 'samuel', 'spark_submit_job', '2021-06-07T00:00:00+00:00', '--job-id', '20', '--pool', 'default_pool', '--raw', '--subdir', 'DAGS_FOLDER/dag_spark.py', '--cfg-path', '/tmp/tmpf6xk2rde', '--error-file', '/tmp/tmpi4lnm93j']
[2021-06-08 11:30:05,566] {standard_task_runner.py:77} INFO - Job 20: Subtask spark_submit_job
[2021-06-08 11:30:05,622] {logging_mixin.py:104} INFO - Running <TaskInstance: samuel.spark_submit_job 2021-06-07T00:00:00+00:00 [running]> on host 2c08dac1a244
[2021-06-08 11:30:05,679] {taskinstance.py:1257} INFO - Exporting the following env vars:
AIRFLOW_CTX_DAG_EMAIL=admin@localhost.com
AIRFLOW_CTX_DAG_OWNER=airflow
AIRFLOW_CTX_DAG_ID=samuel
AIRFLOW_CTX_TASK_ID=spark_submit_job
AIRFLOW_CTX_EXECUTION_DATE=2021-06-07T00:00:00+00:00
AIRFLOW_CTX_DAG_RUN_ID=scheduled__2021-06-07T00:00:00+00:00
[2021-06-08 11:30:05,692] {base.py:74} INFO - Using connection to: id: spark_conn. Host: spark://spark-master, Port: 7077, Schema: , Login: , Password: None, extra: None
[2021-06-08 11:30:05,693] {spark_submit.py:364} INFO - Spark-Submit cmd: spark-submit --master spark://spark-master:7077 --conf spark.master=spark://spark-master:7077 --num-executors 1 --total-executor-cores 1 --executor-cores 1 --executor-memory 2g --driver-memory 2g --name airflow-spark1 /opt/airflow/dags/test.py
[2021-06-08 11:30:07,082] {spark_submit.py:526} INFO - WARNING: An illegal reflective access operation has occurred
[2021-06-08 11:30:07,082] {spark_submit.py:526} INFO - WARNING: Illegal reflective access by org.apache.spark.unsafe.Platform (file:/home/airflow/.local/lib/python3.7/site-packages/pyspark/jars/spark-unsafe_2.12-3.0.0.jar) to constructor java.nio.DirectByteBuffer(long,int)
[2021-06-08 11:30:07,082] {spark_submit.py:526} INFO - WARNING: Please consider reporting this to the maintainers of org.apache.spark.unsafe.Platform
[2021-06-08 11:30:07,082] {spark_submit.py:526} INFO - WARNING: Use --illegal-access=warn to enable warnings of further illegal reflective access operations
[2021-06-08 11:30:07,082] {spark_submit.py:526} INFO - WARNING: All illegal access operations will be denied in a future release
[2021-06-08 11:30:07,624] {spark_submit.py:526} INFO - 21/06/08 11:30:07 WARN NativeCodeLoader: Unable to load native-hadoop library for your platform... using builtin-java classes where applicable
[2021-06-08 11:30:08,485] {spark_submit.py:526} INFO - Using Spark's default log4j profile: org/apache/spark/log4j-defaults.properties
[2021-06-08 11:30:08,494] {spark_submit.py:526} INFO - 21/06/08 11:30:08 INFO SparkContext: Running Spark version 3.0.0
[2021-06-08 11:30:08,534] {spark_submit.py:526} INFO - 21/06/08 11:30:08 INFO ResourceUtils: ==============================================================
[2021-06-08 11:30:08,536] {spark_submit.py:526} INFO - 21/06/08 11:30:08 INFO ResourceUtils: Resources for spark.driver:
[2021-06-08 11:30:08,536] {spark_submit.py:526} INFO - 
[2021-06-08 11:30:08,536] {spark_submit.py:526} INFO - 21/06/08 11:30:08 INFO ResourceUtils: ==============================================================
[2021-06-08 11:30:08,537] {spark_submit.py:526} INFO - 21/06/08 11:30:08 INFO SparkContext: Submitted application: pyspark-4
[2021-06-08 11:30:08,610] {spark_submit.py:526} INFO - 21/06/08 11:30:08 INFO SecurityManager: Changing view acls to: airflow
[2021-06-08 11:30:08,610] {spark_submit.py:526} INFO - 21/06/08 11:30:08 INFO SecurityManager: Changing modify acls to: airflow
[2021-06-08 11:30:08,610] {spark_submit.py:526} INFO - 21/06/08 11:30:08 INFO SecurityManager: Changing view acls groups to:
[2021-06-08 11:30:08,610] {spark_submit.py:526} INFO - 21/06/08 11:30:08 INFO SecurityManager: Changing modify acls groups to:
[2021-06-08 11:30:08,610] {spark_submit.py:526} INFO - 21/06/08 11:30:08 INFO SecurityManager: SecurityManager: authentication disabled; ui acls disabled; users  with view permissions: Set(airflow); groups with view permissions: Set(); users  with modify permissions: Set(airflow); groups with modify permissions: Set()
[2021-06-08 11:30:08,832] {spark_submit.py:526} INFO - 21/06/08 11:30:08 INFO Utils: Successfully started service 'sparkDriver' on port 46361.
[2021-06-08 11:30:08,855] {spark_submit.py:526} INFO - 21/06/08 11:30:08 INFO SparkEnv: Registering MapOutputTracker
[2021-06-08 11:30:08,881] {spark_submit.py:526} INFO - 21/06/08 11:30:08 INFO SparkEnv: Registering BlockManagerMaster
[2021-06-08 11:30:08,898] {spark_submit.py:526} INFO - 21/06/08 11:30:08 INFO BlockManagerMasterEndpoint: Using org.apache.spark.storage.DefaultTopologyMapper for getting topology information
[2021-06-08 11:30:08,899] {spark_submit.py:526} INFO - 21/06/08 11:30:08 INFO BlockManagerMasterEndpoint: BlockManagerMasterEndpoint up
[2021-06-08 11:30:08,903] {spark_submit.py:526} INFO - 21/06/08 11:30:08 INFO SparkEnv: Registering BlockManagerMasterHeartbeat
[2021-06-08 11:30:08,915] {spark_submit.py:526} INFO - 21/06/08 11:30:08 INFO DiskBlockManager: Created local directory at /tmp/blockmgr-4c3c240b-e02a-42c1-a6bd-e277235ca13f
[2021-06-08 11:30:08,936] {spark_submit.py:526} INFO - 21/06/08 11:30:08 INFO MemoryStore: MemoryStore started with capacity 1048.8 MiB
[2021-06-08 11:30:08,952] {spark_submit.py:526} INFO - 21/06/08 11:30:08 INFO SparkEnv: Registering OutputCommitCoordinator
[2021-06-08 11:30:09,153] {spark_submit.py:526} INFO - 21/06/08 11:30:09 INFO Utils: Successfully started service 'SparkUI' on port 4040.
[2021-06-08 11:30:09,211] {spark_submit.py:526} INFO - 21/06/08 11:30:09 INFO SparkUI: Bound SparkUI to 0.0.0.0, and started at http://2c08dac1a244:4040
[2021-06-08 11:30:09,464] {spark_submit.py:526} INFO - 21/06/08 11:30:09 INFO StandaloneAppClient$ClientEndpoint: Connecting to master spark://spark-master:7077...
[2021-06-08 11:30:09,549] {spark_submit.py:526} INFO - 21/06/08 11:30:09 WARN StandaloneAppClient$ClientEndpoint: Failed to connect to master spark-master:7077
[2021-06-08 11:30:09,549] {spark_submit.py:526} INFO - org.apache.spark.SparkException: Exception thrown in awaitResult:
[2021-06-08 11:30:09,549] {spark_submit.py:526} INFO - at org.apache.spark.util.ThreadUtils$.awaitResult(ThreadUtils.scala:302)
[2021-06-08 11:30:09,549] {spark_submit.py:526} INFO - at org.apache.spark.rpc.RpcTimeout.awaitResult(RpcTimeout.scala:75)
[2021-06-08 11:30:09,549] {spark_submit.py:526} INFO - at org.apache.spark.rpc.RpcEnv.setupEndpointRefByURI(RpcEnv.scala:101)
[2021-06-08 11:30:09,549] {spark_submit.py:526} INFO - at org.apache.spark.rpc.RpcEnv.setupEndpointRef(RpcEnv.scala:109)
[2021-06-08 11:30:09,549] {spark_submit.py:526} INFO - at org.apache.spark.deploy.client.StandaloneAppClient$ClientEndpoint$$anon$1.run(StandaloneAppClient.scala:106)
[2021-06-08 11:30:09,549] {spark_submit.py:526} INFO - at java.base/java.util.concurrent.Executors$RunnableAdapter.call(Executors.java:515)
[2021-06-08 11:30:09,549] {spark_submit.py:526} INFO - at java.base/java.util.concurrent.FutureTask.run(FutureTask.java:264)
[2021-06-08 11:30:09,549] {spark_submit.py:526} INFO - at java.base/java.util.concurrent.ThreadPoolExecutor.runWorker(ThreadPoolExecutor.java:1128)
[2021-06-08 11:30:09,549] {spark_submit.py:526} INFO - at java.base/java.util.concurrent.ThreadPoolExecutor$Worker.run(ThreadPoolExecutor.java:628)
[2021-06-08 11:30:09,549] {spark_submit.py:526} INFO - at java.base/java.lang.Thread.run(Thread.java:829)
[2021-06-08 11:30:09,549] {spark_submit.py:526} INFO - Caused by: java.io.IOException: Failed to connect to spark-master:7077
[2021-06-08 11:30:09,550] {spark_submit.py:526} INFO - at org.apache.spark.network.client.TransportClientFactory.createClient(TransportClientFactory.java:253)
[2021-06-08 11:30:09,550] {spark_submit.py:526} INFO - at org.apache.spark.network.client.TransportClientFactory.createClient(TransportClientFactory.java:195)
[2021-06-08 11:30:09,550] {spark_submit.py:526} INFO - at org.apache.spark.rpc.netty.NettyRpcEnv.createClient(NettyRpcEnv.scala:204)
[2021-06-08 11:30:09,550] {spark_submit.py:526} INFO - at org.apache.spark.rpc.netty.Outbox$$anon$1.call(Outbox.scala:202)
[2021-06-08 11:30:09,550] {spark_submit.py:526} INFO - at org.apache.spark.rpc.netty.Outbox$$anon$1.call(Outbox.scala:198)
[2021-06-08 11:30:09,550] {spark_submit.py:526} INFO - ... 4 more
[2021-06-08 11:30:09,550] {spark_submit.py:526} INFO - Caused by: java.net.UnknownHostException: spark-master
[2021-06-08 11:30:09,550] {spark_submit.py:526} INFO - at java.base/java.net.InetAddress$CachedAddresses.get(InetAddress.java:797)
[2021-06-08 11:30:09,550] {spark_submit.py:526} INFO - at java.base/java.net.InetAddress.getAllByName0(InetAddress.java:1509)
[2021-06-08 11:30:09,550] {spark_submit.py:526} INFO - at java.base/java.net.InetAddress.getAllByName(InetAddress.java:1368)
[2021-06-08 11:30:09,550] {spark_submit.py:526} INFO - at java.base/java.net.InetAddress.getAllByName(InetAddress.java:1302)
[2021-06-08 11:30:09,550] {spark_submit.py:526} INFO - at java.base/java.net.InetAddress.getByName(InetAddress.java:1252)
[2021-06-08 11:30:09,550] {spark_submit.py:526} INFO - at io.netty.util.internal.SocketUtils$8.run(SocketUtils.java:156)
[2021-06-08 11:30:09,550] {spark_submit.py:526} INFO - at io.netty.util.internal.SocketUtils$8.run(SocketUtils.java:153)
[2021-06-08 11:30:09,550] {spark_submit.py:526} INFO - at java.base/java.security.AccessController.doPrivileged(Native Method)
[2021-06-08 11:30:09,550] {spark_submit.py:526} INFO - at io.netty.util.internal.SocketUtils.addressByName(SocketUtils.java:153)
[2021-06-08 11:30:09,551] {spark_submit.py:526} INFO - at io.netty.resolver.DefaultNameResolver.doResolve(DefaultNameResolver.java:41)
[2021-06-08 11:30:09,551] {spark_submit.py:526} INFO - at io.netty.resolver.SimpleNameResolver.resolve(SimpleNameResolver.java:61)
[2021-06-08 11:30:09,551] {spark_submit.py:526} INFO - at io.netty.resolver.SimpleNameResolver.resolve(SimpleNameResolver.java:53)
[2021-06-08 11:30:09,551] {spark_submit.py:526} INFO - at io.netty.resolver.InetSocketAddressResolver.doResolve(InetSocketAddressResolver.java:55)
[2021-06-08 11:30:09,551] {spark_submit.py:526} INFO - at io.netty.resolver.InetSocketAddressResolver.doResolve(InetSocketAddressResolver.java:31)
[2021-06-08 11:30:09,551] {spark_submit.py:526} INFO - at io.netty.resolver.AbstractAddressResolver.resolve(AbstractAddressResolver.java:106)
[2021-06-08 11:30:09,551] {spark_submit.py:526} INFO - at io.netty.bootstrap.Bootstrap.doResolveAndConnect0(Bootstrap.java:200)
[2021-06-08 11:30:09,551] {spark_submit.py:526} INFO - at io.netty.bootstrap.Bootstrap.access$000(Bootstrap.java:46)
[2021-06-08 11:30:09,551] {spark_submit.py:526} INFO - at io.netty.bootstrap.Bootstrap$1.operationComplete(Bootstrap.java:180)
[2021-06-08 11:30:09,551] {spark_submit.py:526} INFO - at io.netty.bootstrap.Bootstrap$1.operationComplete(Bootstrap.java:166)
[2021-06-08 11:30:09,551] {spark_submit.py:526} INFO - at io.netty.util.concurrent.DefaultPromise.notifyListener0(DefaultPromise.java:577)
[2021-06-08 11:30:09,551] {spark_submit.py:526} INFO - at io.netty.util.concurrent.DefaultPromise.notifyListenersNow(DefaultPromise.java:551)
[2021-06-08 11:30:09,551] {spark_submit.py:526} INFO - at io.netty.util.concurrent.DefaultPromise.notifyListeners(DefaultPromise.java:490)
[2021-06-08 11:30:09,551] {spark_submit.py:526} INFO - at io.netty.util.concurrent.DefaultPromise.setValue0(DefaultPromise.java:615)
[2021-06-08 11:30:09,551] {spark_submit.py:526} INFO - at io.netty.util.concurrent.DefaultPromise.setSuccess0(DefaultPromise.java:604)
[2021-06-08 11:30:09,551] {spark_submit.py:526} INFO - at io.netty.util.concurrent.DefaultPromise.trySuccess(DefaultPromise.java:104)
[2021-06-08 11:30:09,552] {spark_submit.py:526} INFO - at io.netty.channel.DefaultChannelPromise.trySuccess(DefaultChannelPromise.java:84)
[2021-06-08 11:30:09,552] {spark_submit.py:526} INFO - at io.netty.channel.AbstractChannel$AbstractUnsafe.safeSetSuccess(AbstractChannel.java:984)
[2021-06-08 11:30:09,552] {spark_submit.py:526} INFO - at io.netty.channel.AbstractChannel$AbstractUnsafe.register0(AbstractChannel.java:504)
[2021-06-08 11:30:09,552] {spark_submit.py:526} INFO - at io.netty.channel.AbstractChannel$AbstractUnsafe.access$200(AbstractChannel.java:417)
[2021-06-08 11:30:09,552] {spark_submit.py:526} INFO - at io.netty.channel.AbstractChannel$AbstractUnsafe$1.run(AbstractChannel.java:474)
[2021-06-08 11:30:09,552] {spark_submit.py:526} INFO - at io.netty.util.concurrent.AbstractEventExecutor.safeExecute(AbstractEventExecutor.java:164)
[2021-06-08 11:30:09,552] {spark_submit.py:526} INFO - at io.netty.util.concurrent.SingleThreadEventExecutor.runAllTasks(SingleThreadEventExecutor.java:472)
[2021-06-08 11:30:09,552] {spark_submit.py:526} INFO - at io.netty.channel.nio.NioEventLoop.run(NioEventLoop.java:500)
[2021-06-08 11:30:09,552] {spark_submit.py:526} INFO - at io.netty.util.concurrent.SingleThreadEventExecutor$4.run(SingleThreadEventExecutor.java:989)
[2021-06-08 11:30:09,552] {spark_submit.py:526} INFO - at io.netty.util.internal.ThreadExecutorMap$2.run(ThreadExecutorMap.java:74)
[2021-06-08 11:30:09,552] {spark_submit.py:526} INFO - at io.netty.util.concurrent.FastThreadLocalRunnable.run(FastThreadLocalRunnable.java:30)
[2021-06-08 11:30:09,552] {spark_submit.py:526} INFO - ... 1 more
[2021-06-08 11:30:29,465] {spark_submit.py:526} INFO - 21/06/08 11:30:29 INFO StandaloneAppClient$ClientEndpoint: Connecting to master spark://spark-master:7077...
[2021-06-08 11:30:29,476] {spark_submit.py:526} INFO - 21/06/08 11:30:29 WARN StandaloneAppClient$ClientEndpoint: Failed to connect to master spark-master:7077
[2021-06-08 11:30:29,477] {spark_submit.py:526} INFO - org.apache.spark.SparkException: Exception thrown in awaitResult:
[2021-06-08 11:30:29,477] {spark_submit.py:526} INFO - at org.apache.spark.util.ThreadUtils$.awaitResult(ThreadUtils.scala:302)
[2021-06-08 11:30:29,477] {spark_submit.py:526} INFO - at org.apache.spark.rpc.RpcTimeout.awaitResult(RpcTimeout.scala:75)
[2021-06-08 11:30:29,477] {spark_submit.py:526} INFO - at org.apache.spark.rpc.RpcEnv.setupEndpointRefByURI(RpcEnv.scala:101)
[2021-06-08 11:30:29,477] {spark_submit.py:526} INFO - at org.apache.spark.rpc.RpcEnv.setupEndpointRef(RpcEnv.scala:109)
[2021-06-08 11:30:29,477] {spark_submit.py:526} INFO - at org.apache.spark.deploy.client.StandaloneAppClient$ClientEndpoint$$anon$1.run(StandaloneAppClient.scala:106)
[2021-06-08 11:30:29,478] {spark_submit.py:526} INFO - at java.base/java.util.concurrent.Executors$RunnableAdapter.call(Executors.java:515)
[2021-06-08 11:30:29,478] {spark_submit.py:526} INFO - at java.base/java.util.concurrent.FutureTask.run(FutureTask.java:264)
[2021-06-08 11:30:29,478] {spark_submit.py:526} INFO - at java.base/java.util.concurrent.ThreadPoolExecutor.runWorker(ThreadPoolExecutor.java:1128)
[2021-06-08 11:30:29,478] {spark_submit.py:526} INFO - at java.base/java.util.concurrent.ThreadPoolExecutor$Worker.run(ThreadPoolExecutor.java:628)
[2021-06-08 11:30:29,478] {spark_submit.py:526} INFO - at java.base/java.lang.Thread.run(Thread.java:829)
[2021-06-08 11:30:29,479] {spark_submit.py:526} INFO - Caused by: java.io.IOException: Failed to connect to spark-master:7077
[2021-06-08 11:30:29,479] {spark_submit.py:526} INFO - at org.apache.spark.network.client.TransportClientFactory.createClient(TransportClientFactory.java:253)
[2021-06-08 11:30:29,479] {spark_submit.py:526} INFO - at org.apache.spark.network.client.TransportClientFactory.createClient(TransportClientFactory.java:195)
[2021-06-08 11:30:29,479] {spark_submit.py:526} INFO - at org.apache.spark.rpc.netty.NettyRpcEnv.createClient(NettyRpcEnv.scala:204)
[2021-06-08 11:30:29,479] {spark_submit.py:526} INFO - at org.apache.spark.rpc.netty.Outbox$$anon$1.call(Outbox.scala:202)
[2021-06-08 11:30:29,479] {spark_submit.py:526} INFO - at org.apache.spark.rpc.netty.Outbox$$anon$1.call(Outbox.scala:198)
[2021-06-08 11:30:29,479] {spark_submit.py:526} INFO - ... 4 more
[2021-06-08 11:30:29,480] {spark_submit.py:526} INFO - Caused by: java.net.UnknownHostException: spark-master
[2021-06-08 11:30:29,480] {spark_submit.py:526} INFO - at java.base/java.net.InetAddress$CachedAddresses.get(InetAddress.java:797)
[2021-06-08 11:30:29,480] {spark_submit.py:526} INFO - at java.base/java.net.InetAddress.getAllByName0(InetAddress.java:1509)
[2021-06-08 11:30:29,480] {spark_submit.py:526} INFO - at java.base/java.net.InetAddress.getAllByName(InetAddress.java:1368)
[2021-06-08 11:30:29,480] {spark_submit.py:526} INFO - at java.base/java.net.InetAddress.getAllByName(InetAddress.java:1302)
[2021-06-08 11:30:29,480] {spark_submit.py:526} INFO - at java.base/java.net.InetAddress.getByName(InetAddress.java:1252)
[2021-06-08 11:30:29,480] {spark_submit.py:526} INFO - at io.netty.util.internal.SocketUtils$8.run(SocketUtils.java:156)
[2021-06-08 11:30:29,480] {spark_submit.py:526} INFO - at io.netty.util.internal.SocketUtils$8.run(SocketUtils.java:153)
[2021-06-08 11:30:29,481] {spark_submit.py:526} INFO - at java.base/java.security.AccessController.doPrivileged(Native Method)
[2021-06-08 11:30:29,481] {spark_submit.py:526} INFO - at io.netty.util.internal.SocketUtils.addressByName(SocketUtils.java:153)
[2021-06-08 11:30:29,481] {spark_submit.py:526} INFO - at io.netty.resolver.DefaultNameResolver.doResolve(DefaultNameResolver.java:41)
[2021-06-08 11:30:29,481] {spark_submit.py:526} INFO - at io.netty.resolver.SimpleNameResolver.resolve(SimpleNameResolver.java:61)
[2021-06-08 11:30:29,481] {spark_submit.py:526} INFO - at io.netty.resolver.SimpleNameResolver.resolve(SimpleNameResolver.java:53)
[2021-06-08 11:30:29,481] {spark_submit.py:526} INFO - at io.netty.resolver.InetSocketAddressResolver.doResolve(InetSocketAddressResolver.java:55)
[2021-06-08 11:30:29,481] {spark_submit.py:526} INFO - at io.netty.resolver.InetSocketAddressResolver.doResolve(InetSocketAddressResolver.java:31)
[2021-06-08 11:30:29,481] {spark_submit.py:526} INFO - at io.netty.resolver.AbstractAddressResolver.resolve(AbstractAddressResolver.java:106)
[2021-06-08 11:30:29,482] {spark_submit.py:526} INFO - at io.netty.bootstrap.Bootstrap.doResolveAndConnect0(Bootstrap.java:200)
[2021-06-08 11:30:29,482] {spark_submit.py:526} INFO - at io.netty.bootstrap.Bootstrap.access$000(Bootstrap.java:46)
[2021-06-08 11:30:29,482] {spark_submit.py:526} INFO - at io.netty.bootstrap.Bootstrap$1.operationComplete(Bootstrap.java:180)
[2021-06-08 11:30:29,482] {spark_submit.py:526} INFO - at io.netty.bootstrap.Bootstrap$1.operationComplete(Bootstrap.java:166)
[2021-06-08 11:30:29,482] {spark_submit.py:526} INFO - at io.netty.util.concurrent.DefaultPromise.notifyListener0(DefaultPromise.java:577)
[2021-06-08 11:30:29,482] {spark_submit.py:526} INFO - at io.netty.util.concurrent.DefaultPromise.notifyListenersNow(DefaultPromise.java:551)
[2021-06-08 11:30:29,482] {spark_submit.py:526} INFO - at io.netty.util.concurrent.DefaultPromise.notifyListeners(DefaultPromise.java:490)
[2021-06-08 11:30:29,482] {spark_submit.py:526} INFO - at io.netty.util.concurrent.DefaultPromise.setValue0(DefaultPromise.java:615)
[2021-06-08 11:30:29,483] {spark_submit.py:526} INFO - at io.netty.util.concurrent.DefaultPromise.setSuccess0(DefaultPromise.java:604)
[2021-06-08 11:30:29,483] {spark_submit.py:526} INFO - at io.netty.util.concurrent.DefaultPromise.trySuccess(DefaultPromise.java:104)
[2021-06-08 11:30:29,483] {spark_submit.py:526} INFO - at io.netty.channel.DefaultChannelPromise.trySuccess(DefaultChannelPromise.java:84)
[2021-06-08 11:30:29,483] {spark_submit.py:526} INFO - at io.netty.channel.AbstractChannel$AbstractUnsafe.safeSetSuccess(AbstractChannel.java:984)
[2021-06-08 11:30:29,483] {spark_submit.py:526} INFO - at io.netty.channel.AbstractChannel$AbstractUnsafe.register0(AbstractChannel.java:504)
[2021-06-08 11:30:29,483] {spark_submit.py:526} INFO - at io.netty.channel.AbstractChannel$AbstractUnsafe.access$200(AbstractChannel.java:417)
[2021-06-08 11:30:29,483] {spark_submit.py:526} INFO - at io.netty.channel.AbstractChannel$AbstractUnsafe$1.run(AbstractChannel.java:474)
[2021-06-08 11:30:29,483] {spark_submit.py:526} INFO - at io.netty.util.concurrent.AbstractEventExecutor.safeExecute(AbstractEventExecutor.java:164)
[2021-06-08 11:30:29,483] {spark_submit.py:526} INFO - at io.netty.util.concurrent.SingleThreadEventExecutor.runAllTasks(SingleThreadEventExecutor.java:472)
[2021-06-08 11:30:29,483] {spark_submit.py:526} INFO - at io.netty.channel.nio.NioEventLoop.run(NioEventLoop.java:500)
[2021-06-08 11:30:29,483] {spark_submit.py:526} INFO - at io.netty.util.concurrent.SingleThreadEventExecutor$4.run(SingleThreadEventExecutor.java:989)
[2021-06-08 11:30:29,483] {spark_submit.py:526} INFO - at io.netty.util.internal.ThreadExecutorMap$2.run(ThreadExecutorMap.java:74)
[2021-06-08 11:30:29,484] {spark_submit.py:526} INFO - at io.netty.util.concurrent.FastThreadLocalRunnable.run(FastThreadLocalRunnable.java:30)
[2021-06-08 11:30:29,484] {spark_submit.py:526} INFO - ... 1 more
[2021-06-08 11:30:49,465] {spark_submit.py:526} INFO - 21/06/08 11:30:49 INFO StandaloneAppClient$ClientEndpoint: Connecting to master spark://spark-master:7077...
[2021-06-08 11:30:49,475] {spark_submit.py:526} INFO - 21/06/08 11:30:49 WARN StandaloneAppClient$ClientEndpoint: Failed to connect to master spark-master:7077
[2021-06-08 11:30:49,476] {spark_submit.py:526} INFO - org.apache.spark.SparkException: Exception thrown in awaitResult:
[2021-06-08 11:30:49,476] {spark_submit.py:526} INFO - at org.apache.spark.util.ThreadUtils$.awaitResult(ThreadUtils.scala:302)
[2021-06-08 11:30:49,476] {spark_submit.py:526} INFO - at org.apache.spark.rpc.RpcTimeout.awaitResult(RpcTimeout.scala:75)
[2021-06-08 11:30:49,476] {spark_submit.py:526} INFO - at org.apache.spark.rpc.RpcEnv.setupEndpointRefByURI(RpcEnv.scala:101)
[2021-06-08 11:30:49,476] {spark_submit.py:526} INFO - at org.apache.spark.rpc.RpcEnv.setupEndpointRef(RpcEnv.scala:109)
[2021-06-08 11:30:49,476] {spark_submit.py:526} INFO - at org.apache.spark.deploy.client.StandaloneAppClient$ClientEndpoint$$anon$1.run(StandaloneAppClient.scala:106)
[2021-06-08 11:30:49,476] {spark_submit.py:526} INFO - at java.base/java.util.concurrent.Executors$RunnableAdapter.call(Executors.java:515)
[2021-06-08 11:30:49,476] {spark_submit.py:526} INFO - at java.base/java.util.concurrent.FutureTask.run(FutureTask.java:264)
[2021-06-08 11:30:49,476] {spark_submit.py:526} INFO - at java.base/java.util.concurrent.ThreadPoolExecutor.runWorker(ThreadPoolExecutor.java:1128)
[2021-06-08 11:30:49,476] {spark_submit.py:526} INFO - at java.base/java.util.concurrent.ThreadPoolExecutor$Worker.run(ThreadPoolExecutor.java:628)
[2021-06-08 11:30:49,477] {spark_submit.py:526} INFO - at java.base/java.lang.Thread.run(Thread.java:829)
[2021-06-08 11:30:49,477] {spark_submit.py:526} INFO - Caused by: java.io.IOException: Failed to connect to spark-master:7077
[2021-06-08 11:30:49,477] {spark_submit.py:526} INFO - at org.apache.spark.network.client.TransportClientFactory.createClient(TransportClientFactory.java:253)
[2021-06-08 11:30:49,477] {spark_submit.py:526} INFO - at org.apache.spark.network.client.TransportClientFactory.createClient(TransportClientFactory.java:195)
[2021-06-08 11:30:49,477] {spark_submit.py:526} INFO - at org.apache.spark.rpc.netty.NettyRpcEnv.createClient(NettyRpcEnv.scala:204)
[2021-06-08 11:30:49,477] {spark_submit.py:526} INFO - at org.apache.spark.rpc.netty.Outbox$$anon$1.call(Outbox.scala:202)
[2021-06-08 11:30:49,477] {spark_submit.py:526} INFO - at org.apache.spark.rpc.netty.Outbox$$anon$1.call(Outbox.scala:198)
[2021-06-08 11:30:49,477] {spark_submit.py:526} INFO - ... 4 more
[2021-06-08 11:30:49,477] {spark_submit.py:526} INFO - Caused by: java.net.UnknownHostException: spark-master
[2021-06-08 11:30:49,477] {spark_submit.py:526} INFO - at java.base/java.net.InetAddress$CachedAddresses.get(InetAddress.java:797)
[2021-06-08 11:30:49,477] {spark_submit.py:526} INFO - at java.base/java.net.InetAddress.getAllByName0(InetAddress.java:1509)
[2021-06-08 11:30:49,478] {spark_submit.py:526} INFO - at java.base/java.net.InetAddress.getAllByName(InetAddress.java:1368)
[2021-06-08 11:30:49,478] {spark_submit.py:526} INFO - at java.base/java.net.InetAddress.getAllByName(InetAddress.java:1302)
[2021-06-08 11:30:49,478] {spark_submit.py:526} INFO - at java.base/java.net.InetAddress.getByName(InetAddress.java:1252)
[2021-06-08 11:30:49,478] {spark_submit.py:526} INFO - at io.netty.util.internal.SocketUtils$8.run(SocketUtils.java:156)
[2021-06-08 11:30:49,478] {spark_submit.py:526} INFO - at io.netty.util.internal.SocketUtils$8.run(SocketUtils.java:153)
[2021-06-08 11:30:49,478] {spark_submit.py:526} INFO - at java.base/java.security.AccessController.doPrivileged(Native Method)
[2021-06-08 11:30:49,478] {spark_submit.py:526} INFO - at io.netty.util.internal.SocketUtils.addressByName(SocketUtils.java:153)
[2021-06-08 11:30:49,478] {spark_submit.py:526} INFO - at io.netty.resolver.DefaultNameResolver.doResolve(DefaultNameResolver.java:41)
[2021-06-08 11:30:49,478] {spark_submit.py:526} INFO - at io.netty.resolver.SimpleNameResolver.resolve(SimpleNameResolver.java:61)
[2021-06-08 11:30:49,478] {spark_submit.py:526} INFO - at io.netty.resolver.SimpleNameResolver.resolve(SimpleNameResolver.java:53)
[2021-06-08 11:30:49,479] {spark_submit.py:526} INFO - at io.netty.resolver.InetSocketAddressResolver.doResolve(InetSocketAddressResolver.java:55)
[2021-06-08 11:30:49,479] {spark_submit.py:526} INFO - at io.netty.resolver.InetSocketAddressResolver.doResolve(InetSocketAddressResolver.java:31)
[2021-06-08 11:30:49,479] {spark_submit.py:526} INFO - at io.netty.resolver.AbstractAddressResolver.resolve(AbstractAddressResolver.java:106)
[2021-06-08 11:30:49,479] {spark_submit.py:526} INFO - at io.netty.bootstrap.Bootstrap.doResolveAndConnect0(Bootstrap.java:200)
[2021-06-08 11:30:49,479] {spark_submit.py:526} INFO - at io.netty.bootstrap.Bootstrap.access$000(Bootstrap.java:46)
[2021-06-08 11:30:49,479] {spark_submit.py:526} INFO - at io.netty.bootstrap.Bootstrap$1.operationComplete(Bootstrap.java:180)
[2021-06-08 11:30:49,479] {spark_submit.py:526} INFO - at io.netty.bootstrap.Bootstrap$1.operationComplete(Bootstrap.java:166)
[2021-06-08 11:30:49,479] {spark_submit.py:526} INFO - at io.netty.util.concurrent.DefaultPromise.notifyListener0(DefaultPromise.java:577)
[2021-06-08 11:30:49,479] {spark_submit.py:526} INFO - at io.netty.util.concurrent.DefaultPromise.notifyListenersNow(DefaultPromise.java:551)
[2021-06-08 11:30:49,479] {spark_submit.py:526} INFO - at io.netty.util.concurrent.DefaultPromise.notifyListeners(DefaultPromise.java:490)
[2021-06-08 11:30:49,479] {spark_submit.py:526} INFO - at io.netty.util.concurrent.DefaultPromise.setValue0(DefaultPromise.java:615)
[2021-06-08 11:30:49,480] {spark_submit.py:526} INFO - at io.netty.util.concurrent.DefaultPromise.setSuccess0(DefaultPromise.java:604)
[2021-06-08 11:30:49,480] {spark_submit.py:526} INFO - at io.netty.util.concurrent.DefaultPromise.trySuccess(DefaultPromise.java:104)
[2021-06-08 11:30:49,480] {spark_submit.py:526} INFO - at io.netty.channel.DefaultChannelPromise.trySuccess(DefaultChannelPromise.java:84)
[2021-06-08 11:30:49,480] {spark_submit.py:526} INFO - at io.netty.channel.AbstractChannel$AbstractUnsafe.safeSetSuccess(AbstractChannel.java:984)
[2021-06-08 11:30:49,480] {spark_submit.py:526} INFO - at io.netty.channel.AbstractChannel$AbstractUnsafe.register0(AbstractChannel.java:504)
[2021-06-08 11:30:49,480] {spark_submit.py:526} INFO - at io.netty.channel.AbstractChannel$AbstractUnsafe.access$200(AbstractChannel.java:417)
[2021-06-08 11:30:49,480] {spark_submit.py:526} INFO - at io.netty.channel.AbstractChannel$AbstractUnsafe$1.run(AbstractChannel.java:474)
[2021-06-08 11:30:49,480] {spark_submit.py:526} INFO - at io.netty.util.concurrent.AbstractEventExecutor.safeExecute(AbstractEventExecutor.java:164)
[2021-06-08 11:30:49,480] {spark_submit.py:526} INFO - at io.netty.util.concurrent.SingleThreadEventExecutor.runAllTasks(SingleThreadEventExecutor.java:472)
[2021-06-08 11:30:49,480] {spark_submit.py:526} INFO - at io.netty.channel.nio.NioEventLoop.run(NioEventLoop.java:500)
[2021-06-08 11:30:49,480] {spark_submit.py:526} INFO - at io.netty.util.concurrent.SingleThreadEventExecutor$4.run(SingleThreadEventExecutor.java:989)
[2021-06-08 11:30:49,481] {spark_submit.py:526} INFO - at io.netty.util.internal.ThreadExecutorMap$2.run(ThreadExecutorMap.java:74)
[2021-06-08 11:30:49,481] {spark_submit.py:526} INFO - at io.netty.util.concurrent.FastThreadLocalRunnable.run(FastThreadLocalRunnable.java:30)
[2021-06-08 11:30:49,481] {spark_submit.py:526} INFO - ... 1 more
[2021-06-08 11:31:09,468] {spark_submit.py:526} INFO - 21/06/08 11:31:09 ERROR StandaloneSchedulerBackend: Application has been killed. Reason: All masters are unresponsive! Giving up.
[2021-06-08 11:31:09,469] {spark_submit.py:526} INFO - 21/06/08 11:31:09 WARN StandaloneSchedulerBackend: Application ID is not initialized yet.
[2021-06-08 11:31:09,479] {spark_submit.py:526} INFO - 21/06/08 11:31:09 INFO Utils: Successfully started service 'org.apache.spark.network.netty.NettyBlockTransferService' on port 36591.
[2021-06-08 11:31:09,480] {spark_submit.py:526} INFO - 21/06/08 11:31:09 INFO NettyBlockTransferService: Server created on 2c08dac1a244:36591
[2021-06-08 11:31:09,482] {spark_submit.py:526} INFO - 21/06/08 11:31:09 INFO BlockManager: Using org.apache.spark.storage.RandomBlockReplicationPolicy for block replication policy
[2021-06-08 11:31:09,487] {spark_submit.py:526} INFO - 21/06/08 11:31:09 INFO SparkUI: Stopped Spark web UI at http://2c08dac1a244:4040
[2021-06-08 11:31:09,496] {spark_submit.py:526} INFO - 21/06/08 11:31:09 INFO StandaloneSchedulerBackend: Shutting down all executors
[2021-06-08 11:31:09,497] {spark_submit.py:526} INFO - 21/06/08 11:31:09 INFO BlockManagerMaster: Registering BlockManager BlockManagerId(driver, 2c08dac1a244, 36591, None)
[2021-06-08 11:31:09,503] {spark_submit.py:526} INFO - 21/06/08 11:31:09 INFO BlockManagerMasterEndpoint: Registering block manager 2c08dac1a244:36591 with 1048.8 MiB RAM, BlockManagerId(driver, 2c08dac1a244, 36591, None)
[2021-06-08 11:31:09,504] {spark_submit.py:526} INFO - 21/06/08 11:31:09 INFO CoarseGrainedSchedulerBackend$DriverEndpoint: Asking each executor to shut down
[2021-06-08 11:31:09,507] {spark_submit.py:526} INFO - 21/06/08 11:31:09 INFO BlockManagerMaster: Registered BlockManager BlockManagerId(driver, 2c08dac1a244, 36591, None)
[2021-06-08 11:31:09,509] {spark_submit.py:526} INFO - 21/06/08 11:31:09 INFO BlockManager: Initialized BlockManager: BlockManagerId(driver, 2c08dac1a244, 36591, None)
[2021-06-08 11:31:09,512] {spark_submit.py:526} INFO - 21/06/08 11:31:09 WARN StandaloneAppClient$ClientEndpoint: Drop UnregisterApplication(null) because has not yet connected to master
[2021-06-08 11:31:09,527] {spark_submit.py:526} INFO - 21/06/08 11:31:09 INFO MapOutputTrackerMasterEndpoint: MapOutputTrackerMasterEndpoint stopped!
[2021-06-08 11:31:09,539] {spark_submit.py:526} INFO - 21/06/08 11:31:09 INFO MemoryStore: MemoryStore cleared
[2021-06-08 11:31:09,540] {spark_submit.py:526} INFO - 21/06/08 11:31:09 INFO BlockManager: BlockManager stopped
[2021-06-08 11:31:09,547] {spark_submit.py:526} INFO - 21/06/08 11:31:09 INFO BlockManagerMaster: BlockManagerMaster stopped
[2021-06-08 11:31:09,552] {spark_submit.py:526} INFO - 21/06/08 11:31:09 INFO OutputCommitCoordinator$OutputCommitCoordinatorEndpoint: OutputCommitCoordinator stopped!
[2021-06-08 11:31:09,560] {spark_submit.py:526} INFO - 21/06/08 11:31:09 INFO SparkContext: Successfully stopped SparkContext
[2021-06-08 11:31:09,682] {spark_submit.py:526} INFO - 21/06/08 11:31:09 ERROR SparkContext: Error initializing SparkContext.
[2021-06-08 11:31:09,682] {spark_submit.py:526} INFO - java.lang.IllegalArgumentException: requirement failed: Can only call getServletHandlers on a running MetricsSystem
[2021-06-08 11:31:09,682] {spark_submit.py:526} INFO - at scala.Predef$.require(Predef.scala:281)
[2021-06-08 11:31:09,682] {spark_submit.py:526} INFO - at org.apache.spark.metrics.MetricsSystem.getServletHandlers(MetricsSystem.scala:92)
[2021-06-08 11:31:09,683] {spark_submit.py:526} INFO - at org.apache.spark.SparkContext.<init>(SparkContext.scala:565)
[2021-06-08 11:31:09,683] {spark_submit.py:526} INFO - at org.apache.spark.api.java.JavaSparkContext.<init>(JavaSparkContext.scala:58)
[2021-06-08 11:31:09,683] {spark_submit.py:526} INFO - at java.base/jdk.internal.reflect.NativeConstructorAccessorImpl.newInstance0(Native Method)
[2021-06-08 11:31:09,683] {spark_submit.py:526} INFO - at java.base/jdk.internal.reflect.NativeConstructorAccessorImpl.newInstance(NativeConstructorAccessorImpl.java:62)
[2021-06-08 11:31:09,683] {spark_submit.py:526} INFO - at java.base/jdk.internal.reflect.DelegatingConstructorAccessorImpl.newInstance(DelegatingConstructorAccessorImpl.java:45)
[2021-06-08 11:31:09,683] {spark_submit.py:526} INFO - at java.base/java.lang.reflect.Constructor.newInstance(Constructor.java:490)
[2021-06-08 11:31:09,683] {spark_submit.py:526} INFO - at py4j.reflection.MethodInvoker.invoke(MethodInvoker.java:247)
[2021-06-08 11:31:09,683] {spark_submit.py:526} INFO - at py4j.reflection.ReflectionEngine.invoke(ReflectionEngine.java:357)
[2021-06-08 11:31:09,684] {spark_submit.py:526} INFO - at py4j.Gateway.invoke(Gateway.java:238)
[2021-06-08 11:31:09,684] {spark_submit.py:526} INFO - at py4j.commands.ConstructorCommand.invokeConstructor(ConstructorCommand.java:80)
[2021-06-08 11:31:09,684] {spark_submit.py:526} INFO - at py4j.commands.ConstructorCommand.execute(ConstructorCommand.java:69)
[2021-06-08 11:31:09,684] {spark_submit.py:526} INFO - at py4j.GatewayConnection.run(GatewayConnection.java:238)
[2021-06-08 11:31:09,684] {spark_submit.py:526} INFO - at java.base/java.lang.Thread.run(Thread.java:829)
[2021-06-08 11:31:09,684] {spark_submit.py:526} INFO - 21/06/08 11:31:09 INFO SparkContext: SparkContext already stopped.
[2021-06-08 11:31:09,684] {spark_submit.py:526} INFO - Traceback (most recent call last):
[2021-06-08 11:31:09,685] {spark_submit.py:526} INFO - File "/opt/airflow/dags/test.py", line 18, in <module>
[2021-06-08 11:31:09,685] {spark_submit.py:526} INFO - spark = SparkSession.builder.config(conf=sparkConf).getOrCreate()
[2021-06-08 11:31:09,685] {spark_submit.py:526} INFO - File "/home/airflow/.local/lib/python3.7/site-packages/pyspark/python/lib/pyspark.zip/pyspark/sql/session.py", line 186, in getOrCreate
[2021-06-08 11:31:09,685] {spark_submit.py:526} INFO - File "/home/airflow/.local/lib/python3.7/site-packages/pyspark/python/lib/pyspark.zip/pyspark/context.py", line 371, in getOrCreate
[2021-06-08 11:31:09,685] {spark_submit.py:526} INFO - File "/home/airflow/.local/lib/python3.7/site-packages/pyspark/python/lib/pyspark.zip/pyspark/context.py", line 131, in __init__
[2021-06-08 11:31:09,685] {spark_submit.py:526} INFO - File "/home/airflow/.local/lib/python3.7/site-packages/pyspark/python/lib/pyspark.zip/pyspark/context.py", line 193, in _do_init
[2021-06-08 11:31:09,685] {spark_submit.py:526} INFO - File "/home/airflow/.local/lib/python3.7/site-packages/pyspark/python/lib/pyspark.zip/pyspark/context.py", line 310, in _initialize_context
[2021-06-08 11:31:09,685] {spark_submit.py:526} INFO - File "/home/airflow/.local/lib/python3.7/site-packages/pyspark/python/lib/py4j-0.10.9-src.zip/py4j/java_gateway.py", line 1569, in __call__
[2021-06-08 11:31:09,686] {spark_submit.py:526} INFO - File "/home/airflow/.local/lib/python3.7/site-packages/pyspark/python/lib/py4j-0.10.9-src.zip/py4j/protocol.py", line 328, in get_return_value
[2021-06-08 11:31:09,686] {spark_submit.py:526} INFO - py4j.protocol.Py4JJavaError: An error occurred while calling None.org.apache.spark.api.java.JavaSparkContext.
[2021-06-08 11:31:09,687] {spark_submit.py:526} INFO - : java.lang.IllegalArgumentException: requirement failed: Can only call getServletHandlers on a running MetricsSystem
[2021-06-08 11:31:09,688] {spark_submit.py:526} INFO - at scala.Predef$.require(Predef.scala:281)
[2021-06-08 11:31:09,688] {spark_submit.py:526} INFO - at org.apache.spark.metrics.MetricsSystem.getServletHandlers(MetricsSystem.scala:92)
[2021-06-08 11:31:09,688] {spark_submit.py:526} INFO - at org.apache.spark.SparkContext.<init>(SparkContext.scala:565)
[2021-06-08 11:31:09,688] {spark_submit.py:526} INFO - at org.apache.spark.api.java.JavaSparkContext.<init>(JavaSparkContext.scala:58)
[2021-06-08 11:31:09,688] {spark_submit.py:526} INFO - at java.base/jdk.internal.reflect.NativeConstructorAccessorImpl.newInstance0(Native Method)
[2021-06-08 11:31:09,688] {spark_submit.py:526} INFO - at java.base/jdk.internal.reflect.NativeConstructorAccessorImpl.newInstance(NativeConstructorAccessorImpl.java:62)
[2021-06-08 11:31:09,688] {spark_submit.py:526} INFO - at java.base/jdk.internal.reflect.DelegatingConstructorAccessorImpl.newInstance(DelegatingConstructorAccessorImpl.java:45)
[2021-06-08 11:31:09,688] {spark_submit.py:526} INFO - at java.base/java.lang.reflect.Constructor.newInstance(Constructor.java:490)
[2021-06-08 11:31:09,689] {spark_submit.py:526} INFO - at py4j.reflection.MethodInvoker.invoke(MethodInvoker.java:247)
[2021-06-08 11:31:09,689] {spark_submit.py:526} INFO - at py4j.reflection.ReflectionEngine.invoke(ReflectionEngine.java:357)
[2021-06-08 11:31:09,689] {spark_submit.py:526} INFO - at py4j.Gateway.invoke(Gateway.java:238)
[2021-06-08 11:31:09,689] {spark_submit.py:526} INFO - at py4j.commands.ConstructorCommand.invokeConstructor(ConstructorCommand.java:80)
[2021-06-08 11:31:09,689] {spark_submit.py:526} INFO - at py4j.commands.ConstructorCommand.execute(ConstructorCommand.java:69)
[2021-06-08 11:31:09,689] {spark_submit.py:526} INFO - at py4j.GatewayConnection.run(GatewayConnection.java:238)
[2021-06-08 11:31:09,689] {spark_submit.py:526} INFO - at java.base/java.lang.Thread.run(Thread.java:829)
[2021-06-08 11:31:09,689] {spark_submit.py:526} INFO - 
[2021-06-08 11:31:09,736] {spark_submit.py:526} INFO - 21/06/08 11:31:09 INFO ShutdownHookManager: Shutdown hook called
[2021-06-08 11:31:09,737] {spark_submit.py:526} INFO - 21/06/08 11:31:09 INFO ShutdownHookManager: Deleting directory /tmp/spark-485fd101-c1ad-4798-a6d7-67b551911270
[2021-06-08 11:31:09,740] {spark_submit.py:526} INFO - 21/06/08 11:31:09 INFO ShutdownHookManager: Deleting directory /tmp/spark-b36615af-167d-4cb7-a67b-b32f2db2e61a
[2021-06-08 11:31:09,777] {taskinstance.py:1455} ERROR - Cannot execute: spark-submit --master spark://spark-master:7077 --conf spark.master=spark://spark-master:7077 --num-executors 1 --total-executor-cores 1 --executor-cores 1 --executor-memory 2g --driver-memory 2g --name airflow-spark1 /opt/airflow/dags/test.py. Error code is: 1.
Traceback (most recent call last):
  File "/home/airflow/.local/lib/python3.7/site-packages/airflow/models/taskinstance.py", line 1112, in _run_raw_task
    self._prepare_and_execute_task_with_callbacks(context, task)
  File "/home/airflow/.local/lib/python3.7/site-packages/airflow/models/taskinstance.py", line 1285, in _prepare_and_execute_task_with_callbacks
    result = self._execute_task(context, task_copy)
  File "/home/airflow/.local/lib/python3.7/site-packages/airflow/models/taskinstance.py", line 1315, in _execute_task
    result = task_copy.execute(context=context)
  File "/home/airflow/.local/lib/python3.7/site-packages/airflow/providers/apache/spark/operators/spark_submit.py", line 183, in execute
    self._hook.submit(self._application)
  File "/home/airflow/.local/lib/python3.7/site-packages/airflow/providers/apache/spark/hooks/spark_submit.py", line 455, in submit
    self._mask_cmd(spark_submit_cmd), returncode
airflow.exceptions.AirflowException: Cannot execute: spark-submit --master spark://spark-master:7077 --conf spark.master=spark://spark-master:7077 --num-executors 1 --total-executor-cores 1 --executor-cores 1 --executor-memory 2g --driver-memory 2g --name airflow-spark1 /opt/airflow/dags/test.py. Error code is: 1.
[2021-06-08 11:31:09,781] {taskinstance.py:1503} INFO - Marking task as FAILED. dag_id=samuel, task_id=spark_submit_job, execution_date=20210607T000000, start_date=20210608T113005, end_date=20210608T113109
[2021-06-08 11:31:09,836] {local_task_job.py:146} INFO - Task exited with return code 1
