[2021-06-06 14:18:39,454] {taskinstance.py:851} INFO - Dependencies all met for <TaskInstance: forex_data_pipeline.spark1 2021-06-05T00:00:00+00:00 [queued]>
[2021-06-06 14:18:39,550] {taskinstance.py:851} INFO - Dependencies all met for <TaskInstance: forex_data_pipeline.spark1 2021-06-05T00:00:00+00:00 [queued]>
[2021-06-06 14:18:39,554] {taskinstance.py:1042} INFO - 
--------------------------------------------------------------------------------
[2021-06-06 14:18:39,560] {taskinstance.py:1043} INFO - Starting attempt 8 of 9
[2021-06-06 14:18:39,565] {taskinstance.py:1044} INFO - 
--------------------------------------------------------------------------------
[2021-06-06 14:18:39,630] {taskinstance.py:1063} INFO - Executing <Task(SparkSubmitOperator): spark1> on 2021-06-05T00:00:00+00:00
[2021-06-06 14:18:39,670] {standard_task_runner.py:52} INFO - Started process 1363 to run task
[2021-06-06 14:18:39,713] {standard_task_runner.py:76} INFO - Running: ['airflow', 'tasks', 'run', 'forex_data_pipeline', 'spark1', '2021-06-05T00:00:00+00:00', '--job-id', '21', '--pool', 'default_pool', '--raw', '--subdir', 'DAGS_FOLDER/dag_spark.py', '--cfg-path', '/tmp/tmpcs71plxv', '--error-file', '/tmp/tmp89wjr11_']
[2021-06-06 14:18:39,718] {standard_task_runner.py:77} INFO - Job 21: Subtask spark1
[2021-06-06 14:18:39,906] {logging_mixin.py:104} INFO - Running <TaskInstance: forex_data_pipeline.spark1 2021-06-05T00:00:00+00:00 [running]> on host 5b1a5e9e3fee
[2021-06-06 14:18:40,018] {taskinstance.py:1257} INFO - Exporting the following env vars:
AIRFLOW_CTX_DAG_EMAIL=admin@localhost.com
AIRFLOW_CTX_DAG_OWNER=airflow
AIRFLOW_CTX_DAG_ID=forex_data_pipeline
AIRFLOW_CTX_TASK_ID=spark1
AIRFLOW_CTX_EXECUTION_DATE=2021-06-05T00:00:00+00:00
AIRFLOW_CTX_DAG_RUN_ID=scheduled__2021-06-05T00:00:00+00:00
[2021-06-06 14:18:40,053] {base.py:74} INFO - Using connection to: id: spark_conn. Host: spark://spark-master, Port: 7077, Schema: , Login: marcelo, Password: XXXXXXXX, extra: None
[2021-06-06 14:18:40,059] {spark_submit.py:364} INFO - Spark-Submit cmd: spark-submit --master spark://spark-master:7077 --name arrow-spark /opt/airflow/dags/test.py
[2021-06-06 14:18:44,126] {spark_submit.py:526} INFO - WARNING: An illegal reflective access operation has occurred
[2021-06-06 14:18:44,128] {spark_submit.py:526} INFO - WARNING: Illegal reflective access by org.apache.spark.unsafe.Platform (file:/home/airflow/.local/lib/python3.7/site-packages/pyspark/jars/spark-unsafe_2.12-3.1.2.jar) to constructor java.nio.DirectByteBuffer(long,int)
[2021-06-06 14:18:44,130] {spark_submit.py:526} INFO - WARNING: Please consider reporting this to the maintainers of org.apache.spark.unsafe.Platform
[2021-06-06 14:18:44,133] {spark_submit.py:526} INFO - WARNING: Use --illegal-access=warn to enable warnings of further illegal reflective access operations
[2021-06-06 14:18:44,136] {spark_submit.py:526} INFO - WARNING: All illegal access operations will be denied in a future release
[2021-06-06 14:18:45,234] {spark_submit.py:526} INFO - 21/06/06 14:18:45 WARN NativeCodeLoader: Unable to load native-hadoop library for your platform... using builtin-java classes where applicable
[2021-06-06 14:18:46,717] {spark_submit.py:526} INFO - Using Spark's default log4j profile: org/apache/spark/log4j-defaults.properties
[2021-06-06 14:18:46,749] {spark_submit.py:526} INFO - 21/06/06 14:18:46 INFO SparkContext: Running Spark version 3.1.2
[2021-06-06 14:18:46,896] {spark_submit.py:526} INFO - 21/06/06 14:18:46 INFO ResourceUtils: ==============================================================
[2021-06-06 14:18:46,898] {spark_submit.py:526} INFO - 21/06/06 14:18:46 INFO ResourceUtils: No custom resources configured for spark.driver.
[2021-06-06 14:18:46,901] {spark_submit.py:526} INFO - 21/06/06 14:18:46 INFO ResourceUtils: ==============================================================
[2021-06-06 14:18:46,903] {spark_submit.py:526} INFO - 21/06/06 14:18:46 INFO SparkContext: Submitted application: pyspark-run1
[2021-06-06 14:18:46,971] {spark_submit.py:526} INFO - 21/06/06 14:18:46 INFO ResourceProfile: Default ResourceProfile created, executor resources: Map(cores -> name: cores, amount: 1, script: , vendor: , memory -> name: memory, amount: 512, script: , vendor: , offHeap -> name: offHeap, amount: 0, script: , vendor: ), task resources: Map(cpus -> name: cpus, amount: 1.0)
[2021-06-06 14:18:47,002] {spark_submit.py:526} INFO - 21/06/06 14:18:47 INFO ResourceProfile: Limiting resource is cpu
[2021-06-06 14:18:47,004] {spark_submit.py:526} INFO - 21/06/06 14:18:47 INFO ResourceProfileManager: Added ResourceProfile id: 0
[2021-06-06 14:18:47,256] {spark_submit.py:526} INFO - 21/06/06 14:18:47 INFO SecurityManager: Changing view acls to: airflow
[2021-06-06 14:18:47,258] {spark_submit.py:526} INFO - 21/06/06 14:18:47 INFO SecurityManager: Changing modify acls to: airflow
[2021-06-06 14:18:47,260] {spark_submit.py:526} INFO - 21/06/06 14:18:47 INFO SecurityManager: Changing view acls groups to:
[2021-06-06 14:18:47,262] {spark_submit.py:526} INFO - 21/06/06 14:18:47 INFO SecurityManager: Changing modify acls groups to:
[2021-06-06 14:18:47,273] {spark_submit.py:526} INFO - 21/06/06 14:18:47 INFO SecurityManager: SecurityManager: authentication disabled; ui acls disabled; users  with view permissions: Set(airflow); groups with view permissions: Set(); users  with modify permissions: Set(airflow); groups with modify permissions: Set()
[2021-06-06 14:18:48,123] {spark_submit.py:526} INFO - 21/06/06 14:18:48 INFO Utils: Successfully started service 'sparkDriver' on port 40657.
[2021-06-06 14:18:48,260] {spark_submit.py:526} INFO - 21/06/06 14:18:48 INFO SparkEnv: Registering MapOutputTracker
[2021-06-06 14:18:48,349] {spark_submit.py:526} INFO - 21/06/06 14:18:48 INFO SparkEnv: Registering BlockManagerMaster
[2021-06-06 14:18:48,412] {spark_submit.py:526} INFO - 21/06/06 14:18:48 INFO BlockManagerMasterEndpoint: Using org.apache.spark.storage.DefaultTopologyMapper for getting topology information
[2021-06-06 14:18:48,415] {spark_submit.py:526} INFO - 21/06/06 14:18:48 INFO BlockManagerMasterEndpoint: BlockManagerMasterEndpoint up
[2021-06-06 14:18:48,428] {spark_submit.py:526} INFO - 21/06/06 14:18:48 INFO SparkEnv: Registering BlockManagerMasterHeartbeat
[2021-06-06 14:18:48,460] {spark_submit.py:526} INFO - 21/06/06 14:18:48 INFO DiskBlockManager: Created local directory at /tmp/blockmgr-308bfab7-e6f8-4051-92d9-46f167c25425
[2021-06-06 14:18:48,516] {spark_submit.py:526} INFO - 21/06/06 14:18:48 INFO MemoryStore: MemoryStore started with capacity 434.4 MiB
[2021-06-06 14:18:48,564] {spark_submit.py:526} INFO - 21/06/06 14:18:48 INFO SparkEnv: Registering OutputCommitCoordinator
[2021-06-06 14:18:49,228] {spark_submit.py:526} INFO - 21/06/06 14:18:49 INFO Utils: Successfully started service 'SparkUI' on port 4040.
[2021-06-06 14:18:49,400] {spark_submit.py:526} INFO - 21/06/06 14:18:49 INFO SparkUI: Bound SparkUI to 0.0.0.0, and started at http://5b1a5e9e3fee:4040
[2021-06-06 14:18:50,565] {spark_submit.py:526} INFO - 21/06/06 14:18:50 INFO StandaloneAppClient$ClientEndpoint: Connecting to master spark://spark-master:7077...
[2021-06-06 14:18:50,715] {spark_submit.py:526} INFO - 21/06/06 14:18:50 INFO TransportClientFactory: Successfully created connection to spark-master/172.21.0.4:7077 after 104 ms (0 ms spent in bootstraps)
[2021-06-06 14:18:51,033] {spark_submit.py:526} INFO - 21/06/06 14:18:51 INFO StandaloneSchedulerBackend: Connected to Spark cluster with app ID app-20210606141850-0002
[2021-06-06 14:18:51,054] {spark_submit.py:526} INFO - 21/06/06 14:18:51 INFO StandaloneAppClient$ClientEndpoint: Executor added: app-20210606141850-0002/0 on worker-20210606134554-172.21.0.7-36731 (172.21.0.7:36731) with 1 core(s)
[2021-06-06 14:18:51,072] {spark_submit.py:526} INFO - 21/06/06 14:18:51 INFO StandaloneSchedulerBackend: Granted executor ID app-20210606141850-0002/0 on hostPort 172.21.0.7:36731 with 1 core(s), 512.0 MiB RAM
[2021-06-06 14:18:51,074] {spark_submit.py:526} INFO - 21/06/06 14:18:51 INFO StandaloneAppClient$ClientEndpoint: Executor added: app-20210606141850-0002/1 on worker-20210606134553-172.21.0.6-46863 (172.21.0.6:46863) with 1 core(s)
[2021-06-06 14:18:51,075] {spark_submit.py:526} INFO - 21/06/06 14:18:51 INFO StandaloneSchedulerBackend: Granted executor ID app-20210606141850-0002/1 on hostPort 172.21.0.6:46863 with 1 core(s), 512.0 MiB RAM
[2021-06-06 14:18:51,102] {spark_submit.py:526} INFO - 21/06/06 14:18:51 INFO Utils: Successfully started service 'org.apache.spark.network.netty.NettyBlockTransferService' on port 39485.
[2021-06-06 14:18:51,104] {spark_submit.py:526} INFO - 21/06/06 14:18:51 INFO NettyBlockTransferService: Server created on 5b1a5e9e3fee:39485
[2021-06-06 14:18:51,109] {spark_submit.py:526} INFO - 21/06/06 14:18:51 INFO BlockManager: Using org.apache.spark.storage.RandomBlockReplicationPolicy for block replication policy
[2021-06-06 14:18:51,236] {spark_submit.py:526} INFO - 21/06/06 14:18:51 INFO BlockManagerMaster: Registering BlockManager BlockManagerId(driver, 5b1a5e9e3fee, 39485, None)
[2021-06-06 14:18:51,291] {spark_submit.py:526} INFO - 21/06/06 14:18:51 INFO BlockManagerMasterEndpoint: Registering block manager 5b1a5e9e3fee:39485 with 434.4 MiB RAM, BlockManagerId(driver, 5b1a5e9e3fee, 39485, None)
[2021-06-06 14:18:51,305] {spark_submit.py:526} INFO - 21/06/06 14:18:51 INFO BlockManagerMaster: Registered BlockManager BlockManagerId(driver, 5b1a5e9e3fee, 39485, None)
[2021-06-06 14:18:51,311] {spark_submit.py:526} INFO - 21/06/06 14:18:51 INFO BlockManager: Initialized BlockManager: BlockManagerId(driver, 5b1a5e9e3fee, 39485, None)
[2021-06-06 14:18:51,448] {spark_submit.py:526} INFO - 21/06/06 14:18:51 ERROR TransportRequestHandler: Error while invoking RpcHandler#receive() for one-way message.
[2021-06-06 14:18:51,453] {spark_submit.py:526} INFO - java.io.InvalidClassException: org.apache.spark.deploy.DeployMessages$ExecutorUpdated; local class incompatible: stream classdesc serialVersionUID = 1654279024112373855, local class serialVersionUID = -1971851081955655249
[2021-06-06 14:18:51,454] {spark_submit.py:526} INFO - at java.base/java.io.ObjectStreamClass.initNonProxy(ObjectStreamClass.java:689)
[2021-06-06 14:18:51,455] {spark_submit.py:526} INFO - at java.base/java.io.ObjectInputStream.readNonProxyDesc(ObjectInputStream.java:2012)
[2021-06-06 14:18:51,457] {spark_submit.py:526} INFO - at java.base/java.io.ObjectInputStream.readClassDesc(ObjectInputStream.java:1862)
[2021-06-06 14:18:51,459] {spark_submit.py:526} INFO - at java.base/java.io.ObjectInputStream.readOrdinaryObject(ObjectInputStream.java:2169)
[2021-06-06 14:18:51,461] {spark_submit.py:526} INFO - at java.base/java.io.ObjectInputStream.readObject0(ObjectInputStream.java:1679)
[2021-06-06 14:18:51,462] {spark_submit.py:526} INFO - at java.base/java.io.ObjectInputStream.readObject(ObjectInputStream.java:493)
[2021-06-06 14:18:51,464] {spark_submit.py:526} INFO - at java.base/java.io.ObjectInputStream.readObject(ObjectInputStream.java:451)
[2021-06-06 14:18:51,465] {spark_submit.py:526} INFO - at org.apache.spark.serializer.JavaDeserializationStream.readObject(JavaSerializer.scala:76)
[2021-06-06 14:18:51,467] {spark_submit.py:526} INFO - at org.apache.spark.serializer.JavaSerializerInstance.deserialize(JavaSerializer.scala:109)
[2021-06-06 14:18:51,468] {spark_submit.py:526} INFO - at org.apache.spark.rpc.netty.NettyRpcEnv.$anonfun$deserialize$2(NettyRpcEnv.scala:299)
[2021-06-06 14:18:51,469] {spark_submit.py:526} INFO - at scala.util.DynamicVariable.withValue(DynamicVariable.scala:62)
[2021-06-06 14:18:51,470] {spark_submit.py:526} INFO - at org.apache.spark.rpc.netty.NettyRpcEnv.deserialize(NettyRpcEnv.scala:352)
[2021-06-06 14:18:51,471] {spark_submit.py:526} INFO - at org.apache.spark.rpc.netty.NettyRpcEnv.$anonfun$deserialize$1(NettyRpcEnv.scala:298)
[2021-06-06 14:18:51,472] {spark_submit.py:526} INFO - at scala.util.DynamicVariable.withValue(DynamicVariable.scala:62)
[2021-06-06 14:18:51,477] {spark_submit.py:526} INFO - at org.apache.spark.rpc.netty.NettyRpcEnv.deserialize(NettyRpcEnv.scala:298)
[2021-06-06 14:18:51,478] {spark_submit.py:526} INFO - at org.apache.spark.rpc.netty.RequestMessage$.apply(NettyRpcEnv.scala:647)
[2021-06-06 14:18:51,479] {spark_submit.py:526} INFO - at org.apache.spark.rpc.netty.NettyRpcHandler.internalReceive(NettyRpcEnv.scala:698)
[2021-06-06 14:18:51,480] {spark_submit.py:526} INFO - at org.apache.spark.rpc.netty.NettyRpcHandler.receive(NettyRpcEnv.scala:690)
[2021-06-06 14:18:51,481] {spark_submit.py:526} INFO - at org.apache.spark.network.server.TransportRequestHandler.processOneWayMessage(TransportRequestHandler.java:255)
[2021-06-06 14:18:51,483] {spark_submit.py:526} INFO - at org.apache.spark.network.server.TransportRequestHandler.handle(TransportRequestHandler.java:111)
[2021-06-06 14:18:51,484] {spark_submit.py:526} INFO - at org.apache.spark.network.server.TransportChannelHandler.channelRead0(TransportChannelHandler.java:140)
[2021-06-06 14:18:51,485] {spark_submit.py:526} INFO - at org.apache.spark.network.server.TransportChannelHandler.channelRead0(TransportChannelHandler.java:53)
[2021-06-06 14:18:51,486] {spark_submit.py:526} INFO - at io.netty.channel.SimpleChannelInboundHandler.channelRead(SimpleChannelInboundHandler.java:99)
[2021-06-06 14:18:51,493] {spark_submit.py:526} INFO - at io.netty.channel.AbstractChannelHandlerContext.invokeChannelRead(AbstractChannelHandlerContext.java:379)
[2021-06-06 14:18:51,498] {spark_submit.py:526} INFO - at io.netty.channel.AbstractChannelHandlerContext.invokeChannelRead(AbstractChannelHandlerContext.java:365)
[2021-06-06 14:18:51,501] {spark_submit.py:526} INFO - at io.netty.channel.AbstractChannelHandlerContext.fireChannelRead(AbstractChannelHandlerContext.java:357)
[2021-06-06 14:18:51,505] {spark_submit.py:526} INFO - at io.netty.handler.timeout.IdleStateHandler.channelRead(IdleStateHandler.java:286)
[2021-06-06 14:18:51,509] {spark_submit.py:526} INFO - at io.netty.channel.AbstractChannelHandlerContext.invokeChannelRead(AbstractChannelHandlerContext.java:379)
[2021-06-06 14:18:51,510] {spark_submit.py:526} INFO - at io.netty.channel.AbstractChannelHandlerContext.invokeChannelRead(AbstractChannelHandlerContext.java:365)
[2021-06-06 14:18:51,514] {spark_submit.py:526} INFO - at io.netty.channel.AbstractChannelHandlerContext.fireChannelRead(AbstractChannelHandlerContext.java:357)
[2021-06-06 14:18:51,515] {spark_submit.py:526} INFO - at io.netty.handler.codec.MessageToMessageDecoder.channelRead(MessageToMessageDecoder.java:103)
[2021-06-06 14:18:51,516] {spark_submit.py:526} INFO - at io.netty.channel.AbstractChannelHandlerContext.invokeChannelRead(AbstractChannelHandlerContext.java:379)
[2021-06-06 14:18:51,519] {spark_submit.py:526} INFO - at io.netty.channel.AbstractChannelHandlerContext.invokeChannelRead(AbstractChannelHandlerContext.java:365)
[2021-06-06 14:18:51,522] {spark_submit.py:526} INFO - at io.netty.channel.AbstractChannelHandlerContext.fireChannelRead(AbstractChannelHandlerContext.java:357)
[2021-06-06 14:18:51,523] {spark_submit.py:526} INFO - at org.apache.spark.network.util.TransportFrameDecoder.channelRead(TransportFrameDecoder.java:102)
[2021-06-06 14:18:51,525] {spark_submit.py:526} INFO - at io.netty.channel.AbstractChannelHandlerContext.invokeChannelRead(AbstractChannelHandlerContext.java:379)
[2021-06-06 14:18:51,527] {spark_submit.py:526} INFO - at io.netty.channel.AbstractChannelHandlerContext.invokeChannelRead(AbstractChannelHandlerContext.java:365)
[2021-06-06 14:18:51,528] {spark_submit.py:526} INFO - at io.netty.channel.AbstractChannelHandlerContext.fireChannelRead(AbstractChannelHandlerContext.java:357)
[2021-06-06 14:18:51,529] {spark_submit.py:526} INFO - at io.netty.channel.DefaultChannelPipeline$HeadContext.channelRead(DefaultChannelPipeline.java:1410)
[2021-06-06 14:18:51,530] {spark_submit.py:526} INFO - at io.netty.channel.AbstractChannelHandlerContext.invokeChannelRead(AbstractChannelHandlerContext.java:379)
[2021-06-06 14:18:51,532] {spark_submit.py:526} INFO - at io.netty.channel.AbstractChannelHandlerContext.invokeChannelRead(AbstractChannelHandlerContext.java:365)
[2021-06-06 14:18:51,533] {spark_submit.py:526} INFO - at io.netty.channel.DefaultChannelPipeline.fireChannelRead(DefaultChannelPipeline.java:919)
[2021-06-06 14:18:51,534] {spark_submit.py:526} INFO - at io.netty.channel.nio.AbstractNioByteChannel$NioByteUnsafe.read(AbstractNioByteChannel.java:163)
[2021-06-06 14:18:51,536] {spark_submit.py:526} INFO - at io.netty.channel.nio.NioEventLoop.processSelectedKey(NioEventLoop.java:714)
[2021-06-06 14:18:51,537] {spark_submit.py:526} INFO - at io.netty.channel.nio.NioEventLoop.processSelectedKeysOptimized(NioEventLoop.java:650)
[2021-06-06 14:18:51,538] {spark_submit.py:526} INFO - at io.netty.channel.nio.NioEventLoop.processSelectedKeys(NioEventLoop.java:576)
[2021-06-06 14:18:51,540] {spark_submit.py:526} INFO - at io.netty.channel.nio.NioEventLoop.run(NioEventLoop.java:493)
[2021-06-06 14:18:51,541] {spark_submit.py:526} INFO - at io.netty.util.concurrent.SingleThreadEventExecutor$4.run(SingleThreadEventExecutor.java:989)
[2021-06-06 14:18:51,543] {spark_submit.py:526} INFO - at io.netty.util.internal.ThreadExecutorMap$2.run(ThreadExecutorMap.java:74)
[2021-06-06 14:18:51,544] {spark_submit.py:526} INFO - at io.netty.util.concurrent.FastThreadLocalRunnable.run(FastThreadLocalRunnable.java:30)
[2021-06-06 14:18:51,545] {spark_submit.py:526} INFO - at java.base/java.lang.Thread.run(Thread.java:829)
[2021-06-06 14:18:51,547] {spark_submit.py:526} INFO - 21/06/06 14:18:51 ERROR TransportRequestHandler: Error while invoking RpcHandler#receive() for one-way message.
[2021-06-06 14:18:51,548] {spark_submit.py:526} INFO - java.io.InvalidClassException: org.apache.spark.deploy.DeployMessages$ExecutorUpdated; local class incompatible: stream classdesc serialVersionUID = 1654279024112373855, local class serialVersionUID = -1971851081955655249
[2021-06-06 14:18:51,549] {spark_submit.py:526} INFO - at java.base/java.io.ObjectStreamClass.initNonProxy(ObjectStreamClass.java:689)
[2021-06-06 14:18:51,550] {spark_submit.py:526} INFO - at java.base/java.io.ObjectInputStream.readNonProxyDesc(ObjectInputStream.java:2012)
[2021-06-06 14:18:51,551] {spark_submit.py:526} INFO - at java.base/java.io.ObjectInputStream.readClassDesc(ObjectInputStream.java:1862)
[2021-06-06 14:18:51,552] {spark_submit.py:526} INFO - at java.base/java.io.ObjectInputStream.readOrdinaryObject(ObjectInputStream.java:2169)
[2021-06-06 14:18:51,555] {spark_submit.py:526} INFO - at java.base/java.io.ObjectInputStream.readObject0(ObjectInputStream.java:1679)
[2021-06-06 14:18:51,556] {spark_submit.py:526} INFO - at java.base/java.io.ObjectInputStream.readObject(ObjectInputStream.java:493)
[2021-06-06 14:18:51,557] {spark_submit.py:526} INFO - at java.base/java.io.ObjectInputStream.readObject(ObjectInputStream.java:451)
[2021-06-06 14:18:51,559] {spark_submit.py:526} INFO - at org.apache.spark.serializer.JavaDeserializationStream.readObject(JavaSerializer.scala:76)
[2021-06-06 14:18:51,560] {spark_submit.py:526} INFO - at org.apache.spark.serializer.JavaSerializerInstance.deserialize(JavaSerializer.scala:109)
[2021-06-06 14:18:51,561] {spark_submit.py:526} INFO - at org.apache.spark.rpc.netty.NettyRpcEnv.$anonfun$deserialize$2(NettyRpcEnv.scala:299)
[2021-06-06 14:18:51,562] {spark_submit.py:526} INFO - at scala.util.DynamicVariable.withValue(DynamicVariable.scala:62)
[2021-06-06 14:18:51,563] {spark_submit.py:526} INFO - at org.apache.spark.rpc.netty.NettyRpcEnv.deserialize(NettyRpcEnv.scala:352)
[2021-06-06 14:18:51,566] {spark_submit.py:526} INFO - at org.apache.spark.rpc.netty.NettyRpcEnv.$anonfun$deserialize$1(NettyRpcEnv.scala:298)
[2021-06-06 14:18:51,568] {spark_submit.py:526} INFO - at scala.util.DynamicVariable.withValue(DynamicVariable.scala:62)
[2021-06-06 14:18:51,571] {spark_submit.py:526} INFO - at org.apache.spark.rpc.netty.NettyRpcEnv.deserialize(NettyRpcEnv.scala:298)
[2021-06-06 14:18:51,572] {spark_submit.py:526} INFO - at org.apache.spark.rpc.netty.RequestMessage$.apply(NettyRpcEnv.scala:647)
[2021-06-06 14:18:51,575] {spark_submit.py:526} INFO - at org.apache.spark.rpc.netty.NettyRpcHandler.internalReceive(NettyRpcEnv.scala:698)
[2021-06-06 14:18:51,577] {spark_submit.py:526} INFO - at org.apache.spark.rpc.netty.NettyRpcHandler.receive(NettyRpcEnv.scala:690)
[2021-06-06 14:18:51,580] {spark_submit.py:526} INFO - at org.apache.spark.network.server.TransportRequestHandler.processOneWayMessage(TransportRequestHandler.java:255)
[2021-06-06 14:18:51,581] {spark_submit.py:526} INFO - at org.apache.spark.network.server.TransportRequestHandler.handle(TransportRequestHandler.java:111)
[2021-06-06 14:18:51,584] {spark_submit.py:526} INFO - at org.apache.spark.network.server.TransportChannelHandler.channelRead0(TransportChannelHandler.java:140)
[2021-06-06 14:18:51,587] {spark_submit.py:526} INFO - at org.apache.spark.network.server.TransportChannelHandler.channelRead0(TransportChannelHandler.java:53)
[2021-06-06 14:18:51,588] {spark_submit.py:526} INFO - at io.netty.channel.SimpleChannelInboundHandler.channelRead(SimpleChannelInboundHandler.java:99)
[2021-06-06 14:18:51,592] {spark_submit.py:526} INFO - at io.netty.channel.AbstractChannelHandlerContext.invokeChannelRead(AbstractChannelHandlerContext.java:379)
[2021-06-06 14:18:51,596] {spark_submit.py:526} INFO - at io.netty.channel.AbstractChannelHandlerContext.invokeChannelRead(AbstractChannelHandlerContext.java:365)
[2021-06-06 14:18:51,597] {spark_submit.py:526} INFO - at io.netty.channel.AbstractChannelHandlerContext.fireChannelRead(AbstractChannelHandlerContext.java:357)
[2021-06-06 14:18:51,600] {spark_submit.py:526} INFO - at io.netty.handler.timeout.IdleStateHandler.channelRead(IdleStateHandler.java:286)
[2021-06-06 14:18:51,603] {spark_submit.py:526} INFO - at io.netty.channel.AbstractChannelHandlerContext.invokeChannelRead(AbstractChannelHandlerContext.java:379)
[2021-06-06 14:18:51,608] {spark_submit.py:526} INFO - at io.netty.channel.AbstractChannelHandlerContext.invokeChannelRead(AbstractChannelHandlerContext.java:365)
[2021-06-06 14:18:51,610] {spark_submit.py:526} INFO - at io.netty.channel.AbstractChannelHandlerContext.fireChannelRead(AbstractChannelHandlerContext.java:357)
[2021-06-06 14:18:51,616] {spark_submit.py:526} INFO - at io.netty.handler.codec.MessageToMessageDecoder.channelRead(MessageToMessageDecoder.java:103)
[2021-06-06 14:18:51,617] {spark_submit.py:526} INFO - at io.netty.channel.AbstractChannelHandlerContext.invokeChannelRead(AbstractChannelHandlerContext.java:379)
[2021-06-06 14:18:51,621] {spark_submit.py:526} INFO - at io.netty.channel.AbstractChannelHandlerContext.invokeChannelRead(AbstractChannelHandlerContext.java:365)
[2021-06-06 14:18:51,624] {spark_submit.py:526} INFO - at io.netty.channel.AbstractChannelHandlerContext.fireChannelRead(AbstractChannelHandlerContext.java:357)
[2021-06-06 14:18:51,626] {spark_submit.py:526} INFO - at org.apache.spark.network.util.TransportFrameDecoder.channelRead(TransportFrameDecoder.java:102)
[2021-06-06 14:18:51,627] {spark_submit.py:526} INFO - at io.netty.channel.AbstractChannelHandlerContext.invokeChannelRead(AbstractChannelHandlerContext.java:379)
[2021-06-06 14:18:51,630] {spark_submit.py:526} INFO - at io.netty.channel.AbstractChannelHandlerContext.invokeChannelRead(AbstractChannelHandlerContext.java:365)
[2021-06-06 14:18:51,636] {spark_submit.py:526} INFO - at io.netty.channel.AbstractChannelHandlerContext.fireChannelRead(AbstractChannelHandlerContext.java:357)
[2021-06-06 14:18:51,645] {spark_submit.py:526} INFO - at io.netty.channel.DefaultChannelPipeline$HeadContext.channelRead(DefaultChannelPipeline.java:1410)
[2021-06-06 14:18:51,651] {spark_submit.py:526} INFO - at io.netty.channel.AbstractChannelHandlerContext.invokeChannelRead(AbstractChannelHandlerContext.java:379)
[2021-06-06 14:18:51,656] {spark_submit.py:526} INFO - at io.netty.channel.AbstractChannelHandlerContext.invokeChannelRead(AbstractChannelHandlerContext.java:365)
[2021-06-06 14:18:51,659] {spark_submit.py:526} INFO - at io.netty.channel.DefaultChannelPipeline.fireChannelRead(DefaultChannelPipeline.java:919)
[2021-06-06 14:18:51,662] {spark_submit.py:526} INFO - at io.netty.channel.nio.AbstractNioByteChannel$NioByteUnsafe.read(AbstractNioByteChannel.java:163)
[2021-06-06 14:18:51,668] {spark_submit.py:526} INFO - at io.netty.channel.nio.NioEventLoop.processSelectedKey(NioEventLoop.java:714)
[2021-06-06 14:18:51,670] {spark_submit.py:526} INFO - at io.netty.channel.nio.NioEventLoop.processSelectedKeysOptimized(NioEventLoop.java:650)
[2021-06-06 14:18:51,671] {spark_submit.py:526} INFO - at io.netty.channel.nio.NioEventLoop.processSelectedKeys(NioEventLoop.java:576)
[2021-06-06 14:18:51,674] {spark_submit.py:526} INFO - at io.netty.channel.nio.NioEventLoop.run(NioEventLoop.java:493)
[2021-06-06 14:18:51,675] {spark_submit.py:526} INFO - at io.netty.util.concurrent.SingleThreadEventExecutor$4.run(SingleThreadEventExecutor.java:989)
[2021-06-06 14:18:51,679] {spark_submit.py:526} INFO - at io.netty.util.internal.ThreadExecutorMap$2.run(ThreadExecutorMap.java:74)
[2021-06-06 14:18:51,684] {spark_submit.py:526} INFO - at io.netty.util.concurrent.FastThreadLocalRunnable.run(FastThreadLocalRunnable.java:30)
[2021-06-06 14:18:51,687] {spark_submit.py:526} INFO - at java.base/java.lang.Thread.run(Thread.java:829)
[2021-06-06 14:18:53,198] {spark_submit.py:526} INFO - 21/06/06 14:18:53 INFO StandaloneSchedulerBackend: SchedulerBackend is ready for scheduling beginning after reached minRegisteredResourcesRatio: 0.0
[2021-06-06 14:18:54,760] {spark_submit.py:526} INFO - 21/06/06 14:18:54 INFO SharedState: Setting hive.metastore.warehouse.dir ('null') to the value of spark.sql.warehouse.dir ('file:/opt/airflow/spark-warehouse').
[2021-06-06 14:18:54,765] {spark_submit.py:526} INFO - 21/06/06 14:18:54 INFO SharedState: Warehouse path is 'file:/opt/airflow/spark-warehouse'.
[2021-06-06 14:18:59,600] {spark_submit.py:526} INFO - Traceback (most recent call last):
[2021-06-06 14:18:59,602] {spark_submit.py:526} INFO - File "/opt/airflow/dags/test.py", line 10, in <module>
[2021-06-06 14:18:59,605] {spark_submit.py:526} INFO - data = spark.read.csv(path="data/uk-macroeconomic-data.csv", sep=",", header=True)
[2021-06-06 14:18:59,607] {spark_submit.py:526} INFO - File "/home/airflow/.local/lib/python3.7/site-packages/pyspark/python/lib/pyspark.zip/pyspark/sql/readwriter.py", line 737, in csv
[2021-06-06 14:18:59,608] {spark_submit.py:526} INFO - File "/home/airflow/.local/lib/python3.7/site-packages/pyspark/python/lib/py4j-0.10.9-src.zip/py4j/java_gateway.py", line 1305, in __call__
[2021-06-06 14:18:59,613] {spark_submit.py:526} INFO - File "/home/airflow/.local/lib/python3.7/site-packages/pyspark/python/lib/pyspark.zip/pyspark/sql/utils.py", line 117, in deco
[2021-06-06 14:18:59,692] {spark_submit.py:526} INFO - pyspark.sql.utils.AnalysisException: Path does not exist: file:/opt/airflow/data/uk-macroeconomic-data.csv
[2021-06-06 14:19:00,114] {spark_submit.py:526} INFO - 21/06/06 14:19:00 INFO SparkUI: Stopped Spark web UI at http://5b1a5e9e3fee:4040
[2021-06-06 14:19:00,247] {spark_submit.py:526} INFO - 21/06/06 14:19:00 INFO StandaloneSchedulerBackend: Shutting down all executors
[2021-06-06 14:19:00,295] {spark_submit.py:526} INFO - 21/06/06 14:19:00 INFO CoarseGrainedSchedulerBackend$DriverEndpoint: Asking each executor to shut down
[2021-06-06 14:19:00,486] {spark_submit.py:526} INFO - 21/06/06 14:19:00 INFO MapOutputTrackerMasterEndpoint: MapOutputTrackerMasterEndpoint stopped!
[2021-06-06 14:19:00,676] {spark_submit.py:526} INFO - 21/06/06 14:19:00 INFO MemoryStore: MemoryStore cleared
[2021-06-06 14:19:00,682] {spark_submit.py:526} INFO - 21/06/06 14:19:00 INFO BlockManager: BlockManager stopped
[2021-06-06 14:19:00,704] {spark_submit.py:526} INFO - 21/06/06 14:19:00 INFO BlockManagerMaster: BlockManagerMaster stopped
[2021-06-06 14:19:00,712] {spark_submit.py:526} INFO - 21/06/06 14:19:00 INFO OutputCommitCoordinator$OutputCommitCoordinatorEndpoint: OutputCommitCoordinator stopped!
[2021-06-06 14:19:00,769] {spark_submit.py:526} INFO - 21/06/06 14:19:00 INFO SparkContext: Successfully stopped SparkContext
[2021-06-06 14:19:00,816] {spark_submit.py:526} INFO - 21/06/06 14:19:00 INFO ShutdownHookManager: Shutdown hook called
[2021-06-06 14:19:00,825] {spark_submit.py:526} INFO - 21/06/06 14:19:00 INFO ShutdownHookManager: Deleting directory /tmp/spark-ee7bc339-7638-426a-b475-c68a55b14010/pyspark-a11c24f7-e6f1-4cee-8fd9-81a3745b8584
[2021-06-06 14:19:00,840] {spark_submit.py:526} INFO - 21/06/06 14:19:00 INFO ShutdownHookManager: Deleting directory /tmp/spark-98d5f241-6020-4090-9dfc-874e306b7a2e
[2021-06-06 14:19:00,867] {spark_submit.py:526} INFO - 21/06/06 14:19:00 INFO ShutdownHookManager: Deleting directory /tmp/spark-ee7bc339-7638-426a-b475-c68a55b14010
[2021-06-06 14:19:01,030] {taskinstance.py:1455} ERROR - Cannot execute: spark-submit --master spark://spark-master:7077 --name arrow-spark /opt/airflow/dags/test.py. Error code is: 1.
Traceback (most recent call last):
  File "/home/airflow/.local/lib/python3.7/site-packages/airflow/models/taskinstance.py", line 1112, in _run_raw_task
    self._prepare_and_execute_task_with_callbacks(context, task)
  File "/home/airflow/.local/lib/python3.7/site-packages/airflow/models/taskinstance.py", line 1285, in _prepare_and_execute_task_with_callbacks
    result = self._execute_task(context, task_copy)
  File "/home/airflow/.local/lib/python3.7/site-packages/airflow/models/taskinstance.py", line 1315, in _execute_task
    result = task_copy.execute(context=context)
  File "/home/airflow/.local/lib/python3.7/site-packages/airflow/providers/apache/spark/operators/spark_submit.py", line 183, in execute
    self._hook.submit(self._application)
  File "/home/airflow/.local/lib/python3.7/site-packages/airflow/providers/apache/spark/hooks/spark_submit.py", line 455, in submit
    self._mask_cmd(spark_submit_cmd), returncode
airflow.exceptions.AirflowException: Cannot execute: spark-submit --master spark://spark-master:7077 --name arrow-spark /opt/airflow/dags/test.py. Error code is: 1.
[2021-06-06 14:19:01,035] {taskinstance.py:1503} INFO - Marking task as UP_FOR_RETRY. dag_id=forex_data_pipeline, task_id=spark1, execution_date=20210605T000000, start_date=20210606T141839, end_date=20210606T141901
[2021-06-06 14:19:01,113] {local_task_job.py:146} INFO - Task exited with return code 1
